<?xml version="1.0" encoding="UTF-8"?>
<testsuites name="KebijakanPrivasi" time="93" tests="3" failures="0" errors="0">
   <testsuite name="KebijakanPrivasi" tests="3" failures="0" errors="0" time="93" timestamp="2019-08-20 15:29:25" hostname="ustore - 192.168.0.120" id="Test Suites/result/Profile/KebijakanPrivasi">
      <properties>
         <property name="deviceName" value="emulator-5554 (Android SDK built for x86 - Android 8.1.0)"/>
         <property name="devicePlatform" value=""/>
         <property name="logFolder" value="/Users/ustore/Documents/katalon/QAKatalon/Reports/result/Profile/KebijakanPrivasi/20190820_152913"/>
         <property name="logFiles" value="/Users/ustore/Documents/katalon/QAKatalon/Reports/result/Profile/KebijakanPrivasi/20190820_152913/execution0.log, /Users/ustore/Documents/katalon/QAKatalon/Reports/result/Profile/KebijakanPrivasi/20190820_152913/appium.log"/>
         <property name="attachments" value=""/>
         <property name="hostName" value="ustore - 192.168.0.120"/>
         <property name="os" value="Mac OS X 64bit"/>
         <property name="katalonVersion" value="4.1.0.2"/>
         <property name="deviceOS" value="Android"/>
         <property name="appiumVersion" value="1.8.1"/>
         <property name="deviceModel" value="Android SDK built for x86"/>
         <property name="hostAddress" value="192.168.0.120"/>
         <property name="deviceManufacturer" value="Google"/>
         <property name="deviceId" value="emulator-5554"/>
         <property name="deviceName" value="emulator-5554 (Android SDK built for x86 - Android 8.1.0)"/>
         <property name="deviceOSVersion" value="8.1.0"/>
      </properties>
      <testcase name="Test Cases/Login/LoginTrue" classname="Test Cases/Login/LoginTrue" status="PASSED">
         <system-out><![CDATA[2019-08-20 15:29:26 - [TEST_CASE][PASSED] - Test Cases/Login/LoginTrue: Test Cases/Login/LoginTrue

2019-08-20 15:29:27 - [TEST_STEP][PASSED] - startApplication: Started app at: '/Users/ustore/Downloads/mobile-debug (2).apk'

2019-08-20 15:29:59 - [MESSAGE][PASSED] - Started app at: '/Users/ustore/Downloads/mobile-debug (2).apk'

2019-08-20 15:29:59 - [TEST_STEP][PASSED] - verifyElementText: Actual text and expected text of test object 'Object Repository/LoginTrue/Mulailah berinvestasi untuk meraih mimpimu' are matched.

2019-08-20 15:30:05 - [MESSAGE][PASSED] - Actual text and expected text of test object 'Object Repository/LoginTrue/Mulailah berinvestasi untuk meraih mimpimu' are matched.

2019-08-20 15:30:05 - [TEST_STEP][PASSED] - Statement - For ([i = 0, i < 4, (i++)]): Swiped from 800,1,000 to 10,800

2019-08-20 15:30:05 - [TEST_STEP][PASSED] - tap: Tapped on element 'Object Repository/LoginTrue/screen_swipe'

2019-08-20 15:30:05 - [MESSAGE][WARNING] - Timeout '0' is invalid. Using default page load timeout: '30'

2019-08-20 15:30:09 - [MESSAGE][PASSED] - Tapped on element 'Object Repository/LoginTrue/screen_swipe'

2019-08-20 15:30:09 - [TEST_STEP][PASSED] - swipe: Swiped from 800,1,000 to 10,800

2019-08-20 15:30:11 - [MESSAGE][PASSED] - Swiped from 800,1,000 to 10,800

2019-08-20 15:30:11 - [TEST_STEP][PASSED] - tap: Tapped on element 'Object Repository/LoginTrue/screen_swipe'

2019-08-20 15:30:11 - [MESSAGE][WARNING] - Timeout '0' is invalid. Using default page load timeout: '30'

2019-08-20 15:30:12 - [MESSAGE][PASSED] - Tapped on element 'Object Repository/LoginTrue/screen_swipe'

2019-08-20 15:30:12 - [TEST_STEP][PASSED] - swipe: Swiped from 800,1,000 to 10,800

2019-08-20 15:30:15 - [MESSAGE][PASSED] - Swiped from 800,1,000 to 10,800

2019-08-20 15:30:15 - [TEST_STEP][PASSED] - tap: Tapped on element 'Object Repository/LoginTrue/screen_swipe'

2019-08-20 15:30:15 - [MESSAGE][WARNING] - Timeout '0' is invalid. Using default page load timeout: '30'

2019-08-20 15:30:16 - [MESSAGE][PASSED] - Tapped on element 'Object Repository/LoginTrue/screen_swipe'

2019-08-20 15:30:16 - [TEST_STEP][PASSED] - swipe: Swiped from 800,1,000 to 10,800

2019-08-20 15:30:18 - [MESSAGE][PASSED] - Swiped from 800,1,000 to 10,800

2019-08-20 15:30:18 - [TEST_STEP][PASSED] - tap: Tapped on element 'Object Repository/LoginTrue/screen_swipe'

2019-08-20 15:30:18 - [MESSAGE][WARNING] - Timeout '0' is invalid. Using default page load timeout: '30'

2019-08-20 15:30:20 - [MESSAGE][PASSED] - Tapped on element 'Object Repository/LoginTrue/screen_swipe'

2019-08-20 15:30:20 - [TEST_STEP][PASSED] - swipe: Swiped from 800,1,000 to 10,800

2019-08-20 15:30:23 - [MESSAGE][PASSED] - Swiped from 800,1,000 to 10,800

2019-08-20 15:30:23 - [TEST_STEP][PASSED] - setText: Text '08777111777' has been set to element 'Object Repository/LoginTrue/field_no_phone'

2019-08-20 15:30:23 - [MESSAGE][WARNING] - Timeout '0' is invalid. Using default page load timeout: '30'

2019-08-20 15:30:25 - [MESSAGE][PASSED] - Text '08777111777' has been set to element 'Object Repository/LoginTrue/field_no_phone'

2019-08-20 15:30:25 - [TEST_STEP][PASSED] - tap: Tapped on element 'Object Repository/LoginTrue/button_masuk'

2019-08-20 15:30:25 - [MESSAGE][WARNING] - Timeout '0' is invalid. Using default page load timeout: '30'

2019-08-20 15:30:26 - [MESSAGE][PASSED] - Tapped on element 'Object Repository/LoginTrue/button_masuk'

2019-08-20 15:30:26 - [TEST_STEP][PASSED] - delay: Delayed 3 second(s)

2019-08-20 15:30:29 - [MESSAGE][PASSED] - Delayed 3 second(s)

2019-08-20 15:30:29 - [TEST_STEP][PASSED] - verifyElementText: Actual text and expected text of test object 'Object Repository/ObjectOTP/TextView - Verifikasi Nomor HP' are matched.

2019-08-20 15:30:30 - [MESSAGE][PASSED] - Actual text and expected text of test object 'Object Repository/ObjectOTP/TextView - Verifikasi Nomor HP' are matched.

2019-08-20 15:30:30 - [TEST_STEP][PASSED] - delay: Delayed 1 second(s)

2019-08-20 15:30:31 - [MESSAGE][PASSED] - Delayed 1 second(s)]]></system-out>
         <system-err><![CDATA[]]></system-err>
      </testcase>
      <testcase name="Test Cases/OTP/LoginOTP" classname="Test Cases/OTP/LoginOTP" status="PASSED">
         <system-out><![CDATA[2019-08-20 15:30:31 - [TEST_CASE][PASSED] - Test Cases/OTP/LoginOTP: Test Cases/OTP/LoginOTP

2019-08-20 15:30:31 - [TEST_STEP][PASSED] - delay: Delayed 3 second(s)

2019-08-20 15:30:34 - [MESSAGE][PASSED] - Delayed 3 second(s)

2019-08-20 15:30:34 - [TEST_STEP][PASSED] - tap: Tapped on element 'Object Repository/ObjectOTP/Field_OTP'

2019-08-20 15:30:34 - [MESSAGE][WARNING] - Timeout '0' is invalid. Using default page load timeout: '30'

2019-08-20 15:30:35 - [MESSAGE][PASSED] - Tapped on element 'Object Repository/ObjectOTP/Field_OTP'

2019-08-20 15:30:35 - [TEST_STEP][PASSED] - setText: Text '8888' has been set to element 'Object Repository/ObjectOTP/Field_OTP'

2019-08-20 15:30:35 - [MESSAGE][WARNING] - Timeout '0' is invalid. Using default page load timeout: '30'

2019-08-20 15:30:36 - [MESSAGE][PASSED] - Text '8888' has been set to element 'Object Repository/ObjectOTP/Field_OTP'

2019-08-20 15:30:36 - [TEST_STEP][PASSED] - delay: Delayed 2 second(s)

2019-08-20 15:30:38 - [MESSAGE][PASSED] - Delayed 2 second(s)

2019-08-20 15:30:38 - [TEST_STEP][PASSED] - tap: Tapped on element 'Object Repository/ObjectOTP/Btn_Verifikasi1'

2019-08-20 15:30:38 - [MESSAGE][WARNING] - Timeout '0' is invalid. Using default page load timeout: '30'

2019-08-20 15:30:40 - [MESSAGE][PASSED] - Tapped on element 'Object Repository/ObjectOTP/Btn_Verifikasi1']]></system-out>
         <system-err><![CDATA[]]></system-err>
      </testcase>
      <testcase name="Test Cases/Profile/KebijakanPrivasi" classname="Test Cases/Profile/KebijakanPrivasi" status="PASSED">
         <system-out><![CDATA[2019-08-20 15:30:40 - [TEST_CASE][PASSED] - Test Cases/Profile/KebijakanPrivasi: Test Cases/Profile/KebijakanPrivasi

2019-08-20 15:30:40 - [TEST_STEP][PASSED] - delay: Delayed 3 second(s)

2019-08-20 15:30:43 - [MESSAGE][PASSED] - Delayed 3 second(s)

2019-08-20 15:30:43 - [TEST_STEP][PASSED] - tap: Tapped on element 'Object Repository/Profile/android.widget.FrameLayout14 (3)'

2019-08-20 15:30:43 - [MESSAGE][WARNING] - Timeout '0' is invalid. Using default page load timeout: '30'

2019-08-20 15:30:45 - [MESSAGE][PASSED] - Tapped on element 'Object Repository/Profile/android.widget.FrameLayout14 (3)'

2019-08-20 15:30:45 - [TEST_STEP][PASSED] - delay: Delayed 3 second(s)

2019-08-20 15:30:48 - [MESSAGE][PASSED] - Delayed 3 second(s)

2019-08-20 15:30:48 - [TEST_STEP][PASSED] - tap: Tapped on element 'Object Repository/Profile/android.widget.LinearLayout11'

2019-08-20 15:30:48 - [MESSAGE][WARNING] - Timeout '0' is invalid. Using default page load timeout: '30'

2019-08-20 15:30:51 - [MESSAGE][PASSED] - Tapped on element 'Object Repository/Profile/android.widget.LinearLayout11'

2019-08-20 15:30:51 - [TEST_STEP][PASSED] - delay: Delayed 5 second(s)

2019-08-20 15:30:56 - [MESSAGE][PASSED] - Delayed 5 second(s)

2019-08-20 15:30:56 - [TEST_STEP][PASSED] - closeApplication: Close app successfully

2019-08-20 15:30:59 - [MESSAGE][PASSED] - Close app successfully]]></system-out>
         <system-err><![CDATA[]]></system-err>
      </testcase>
      <system-out><![CDATA[2019-08-20 15:29:25 - [TEST_SUITE][PASSED] - KebijakanPrivasi: Test Cases/Profile/KebijakanPrivasi]]></system-out>
      <system-err><![CDATA[]]></system-err>
   </testsuite>
</testsuites>
