<?xml version="1.0" encoding="UTF-8"?>
<testsuites name="ReedemConfirmation" time="113" tests="4" failures="0" errors="0">
   <testsuite name="ReedemConfirmation" tests="4" failures="0" errors="0" time="113" timestamp="2019-07-15 14:34:03" hostname="ustore - 192.168.0.120" id="Test Suites/result/Reksadana/Portolio/ReedemConfirmation">
      <properties>
         <property name="deviceName" value="emulator-5554 (Android SDK built for x86 - Android 9)"/>
         <property name="devicePlatform" value=""/>
         <property name="logFolder" value="/Users/ustore/Katalon Studio/Android v1.2/Reports/result/Reksadana/Portolio/ReedemConfirmation/20190715_143350"/>
         <property name="logFiles" value="/Users/ustore/Katalon Studio/Android v1.2/Reports/result/Reksadana/Portolio/ReedemConfirmation/20190715_143350/execution0.log, /Users/ustore/Katalon Studio/Android v1.2/Reports/result/Reksadana/Portolio/ReedemConfirmation/20190715_143350/appium.log"/>
         <property name="attachments" value=""/>
         <property name="hostName" value="ustore - 192.168.0.120"/>
         <property name="os" value="Mac OS X 64bit"/>
         <property name="katalonVersion" value="4.1.0.2"/>
         <property name="deviceOS" value="Android"/>
         <property name="appiumVersion" value="1.8.1"/>
         <property name="deviceModel" value="Android SDK built for x86"/>
         <property name="hostAddress" value="192.168.0.120"/>
         <property name="deviceManufacturer" value="Google"/>
         <property name="deviceId" value="emulator-5554"/>
         <property name="deviceName" value="emulator-5554 (Android SDK built for x86 - Android 9)"/>
         <property name="deviceOSVersion" value="9"/>
      </properties>
      <testcase name="Test Cases/Login/LoginTrue" classname="Test Cases/Login/LoginTrue" status="PASSED">
         <system-out><![CDATA[2019-07-15 14:34:04 - [TEST_CASE][PASSED] - Test Cases/Login/LoginTrue: Test Cases/Login/LoginTrue

2019-07-15 14:34:04 - [TEST_STEP][PASSED] - startApplication: Started app at: '/Users/ustore/Downloads/Development.apk'

2019-07-15 14:34:22 - [MESSAGE][PASSED] - Started app at: '/Users/ustore/Downloads/Development.apk'

2019-07-15 14:34:22 - [TEST_STEP][PASSED] - verifyElementText: Actual text and expected text of test object 'Object Repository/LoginTrue/Mulailah berinvestasi untuk meraih mimpimu' are matched.

2019-07-15 14:34:28 - [MESSAGE][PASSED] - Actual text and expected text of test object 'Object Repository/LoginTrue/Mulailah berinvestasi untuk meraih mimpimu' are matched.

2019-07-15 14:34:28 - [TEST_STEP][PASSED] - tap: Tapped on element 'Object Repository/LoginTrue/DP_Rumah'

2019-07-15 14:34:28 - [MESSAGE][WARNING] - Timeout '0' is invalid. Using default page load timeout: '30'

2019-07-15 14:34:29 - [MESSAGE][PASSED] - Tapped on element 'Object Repository/LoginTrue/DP_Rumah'

2019-07-15 14:34:29 - [TEST_STEP][PASSED] - Statement - For ([i = 0, i < 4, (i++)]): Swiped from 800,1,000 to 10,800

2019-07-15 14:34:29 - [TEST_STEP][PASSED] - tap: Tapped on element 'Object Repository/LoginTrue/screen_swipe'

2019-07-15 14:34:29 - [MESSAGE][WARNING] - Timeout '0' is invalid. Using default page load timeout: '30'

2019-07-15 14:34:30 - [MESSAGE][PASSED] - Tapped on element 'Object Repository/LoginTrue/screen_swipe'

2019-07-15 14:34:30 - [TEST_STEP][PASSED] - swipe: Swiped from 800,1,000 to 10,800

2019-07-15 14:34:32 - [MESSAGE][PASSED] - Swiped from 800,1,000 to 10,800

2019-07-15 14:34:32 - [TEST_STEP][PASSED] - tap: Tapped on element 'Object Repository/LoginTrue/screen_swipe'

2019-07-15 14:34:32 - [MESSAGE][WARNING] - Timeout '0' is invalid. Using default page load timeout: '30'

2019-07-15 14:34:34 - [MESSAGE][PASSED] - Tapped on element 'Object Repository/LoginTrue/screen_swipe'

2019-07-15 14:34:34 - [TEST_STEP][PASSED] - swipe: Swiped from 800,1,000 to 10,800

2019-07-15 14:34:36 - [MESSAGE][PASSED] - Swiped from 800,1,000 to 10,800

2019-07-15 14:34:36 - [TEST_STEP][PASSED] - tap: Tapped on element 'Object Repository/LoginTrue/screen_swipe'

2019-07-15 14:34:36 - [MESSAGE][WARNING] - Timeout '0' is invalid. Using default page load timeout: '30'

2019-07-15 14:34:37 - [MESSAGE][PASSED] - Tapped on element 'Object Repository/LoginTrue/screen_swipe'

2019-07-15 14:34:37 - [TEST_STEP][PASSED] - swipe: Swiped from 800,1,000 to 10,800

2019-07-15 14:34:40 - [MESSAGE][PASSED] - Swiped from 800,1,000 to 10,800

2019-07-15 14:34:40 - [TEST_STEP][PASSED] - tap: Tapped on element 'Object Repository/LoginTrue/screen_swipe'

2019-07-15 14:34:40 - [MESSAGE][WARNING] - Timeout '0' is invalid. Using default page load timeout: '30'

2019-07-15 14:34:44 - [MESSAGE][PASSED] - Tapped on element 'Object Repository/LoginTrue/screen_swipe'

2019-07-15 14:34:44 - [TEST_STEP][PASSED] - swipe: Swiped from 800,1,000 to 10,800

2019-07-15 14:34:46 - [MESSAGE][PASSED] - Swiped from 800,1,000 to 10,800

2019-07-15 14:34:46 - [TEST_STEP][PASSED] - setText: Text '081215161452' has been set to element 'Object Repository/LoginTrue/field_no_phone'

2019-07-15 14:34:46 - [MESSAGE][WARNING] - Timeout '0' is invalid. Using default page load timeout: '30'

2019-07-15 14:34:48 - [MESSAGE][PASSED] - Text '081215161452' has been set to element 'Object Repository/LoginTrue/field_no_phone'

2019-07-15 14:34:48 - [TEST_STEP][PASSED] - tap: Tapped on element 'Object Repository/LoginTrue/button_masuk'

2019-07-15 14:34:48 - [MESSAGE][WARNING] - Timeout '0' is invalid. Using default page load timeout: '30'

2019-07-15 14:34:49 - [MESSAGE][PASSED] - Tapped on element 'Object Repository/LoginTrue/button_masuk'

2019-07-15 14:34:49 - [TEST_STEP][PASSED] - delay: Delayed 3 second(s)

2019-07-15 14:34:52 - [MESSAGE][PASSED] - Delayed 3 second(s)

2019-07-15 14:34:52 - [TEST_STEP][PASSED] - verifyElementText: Actual text and expected text of test object 'Object Repository/ObjectOTP/TextView - Verifikasi Nomor HP' are matched.

2019-07-15 14:34:53 - [MESSAGE][PASSED] - Actual text and expected text of test object 'Object Repository/ObjectOTP/TextView - Verifikasi Nomor HP' are matched.]]></system-out>
         <system-err><![CDATA[]]></system-err>
      </testcase>
      <testcase name="Test Cases/OTP/LoginOTP" classname="Test Cases/OTP/LoginOTP" status="PASSED">
         <system-out><![CDATA[2019-07-15 14:34:53 - [TEST_CASE][PASSED] - Test Cases/OTP/LoginOTP: Test Cases/OTP/LoginOTP

2019-07-15 14:34:53 - [TEST_STEP][PASSED] - delay: Delayed 3 second(s)

2019-07-15 14:34:56 - [MESSAGE][PASSED] - Delayed 3 second(s)

2019-07-15 14:34:56 - [TEST_STEP][PASSED] - tap: Tapped on element 'Object Repository/ObjectOTP/Field_OTP'

2019-07-15 14:34:56 - [MESSAGE][WARNING] - Timeout '0' is invalid. Using default page load timeout: '30'

2019-07-15 14:34:57 - [MESSAGE][PASSED] - Tapped on element 'Object Repository/ObjectOTP/Field_OTP'

2019-07-15 14:34:57 - [TEST_STEP][PASSED] - setText: Text '8888' has been set to element 'Object Repository/ObjectOTP/Field_OTP'

2019-07-15 14:34:57 - [MESSAGE][WARNING] - Timeout '0' is invalid. Using default page load timeout: '30'

2019-07-15 14:34:58 - [MESSAGE][PASSED] - Text '8888' has been set to element 'Object Repository/ObjectOTP/Field_OTP'

2019-07-15 14:34:58 - [TEST_STEP][PASSED] - tap: Tapped on element 'Object Repository/ObjectOTP/Button_Verifikasi_Sekarang'

2019-07-15 14:34:58 - [MESSAGE][WARNING] - Timeout '0' is invalid. Using default page load timeout: '30'

2019-07-15 14:35:01 - [MESSAGE][PASSED] - Tapped on element 'Object Repository/ObjectOTP/Button_Verifikasi_Sekarang']]></system-out>
         <system-err><![CDATA[]]></system-err>
      </testcase>
      <testcase name="Test Cases/Home/Portfolio/Reedem" classname="Test Cases/Home/Portfolio/Reedem" status="PASSED">
         <system-out><![CDATA[2019-07-15 14:35:01 - [TEST_CASE][PASSED] - Test Cases/Home/Portfolio/Reedem: Test Cases/Home/Portfolio/Reedem

2019-07-15 14:35:01 - [TEST_STEP][PASSED] - delay: Delayed 5 second(s)

2019-07-15 14:35:06 - [MESSAGE][PASSED] - Delayed 5 second(s)

2019-07-15 14:35:06 - [TEST_STEP][PASSED] - tap: Tapped on element 'Object Repository/Home/Portfolio/TopUP/android.widget.TextView11 - Portofolio'

2019-07-15 14:35:08 - [MESSAGE][PASSED] - Tapped on element 'Object Repository/Home/Portfolio/TopUP/android.widget.TextView11 - Portofolio'

2019-07-15 14:35:08 - [TEST_STEP][PASSED] - delay: Delayed 10 second(s)

2019-07-15 14:35:18 - [MESSAGE][PASSED] - Delayed 10 second(s)

2019-07-15 14:35:18 - [TEST_STEP][PASSED] - tap: Tapped on element 'Object Repository/Home/Portfolio/TopUP/Card_Reksa1'

2019-07-15 14:35:19 - [MESSAGE][PASSED] - Tapped on element 'Object Repository/Home/Portfolio/TopUP/Card_Reksa1'

2019-07-15 14:35:19 - [TEST_STEP][PASSED] - delay: Delayed 5 second(s)

2019-07-15 14:35:24 - [MESSAGE][PASSED] - Delayed 5 second(s)

2019-07-15 14:35:24 - [TEST_STEP][PASSED] - tap: Tapped on element 'Object Repository/Home/Portfolio/Reedem/android.widget.TextView11 - JUAL'

2019-07-15 14:35:24 - [MESSAGE][WARNING] - Timeout '0' is invalid. Using default page load timeout: '30'

2019-07-15 14:35:26 - [MESSAGE][PASSED] - Tapped on element 'Object Repository/Home/Portfolio/Reedem/android.widget.TextView11 - JUAL'

2019-07-15 14:35:26 - [TEST_STEP][PASSED] - delay: Delayed 3 second(s)

2019-07-15 14:35:29 - [MESSAGE][PASSED] - Delayed 3 second(s)

2019-07-15 14:35:29 - [TEST_STEP][PASSED] - verifyElementText: Actual text and expected text of test object 'Object Repository/Home/Portfolio/Reedem/Text-JualSebagian' are matched.

2019-07-15 14:35:30 - [MESSAGE][PASSED] - Actual text and expected text of test object 'Object Repository/Home/Portfolio/Reedem/Text-JualSebagian' are matched.

2019-07-15 14:35:30 - [TEST_STEP][PASSED] - tap: Tapped on element 'Object Repository/Home/Portfolio/Reedem/Button_JualSebagian'

2019-07-15 14:35:30 - [MESSAGE][WARNING] - Timeout '0' is invalid. Using default page load timeout: '30'

2019-07-15 14:35:30 - [MESSAGE][PASSED] - Tapped on element 'Object Repository/Home/Portfolio/Reedem/Button_JualSebagian'

2019-07-15 14:35:30 - [TEST_STEP][PASSED] - delay: Delayed 3 second(s)

2019-07-15 14:35:33 - [MESSAGE][PASSED] - Delayed 3 second(s)

2019-07-15 14:35:33 - [TEST_STEP][PASSED] - verifyElementText: Actual text and expected text of test object 'Object Repository/Home/Portfolio/Reedem/Text-JualSeluruhnya' are matched.

2019-07-15 14:35:34 - [MESSAGE][PASSED] - Actual text and expected text of test object 'Object Repository/Home/Portfolio/Reedem/Text-JualSeluruhnya' are matched.

2019-07-15 14:35:34 - [TEST_STEP][PASSED] - tap: Tapped on element 'Object Repository/Home/Portfolio/Reedem/Button_JualSeluruhnya'

2019-07-15 14:35:34 - [MESSAGE][WARNING] - Timeout '0' is invalid. Using default page load timeout: '30'

2019-07-15 14:35:35 - [MESSAGE][PASSED] - Tapped on element 'Object Repository/Home/Portfolio/Reedem/Button_JualSeluruhnya'

2019-07-15 14:35:35 - [TEST_STEP][PASSED] - tap: Tapped on element 'Object Repository/Home/Portfolio/Reedem/Button_JualSekarang'

2019-07-15 14:35:35 - [MESSAGE][WARNING] - Timeout '0' is invalid. Using default page load timeout: '30'

2019-07-15 14:35:36 - [MESSAGE][PASSED] - Tapped on element 'Object Repository/Home/Portfolio/Reedem/Button_JualSekarang'

2019-07-15 14:35:36 - [TEST_STEP][PASSED] - delay: Delayed 5 second(s)

2019-07-15 14:35:41 - [MESSAGE][PASSED] - Delayed 5 second(s)]]></system-out>
         <system-err><![CDATA[]]></system-err>
      </testcase>
      <testcase name="Test Cases/Home/Portfolio/ReedemConfirmation" classname="Test Cases/Home/Portfolio/ReedemConfirmation" status="PASSED">
         <system-out><![CDATA[2019-07-15 14:35:41 - [TEST_CASE][PASSED] - Test Cases/Home/Portfolio/ReedemConfirmation: Test Cases/Home/Portfolio/ReedemConfirmation

2019-07-15 14:35:41 - [TEST_STEP][PASSED] - delay: Delayed 5 second(s)

2019-07-15 14:35:46 - [MESSAGE][PASSED] - Delayed 5 second(s)

2019-07-15 14:35:46 - [TEST_STEP][PASSED] - verifyElementText: Actual text and expected text of test object 'Object Repository/Home/Portfolio/Reedem/ReedemConfirmation/Button_KonfirmasiJual' are matched.

2019-07-15 14:35:46 - [MESSAGE][PASSED] - Actual text and expected text of test object 'Object Repository/Home/Portfolio/Reedem/ReedemConfirmation/Button_KonfirmasiJual' are matched.

2019-07-15 14:35:46 - [TEST_STEP][PASSED] - delay: Delayed 3 second(s)

2019-07-15 14:35:49 - [MESSAGE][PASSED] - Delayed 3 second(s)

2019-07-15 14:35:49 - [TEST_STEP][PASSED] - tap: Tapped on element 'Object Repository/Home/Portfolio/Reedem/ReedemConfirmation/Button_KonfirmasiJual'

2019-07-15 14:35:49 - [MESSAGE][WARNING] - Timeout '0' is invalid. Using default page load timeout: '30'

2019-07-15 14:35:50 - [MESSAGE][PASSED] - Tapped on element 'Object Repository/Home/Portfolio/Reedem/ReedemConfirmation/Button_KonfirmasiJual'

2019-07-15 14:35:50 - [TEST_STEP][PASSED] - delay: Delayed 5 second(s)

2019-07-15 14:35:55 - [MESSAGE][PASSED] - Delayed 5 second(s)]]></system-out>
         <system-err><![CDATA[]]></system-err>
      </testcase>
      <system-out><![CDATA[2019-07-15 14:34:03 - [TEST_SUITE][PASSED] - ReedemConfirmation: Test Cases/Home/Portfolio/ReedemConfirmation]]></system-out>
      <system-err><![CDATA[]]></system-err>
   </testsuite>
</testsuites>
