<?xml version="1.0" encoding="UTF-8"?>
<testsuites name="3_EditTujuanFinansialKu" time="251" tests="3" failures="0" errors="0">
   <testsuite name="3_EditTujuanFinansialKu" tests="3" failures="0" errors="0" time="251" timestamp="2019-07-24 15:16:21" hostname="ustore - 192.168.0.120" id="Test Suites/result/3_EditTujuanFinansialKu">
      <properties>
         <property name="deviceName" value="emulator-5554 (Android SDK built for x86 - Android 8.1.0)"/>
         <property name="devicePlatform" value=""/>
         <property name="logFolder" value="/Users/ustore/Katalon Studio/Android v1.2/Reports/result/3_EditTujuanFinansialKu/20190724_151608"/>
         <property name="logFiles" value="/Users/ustore/Katalon Studio/Android v1.2/Reports/result/3_EditTujuanFinansialKu/20190724_151608/execution0.log, /Users/ustore/Katalon Studio/Android v1.2/Reports/result/3_EditTujuanFinansialKu/20190724_151608/appium.log"/>
         <property name="attachments" value=""/>
         <property name="hostName" value="ustore - 192.168.0.120"/>
         <property name="os" value="Mac OS X 64bit"/>
         <property name="katalonVersion" value="4.1.0.2"/>
         <property name="deviceOS" value="Android"/>
         <property name="appiumVersion" value="1.8.1"/>
         <property name="deviceModel" value="Android SDK built for x86"/>
         <property name="hostAddress" value="192.168.0.120"/>
         <property name="deviceManufacturer" value="Google"/>
         <property name="deviceId" value="emulator-5554"/>
         <property name="deviceName" value="emulator-5554 (Android SDK built for x86 - Android 8.1.0)"/>
         <property name="deviceOSVersion" value="8.1.0"/>
      </properties>
      <testcase name="Test Cases/Login/LoginTrue" classname="Test Cases/Login/LoginTrue" status="PASSED">
         <system-out><![CDATA[2019-07-24 15:16:22 - [TEST_CASE][PASSED] - Test Cases/Login/LoginTrue: Test Cases/Login/LoginTrue

2019-07-24 15:16:23 - [TEST_STEP][PASSED] - startApplication: Started app at: '/Users/ustore/Downloads/mobile-debug.apk'

2019-07-24 15:16:59 - [MESSAGE][PASSED] - Started app at: '/Users/ustore/Downloads/mobile-debug.apk'

2019-07-24 15:16:59 - [TEST_STEP][PASSED] - verifyElementText: Actual text and expected text of test object 'Object Repository/LoginTrue/Mulailah berinvestasi untuk meraih mimpimu' are matched.

2019-07-24 15:17:06 - [MESSAGE][PASSED] - Actual text and expected text of test object 'Object Repository/LoginTrue/Mulailah berinvestasi untuk meraih mimpimu' are matched.

2019-07-24 15:17:06 - [TEST_STEP][PASSED] - tap: Tapped on element 'Object Repository/LoginTrue/DP_Rumah'

2019-07-24 15:17:06 - [MESSAGE][WARNING] - Timeout '0' is invalid. Using default page load timeout: '30'

2019-07-24 15:17:08 - [MESSAGE][PASSED] - Tapped on element 'Object Repository/LoginTrue/DP_Rumah'

2019-07-24 15:17:08 - [TEST_STEP][PASSED] - Statement - For ([i = 0, i < 4, (i++)]): Swiped from 800,1,000 to 10,800

2019-07-24 15:17:08 - [TEST_STEP][PASSED] - tap: Tapped on element 'Object Repository/LoginTrue/screen_swipe'

2019-07-24 15:17:08 - [MESSAGE][WARNING] - Timeout '0' is invalid. Using default page load timeout: '30'

2019-07-24 15:17:11 - [MESSAGE][PASSED] - Tapped on element 'Object Repository/LoginTrue/screen_swipe'

2019-07-24 15:17:11 - [TEST_STEP][PASSED] - swipe: Swiped from 800,1,000 to 10,800

2019-07-24 15:17:13 - [MESSAGE][PASSED] - Swiped from 800,1,000 to 10,800

2019-07-24 15:17:13 - [TEST_STEP][PASSED] - tap: Tapped on element 'Object Repository/LoginTrue/screen_swipe'

2019-07-24 15:17:13 - [MESSAGE][WARNING] - Timeout '0' is invalid. Using default page load timeout: '30'

2019-07-24 15:17:14 - [MESSAGE][PASSED] - Tapped on element 'Object Repository/LoginTrue/screen_swipe'

2019-07-24 15:17:14 - [TEST_STEP][PASSED] - swipe: Swiped from 800,1,000 to 10,800

2019-07-24 15:17:18 - [MESSAGE][PASSED] - Swiped from 800,1,000 to 10,800

2019-07-24 15:17:18 - [TEST_STEP][PASSED] - tap: Tapped on element 'Object Repository/LoginTrue/screen_swipe'

2019-07-24 15:17:18 - [MESSAGE][WARNING] - Timeout '0' is invalid. Using default page load timeout: '30'

2019-07-24 15:17:26 - [MESSAGE][PASSED] - Tapped on element 'Object Repository/LoginTrue/screen_swipe'

2019-07-24 15:17:26 - [TEST_STEP][PASSED] - swipe: Swiped from 800,1,000 to 10,800

2019-07-24 15:17:36 - [MESSAGE][PASSED] - Swiped from 800,1,000 to 10,800

2019-07-24 15:17:36 - [TEST_STEP][PASSED] - tap: Tapped on element 'Object Repository/LoginTrue/screen_swipe'

2019-07-24 15:17:36 - [MESSAGE][WARNING] - Timeout '0' is invalid. Using default page load timeout: '30'

2019-07-24 15:17:46 - [MESSAGE][PASSED] - Tapped on element 'Object Repository/LoginTrue/screen_swipe'

2019-07-24 15:17:46 - [TEST_STEP][PASSED] - swipe: Swiped from 800,1,000 to 10,800

2019-07-24 15:17:58 - [MESSAGE][PASSED] - Swiped from 800,1,000 to 10,800

2019-07-24 15:17:59 - [TEST_STEP][PASSED] - setText: Text '081265699666' has been set to element 'Object Repository/LoginTrue/field_no_phone'

2019-07-24 15:17:59 - [MESSAGE][WARNING] - Timeout '0' is invalid. Using default page load timeout: '30'

2019-07-24 15:18:13 - [MESSAGE][PASSED] - Text '081265699666' has been set to element 'Object Repository/LoginTrue/field_no_phone'

2019-07-24 15:18:13 - [TEST_STEP][PASSED] - tap: Tapped on element 'Object Repository/LoginTrue/button_masuk'

2019-07-24 15:18:13 - [MESSAGE][WARNING] - Timeout '0' is invalid. Using default page load timeout: '30'

2019-07-24 15:18:27 - [MESSAGE][PASSED] - Tapped on element 'Object Repository/LoginTrue/button_masuk'

2019-07-24 15:18:27 - [TEST_STEP][PASSED] - delay: Delayed 3 second(s)

2019-07-24 15:18:30 - [MESSAGE][PASSED] - Delayed 3 second(s)

2019-07-24 15:18:30 - [TEST_STEP][PASSED] - verifyElementText: Actual text and expected text of test object 'Object Repository/ObjectOTP/TextView - Verifikasi Nomor HP' are matched.

2019-07-24 15:18:31 - [MESSAGE][PASSED] - Actual text and expected text of test object 'Object Repository/ObjectOTP/TextView - Verifikasi Nomor HP' are matched.]]></system-out>
         <system-err><![CDATA[]]></system-err>
      </testcase>
      <testcase name="Test Cases/OTP/LoginOTP" classname="Test Cases/OTP/LoginOTP" status="PASSED">
         <system-out><![CDATA[2019-07-24 15:18:31 - [TEST_CASE][PASSED] - Test Cases/OTP/LoginOTP: Test Cases/OTP/LoginOTP

2019-07-24 15:18:31 - [TEST_STEP][PASSED] - delay: Delayed 3 second(s)

2019-07-24 15:18:34 - [MESSAGE][PASSED] - Delayed 3 second(s)

2019-07-24 15:18:34 - [TEST_STEP][PASSED] - tap: Tapped on element 'Object Repository/ObjectOTP/Field_OTP'

2019-07-24 15:18:34 - [MESSAGE][WARNING] - Timeout '0' is invalid. Using default page load timeout: '30'

2019-07-24 15:19:09 - [MESSAGE][PASSED] - Tapped on element 'Object Repository/ObjectOTP/Field_OTP'

2019-07-24 15:19:09 - [TEST_STEP][PASSED] - setText: Text '8888' has been set to element 'Object Repository/ObjectOTP/Field_OTP'

2019-07-24 15:19:09 - [MESSAGE][WARNING] - Timeout '0' is invalid. Using default page load timeout: '30'

2019-07-24 15:20:00 - [MESSAGE][PASSED] - Text '8888' has been set to element 'Object Repository/ObjectOTP/Field_OTP'

2019-07-24 15:20:00 - [TEST_STEP][PASSED] - tap: Tapped on element 'Object Repository/ObjectOTP/Button_Verifikasi_Sekarang'

2019-07-24 15:20:00 - [MESSAGE][WARNING] - Timeout '0' is invalid. Using default page load timeout: '30'

2019-07-24 15:20:11 - [MESSAGE][PASSED] - Tapped on element 'Object Repository/ObjectOTP/Button_Verifikasi_Sekarang']]></system-out>
         <system-err><![CDATA[]]></system-err>
      </testcase>
      <testcase name="Test Cases/Home/TujuanFinansialUtamaKu/EditTujuanFinansial" classname="Test Cases/Home/TujuanFinansialUtamaKu/EditTujuanFinansial" status="PASSED">
         <system-out><![CDATA[2019-07-24 15:20:11 - [TEST_CASE][PASSED] - Test Cases/Home/TujuanFinansialUtamaKu/EditTujuanFinansial: Test Cases/Home/TujuanFinansialUtamaKu/EditTujuanFinansial

2019-07-24 15:20:11 - [TEST_STEP][PASSED] - delay: Delayed 5 second(s)

2019-07-24 15:20:16 - [MESSAGE][PASSED] - Delayed 5 second(s)

2019-07-24 15:20:16 - [TEST_STEP][PASSED] - tap: Tapped on element 'Object Repository/Home/DapatkanRekomendasi/android.widget.FrameLayout4'

2019-07-24 15:20:16 - [MESSAGE][WARNING] - Timeout '0' is invalid. Using default page load timeout: '30'

2019-07-24 15:20:21 - [MESSAGE][PASSED] - Tapped on element 'Object Repository/Home/DapatkanRekomendasi/android.widget.FrameLayout4'

2019-07-24 15:20:21 - [TEST_STEP][PASSED] - swipe: Swiped from 800,1,000 to 10,800

2019-07-24 15:20:24 - [MESSAGE][PASSED] - Swiped from 800,1,000 to 10,800

2019-07-24 15:20:24 - [TEST_STEP][PASSED] - delay: Delayed 5 second(s)

2019-07-24 15:20:29 - [MESSAGE][PASSED] - Delayed 5 second(s)

2019-07-24 15:20:29 - [TEST_STEP][PASSED] - tap: Tapped on element 'Object Repository/Home/DapatkanRekomendasi/android.widget.LinearLayout8'

2019-07-24 15:20:29 - [MESSAGE][WARNING] - Timeout '0' is invalid. Using default page load timeout: '30'

2019-07-24 15:20:31 - [MESSAGE][PASSED] - Tapped on element 'Object Repository/Home/DapatkanRekomendasi/android.widget.LinearLayout8']]></system-out>
         <system-err><![CDATA[]]></system-err>
      </testcase>
      <system-out><![CDATA[2019-07-24 15:16:21 - [TEST_SUITE][PASSED] - 3_EditTujuanFinansialKu: Test Cases/Home/TujuanFinansialUtamaKu/EditTujuanFinansial]]></system-out>
      <system-err><![CDATA[]]></system-err>
   </testsuite>
</testsuites>
