<?xml version="1.0" encoding="UTF-8"?>
<testsuites name="Top_Up" time="166" tests="3" failures="0" errors="0">
   <testsuite name="Top_Up" tests="3" failures="0" errors="0" time="166" timestamp="2019-07-09 15:34:41" hostname="ustore - 192.168.0.120" id="Test Suites/result/Reksadana/Portolio/Top_Up">
      <properties>
         <property name="deviceName" value="emulator-5554 (Android SDK built for x86 - Android 9)"/>
         <property name="devicePlatform" value=""/>
         <property name="logFolder" value="/Users/ustore/Katalon Studio/Android v1.2/Reports/result/Reksadana/Portolio/Top_Up/20190709_153428"/>
         <property name="logFiles" value="/Users/ustore/Katalon Studio/Android v1.2/Reports/result/Reksadana/Portolio/Top_Up/20190709_153428/execution0.log, /Users/ustore/Katalon Studio/Android v1.2/Reports/result/Reksadana/Portolio/Top_Up/20190709_153428/appium.log"/>
         <property name="attachments" value=""/>
         <property name="hostName" value="ustore - 192.168.0.120"/>
         <property name="os" value="Mac OS X 64bit"/>
         <property name="katalonVersion" value="4.1.0.2"/>
         <property name="deviceOS" value="Android"/>
         <property name="appiumVersion" value="1.8.1"/>
         <property name="deviceModel" value="Android SDK built for x86"/>
         <property name="hostAddress" value="192.168.0.120"/>
         <property name="deviceManufacturer" value="Google"/>
         <property name="deviceId" value="emulator-5554"/>
         <property name="deviceName" value="emulator-5554 (Android SDK built for x86 - Android 9)"/>
         <property name="deviceOSVersion" value="9"/>
      </properties>
      <testcase name="Test Cases/Login/LoginTrue" classname="Test Cases/Login/LoginTrue" status="PASSED">
         <system-out><![CDATA[2019-07-09 15:34:41 - [TEST_CASE][PASSED] - Test Cases/Login/LoginTrue: Test Cases/Login/LoginTrue

2019-07-09 15:34:42 - [TEST_STEP][PASSED] - startApplication: Started app at: '/Users/ustore/Downloads/Development.apk'

2019-07-09 15:35:05 - [MESSAGE][PASSED] - Started app at: '/Users/ustore/Downloads/Development.apk'

2019-07-09 15:35:05 - [TEST_STEP][PASSED] - verifyElementText: Actual text and expected text of test object 'Object Repository/LoginTrue/Mulailah berinvestasi untuk meraih mimpimu' are matched.

2019-07-09 15:35:11 - [MESSAGE][PASSED] - Actual text and expected text of test object 'Object Repository/LoginTrue/Mulailah berinvestasi untuk meraih mimpimu' are matched.

2019-07-09 15:35:11 - [TEST_STEP][PASSED] - tap: Tapped on element 'Object Repository/LoginTrue/DP_Rumah'

2019-07-09 15:35:11 - [MESSAGE][WARNING] - Timeout '0' is invalid. Using default page load timeout: '30'

2019-07-09 15:35:12 - [MESSAGE][PASSED] - Tapped on element 'Object Repository/LoginTrue/DP_Rumah'

2019-07-09 15:35:12 - [TEST_STEP][PASSED] - Statement - For ([i = 0, i < 4, (i++)]): Swiped from 800,1,000 to 10,800

2019-07-09 15:35:12 - [TEST_STEP][PASSED] - tap: Tapped on element 'Object Repository/LoginTrue/screen_swipe'

2019-07-09 15:35:12 - [MESSAGE][WARNING] - Timeout '0' is invalid. Using default page load timeout: '30'

2019-07-09 15:35:15 - [MESSAGE][PASSED] - Tapped on element 'Object Repository/LoginTrue/screen_swipe'

2019-07-09 15:35:15 - [TEST_STEP][PASSED] - swipe: Swiped from 800,1,000 to 10,800

2019-07-09 15:35:17 - [MESSAGE][PASSED] - Swiped from 800,1,000 to 10,800

2019-07-09 15:35:18 - [TEST_STEP][PASSED] - tap: Tapped on element 'Object Repository/LoginTrue/screen_swipe'

2019-07-09 15:35:18 - [MESSAGE][WARNING] - Timeout '0' is invalid. Using default page load timeout: '30'

2019-07-09 15:35:19 - [MESSAGE][PASSED] - Tapped on element 'Object Repository/LoginTrue/screen_swipe'

2019-07-09 15:35:19 - [TEST_STEP][PASSED] - swipe: Swiped from 800,1,000 to 10,800

2019-07-09 15:35:21 - [MESSAGE][PASSED] - Swiped from 800,1,000 to 10,800

2019-07-09 15:35:21 - [TEST_STEP][PASSED] - tap: Tapped on element 'Object Repository/LoginTrue/screen_swipe'

2019-07-09 15:35:21 - [MESSAGE][WARNING] - Timeout '0' is invalid. Using default page load timeout: '30'

2019-07-09 15:35:23 - [MESSAGE][PASSED] - Tapped on element 'Object Repository/LoginTrue/screen_swipe'

2019-07-09 15:35:23 - [TEST_STEP][PASSED] - swipe: Swiped from 800,1,000 to 10,800

2019-07-09 15:35:25 - [MESSAGE][PASSED] - Swiped from 800,1,000 to 10,800

2019-07-09 15:35:25 - [TEST_STEP][PASSED] - tap: Tapped on element 'Object Repository/LoginTrue/screen_swipe'

2019-07-09 15:35:25 - [MESSAGE][WARNING] - Timeout '0' is invalid. Using default page load timeout: '30'

2019-07-09 15:35:29 - [MESSAGE][PASSED] - Tapped on element 'Object Repository/LoginTrue/screen_swipe'

2019-07-09 15:35:29 - [TEST_STEP][PASSED] - swipe: Swiped from 800,1,000 to 10,800

2019-07-09 15:35:31 - [MESSAGE][PASSED] - Swiped from 800,1,000 to 10,800

2019-07-09 15:35:31 - [TEST_STEP][PASSED] - setText: Text '081215161452' has been set to element 'Object Repository/LoginTrue/field_no_phone'

2019-07-09 15:35:31 - [MESSAGE][WARNING] - Timeout '0' is invalid. Using default page load timeout: '30'

2019-07-09 15:35:33 - [MESSAGE][PASSED] - Text '081215161452' has been set to element 'Object Repository/LoginTrue/field_no_phone'

2019-07-09 15:35:33 - [TEST_STEP][PASSED] - tap: Tapped on element 'Object Repository/LoginTrue/button_masuk'

2019-07-09 15:35:33 - [MESSAGE][WARNING] - Timeout '0' is invalid. Using default page load timeout: '30'

2019-07-09 15:35:35 - [MESSAGE][PASSED] - Tapped on element 'Object Repository/LoginTrue/button_masuk'

2019-07-09 15:35:35 - [TEST_STEP][PASSED] - delay: Delayed 3 second(s)

2019-07-09 15:35:38 - [MESSAGE][PASSED] - Delayed 3 second(s)

2019-07-09 15:35:38 - [TEST_STEP][PASSED] - verifyElementText: Actual text and expected text of test object 'Object Repository/ObjectOTP/TextView - Verifikasi Nomor HP' are matched.

2019-07-09 15:35:38 - [MESSAGE][PASSED] - Actual text and expected text of test object 'Object Repository/ObjectOTP/TextView - Verifikasi Nomor HP' are matched.]]></system-out>
         <system-err><![CDATA[]]></system-err>
      </testcase>
      <testcase name="Test Cases/OTP/LoginOTP" classname="Test Cases/OTP/LoginOTP" status="PASSED">
         <system-out><![CDATA[2019-07-09 15:35:38 - [TEST_CASE][PASSED] - Test Cases/OTP/LoginOTP: Test Cases/OTP/LoginOTP

2019-07-09 15:35:39 - [TEST_STEP][PASSED] - delay: Delayed 3 second(s)

2019-07-09 15:35:42 - [MESSAGE][PASSED] - Delayed 3 second(s)

2019-07-09 15:35:42 - [TEST_STEP][PASSED] - tap: Tapped on element 'Object Repository/ObjectOTP/Field_OTP'

2019-07-09 15:35:42 - [MESSAGE][WARNING] - Timeout '0' is invalid. Using default page load timeout: '30'

2019-07-09 15:35:43 - [MESSAGE][PASSED] - Tapped on element 'Object Repository/ObjectOTP/Field_OTP'

2019-07-09 15:35:43 - [TEST_STEP][PASSED] - setText: Text '8888' has been set to element 'Object Repository/ObjectOTP/Field_OTP'

2019-07-09 15:35:43 - [MESSAGE][WARNING] - Timeout '0' is invalid. Using default page load timeout: '30'

2019-07-09 15:35:44 - [MESSAGE][PASSED] - Text '8888' has been set to element 'Object Repository/ObjectOTP/Field_OTP'

2019-07-09 15:35:44 - [TEST_STEP][PASSED] - tap: Tapped on element 'Object Repository/ObjectOTP/Button_Verifikasi_Sekarang'

2019-07-09 15:35:44 - [MESSAGE][WARNING] - Timeout '0' is invalid. Using default page load timeout: '30'

2019-07-09 15:35:46 - [MESSAGE][PASSED] - Tapped on element 'Object Repository/ObjectOTP/Button_Verifikasi_Sekarang']]></system-out>
         <system-err><![CDATA[]]></system-err>
      </testcase>
      <testcase name="Test Cases/Home/Portfolio/TopUP" classname="Test Cases/Home/Portfolio/TopUP" status="PASSED">
         <system-out><![CDATA[2019-07-09 15:35:46 - [TEST_CASE][PASSED] - Test Cases/Home/Portfolio/TopUP: Test Cases/Home/Portfolio/TopUP

2019-07-09 15:35:47 - [TEST_STEP][PASSED] - delay: Delayed 5 second(s)

2019-07-09 15:35:52 - [MESSAGE][PASSED] - Delayed 5 second(s)

2019-07-09 15:35:52 - [TEST_STEP][PASSED] - tap: Tapped on element 'Object Repository/Home/Portfolio/TopUP/android.widget.TextView11 - Portofolio'

2019-07-09 15:35:54 - [MESSAGE][PASSED] - Tapped on element 'Object Repository/Home/Portfolio/TopUP/android.widget.TextView11 - Portofolio'

2019-07-09 15:35:54 - [TEST_STEP][PASSED] - delay: Delayed 10 second(s)

2019-07-09 15:36:04 - [MESSAGE][PASSED] - Delayed 10 second(s)

2019-07-09 15:36:04 - [TEST_STEP][PASSED] - tap: Tapped on element 'Object Repository/Home/Portfolio/TopUP/Card_Reksa1'

2019-07-09 15:36:06 - [MESSAGE][PASSED] - Tapped on element 'Object Repository/Home/Portfolio/TopUP/Card_Reksa1'

2019-07-09 15:36:06 - [TEST_STEP][PASSED] - delay: Delayed 5 second(s)

2019-07-09 15:36:11 - [MESSAGE][PASSED] - Delayed 5 second(s)

2019-07-09 15:36:11 - [TEST_STEP][PASSED] - tap: Tapped on element 'Object Repository/Home/Portfolio/TopUP/Button_TopUp'

2019-07-09 15:36:11 - [MESSAGE][WARNING] - Timeout '0' is invalid. Using default page load timeout: '30'

2019-07-09 15:36:14 - [MESSAGE][PASSED] - Tapped on element 'Object Repository/Home/Portfolio/TopUP/Button_TopUp'

2019-07-09 15:36:14 - [TEST_STEP][PASSED] - delay: Delayed 3 second(s)

2019-07-09 15:36:17 - [MESSAGE][PASSED] - Delayed 3 second(s)

2019-07-09 15:36:17 - [TEST_STEP][PASSED] - tap: Tapped on element 'Object Repository/Home/Portfolio/TopUP/Field_Checkbox'

2019-07-09 15:36:17 - [MESSAGE][WARNING] - Timeout '0' is invalid. Using default page load timeout: '30'

2019-07-09 15:36:18 - [MESSAGE][PASSED] - Tapped on element 'Object Repository/Home/Portfolio/TopUP/Field_Checkbox'

2019-07-09 15:36:18 - [TEST_STEP][PASSED] - delay: Delayed 3 second(s)

2019-07-09 15:36:21 - [MESSAGE][PASSED] - Delayed 3 second(s)

2019-07-09 15:36:21 - [TEST_STEP][PASSED] - tap: Tapped on element 'Object Repository/Home/Portfolio/TopUP/Button_Lanjutkan'

2019-07-09 15:36:21 - [MESSAGE][WARNING] - Timeout '0' is invalid. Using default page load timeout: '30'

2019-07-09 15:36:25 - [MESSAGE][PASSED] - Tapped on element 'Object Repository/Home/Portfolio/TopUP/Button_Lanjutkan'

2019-07-09 15:36:25 - [TEST_STEP][PASSED] - delay: Delayed 5 second(s)

2019-07-09 15:36:30 - [MESSAGE][PASSED] - Delayed 5 second(s)

2019-07-09 15:36:30 - [TEST_STEP][PASSED] - tap: Tapped on element 'Object Repository/Home/Portfolio/TopUP/Button_Beli'

2019-07-09 15:36:30 - [MESSAGE][WARNING] - Timeout '0' is invalid. Using default page load timeout: '30'

2019-07-09 15:36:31 - [MESSAGE][PASSED] - Tapped on element 'Object Repository/Home/Portfolio/TopUP/Button_Beli'

2019-07-09 15:36:31 - [TEST_STEP][PASSED] - delay: Delayed 3 second(s)

2019-07-09 15:36:34 - [MESSAGE][PASSED] - Delayed 3 second(s)

2019-07-09 15:36:34 - [TEST_STEP][PASSED] - tap: Tapped on element 'Object Repository/Home/Portfolio/TopUP/Rp200'

2019-07-09 15:36:34 - [MESSAGE][WARNING] - Timeout '0' is invalid. Using default page load timeout: '30'

2019-07-09 15:36:35 - [MESSAGE][PASSED] - Tapped on element 'Object Repository/Home/Portfolio/TopUP/Rp200'

2019-07-09 15:36:35 - [TEST_STEP][PASSED] - tap: Tapped on element 'Object Repository/Home/Portfolio/TopUP/Button_Beli'

2019-07-09 15:36:35 - [MESSAGE][WARNING] - Timeout '0' is invalid. Using default page load timeout: '30'

2019-07-09 15:36:36 - [MESSAGE][PASSED] - Tapped on element 'Object Repository/Home/Portfolio/TopUP/Button_Beli'

2019-07-09 15:36:36 - [TEST_STEP][PASSED] - delay: Delayed 5 second(s)

2019-07-09 15:36:41 - [MESSAGE][PASSED] - Delayed 5 second(s)

2019-07-09 15:36:41 - [TEST_STEP][PASSED] - tap: Tapped on element 'Object Repository/Home/Portfolio/TopUP/Button_SemuaPromo'

2019-07-09 15:36:41 - [MESSAGE][WARNING] - Timeout '0' is invalid. Using default page load timeout: '30'

2019-07-09 15:36:43 - [MESSAGE][PASSED] - Tapped on element 'Object Repository/Home/Portfolio/TopUP/Button_SemuaPromo'

2019-07-09 15:36:43 - [TEST_STEP][PASSED] - delay: Delayed 5 second(s)

2019-07-09 15:36:48 - [MESSAGE][PASSED] - Delayed 5 second(s)

2019-07-09 15:36:48 - [TEST_STEP][PASSED] - tap: Tapped on element 'Object Repository/Home/Portfolio/TopUP/Button_Salin'

2019-07-09 15:36:48 - [MESSAGE][WARNING] - Timeout '0' is invalid. Using default page load timeout: '30'

2019-07-09 15:36:51 - [MESSAGE][PASSED] - Tapped on element 'Object Repository/Home/Portfolio/TopUP/Button_Salin'

2019-07-09 15:36:51 - [TEST_STEP][PASSED] - delay: Delayed 2 second(s)

2019-07-09 15:36:53 - [MESSAGE][PASSED] - Delayed 2 second(s)

2019-07-09 15:36:53 - [TEST_STEP][PASSED] - tap: Tapped on element 'Object Repository/Home/Portfolio/TopUP/android.widget.ImageButton0'

2019-07-09 15:36:53 - [MESSAGE][WARNING] - Timeout '0' is invalid. Using default page load timeout: '30'

2019-07-09 15:36:55 - [MESSAGE][PASSED] - Tapped on element 'Object Repository/Home/Portfolio/TopUP/android.widget.ImageButton0'

2019-07-09 15:36:55 - [TEST_STEP][PASSED] - delay: Delayed 3 second(s)

2019-07-09 15:36:58 - [MESSAGE][PASSED] - Delayed 3 second(s)

2019-07-09 15:36:58 - [TEST_STEP][PASSED] - tap: Tapped on element 'Object Repository/Home/Portfolio/TopUP/android.widget.Button0 - Gunakan'

2019-07-09 15:36:58 - [MESSAGE][WARNING] - Timeout '0' is invalid. Using default page load timeout: '30'

2019-07-09 15:37:01 - [MESSAGE][PASSED] - Tapped on element 'Object Repository/Home/Portfolio/TopUP/android.widget.Button0 - Gunakan'

2019-07-09 15:37:01 - [TEST_STEP][PASSED] - setText: Text 'Invest100' has been set to element 'Object Repository/Home/Portfolio/TopUP/android.widget.EditText0 - Kode Promo'

2019-07-09 15:37:01 - [MESSAGE][WARNING] - Timeout '0' is invalid. Using default page load timeout: '30'

2019-07-09 15:37:02 - [MESSAGE][PASSED] - Text 'Invest100' has been set to element 'Object Repository/Home/Portfolio/TopUP/android.widget.EditText0 - Kode Promo'

2019-07-09 15:37:02 - [TEST_STEP][PASSED] - delay: Delayed 3 second(s)

2019-07-09 15:37:05 - [MESSAGE][PASSED] - Delayed 3 second(s)

2019-07-09 15:37:05 - [TEST_STEP][PASSED] - tap: Tapped on element 'Object Repository/Home/Portfolio/TopUP/android.widget.TextView1 - Gunakan Kode Promo'

2019-07-09 15:37:05 - [MESSAGE][WARNING] - Timeout '0' is invalid. Using default page load timeout: '30'

2019-07-09 15:37:07 - [MESSAGE][PASSED] - Tapped on element 'Object Repository/Home/Portfolio/TopUP/android.widget.TextView1 - Gunakan Kode Promo'

2019-07-09 15:37:07 - [TEST_STEP][PASSED] - delay: Delayed 3 second(s)

2019-07-09 15:37:10 - [MESSAGE][PASSED] - Delayed 3 second(s)

2019-07-09 15:37:10 - [TEST_STEP][PASSED] - tap: Tapped on element 'Object Repository/Home/Portfolio/TopUP/android.view.View0'

2019-07-09 15:37:10 - [MESSAGE][WARNING] - Timeout '0' is invalid. Using default page load timeout: '30'

2019-07-09 15:37:14 - [MESSAGE][PASSED] - Tapped on element 'Object Repository/Home/Portfolio/TopUP/android.view.View0'

2019-07-09 15:37:14 - [TEST_STEP][PASSED] - delay: Delayed 3 second(s)

2019-07-09 15:37:17 - [MESSAGE][PASSED] - Delayed 3 second(s)

2019-07-09 15:37:17 - [TEST_STEP][PASSED] - tap: Tapped on element 'Object Repository/Home/Portfolio/TopUP/android.widget.LinearLayout20'

2019-07-09 15:37:17 - [MESSAGE][WARNING] - Timeout '0' is invalid. Using default page load timeout: '30'

2019-07-09 15:37:20 - [MESSAGE][PASSED] - Tapped on element 'Object Repository/Home/Portfolio/TopUP/android.widget.LinearLayout20'

2019-07-09 15:37:20 - [TEST_STEP][PASSED] - delay: Delayed 5 second(s)

2019-07-09 15:37:25 - [MESSAGE][PASSED] - Delayed 5 second(s)]]></system-out>
         <system-err><![CDATA[]]></system-err>
      </testcase>
      <system-out><![CDATA[2019-07-09 15:34:41 - [TEST_SUITE][PASSED] - Top_Up: Test Cases/Home/Portfolio/TopUP]]></system-out>
      <system-err><![CDATA[]]></system-err>
   </testsuite>
</testsuites>
