<?xml version="1.0" encoding="UTF-8"?>
<testsuites name="AddToCart" time="76" tests="4" failures="0" errors="0">
   <testsuite name="AddToCart" tests="4" failures="0" errors="0" time="76" timestamp="2019-08-20 13:59:34" hostname="fundtastic - 192.168.0.110" id="Test Suites/result/Gold/AddToCart">
      <properties>
         <property name="deviceName" value="emulator-5554 (Android SDK built for x86 - Android 9)"/>
         <property name="devicePlatform" value=""/>
         <property name="logFolder" value="/Users/fundtastic/Documents/QA/QAKatalon/Reports/result/Gold/AddToCart/20190820_135922"/>
         <property name="logFiles" value="/Users/fundtastic/Documents/QA/QAKatalon/Reports/result/Gold/AddToCart/20190820_135922/execution0.log, /Users/fundtastic/Documents/QA/QAKatalon/Reports/result/Gold/AddToCart/20190820_135922/appium.log"/>
         <property name="attachments" value=""/>
         <property name="hostName" value="fundtastic - 192.168.0.110"/>
         <property name="os" value="Mac OS X 64bit"/>
         <property name="katalonVersion" value="5.10.1.1"/>
         <property name="deviceOS" value="Android"/>
         <property name="appiumVersion" value="1.8.1"/>
         <property name="deviceModel" value="Android SDK built for x86"/>
         <property name="hostAddress" value="192.168.0.110"/>
         <property name="deviceManufacturer" value="Google"/>
         <property name="deviceId" value="emulator-5554"/>
         <property name="deviceName" value="emulator-5554 (Android SDK built for x86 - Android 9)"/>
         <property name="deviceOSVersion" value="9"/>
      </properties>
      <testcase name="Test Cases/Login/LoginTrue" classname="Test Cases/Login/LoginTrue" status="PASSED">
         <system-out><![CDATA[2019-08-20 13:59:34 - [TEST_CASE][PASSED] - Test Cases/Login/LoginTrue: Test Cases/Login/LoginTrue

2019-08-20 13:59:34 - [TEST_STEP][PASSED] - startApplication("/Users/fundtastic/Downloads/mobile-debug (dev).apk", true): Started app at: '/Users/fundtastic/Downloads/mobile-debug (dev).apk'

2019-08-20 13:59:36 - [MESSAGE][INFO] - Appium server started on port 53,594

2019-08-20 13:59:48 - [MESSAGE][PASSED] - Started app at: '/Users/fundtastic/Downloads/mobile-debug (dev).apk'

2019-08-20 13:59:48 - [TEST_STEP][PASSED] - verifyElementText(findTestObject("LoginTrue/Mulailah berinvestasi untuk meraih mimpimu"), "Mulailah berinvestasi untuk meraih mimpimu"): Actual text and expected text of test object 'Object Repository/LoginTrue/Mulailah berinvestasi untuk meraih mimpimu' are matched.

2019-08-20 13:59:52 - [MESSAGE][PASSED] - Actual text and expected text of test object 'Object Repository/LoginTrue/Mulailah berinvestasi untuk meraih mimpimu' are matched.

2019-08-20 13:59:52 - [TEST_STEP][PASSED] - for ([i = 0, i < 4, (i++)]): Swiped from 800,1,000 to 10,800

2019-08-20 13:59:52 - [TEST_STEP][PASSED] - tap(findTestObject("LoginTrue/screen_swipe"), 0): Tapped on element 'Object Repository/LoginTrue/screen_swipe'

2019-08-20 13:59:52 - [MESSAGE][WARNING] - Timeout '0' is invalid. Using default page load timeout: '30'

2019-08-20 13:59:55 - [MESSAGE][PASSED] - Tapped on element 'Object Repository/LoginTrue/screen_swipe'

2019-08-20 13:59:55 - [TEST_STEP][PASSED] - swipe(800, 1000, 10, 800): Swiped from 800,1,000 to 10,800

2019-08-20 13:59:57 - [MESSAGE][PASSED] - Swiped from 800,1,000 to 10,800

2019-08-20 13:59:57 - [TEST_STEP][PASSED] - tap(findTestObject("LoginTrue/screen_swipe"), 0): Tapped on element 'Object Repository/LoginTrue/screen_swipe'

2019-08-20 13:59:57 - [MESSAGE][WARNING] - Timeout '0' is invalid. Using default page load timeout: '30'

2019-08-20 13:59:59 - [MESSAGE][PASSED] - Tapped on element 'Object Repository/LoginTrue/screen_swipe'

2019-08-20 13:59:59 - [TEST_STEP][PASSED] - swipe(800, 1000, 10, 800): Swiped from 800,1,000 to 10,800

2019-08-20 14:00:01 - [MESSAGE][PASSED] - Swiped from 800,1,000 to 10,800

2019-08-20 14:00:01 - [TEST_STEP][PASSED] - tap(findTestObject("LoginTrue/screen_swipe"), 0): Tapped on element 'Object Repository/LoginTrue/screen_swipe'

2019-08-20 14:00:01 - [MESSAGE][WARNING] - Timeout '0' is invalid. Using default page load timeout: '30'

2019-08-20 14:00:02 - [MESSAGE][PASSED] - Tapped on element 'Object Repository/LoginTrue/screen_swipe'

2019-08-20 14:00:02 - [TEST_STEP][PASSED] - swipe(800, 1000, 10, 800): Swiped from 800,1,000 to 10,800

2019-08-20 14:00:06 - [MESSAGE][PASSED] - Swiped from 800,1,000 to 10,800

2019-08-20 14:00:06 - [TEST_STEP][PASSED] - tap(findTestObject("LoginTrue/screen_swipe"), 0): Tapped on element 'Object Repository/LoginTrue/screen_swipe'

2019-08-20 14:00:06 - [MESSAGE][WARNING] - Timeout '0' is invalid. Using default page load timeout: '30'

2019-08-20 14:00:07 - [MESSAGE][PASSED] - Tapped on element 'Object Repository/LoginTrue/screen_swipe'

2019-08-20 14:00:07 - [TEST_STEP][PASSED] - swipe(800, 1000, 10, 800): Swiped from 800,1,000 to 10,800

2019-08-20 14:00:09 - [MESSAGE][PASSED] - Swiped from 800,1,000 to 10,800

2019-08-20 14:00:09 - [TEST_STEP][PASSED] - setText(findTestObject("LoginTrue/field_no_phone"), "08777111777", 0): Text '08777111777' has been set to element 'Object Repository/LoginTrue/field_no_phone'

2019-08-20 14:00:09 - [MESSAGE][WARNING] - Timeout '0' is invalid. Using default page load timeout: '30'

2019-08-20 14:00:10 - [MESSAGE][PASSED] - Text '08777111777' has been set to element 'Object Repository/LoginTrue/field_no_phone'

2019-08-20 14:00:10 - [TEST_STEP][PASSED] - tap(findTestObject("LoginTrue/button_masuk"), 0): Tapped on element 'Object Repository/LoginTrue/button_masuk'

2019-08-20 14:00:10 - [MESSAGE][WARNING] - Timeout '0' is invalid. Using default page load timeout: '30'

2019-08-20 14:00:12 - [MESSAGE][PASSED] - Tapped on element 'Object Repository/LoginTrue/button_masuk'

2019-08-20 14:00:12 - [TEST_STEP][PASSED] - delay(3, STOP_ON_FAILURE): Delayed 3 second(s)

2019-08-20 14:00:15 - [MESSAGE][PASSED] - Delayed 3 second(s)

2019-08-20 14:00:15 - [TEST_STEP][PASSED] - verifyElementText(findTestObject("ObjectOTP/TextView - Verifikasi Nomor HP"), "Verifikasi Nomor HP"): Actual text and expected text of test object 'Object Repository/ObjectOTP/TextView - Verifikasi Nomor HP' are matched.

2019-08-20 14:00:15 - [MESSAGE][PASSED] - Actual text and expected text of test object 'Object Repository/ObjectOTP/TextView - Verifikasi Nomor HP' are matched.

2019-08-20 14:00:15 - [TEST_STEP][PASSED] - delay(1, STOP_ON_FAILURE): Delayed 1 second(s)

2019-08-20 14:00:16 - [MESSAGE][PASSED] - Delayed 1 second(s)]]></system-out>
         <system-err><![CDATA[]]></system-err>
      </testcase>
      <testcase name="Test Cases/OTP/LoginOTP" classname="Test Cases/OTP/LoginOTP" status="PASSED">
         <system-out><![CDATA[2019-08-20 14:00:16 - [TEST_CASE][PASSED] - Test Cases/OTP/LoginOTP: Test Cases/OTP/LoginOTP

2019-08-20 14:00:16 - [TEST_STEP][PASSED] - delay(3, STOP_ON_FAILURE): Delayed 3 second(s)

2019-08-20 14:00:19 - [MESSAGE][PASSED] - Delayed 3 second(s)

2019-08-20 14:00:19 - [TEST_STEP][PASSED] - tap(findTestObject("ObjectOTP/Field_OTP"), 0): Tapped on element 'Object Repository/ObjectOTP/Field_OTP'

2019-08-20 14:00:19 - [MESSAGE][WARNING] - Timeout '0' is invalid. Using default page load timeout: '30'

2019-08-20 14:00:21 - [MESSAGE][PASSED] - Tapped on element 'Object Repository/ObjectOTP/Field_OTP'

2019-08-20 14:00:21 - [TEST_STEP][PASSED] - setText(findTestObject("ObjectOTP/Field_OTP"), "8888", 0): Text '8888' has been set to element 'Object Repository/ObjectOTP/Field_OTP'

2019-08-20 14:00:21 - [MESSAGE][WARNING] - Timeout '0' is invalid. Using default page load timeout: '30'

2019-08-20 14:00:22 - [MESSAGE][PASSED] - Text '8888' has been set to element 'Object Repository/ObjectOTP/Field_OTP'

2019-08-20 14:00:22 - [TEST_STEP][PASSED] - delay(2, STOP_ON_FAILURE): Delayed 2 second(s)

2019-08-20 14:00:24 - [MESSAGE][PASSED] - Delayed 2 second(s)

2019-08-20 14:00:24 - [TEST_STEP][PASSED] - tap(findTestObject("ObjectOTP/Btn_Verifikasi1"), 0): Tapped on element 'Object Repository/ObjectOTP/Btn_Verifikasi1'

2019-08-20 14:00:24 - [MESSAGE][WARNING] - Timeout '0' is invalid. Using default page load timeout: '30'

2019-08-20 14:00:25 - [MESSAGE][PASSED] - Tapped on element 'Object Repository/ObjectOTP/Btn_Verifikasi1']]></system-out>
         <system-err><![CDATA[]]></system-err>
      </testcase>
      <testcase name="Test Cases/Home/Home" classname="Test Cases/Home/Home" status="PASSED">
         <system-out><![CDATA[2019-08-20 14:00:25 - [TEST_CASE][PASSED] - Test Cases/Home/Home: Test Cases/Home/Home

2019-08-20 14:00:25 - [TEST_STEP][PASSED] - delay(7, STOP_ON_FAILURE): Delayed 7 second(s)

2019-08-20 14:00:32 - [MESSAGE][PASSED] - Delayed 7 second(s)]]></system-out>
         <system-err><![CDATA[]]></system-err>
      </testcase>
      <testcase name="Test Cases/Home/Gold/addToCart" classname="Test Cases/Home/Gold/addToCart" status="PASSED">
         <system-out><![CDATA[2019-08-20 14:00:32 - [TEST_CASE][PASSED] - Test Cases/Home/Gold/addToCart: Test Cases/Home/Gold/addToCart

2019-08-20 14:00:33 - [TEST_STEP][PASSED] - tap(findTestObject("Home/Gold/AddToCart/android.widget.LinearLayout15"), 0): Tapped on element 'Object Repository/Home/Gold/AddToCart/android.widget.LinearLayout15'

2019-08-20 14:00:33 - [MESSAGE][WARNING] - Timeout '0' is invalid. Using default page load timeout: '30'

2019-08-20 14:00:34 - [MESSAGE][PASSED] - Tapped on element 'Object Repository/Home/Gold/AddToCart/android.widget.LinearLayout15'

2019-08-20 14:00:34 - [TEST_STEP][PASSED] - tap(findTestObject("Home/Gold/AddToCart/Cart1"), 0): Tapped on element 'Object Repository/Home/Gold/AddToCart/Cart1'

2019-08-20 14:00:34 - [MESSAGE][WARNING] - Timeout '0' is invalid. Using default page load timeout: '30'

2019-08-20 14:00:38 - [MESSAGE][PASSED] - Tapped on element 'Object Repository/Home/Gold/AddToCart/Cart1'

2019-08-20 14:00:38 - [TEST_STEP][PASSED] - tap(findTestObject("Home/Gold/AddToCart/android.widget.LinearLayout6"), 0): Tapped on element 'Object Repository/Home/Gold/AddToCart/android.widget.LinearLayout6'

2019-08-20 14:00:38 - [MESSAGE][WARNING] - Timeout '0' is invalid. Using default page load timeout: '30'

2019-08-20 14:00:42 - [MESSAGE][PASSED] - Tapped on element 'Object Repository/Home/Gold/AddToCart/android.widget.LinearLayout6'

2019-08-20 14:00:42 - [TEST_STEP][PASSED] - tap(findTestObject("Home/Gold/AddToCart/android.widget.CheckBox0"), 0): Tapped on element 'Object Repository/Home/Gold/AddToCart/android.widget.CheckBox0'

2019-08-20 14:00:42 - [MESSAGE][WARNING] - Timeout '0' is invalid. Using default page load timeout: '30'

2019-08-20 14:00:42 - [MESSAGE][PASSED] - Tapped on element 'Object Repository/Home/Gold/AddToCart/android.widget.CheckBox0'

2019-08-20 14:00:42 - [TEST_STEP][PASSED] - tap(findTestObject("Home/Gold/AddToCart/android.widget.LinearLayout6 (1)"), 0): Tapped on element 'Object Repository/Home/Gold/AddToCart/android.widget.LinearLayout6 (1)'

2019-08-20 14:00:42 - [MESSAGE][WARNING] - Timeout '0' is invalid. Using default page load timeout: '30'

2019-08-20 14:00:44 - [MESSAGE][PASSED] - Tapped on element 'Object Repository/Home/Gold/AddToCart/android.widget.LinearLayout6 (1)'

2019-08-20 14:00:44 - [TEST_STEP][PASSED] - tap(findTestObject("Home/Gold/AddToCart/com.google.android.material.chip.Chip1 - Rp 200.000"), 0): Tapped on element 'Object Repository/Home/Gold/AddToCart/com.google.android.material.chip.Chip1 - Rp 200.000'

2019-08-20 14:00:44 - [MESSAGE][WARNING] - Timeout '0' is invalid. Using default page load timeout: '30'

2019-08-20 14:00:45 - [MESSAGE][PASSED] - Tapped on element 'Object Repository/Home/Gold/AddToCart/com.google.android.material.chip.Chip1 - Rp 200.000'

2019-08-20 14:00:45 - [TEST_STEP][PASSED] - tap(findTestObject("Home/Gold/AddToCart/android.widget.RadioButton0 - 0.1 Gram"), 0): Tapped on element 'Object Repository/Home/Gold/AddToCart/android.widget.RadioButton0 - 0.1 Gram'

2019-08-20 14:00:45 - [MESSAGE][WARNING] - Timeout '0' is invalid. Using default page load timeout: '30'

2019-08-20 14:00:46 - [MESSAGE][PASSED] - Tapped on element 'Object Repository/Home/Gold/AddToCart/android.widget.RadioButton0 - 0.1 Gram'

2019-08-20 14:00:46 - [TEST_STEP][PASSED] - tap(findTestObject("Home/Gold/AddToCart/android.widget.LinearLayout1"), 0): Tapped on element 'Object Repository/Home/Gold/AddToCart/android.widget.LinearLayout1'

2019-08-20 14:00:46 - [MESSAGE][WARNING] - Timeout '0' is invalid. Using default page load timeout: '30'

2019-08-20 14:00:46 - [MESSAGE][PASSED] - Tapped on element 'Object Repository/Home/Gold/AddToCart/android.widget.LinearLayout1'

2019-08-20 14:00:46 - [TEST_STEP][PASSED] - tap(findTestObject("Home/Gold/AddToCart/android.widget.RelativeLayout1"), 0): Tapped on element 'Object Repository/Home/Gold/AddToCart/android.widget.RelativeLayout1'

2019-08-20 14:00:46 - [MESSAGE][WARNING] - Timeout '0' is invalid. Using default page load timeout: '30'

2019-08-20 14:00:50 - [MESSAGE][PASSED] - Tapped on element 'Object Repository/Home/Gold/AddToCart/android.widget.RelativeLayout1']]></system-out>
         <system-err><![CDATA[]]></system-err>
      </testcase>
      <system-out><![CDATA[2019-08-20 13:59:34 - [TEST_SUITE][PASSED] - AddToCart: Test Cases/Home/Gold/addToCart]]></system-out>
      <system-err><![CDATA[]]></system-err>
   </testsuite>
</testsuites>
