<?xml version="1.0" encoding="UTF-8"?>
<testsuites name="01_AddToCart" time="101" tests="3" failures="0" errors="0">
   <testsuite name="01_AddToCart" tests="3" failures="0" errors="0" time="101" timestamp="2019-07-05 14:05:50" hostname="ustore - 192.168.0.120" id="Test Suites/result/Reksadana/AddToCart/01_AddToCart">
      <properties>
         <property name="deviceName" value="emulator-5554 (Android SDK built for x86 - Android 9)"/>
         <property name="devicePlatform" value=""/>
         <property name="logFolder" value="/Users/ustore/Katalon Studio/Android v1.2/Reports/result/Reksadana/AddToCart/01_AddToCart/20190705_140537"/>
         <property name="logFiles" value="/Users/ustore/Katalon Studio/Android v1.2/Reports/result/Reksadana/AddToCart/01_AddToCart/20190705_140537/execution0.log, /Users/ustore/Katalon Studio/Android v1.2/Reports/result/Reksadana/AddToCart/01_AddToCart/20190705_140537/appium.log"/>
         <property name="attachments" value=""/>
         <property name="hostName" value="ustore - 192.168.0.120"/>
         <property name="os" value="Mac OS X 64bit"/>
         <property name="katalonVersion" value="4.1.0.2"/>
         <property name="deviceOS" value="Android"/>
         <property name="appiumVersion" value="1.8.1"/>
         <property name="deviceModel" value="Android SDK built for x86"/>
         <property name="hostAddress" value="192.168.0.120"/>
         <property name="deviceManufacturer" value="Google"/>
         <property name="deviceId" value="emulator-5554"/>
         <property name="deviceName" value="emulator-5554 (Android SDK built for x86 - Android 9)"/>
         <property name="deviceOSVersion" value="9"/>
      </properties>
      <testcase name="Test Cases/Login/LoginTrue" classname="Test Cases/Login/LoginTrue" status="PASSED">
         <system-out><![CDATA[2019-07-05 14:05:51 - [TEST_CASE][PASSED] - Test Cases/Login/LoginTrue: Test Cases/Login/LoginTrue

2019-07-05 14:05:51 - [TEST_STEP][PASSED] - startApplication: Started app at: '/Users/ustore/Downloads/Development.apk'

2019-07-05 14:06:09 - [MESSAGE][PASSED] - Started app at: '/Users/ustore/Downloads/Development.apk'

2019-07-05 14:06:09 - [TEST_STEP][PASSED] - verifyElementText: Actual text and expected text of test object 'Object Repository/LoginTrue/Mulailah berinvestasi untuk meraih mimpimu' are matched.

2019-07-05 14:06:14 - [MESSAGE][PASSED] - Actual text and expected text of test object 'Object Repository/LoginTrue/Mulailah berinvestasi untuk meraih mimpimu' are matched.

2019-07-05 14:06:14 - [TEST_STEP][PASSED] - tap: Tapped on element 'Object Repository/LoginTrue/DP_Rumah'

2019-07-05 14:06:14 - [MESSAGE][WARNING] - Timeout '0' is invalid. Using default page load timeout: '30'

2019-07-05 14:06:15 - [MESSAGE][PASSED] - Tapped on element 'Object Repository/LoginTrue/DP_Rumah'

2019-07-05 14:06:15 - [TEST_STEP][PASSED] - Statement - For ([i = 0, i < 4, (i++)]): Swiped from 800,1,000 to 10,800

2019-07-05 14:06:15 - [TEST_STEP][PASSED] - tap: Tapped on element 'Object Repository/LoginTrue/screen_swipe'

2019-07-05 14:06:15 - [MESSAGE][WARNING] - Timeout '0' is invalid. Using default page load timeout: '30'

2019-07-05 14:06:16 - [MESSAGE][PASSED] - Tapped on element 'Object Repository/LoginTrue/screen_swipe'

2019-07-05 14:06:16 - [TEST_STEP][PASSED] - swipe: Swiped from 800,1,000 to 10,800

2019-07-05 14:06:19 - [MESSAGE][PASSED] - Swiped from 800,1,000 to 10,800

2019-07-05 14:06:19 - [TEST_STEP][PASSED] - tap: Tapped on element 'Object Repository/LoginTrue/screen_swipe'

2019-07-05 14:06:19 - [MESSAGE][WARNING] - Timeout '0' is invalid. Using default page load timeout: '30'

2019-07-05 14:06:20 - [MESSAGE][PASSED] - Tapped on element 'Object Repository/LoginTrue/screen_swipe'

2019-07-05 14:06:20 - [TEST_STEP][PASSED] - swipe: Swiped from 800,1,000 to 10,800

2019-07-05 14:06:22 - [MESSAGE][PASSED] - Swiped from 800,1,000 to 10,800

2019-07-05 14:06:22 - [TEST_STEP][PASSED] - tap: Tapped on element 'Object Repository/LoginTrue/screen_swipe'

2019-07-05 14:06:22 - [MESSAGE][WARNING] - Timeout '0' is invalid. Using default page load timeout: '30'

2019-07-05 14:06:24 - [MESSAGE][PASSED] - Tapped on element 'Object Repository/LoginTrue/screen_swipe'

2019-07-05 14:06:24 - [TEST_STEP][PASSED] - swipe: Swiped from 800,1,000 to 10,800

2019-07-05 14:06:26 - [MESSAGE][PASSED] - Swiped from 800,1,000 to 10,800

2019-07-05 14:06:26 - [TEST_STEP][PASSED] - tap: Tapped on element 'Object Repository/LoginTrue/screen_swipe'

2019-07-05 14:06:26 - [MESSAGE][WARNING] - Timeout '0' is invalid. Using default page load timeout: '30'

2019-07-05 14:06:30 - [MESSAGE][PASSED] - Tapped on element 'Object Repository/LoginTrue/screen_swipe'

2019-07-05 14:06:30 - [TEST_STEP][PASSED] - swipe: Swiped from 800,1,000 to 10,800

2019-07-05 14:06:32 - [MESSAGE][PASSED] - Swiped from 800,1,000 to 10,800

2019-07-05 14:06:32 - [TEST_STEP][PASSED] - setText: Text '081215161452' has been set to element 'Object Repository/LoginTrue/field_no_phone'

2019-07-05 14:06:32 - [MESSAGE][WARNING] - Timeout '0' is invalid. Using default page load timeout: '30'

2019-07-05 14:06:34 - [MESSAGE][PASSED] - Text '081215161452' has been set to element 'Object Repository/LoginTrue/field_no_phone'

2019-07-05 14:06:34 - [TEST_STEP][PASSED] - tap: Tapped on element 'Object Repository/LoginTrue/button_masuk'

2019-07-05 14:06:34 - [MESSAGE][WARNING] - Timeout '0' is invalid. Using default page load timeout: '30'

2019-07-05 14:06:36 - [MESSAGE][PASSED] - Tapped on element 'Object Repository/LoginTrue/button_masuk'

2019-07-05 14:06:36 - [TEST_STEP][PASSED] - delay: Delayed 3 second(s)

2019-07-05 14:06:39 - [MESSAGE][PASSED] - Delayed 3 second(s)

2019-07-05 14:06:39 - [TEST_STEP][PASSED] - verifyElementText: Actual text and expected text of test object 'Object Repository/ObjectOTP/TextView - Verifikasi Nomor HP' are matched.

2019-07-05 14:06:39 - [MESSAGE][PASSED] - Actual text and expected text of test object 'Object Repository/ObjectOTP/TextView - Verifikasi Nomor HP' are matched.]]></system-out>
         <system-err><![CDATA[]]></system-err>
      </testcase>
      <testcase name="Test Cases/OTP/LoginOTP" classname="Test Cases/OTP/LoginOTP" status="PASSED">
         <system-out><![CDATA[2019-07-05 14:06:39 - [TEST_CASE][PASSED] - Test Cases/OTP/LoginOTP: Test Cases/OTP/LoginOTP

2019-07-05 14:06:40 - [TEST_STEP][PASSED] - delay: Delayed 3 second(s)

2019-07-05 14:06:43 - [MESSAGE][PASSED] - Delayed 3 second(s)

2019-07-05 14:06:43 - [TEST_STEP][PASSED] - tap: Tapped on element 'Object Repository/ObjectOTP/Field_OTP'

2019-07-05 14:06:43 - [MESSAGE][WARNING] - Timeout '0' is invalid. Using default page load timeout: '30'

2019-07-05 14:06:44 - [MESSAGE][PASSED] - Tapped on element 'Object Repository/ObjectOTP/Field_OTP'

2019-07-05 14:06:44 - [TEST_STEP][PASSED] - setText: Text '8888' has been set to element 'Object Repository/ObjectOTP/Field_OTP'

2019-07-05 14:06:44 - [MESSAGE][WARNING] - Timeout '0' is invalid. Using default page load timeout: '30'

2019-07-05 14:06:45 - [MESSAGE][PASSED] - Text '8888' has been set to element 'Object Repository/ObjectOTP/Field_OTP'

2019-07-05 14:06:45 - [TEST_STEP][PASSED] - tap: Tapped on element 'Object Repository/ObjectOTP/Button_Verifikasi_Sekarang'

2019-07-05 14:06:45 - [MESSAGE][WARNING] - Timeout '0' is invalid. Using default page load timeout: '30'

2019-07-05 14:06:47 - [MESSAGE][PASSED] - Tapped on element 'Object Repository/ObjectOTP/Button_Verifikasi_Sekarang']]></system-out>
         <system-err><![CDATA[]]></system-err>
      </testcase>
      <testcase name="Test Cases/Home/Reksadana/AddToCart/AddToCart" classname="Test Cases/Home/Reksadana/AddToCart/AddToCart" status="PASSED">
         <system-out><![CDATA[2019-07-05 14:06:47 - [TEST_CASE][PASSED] - Test Cases/Home/Reksadana/AddToCart/AddToCart: Test Cases/Home/Reksadana/AddToCart/AddToCart

2019-07-05 14:06:48 - [TEST_STEP][PASSED] - delay: Delayed 3 second(s)

2019-07-05 14:06:51 - [MESSAGE][PASSED] - Delayed 3 second(s)

2019-07-05 14:06:51 - [TEST_STEP][PASSED] - tap: Tapped on element 'Object Repository/Home/Reksadana/Subscribe/MenuReksadana'

2019-07-05 14:06:51 - [MESSAGE][WARNING] - Timeout '0' is invalid. Using default page load timeout: '30'

2019-07-05 14:06:55 - [MESSAGE][PASSED] - Tapped on element 'Object Repository/Home/Reksadana/Subscribe/MenuReksadana'

2019-07-05 14:06:55 - [TEST_STEP][PASSED] - delay: Delayed 3 second(s)

2019-07-05 14:06:58 - [MESSAGE][PASSED] - Delayed 3 second(s)

2019-07-05 14:06:58 - [TEST_STEP][PASSED] - tap: Tapped on element 'Object Repository/Home/Reksadana/Subscribe/CardReksadana'

2019-07-05 14:06:58 - [MESSAGE][WARNING] - Timeout '0' is invalid. Using default page load timeout: '30'

2019-07-05 14:07:00 - [MESSAGE][PASSED] - Tapped on element 'Object Repository/Home/Reksadana/Subscribe/CardReksadana'

2019-07-05 14:07:00 - [TEST_STEP][PASSED] - delay: Delayed 3 second(s)

2019-07-05 14:07:03 - [MESSAGE][PASSED] - Delayed 3 second(s)

2019-07-05 14:07:03 - [TEST_STEP][PASSED] - tap: Tapped on element 'Object Repository/Home/Reksadana/Button_Cart'

2019-07-05 14:07:03 - [MESSAGE][WARNING] - Timeout '0' is invalid. Using default page load timeout: '30'

2019-07-05 14:07:07 - [MESSAGE][PASSED] - Tapped on element 'Object Repository/Home/Reksadana/Button_Cart'

2019-07-05 14:07:07 - [TEST_STEP][PASSED] - tap: Tapped on element 'Object Repository/Home/Reksadana/Button_Lanjutkan'

2019-07-05 14:07:07 - [MESSAGE][WARNING] - Timeout '0' is invalid. Using default page load timeout: '30'

2019-07-05 14:07:10 - [MESSAGE][PASSED] - Tapped on element 'Object Repository/Home/Reksadana/Button_Lanjutkan'

2019-07-05 14:07:10 - [TEST_STEP][PASSED] - delay: Delayed 3 second(s)

2019-07-05 14:07:13 - [MESSAGE][PASSED] - Delayed 3 second(s)

2019-07-05 14:07:13 - [TEST_STEP][PASSED] - tap: Tapped on element 'Object Repository/Home/Reksadana/Checkbox_Cart'

2019-07-05 14:07:13 - [MESSAGE][WARNING] - Timeout '0' is invalid. Using default page load timeout: '30'

2019-07-05 14:07:14 - [MESSAGE][PASSED] - Tapped on element 'Object Repository/Home/Reksadana/Checkbox_Cart'

2019-07-05 14:07:14 - [TEST_STEP][PASSED] - tap: Tapped on element 'Object Repository/Home/Reksadana/Button_Lanjutkan'

2019-07-05 14:07:14 - [MESSAGE][WARNING] - Timeout '0' is invalid. Using default page load timeout: '30'

2019-07-05 14:07:17 - [MESSAGE][PASSED] - Tapped on element 'Object Repository/Home/Reksadana/Button_Lanjutkan'

2019-07-05 14:07:17 - [TEST_STEP][PASSED] - delay: Delayed 3 second(s)

2019-07-05 14:07:20 - [MESSAGE][PASSED] - Delayed 3 second(s)

2019-07-05 14:07:20 - [TEST_STEP][PASSED] - tap: Tapped on element 'Object Repository/Home/Reksadana/Rp100'

2019-07-05 14:07:20 - [MESSAGE][WARNING] - Timeout '0' is invalid. Using default page load timeout: '30'

2019-07-05 14:07:21 - [MESSAGE][PASSED] - Tapped on element 'Object Repository/Home/Reksadana/Rp100'

2019-07-05 14:07:21 - [TEST_STEP][PASSED] - delay: Delayed 3 second(s)

2019-07-05 14:07:24 - [MESSAGE][PASSED] - Delayed 3 second(s)

2019-07-05 14:07:24 - [TEST_STEP][PASSED] - tap: Tapped on element 'Object Repository/Home/Reksadana/Button_Tambah_Keranjang'

2019-07-05 14:07:24 - [MESSAGE][WARNING] - Timeout '0' is invalid. Using default page load timeout: '30'

2019-07-05 14:07:26 - [MESSAGE][PASSED] - Tapped on element 'Object Repository/Home/Reksadana/Button_Tambah_Keranjang'

2019-07-05 14:07:26 - [TEST_STEP][PASSED] - delay: Delayed 3 second(s)

2019-07-05 14:07:29 - [MESSAGE][PASSED] - Delayed 3 second(s)]]></system-out>
         <system-err><![CDATA[]]></system-err>
      </testcase>
      <system-out><![CDATA[2019-07-05 14:05:50 - [TEST_SUITE][PASSED] - 01_AddToCart: Test Cases/Home/Reksadana/AddToCart/AddToCart]]></system-out>
      <system-err><![CDATA[]]></system-err>
   </testsuite>
</testsuites>
