<?xml version="1.0" encoding="UTF-8"?>
<testsuites name="01_SubscribeTrue" time="109" tests="3" failures="0" errors="0">
   <testsuite name="01_SubscribeTrue" tests="3" failures="0" errors="0" time="109" timestamp="2019-07-03 16:07:04" hostname="ustore - 192.168.0.120" id="Test Suites/result/Subscribe/01_SubscribeTrue">
      <properties>
         <property name="deviceName" value="emulator-5554 (Android SDK built for x86 - Android 9)"/>
         <property name="devicePlatform" value=""/>
         <property name="logFolder" value="/Users/ustore/Katalon Studio/Android v1.2/Reports/result/Subscribe/01_SubscribeTrue/20190703_160651"/>
         <property name="logFiles" value="/Users/ustore/Katalon Studio/Android v1.2/Reports/result/Subscribe/01_SubscribeTrue/20190703_160651/execution0.log, /Users/ustore/Katalon Studio/Android v1.2/Reports/result/Subscribe/01_SubscribeTrue/20190703_160651/appium.log"/>
         <property name="attachments" value=""/>
         <property name="hostName" value="ustore - 192.168.0.120"/>
         <property name="os" value="Mac OS X 64bit"/>
         <property name="katalonVersion" value="4.1.0.2"/>
         <property name="deviceOS" value="Android"/>
         <property name="appiumVersion" value="1.8.1"/>
         <property name="deviceModel" value="Android SDK built for x86"/>
         <property name="hostAddress" value="192.168.0.120"/>
         <property name="deviceManufacturer" value="Google"/>
         <property name="deviceId" value="emulator-5554"/>
         <property name="deviceName" value="emulator-5554 (Android SDK built for x86 - Android 9)"/>
         <property name="deviceOSVersion" value="9"/>
      </properties>
      <testcase name="Test Cases/Login/LoginTrue" classname="Test Cases/Login/LoginTrue" status="PASSED">
         <system-out><![CDATA[2019-07-03 16:07:04 - [TEST_CASE][PASSED] - Test Cases/Login/LoginTrue: Test Cases/Login/LoginTrue

2019-07-03 16:07:05 - [TEST_STEP][PASSED] - startApplication: Started app at: '/Users/ustore/Downloads/Development.apk'

2019-07-03 16:07:24 - [MESSAGE][PASSED] - Started app at: '/Users/ustore/Downloads/Development.apk'

2019-07-03 16:07:24 - [TEST_STEP][PASSED] - verifyElementText: Actual text and expected text of test object 'Object Repository/LoginTrue/Mulailah berinvestasi untuk meraih mimpimu' are matched.

2019-07-03 16:07:30 - [MESSAGE][PASSED] - Actual text and expected text of test object 'Object Repository/LoginTrue/Mulailah berinvestasi untuk meraih mimpimu' are matched.

2019-07-03 16:07:30 - [TEST_STEP][PASSED] - tap: Tapped on element 'Object Repository/LoginTrue/DP_Rumah'

2019-07-03 16:07:30 - [MESSAGE][WARNING] - Timeout '0' is invalid. Using default page load timeout: '30'

2019-07-03 16:07:32 - [MESSAGE][PASSED] - Tapped on element 'Object Repository/LoginTrue/DP_Rumah'

2019-07-03 16:07:32 - [TEST_STEP][PASSED] - Statement - For ([i = 0, i < 4, (i++)]): Swiped from 800,1,000 to 10,800

2019-07-03 16:07:32 - [TEST_STEP][PASSED] - tap: Tapped on element 'Object Repository/LoginTrue/screen_swipe'

2019-07-03 16:07:32 - [MESSAGE][WARNING] - Timeout '0' is invalid. Using default page load timeout: '30'

2019-07-03 16:07:33 - [MESSAGE][PASSED] - Tapped on element 'Object Repository/LoginTrue/screen_swipe'

2019-07-03 16:07:33 - [TEST_STEP][PASSED] - swipe: Swiped from 800,1,000 to 10,800

2019-07-03 16:07:35 - [MESSAGE][PASSED] - Swiped from 800,1,000 to 10,800

2019-07-03 16:07:35 - [TEST_STEP][PASSED] - tap: Tapped on element 'Object Repository/LoginTrue/screen_swipe'

2019-07-03 16:07:35 - [MESSAGE][WARNING] - Timeout '0' is invalid. Using default page load timeout: '30'

2019-07-03 16:07:36 - [MESSAGE][PASSED] - Tapped on element 'Object Repository/LoginTrue/screen_swipe'

2019-07-03 16:07:36 - [TEST_STEP][PASSED] - swipe: Swiped from 800,1,000 to 10,800

2019-07-03 16:07:39 - [MESSAGE][PASSED] - Swiped from 800,1,000 to 10,800

2019-07-03 16:07:39 - [TEST_STEP][PASSED] - tap: Tapped on element 'Object Repository/LoginTrue/screen_swipe'

2019-07-03 16:07:39 - [MESSAGE][WARNING] - Timeout '0' is invalid. Using default page load timeout: '30'

2019-07-03 16:07:40 - [MESSAGE][PASSED] - Tapped on element 'Object Repository/LoginTrue/screen_swipe'

2019-07-03 16:07:40 - [TEST_STEP][PASSED] - swipe: Swiped from 800,1,000 to 10,800

2019-07-03 16:07:42 - [MESSAGE][PASSED] - Swiped from 800,1,000 to 10,800

2019-07-03 16:07:42 - [TEST_STEP][PASSED] - tap: Tapped on element 'Object Repository/LoginTrue/screen_swipe'

2019-07-03 16:07:42 - [MESSAGE][WARNING] - Timeout '0' is invalid. Using default page load timeout: '30'

2019-07-03 16:07:46 - [MESSAGE][PASSED] - Tapped on element 'Object Repository/LoginTrue/screen_swipe'

2019-07-03 16:07:46 - [TEST_STEP][PASSED] - swipe: Swiped from 800,1,000 to 10,800

2019-07-03 16:07:49 - [MESSAGE][PASSED] - Swiped from 800,1,000 to 10,800

2019-07-03 16:07:49 - [TEST_STEP][PASSED] - setText: Text '081215161452' has been set to element 'Object Repository/LoginTrue/field_no_phone'

2019-07-03 16:07:49 - [MESSAGE][WARNING] - Timeout '0' is invalid. Using default page load timeout: '30'

2019-07-03 16:07:51 - [MESSAGE][PASSED] - Text '081215161452' has been set to element 'Object Repository/LoginTrue/field_no_phone'

2019-07-03 16:07:51 - [TEST_STEP][PASSED] - tap: Tapped on element 'Object Repository/LoginTrue/button_masuk'

2019-07-03 16:07:51 - [MESSAGE][WARNING] - Timeout '0' is invalid. Using default page load timeout: '30'

2019-07-03 16:07:52 - [MESSAGE][PASSED] - Tapped on element 'Object Repository/LoginTrue/button_masuk'

2019-07-03 16:07:52 - [TEST_STEP][PASSED] - delay: Delayed 3 second(s)

2019-07-03 16:07:55 - [MESSAGE][PASSED] - Delayed 3 second(s)

2019-07-03 16:07:55 - [TEST_STEP][PASSED] - verifyElementText: Actual text and expected text of test object 'Object Repository/ObjectOTP/TextView - Verifikasi Nomor HP' are matched.

2019-07-03 16:07:55 - [MESSAGE][PASSED] - Actual text and expected text of test object 'Object Repository/ObjectOTP/TextView - Verifikasi Nomor HP' are matched.]]></system-out>
         <system-err><![CDATA[]]></system-err>
      </testcase>
      <testcase name="Test Cases/OTP/LoginOTP" classname="Test Cases/OTP/LoginOTP" status="PASSED">
         <system-out><![CDATA[2019-07-03 16:07:55 - [TEST_CASE][PASSED] - Test Cases/OTP/LoginOTP: Test Cases/OTP/LoginOTP

2019-07-03 16:07:56 - [TEST_STEP][PASSED] - delay: Delayed 3 second(s)

2019-07-03 16:07:59 - [MESSAGE][PASSED] - Delayed 3 second(s)

2019-07-03 16:07:59 - [TEST_STEP][PASSED] - tap: Tapped on element 'Object Repository/ObjectOTP/Field_OTP'

2019-07-03 16:07:59 - [MESSAGE][WARNING] - Timeout '0' is invalid. Using default page load timeout: '30'

2019-07-03 16:08:00 - [MESSAGE][PASSED] - Tapped on element 'Object Repository/ObjectOTP/Field_OTP'

2019-07-03 16:08:00 - [TEST_STEP][PASSED] - setText: Text '8888' has been set to element 'Object Repository/ObjectOTP/Field_OTP'

2019-07-03 16:08:00 - [MESSAGE][WARNING] - Timeout '0' is invalid. Using default page load timeout: '30'

2019-07-03 16:08:02 - [MESSAGE][PASSED] - Text '8888' has been set to element 'Object Repository/ObjectOTP/Field_OTP'

2019-07-03 16:08:02 - [TEST_STEP][PASSED] - tap: Tapped on element 'Object Repository/ObjectOTP/Button_Verifikasi_Sekarang'

2019-07-03 16:08:02 - [MESSAGE][WARNING] - Timeout '0' is invalid. Using default page load timeout: '30'

2019-07-03 16:08:03 - [MESSAGE][PASSED] - Tapped on element 'Object Repository/ObjectOTP/Button_Verifikasi_Sekarang']]></system-out>
         <system-err><![CDATA[]]></system-err>
      </testcase>
      <testcase name="Test Cases/Home/Reksadana/Subscribe/Subscribe" classname="Test Cases/Home/Reksadana/Subscribe/Subscribe" status="PASSED">
         <system-out><![CDATA[2019-07-03 16:08:03 - [TEST_CASE][PASSED] - Test Cases/Home/Reksadana/Subscribe/Subscribe: Test Cases/Home/Reksadana/Subscribe/Subscribe

2019-07-03 16:08:04 - [TEST_STEP][PASSED] - delay: Delayed 3 second(s)

2019-07-03 16:08:07 - [MESSAGE][PASSED] - Delayed 3 second(s)

2019-07-03 16:08:07 - [TEST_STEP][PASSED] - tap: Tapped on element 'Object Repository/Home/Reksadana/Subscribe/MenuReksadana'

2019-07-03 16:08:07 - [MESSAGE][WARNING] - Timeout '0' is invalid. Using default page load timeout: '30'

2019-07-03 16:08:11 - [MESSAGE][PASSED] - Tapped on element 'Object Repository/Home/Reksadana/Subscribe/MenuReksadana'

2019-07-03 16:08:11 - [TEST_STEP][PASSED] - delay: Delayed 3 second(s)

2019-07-03 16:08:14 - [MESSAGE][PASSED] - Delayed 3 second(s)

2019-07-03 16:08:14 - [TEST_STEP][PASSED] - tap: Tapped on element 'Object Repository/Home/Reksadana/Subscribe/CardReksadana'

2019-07-03 16:08:14 - [MESSAGE][WARNING] - Timeout '0' is invalid. Using default page load timeout: '30'

2019-07-03 16:08:16 - [MESSAGE][PASSED] - Tapped on element 'Object Repository/Home/Reksadana/Subscribe/CardReksadana'

2019-07-03 16:08:16 - [TEST_STEP][PASSED] - tap: Tapped on element 'Object Repository/Home/Reksadana/Subscribe/Button_Beli'

2019-07-03 16:08:16 - [MESSAGE][WARNING] - Timeout '0' is invalid. Using default page load timeout: '30'

2019-07-03 16:08:21 - [MESSAGE][PASSED] - Tapped on element 'Object Repository/Home/Reksadana/Subscribe/Button_Beli'

2019-07-03 16:08:21 - [TEST_STEP][PASSED] - tap: Tapped on element 'Object Repository/Home/Reksadana/Subscribe/CheckboxSetuju'

2019-07-03 16:08:21 - [MESSAGE][WARNING] - Timeout '0' is invalid. Using default page load timeout: '30'

2019-07-03 16:08:22 - [MESSAGE][PASSED] - Tapped on element 'Object Repository/Home/Reksadana/Subscribe/CheckboxSetuju'

2019-07-03 16:08:22 - [TEST_STEP][PASSED] - delay: Delayed 3 second(s)

2019-07-03 16:08:25 - [MESSAGE][PASSED] - Delayed 3 second(s)

2019-07-03 16:08:25 - [TEST_STEP][PASSED] - tap: Tapped on element 'Object Repository/Home/Reksadana/Subscribe/Button_Lanjutkan'

2019-07-03 16:08:25 - [MESSAGE][WARNING] - Timeout '0' is invalid. Using default page load timeout: '30'

2019-07-03 16:08:28 - [MESSAGE][PASSED] - Tapped on element 'Object Repository/Home/Reksadana/Subscribe/Button_Lanjutkan'

2019-07-03 16:08:28 - [TEST_STEP][PASSED] - delay: Delayed 3 second(s)

2019-07-03 16:08:31 - [MESSAGE][PASSED] - Delayed 3 second(s)

2019-07-03 16:08:31 - [TEST_STEP][PASSED] - tap: Tapped on element 'Object Repository/Home/Reksadana/Subscribe/300.000'

2019-07-03 16:08:31 - [MESSAGE][WARNING] - Timeout '0' is invalid. Using default page load timeout: '30'

2019-07-03 16:08:32 - [MESSAGE][PASSED] - Tapped on element 'Object Repository/Home/Reksadana/Subscribe/300.000'

2019-07-03 16:08:32 - [TEST_STEP][PASSED] - tap: Tapped on element 'Object Repository/Home/Reksadana/Subscribe/Button_Beli_Sekarang'

2019-07-03 16:08:32 - [MESSAGE][WARNING] - Timeout '0' is invalid. Using default page load timeout: '30'

2019-07-03 16:08:36 - [MESSAGE][PASSED] - Tapped on element 'Object Repository/Home/Reksadana/Subscribe/Button_Beli_Sekarang'

2019-07-03 16:08:36 - [TEST_STEP][PASSED] - tap: Tapped on element 'Object Repository/Home/Reksadana/Subscribe/Button_Detail'

2019-07-03 16:08:36 - [MESSAGE][WARNING] - Timeout '0' is invalid. Using default page load timeout: '30'

2019-07-03 16:08:37 - [MESSAGE][PASSED] - Tapped on element 'Object Repository/Home/Reksadana/Subscribe/Button_Detail'

2019-07-03 16:08:37 - [TEST_STEP][PASSED] - tap: Tapped on element 'Object Repository/Home/Reksadana/Subscribe/Button_VA'

2019-07-03 16:08:37 - [MESSAGE][WARNING] - Timeout '0' is invalid. Using default page load timeout: '30'

2019-07-03 16:08:38 - [MESSAGE][PASSED] - Tapped on element 'Object Repository/Home/Reksadana/Subscribe/Button_VA'

2019-07-03 16:08:38 - [TEST_STEP][PASSED] - delay: Delayed 3 second(s)

2019-07-03 16:08:41 - [MESSAGE][PASSED] - Delayed 3 second(s)

2019-07-03 16:08:41 - [TEST_STEP][PASSED] - verifyElementText: Actual text and expected text of test object 'Object Repository/Home/Reksadana/Subscribe/Text-LakukanPembayaranSebelum' are matched.

2019-07-03 16:08:41 - [MESSAGE][PASSED] - Actual text and expected text of test object 'Object Repository/Home/Reksadana/Subscribe/Text-LakukanPembayaranSebelum' are matched.

2019-07-03 16:08:41 - [TEST_STEP][PASSED] - delay: Delayed 3 second(s)

2019-07-03 16:08:44 - [MESSAGE][PASSED] - Delayed 3 second(s)

2019-07-03 16:08:44 - [TEST_STEP][PASSED] - tap: Tapped on element 'Object Repository/Home/Reksadana/Subscribe/Detail_VA'

2019-07-03 16:08:44 - [MESSAGE][WARNING] - Timeout '0' is invalid. Using default page load timeout: '30'

2019-07-03 16:08:46 - [MESSAGE][PASSED] - Tapped on element 'Object Repository/Home/Reksadana/Subscribe/Detail_VA'

2019-07-03 16:08:46 - [TEST_STEP][PASSED] - Statement - device_Height = com.kms.katalon.core.mobile.keyword.MobileBuiltInKeywords.getDeviceHeight(): Current device physical height is 1794

2019-07-03 16:08:46 - [MESSAGE][PASSED] - Current device physical height is 1794

2019-07-03 16:08:46 - [TEST_STEP][PASSED] - Statement - device_Width = com.kms.katalon.core.mobile.keyword.MobileBuiltInKeywords.getDeviceWidth(): Current device physical width is 1080

2019-07-03 16:08:46 - [MESSAGE][PASSED] - Current device physical width is 1080

2019-07-03 16:08:46 - [TEST_STEP][PASSED] - Statement - startX = device_Width / 2: null

2019-07-03 16:08:46 - [TEST_STEP][PASSED] - Statement - endX = startX: null

2019-07-03 16:08:46 - [TEST_STEP][PASSED] - Statement - startY = device_Height * 0.50: null

2019-07-03 16:08:46 - [TEST_STEP][PASSED] - Statement - endY = device_Height * 0.90: null

2019-07-03 16:08:46 - [TEST_STEP][PASSED] - swipe: Swiped from 540,1,614 to 540,897

2019-07-03 16:08:48 - [MESSAGE][PASSED] - Swiped from 540,1,614 to 540,897

2019-07-03 16:08:48 - [TEST_STEP][PASSED] - delay: Delayed 3 second(s)

2019-07-03 16:08:51 - [MESSAGE][PASSED] - Delayed 3 second(s)]]></system-out>
         <system-err><![CDATA[]]></system-err>
      </testcase>
      <system-out><![CDATA[2019-07-03 16:07:04 - [TEST_SUITE][PASSED] - 01_SubscribeTrue: Test Cases/Home/Reksadana/Subscribe/Subscribe]]></system-out>
      <system-err><![CDATA[]]></system-err>
   </testsuite>
</testsuites>
