<?xml version="1.0" encoding="UTF-8"?>
<testsuites name="Reedem" time="98" tests="4" failures="0" errors="0">
   <testsuite name="Reedem" tests="4" failures="0" errors="0" time="98" timestamp="2019-08-20 17:45:58" hostname="fundtastic - 192.168.0.110" id="Test Suites/result/Gold/Reedem">
      <properties>
         <property name="deviceName" value="emulator-5554 (Android SDK built for x86 - Android 9)"/>
         <property name="devicePlatform" value=""/>
         <property name="logFolder" value="/Users/fundtastic/Documents/QA/QAKatalon/Reports/result/Gold/Reedem/20190820_174546"/>
         <property name="logFiles" value="/Users/fundtastic/Documents/QA/QAKatalon/Reports/result/Gold/Reedem/20190820_174546/execution0.log, /Users/fundtastic/Documents/QA/QAKatalon/Reports/result/Gold/Reedem/20190820_174546/appium.log"/>
         <property name="attachments" value=""/>
         <property name="hostName" value="fundtastic - 192.168.0.110"/>
         <property name="os" value="Mac OS X 64bit"/>
         <property name="katalonVersion" value="5.10.1.1"/>
         <property name="deviceOS" value="Android"/>
         <property name="appiumVersion" value="1.8.1"/>
         <property name="deviceModel" value="Android SDK built for x86"/>
         <property name="hostAddress" value="192.168.0.110"/>
         <property name="deviceManufacturer" value="Google"/>
         <property name="deviceId" value="emulator-5554"/>
         <property name="deviceName" value="emulator-5554 (Android SDK built for x86 - Android 9)"/>
         <property name="deviceOSVersion" value="9"/>
      </properties>
      <testcase name="Test Cases/Login/LoginTrue" classname="Test Cases/Login/LoginTrue" status="PASSED">
         <system-out><![CDATA[2019-08-20 17:45:58 - [TEST_CASE][PASSED] - Test Cases/Login/LoginTrue: Test Cases/Login/LoginTrue

2019-08-20 17:45:58 - [TEST_STEP][PASSED] - startApplication("/Users/fundtastic/Downloads/mobile-debug (dev).apk", true): Started app at: '/Users/fundtastic/Downloads/mobile-debug (dev).apk'

2019-08-20 17:46:01 - [MESSAGE][INFO] - Appium server started on port 52,646

2019-08-20 17:46:13 - [MESSAGE][PASSED] - Started app at: '/Users/fundtastic/Downloads/mobile-debug (dev).apk'

2019-08-20 17:46:13 - [TEST_STEP][PASSED] - verifyElementText(findTestObject("LoginTrue/Mulailah berinvestasi untuk meraih mimpimu"), "Mulailah berinvestasi untuk meraih mimpimu"): Actual text and expected text of test object 'Object Repository/LoginTrue/Mulailah berinvestasi untuk meraih mimpimu' are matched.

2019-08-20 17:46:17 - [MESSAGE][PASSED] - Actual text and expected text of test object 'Object Repository/LoginTrue/Mulailah berinvestasi untuk meraih mimpimu' are matched.

2019-08-20 17:46:17 - [TEST_STEP][PASSED] - for ([i = 0, i < 4, (i++)]): Swiped from 800,1,000 to 10,800

2019-08-20 17:46:17 - [TEST_STEP][PASSED] - tap(findTestObject("LoginTrue/screen_swipe"), 0): Tapped on element 'Object Repository/LoginTrue/screen_swipe'

2019-08-20 17:46:17 - [MESSAGE][WARNING] - Timeout '0' is invalid. Using default page load timeout: '30'

2019-08-20 17:46:18 - [MESSAGE][PASSED] - Tapped on element 'Object Repository/LoginTrue/screen_swipe'

2019-08-20 17:46:18 - [TEST_STEP][PASSED] - swipe(800, 1000, 10, 800): Swiped from 800,1,000 to 10,800

2019-08-20 17:46:20 - [MESSAGE][PASSED] - Swiped from 800,1,000 to 10,800

2019-08-20 17:46:20 - [TEST_STEP][PASSED] - tap(findTestObject("LoginTrue/screen_swipe"), 0): Tapped on element 'Object Repository/LoginTrue/screen_swipe'

2019-08-20 17:46:21 - [MESSAGE][WARNING] - Timeout '0' is invalid. Using default page load timeout: '30'

2019-08-20 17:46:22 - [MESSAGE][PASSED] - Tapped on element 'Object Repository/LoginTrue/screen_swipe'

2019-08-20 17:46:22 - [TEST_STEP][PASSED] - swipe(800, 1000, 10, 800): Swiped from 800,1,000 to 10,800

2019-08-20 17:46:24 - [MESSAGE][PASSED] - Swiped from 800,1,000 to 10,800

2019-08-20 17:46:24 - [TEST_STEP][PASSED] - tap(findTestObject("LoginTrue/screen_swipe"), 0): Tapped on element 'Object Repository/LoginTrue/screen_swipe'

2019-08-20 17:46:24 - [MESSAGE][WARNING] - Timeout '0' is invalid. Using default page load timeout: '30'

2019-08-20 17:46:25 - [MESSAGE][PASSED] - Tapped on element 'Object Repository/LoginTrue/screen_swipe'

2019-08-20 17:46:25 - [TEST_STEP][PASSED] - swipe(800, 1000, 10, 800): Swiped from 800,1,000 to 10,800

2019-08-20 17:46:27 - [MESSAGE][PASSED] - Swiped from 800,1,000 to 10,800

2019-08-20 17:46:27 - [TEST_STEP][PASSED] - tap(findTestObject("LoginTrue/screen_swipe"), 0): Tapped on element 'Object Repository/LoginTrue/screen_swipe'

2019-08-20 17:46:27 - [MESSAGE][WARNING] - Timeout '0' is invalid. Using default page load timeout: '30'

2019-08-20 17:46:29 - [MESSAGE][PASSED] - Tapped on element 'Object Repository/LoginTrue/screen_swipe'

2019-08-20 17:46:29 - [TEST_STEP][PASSED] - swipe(800, 1000, 10, 800): Swiped from 800,1,000 to 10,800

2019-08-20 17:46:31 - [MESSAGE][PASSED] - Swiped from 800,1,000 to 10,800

2019-08-20 17:46:31 - [TEST_STEP][PASSED] - setText(findTestObject("LoginTrue/field_no_phone"), "08777111777", 0): Text '08777111777' has been set to element 'Object Repository/LoginTrue/field_no_phone'

2019-08-20 17:46:31 - [MESSAGE][WARNING] - Timeout '0' is invalid. Using default page load timeout: '30'

2019-08-20 17:46:33 - [MESSAGE][PASSED] - Text '08777111777' has been set to element 'Object Repository/LoginTrue/field_no_phone'

2019-08-20 17:46:33 - [TEST_STEP][PASSED] - tap(findTestObject("LoginTrue/button_masuk"), 0): Tapped on element 'Object Repository/LoginTrue/button_masuk'

2019-08-20 17:46:33 - [MESSAGE][WARNING] - Timeout '0' is invalid. Using default page load timeout: '30'

2019-08-20 17:46:35 - [MESSAGE][PASSED] - Tapped on element 'Object Repository/LoginTrue/button_masuk'

2019-08-20 17:46:35 - [TEST_STEP][PASSED] - delay(3, STOP_ON_FAILURE): Delayed 3 second(s)

2019-08-20 17:46:38 - [MESSAGE][PASSED] - Delayed 3 second(s)

2019-08-20 17:46:38 - [TEST_STEP][PASSED] - verifyElementText(findTestObject("ObjectOTP/TextView - Verifikasi Nomor HP"), "Verifikasi Nomor HP"): Actual text and expected text of test object 'Object Repository/ObjectOTP/TextView - Verifikasi Nomor HP' are matched.

2019-08-20 17:46:38 - [MESSAGE][PASSED] - Actual text and expected text of test object 'Object Repository/ObjectOTP/TextView - Verifikasi Nomor HP' are matched.

2019-08-20 17:46:38 - [TEST_STEP][PASSED] - delay(1, STOP_ON_FAILURE): Delayed 1 second(s)

2019-08-20 17:46:39 - [MESSAGE][PASSED] - Delayed 1 second(s)]]></system-out>
         <system-err><![CDATA[]]></system-err>
      </testcase>
      <testcase name="Test Cases/OTP/LoginOTP" classname="Test Cases/OTP/LoginOTP" status="PASSED">
         <system-out><![CDATA[2019-08-20 17:46:39 - [TEST_CASE][PASSED] - Test Cases/OTP/LoginOTP: Test Cases/OTP/LoginOTP

2019-08-20 17:46:39 - [TEST_STEP][PASSED] - delay(3, STOP_ON_FAILURE): Delayed 3 second(s)

2019-08-20 17:46:42 - [MESSAGE][PASSED] - Delayed 3 second(s)

2019-08-20 17:46:42 - [TEST_STEP][PASSED] - tap(findTestObject("ObjectOTP/Field_OTP"), 0): Tapped on element 'Object Repository/ObjectOTP/Field_OTP'

2019-08-20 17:46:42 - [MESSAGE][WARNING] - Timeout '0' is invalid. Using default page load timeout: '30'

2019-08-20 17:46:44 - [MESSAGE][PASSED] - Tapped on element 'Object Repository/ObjectOTP/Field_OTP'

2019-08-20 17:46:44 - [TEST_STEP][PASSED] - setText(findTestObject("ObjectOTP/Field_OTP"), "8888", 0): Text '8888' has been set to element 'Object Repository/ObjectOTP/Field_OTP'

2019-08-20 17:46:44 - [MESSAGE][WARNING] - Timeout '0' is invalid. Using default page load timeout: '30'

2019-08-20 17:46:45 - [MESSAGE][PASSED] - Text '8888' has been set to element 'Object Repository/ObjectOTP/Field_OTP'

2019-08-20 17:46:45 - [TEST_STEP][PASSED] - delay(2, STOP_ON_FAILURE): Delayed 2 second(s)

2019-08-20 17:46:47 - [MESSAGE][PASSED] - Delayed 2 second(s)

2019-08-20 17:46:47 - [TEST_STEP][PASSED] - tap(findTestObject("ObjectOTP/Btn_Verifikasi1"), 0): Tapped on element 'Object Repository/ObjectOTP/Btn_Verifikasi1'

2019-08-20 17:46:47 - [MESSAGE][WARNING] - Timeout '0' is invalid. Using default page load timeout: '30'

2019-08-20 17:46:48 - [MESSAGE][PASSED] - Tapped on element 'Object Repository/ObjectOTP/Btn_Verifikasi1']]></system-out>
         <system-err><![CDATA[]]></system-err>
      </testcase>
      <testcase name="Test Cases/Home/Home" classname="Test Cases/Home/Home" status="PASSED">
         <system-out><![CDATA[2019-08-20 17:46:48 - [TEST_CASE][PASSED] - Test Cases/Home/Home: Test Cases/Home/Home

2019-08-20 17:46:48 - [TEST_STEP][PASSED] - delay(7, STOP_ON_FAILURE): Delayed 7 second(s)

2019-08-20 17:46:55 - [MESSAGE][PASSED] - Delayed 7 second(s)]]></system-out>
         <system-err><![CDATA[]]></system-err>
      </testcase>
      <testcase name="Test Cases/Home/Gold/Reedem" classname="Test Cases/Home/Gold/Reedem" status="PASSED">
         <system-out><![CDATA[2019-08-20 17:46:55 - [TEST_CASE][PASSED] - Test Cases/Home/Gold/Reedem: Test Cases/Home/Gold/Reedem

2019-08-20 17:46:55 - [TEST_STEP][PASSED] - tap(findTestObject("Home/Gold/Reedem/android.widget.FrameLayout10"), 0): Tapped on element 'Object Repository/Home/Gold/Reedem/android.widget.FrameLayout10'

2019-08-20 17:46:55 - [MESSAGE][WARNING] - Timeout '0' is invalid. Using default page load timeout: '30'

2019-08-20 17:46:57 - [MESSAGE][PASSED] - Tapped on element 'Object Repository/Home/Gold/Reedem/android.widget.FrameLayout10'

2019-08-20 17:46:57 - [TEST_STEP][PASSED] - delay(3, STOP_ON_FAILURE): Delayed 3 second(s)

2019-08-20 17:47:00 - [MESSAGE][PASSED] - Delayed 3 second(s)

2019-08-20 17:47:00 - [TEST_STEP][PASSED] - tap(findTestObject("Home/Gold/Reedem/CardGold2"), 0): Tapped on element 'Object Repository/Home/Gold/Reedem/CardGold2'

2019-08-20 17:47:00 - [MESSAGE][WARNING] - Timeout '0' is invalid. Using default page load timeout: '30'

2019-08-20 17:47:01 - [MESSAGE][PASSED] - Tapped on element 'Object Repository/Home/Gold/Reedem/CardGold2'

2019-08-20 17:47:01 - [TEST_STEP][PASSED] - delay(7, STOP_ON_FAILURE): Delayed 7 second(s)

2019-08-20 17:47:08 - [MESSAGE][PASSED] - Delayed 7 second(s)

2019-08-20 17:47:08 - [TEST_STEP][PASSED] - tap(findTestObject("Home/Gold/Reedem/android.widget.LinearLayout26"), 0): Tapped on element 'Object Repository/Home/Gold/Reedem/android.widget.LinearLayout26'

2019-08-20 17:47:08 - [MESSAGE][WARNING] - Timeout '0' is invalid. Using default page load timeout: '30'

2019-08-20 17:47:09 - [MESSAGE][PASSED] - Tapped on element 'Object Repository/Home/Gold/Reedem/android.widget.LinearLayout26'

2019-08-20 17:47:09 - [TEST_STEP][PASSED] - delay(2, STOP_ON_FAILURE): Delayed 2 second(s)

2019-08-20 17:47:11 - [MESSAGE][PASSED] - Delayed 2 second(s)

2019-08-20 17:47:11 - [TEST_STEP][PASSED] - tap(findTestObject("Home/Gold/Reedem/com.google.android.material.chip.Chip2 - Rp 300.000"), 0): Tapped on element 'Object Repository/Home/Gold/Reedem/com.google.android.material.chip.Chip2 - Rp 300.000'

2019-08-20 17:47:11 - [MESSAGE][WARNING] - Timeout '0' is invalid. Using default page load timeout: '30'

2019-08-20 17:47:12 - [MESSAGE][PASSED] - Tapped on element 'Object Repository/Home/Gold/Reedem/com.google.android.material.chip.Chip2 - Rp 300.000'

2019-08-20 17:47:12 - [TEST_STEP][PASSED] - delay(3, STOP_ON_FAILURE): Delayed 3 second(s)

2019-08-20 17:47:15 - [MESSAGE][PASSED] - Delayed 3 second(s)

2019-08-20 17:47:15 - [TEST_STEP][PASSED] - tap(findTestObject("Home/Gold/Reedem/android.widget.TextView0 - JUAL SEKARANG"), 0): Tapped on element 'Object Repository/Home/Gold/Reedem/android.widget.TextView0 - JUAL SEKARANG'

2019-08-20 17:47:15 - [MESSAGE][WARNING] - Timeout '0' is invalid. Using default page load timeout: '30'

2019-08-20 17:47:16 - [MESSAGE][PASSED] - Tapped on element 'Object Repository/Home/Gold/Reedem/android.widget.TextView0 - JUAL SEKARANG'

2019-08-20 17:47:16 - [TEST_STEP][PASSED] - delay(5, STOP_ON_FAILURE): Delayed 5 second(s)

2019-08-20 17:47:21 - [MESSAGE][PASSED] - Delayed 5 second(s)

2019-08-20 17:47:21 - [TEST_STEP][PASSED] - tap(findTestObject("Home/Gold/Reedem/android.widget.TextView16 - KONFIRMASI"), 0): Tapped on element 'Object Repository/Home/Gold/Reedem/android.widget.TextView16 - KONFIRMASI'

2019-08-20 17:47:21 - [MESSAGE][WARNING] - Timeout '0' is invalid. Using default page load timeout: '30'

2019-08-20 17:47:22 - [MESSAGE][PASSED] - Tapped on element 'Object Repository/Home/Gold/Reedem/android.widget.TextView16 - KONFIRMASI'

2019-08-20 17:47:22 - [TEST_STEP][PASSED] - delay(5, STOP_ON_FAILURE): Delayed 5 second(s)

2019-08-20 17:47:27 - [MESSAGE][PASSED] - Delayed 5 second(s)

2019-08-20 17:47:27 - [TEST_STEP][PASSED] - pressBack(): Press back button successfully

2019-08-20 17:47:27 - [MESSAGE][PASSED] - Press back button successfully

2019-08-20 17:47:27 - [TEST_STEP][PASSED] - delay(2, STOP_ON_FAILURE): Delayed 2 second(s)

2019-08-20 17:47:29 - [MESSAGE][PASSED] - Delayed 2 second(s)

2019-08-20 17:47:29 - [TEST_STEP][PASSED] - tap(findTestObject("Home/Gold/Reedem/android.widget.ImageView0"), 0): Tapped on element 'Object Repository/Home/Gold/Reedem/android.widget.ImageView0'

2019-08-20 17:47:29 - [MESSAGE][WARNING] - Timeout '0' is invalid. Using default page load timeout: '30'

2019-08-20 17:47:30 - [MESSAGE][PASSED] - Tapped on element 'Object Repository/Home/Gold/Reedem/android.widget.ImageView0'

2019-08-20 17:47:30 - [TEST_STEP][PASSED] - delay(5, STOP_ON_FAILURE): Delayed 5 second(s)

2019-08-20 17:47:35 - [MESSAGE][PASSED] - Delayed 5 second(s)]]></system-out>
         <system-err><![CDATA[]]></system-err>
      </testcase>
      <system-out><![CDATA[2019-08-20 17:45:58 - [TEST_SUITE][PASSED] - Reedem: Test Cases/Home/Gold/Reedem]]></system-out>
      <system-err><![CDATA[]]></system-err>
   </testsuite>
</testsuites>
