<?xml version="1.0" encoding="UTF-8"?>
<testsuites name="Logout" time="94" tests="3" failures="0" errors="0">
   <testsuite name="Logout" tests="3" failures="0" errors="0" time="94" timestamp="2019-08-20 17:10:37" hostname="ustore - 192.168.0.120" id="Test Suites/result/Profile/Logout">
      <properties>
         <property name="deviceName" value="emulator-5554 (Android SDK built for x86 - Android 8.1.0)"/>
         <property name="devicePlatform" value=""/>
         <property name="logFolder" value="/Users/ustore/Documents/katalon/QAKatalon/Reports/result/Profile/Logout/20190820_171023"/>
         <property name="logFiles" value="/Users/ustore/Documents/katalon/QAKatalon/Reports/result/Profile/Logout/20190820_171023/execution0.log, /Users/ustore/Documents/katalon/QAKatalon/Reports/result/Profile/Logout/20190820_171023/appium.log"/>
         <property name="attachments" value=""/>
         <property name="hostName" value="ustore - 192.168.0.120"/>
         <property name="os" value="Mac OS X 64bit"/>
         <property name="katalonVersion" value="4.1.0.2"/>
         <property name="deviceOS" value="Android"/>
         <property name="appiumVersion" value="1.8.1"/>
         <property name="deviceModel" value="Android SDK built for x86"/>
         <property name="hostAddress" value="192.168.0.120"/>
         <property name="deviceManufacturer" value="Google"/>
         <property name="deviceId" value="emulator-5554"/>
         <property name="deviceName" value="emulator-5554 (Android SDK built for x86 - Android 8.1.0)"/>
         <property name="deviceOSVersion" value="8.1.0"/>
      </properties>
      <testcase name="Test Cases/Login/LoginTrue" classname="Test Cases/Login/LoginTrue" status="PASSED">
         <system-out><![CDATA[2019-08-20 17:10:37 - [TEST_CASE][PASSED] - Test Cases/Login/LoginTrue: Test Cases/Login/LoginTrue

2019-08-20 17:10:38 - [TEST_STEP][PASSED] - startApplication: Started app at: '/Users/ustore/Downloads/mobile-debug (2).apk'

2019-08-20 17:11:12 - [MESSAGE][PASSED] - Started app at: '/Users/ustore/Downloads/mobile-debug (2).apk'

2019-08-20 17:11:12 - [TEST_STEP][PASSED] - verifyElementText: Actual text and expected text of test object 'Object Repository/LoginTrue/Mulailah berinvestasi untuk meraih mimpimu' are matched.

2019-08-20 17:11:18 - [MESSAGE][PASSED] - Actual text and expected text of test object 'Object Repository/LoginTrue/Mulailah berinvestasi untuk meraih mimpimu' are matched.

2019-08-20 17:11:18 - [TEST_STEP][PASSED] - Statement - For ([i = 0, i < 4, (i++)]): Swiped from 800,1,000 to 10,800

2019-08-20 17:11:18 - [TEST_STEP][PASSED] - tap: Tapped on element 'Object Repository/LoginTrue/screen_swipe'

2019-08-20 17:11:18 - [MESSAGE][WARNING] - Timeout '0' is invalid. Using default page load timeout: '30'

2019-08-20 17:11:23 - [MESSAGE][PASSED] - Tapped on element 'Object Repository/LoginTrue/screen_swipe'

2019-08-20 17:11:23 - [TEST_STEP][PASSED] - swipe: Swiped from 800,1,000 to 10,800

2019-08-20 17:11:25 - [MESSAGE][PASSED] - Swiped from 800,1,000 to 10,800

2019-08-20 17:11:25 - [TEST_STEP][PASSED] - tap: Tapped on element 'Object Repository/LoginTrue/screen_swipe'

2019-08-20 17:11:25 - [MESSAGE][WARNING] - Timeout '0' is invalid. Using default page load timeout: '30'

2019-08-20 17:11:27 - [MESSAGE][PASSED] - Tapped on element 'Object Repository/LoginTrue/screen_swipe'

2019-08-20 17:11:27 - [TEST_STEP][PASSED] - swipe: Swiped from 800,1,000 to 10,800

2019-08-20 17:11:29 - [MESSAGE][PASSED] - Swiped from 800,1,000 to 10,800

2019-08-20 17:11:29 - [TEST_STEP][PASSED] - tap: Tapped on element 'Object Repository/LoginTrue/screen_swipe'

2019-08-20 17:11:29 - [MESSAGE][WARNING] - Timeout '0' is invalid. Using default page load timeout: '30'

2019-08-20 17:11:30 - [MESSAGE][PASSED] - Tapped on element 'Object Repository/LoginTrue/screen_swipe'

2019-08-20 17:11:30 - [TEST_STEP][PASSED] - swipe: Swiped from 800,1,000 to 10,800

2019-08-20 17:11:32 - [MESSAGE][PASSED] - Swiped from 800,1,000 to 10,800

2019-08-20 17:11:33 - [TEST_STEP][PASSED] - tap: Tapped on element 'Object Repository/LoginTrue/screen_swipe'

2019-08-20 17:11:33 - [MESSAGE][WARNING] - Timeout '0' is invalid. Using default page load timeout: '30'

2019-08-20 17:11:35 - [MESSAGE][PASSED] - Tapped on element 'Object Repository/LoginTrue/screen_swipe'

2019-08-20 17:11:35 - [TEST_STEP][PASSED] - swipe: Swiped from 800,1,000 to 10,800

2019-08-20 17:11:37 - [MESSAGE][PASSED] - Swiped from 800,1,000 to 10,800

2019-08-20 17:11:37 - [TEST_STEP][PASSED] - setText: Text '08777111777' has been set to element 'Object Repository/LoginTrue/field_no_phone'

2019-08-20 17:11:37 - [MESSAGE][WARNING] - Timeout '0' is invalid. Using default page load timeout: '30'

2019-08-20 17:11:39 - [MESSAGE][PASSED] - Text '08777111777' has been set to element 'Object Repository/LoginTrue/field_no_phone'

2019-08-20 17:11:39 - [TEST_STEP][PASSED] - tap: Tapped on element 'Object Repository/LoginTrue/button_masuk'

2019-08-20 17:11:39 - [MESSAGE][WARNING] - Timeout '0' is invalid. Using default page load timeout: '30'

2019-08-20 17:11:41 - [MESSAGE][PASSED] - Tapped on element 'Object Repository/LoginTrue/button_masuk'

2019-08-20 17:11:41 - [TEST_STEP][PASSED] - delay: Delayed 3 second(s)

2019-08-20 17:11:44 - [MESSAGE][PASSED] - Delayed 3 second(s)

2019-08-20 17:11:44 - [TEST_STEP][PASSED] - verifyElementText: Actual text and expected text of test object 'Object Repository/ObjectOTP/TextView - Verifikasi Nomor HP' are matched.

2019-08-20 17:11:45 - [MESSAGE][PASSED] - Actual text and expected text of test object 'Object Repository/ObjectOTP/TextView - Verifikasi Nomor HP' are matched.

2019-08-20 17:11:45 - [TEST_STEP][PASSED] - delay: Delayed 1 second(s)

2019-08-20 17:11:46 - [MESSAGE][PASSED] - Delayed 1 second(s)]]></system-out>
         <system-err><![CDATA[]]></system-err>
      </testcase>
      <testcase name="Test Cases/OTP/LoginOTP" classname="Test Cases/OTP/LoginOTP" status="PASSED">
         <system-out><![CDATA[2019-08-20 17:11:46 - [TEST_CASE][PASSED] - Test Cases/OTP/LoginOTP: Test Cases/OTP/LoginOTP

2019-08-20 17:11:46 - [TEST_STEP][PASSED] - delay: Delayed 3 second(s)

2019-08-20 17:11:49 - [MESSAGE][PASSED] - Delayed 3 second(s)

2019-08-20 17:11:49 - [TEST_STEP][PASSED] - tap: Tapped on element 'Object Repository/ObjectOTP/Field_OTP'

2019-08-20 17:11:49 - [MESSAGE][WARNING] - Timeout '0' is invalid. Using default page load timeout: '30'

2019-08-20 17:11:50 - [MESSAGE][PASSED] - Tapped on element 'Object Repository/ObjectOTP/Field_OTP'

2019-08-20 17:11:50 - [TEST_STEP][PASSED] - setText: Text '8888' has been set to element 'Object Repository/ObjectOTP/Field_OTP'

2019-08-20 17:11:50 - [MESSAGE][WARNING] - Timeout '0' is invalid. Using default page load timeout: '30'

2019-08-20 17:11:51 - [MESSAGE][PASSED] - Text '8888' has been set to element 'Object Repository/ObjectOTP/Field_OTP'

2019-08-20 17:11:51 - [TEST_STEP][PASSED] - delay: Delayed 2 second(s)

2019-08-20 17:11:53 - [MESSAGE][PASSED] - Delayed 2 second(s)

2019-08-20 17:11:53 - [TEST_STEP][PASSED] - tap: Tapped on element 'Object Repository/ObjectOTP/Btn_Verifikasi1'

2019-08-20 17:11:53 - [MESSAGE][WARNING] - Timeout '0' is invalid. Using default page load timeout: '30'

2019-08-20 17:11:55 - [MESSAGE][PASSED] - Tapped on element 'Object Repository/ObjectOTP/Btn_Verifikasi1']]></system-out>
         <system-err><![CDATA[]]></system-err>
      </testcase>
      <testcase name="Test Cases/Profile/Logout" classname="Test Cases/Profile/Logout" status="PASSED">
         <system-out><![CDATA[2019-08-20 17:11:55 - [TEST_CASE][PASSED] - Test Cases/Profile/Logout: Test Cases/Profile/Logout

2019-08-20 17:11:55 - [TEST_STEP][PASSED] - delay: Delayed 3 second(s)

2019-08-20 17:11:58 - [MESSAGE][PASSED] - Delayed 3 second(s)

2019-08-20 17:11:58 - [TEST_STEP][PASSED] - tap: Tapped on element 'Object Repository/Profile/android.widget.FrameLayout14 (5)'

2019-08-20 17:11:58 - [MESSAGE][WARNING] - Timeout '0' is invalid. Using default page load timeout: '30'

2019-08-20 17:12:00 - [MESSAGE][PASSED] - Tapped on element 'Object Repository/Profile/android.widget.FrameLayout14 (5)'

2019-08-20 17:12:00 - [TEST_STEP][PASSED] - delay: Delayed 3 second(s)

2019-08-20 17:12:03 - [MESSAGE][PASSED] - Delayed 3 second(s)

2019-08-20 17:12:03 - [TEST_STEP][PASSED] - tap: Tapped on element 'Object Repository/Profile/android.widget.LinearLayout14'

2019-08-20 17:12:03 - [MESSAGE][WARNING] - Timeout '0' is invalid. Using default page load timeout: '30'

2019-08-20 17:12:06 - [MESSAGE][PASSED] - Tapped on element 'Object Repository/Profile/android.widget.LinearLayout14'

2019-08-20 17:12:06 - [TEST_STEP][PASSED] - delay: Delayed 3 second(s)

2019-08-20 17:12:09 - [MESSAGE][PASSED] - Delayed 3 second(s)

2019-08-20 17:12:09 - [TEST_STEP][PASSED] - closeApplication: Close app successfully

2019-08-20 17:12:11 - [MESSAGE][PASSED] - Close app successfully]]></system-out>
         <system-err><![CDATA[]]></system-err>
      </testcase>
      <system-out><![CDATA[2019-08-20 17:10:37 - [TEST_SUITE][PASSED] - Logout: Test Cases/Profile/Logout]]></system-out>
      <system-err><![CDATA[]]></system-err>
   </testsuite>
</testsuites>
