<?xml version="1.0" encoding="UTF-8"?>
<testsuites name="02_DeleteCart" time="102" tests="3" failures="0" errors="0">
   <testsuite name="02_DeleteCart" tests="3" failures="0" errors="0" time="102" timestamp="2019-07-24 16:10:14" hostname="ustore - 192.168.0.120" id="Test Suites/result/Reksadana/AddToCart/02_DeleteCart">
      <properties>
         <property name="deviceName" value="emulator-5554 (Android SDK built for x86 - Android 8.1.0)"/>
         <property name="devicePlatform" value=""/>
         <property name="logFolder" value="/Users/ustore/Katalon Studio/Android v1.2/Reports/result/Reksadana/AddToCart/02_DeleteCart/20190724_161001"/>
         <property name="logFiles" value="/Users/ustore/Katalon Studio/Android v1.2/Reports/result/Reksadana/AddToCart/02_DeleteCart/20190724_161001/execution0.log, /Users/ustore/Katalon Studio/Android v1.2/Reports/result/Reksadana/AddToCart/02_DeleteCart/20190724_161001/appium.log"/>
         <property name="attachments" value=""/>
         <property name="hostName" value="ustore - 192.168.0.120"/>
         <property name="os" value="Mac OS X 64bit"/>
         <property name="katalonVersion" value="4.1.0.2"/>
         <property name="deviceOS" value="Android"/>
         <property name="appiumVersion" value="1.8.1"/>
         <property name="deviceModel" value="Android SDK built for x86"/>
         <property name="hostAddress" value="192.168.0.120"/>
         <property name="deviceManufacturer" value="Google"/>
         <property name="deviceId" value="emulator-5554"/>
         <property name="deviceName" value="emulator-5554 (Android SDK built for x86 - Android 8.1.0)"/>
         <property name="deviceOSVersion" value="8.1.0"/>
      </properties>
      <testcase name="Test Cases/Login/LoginTrue" classname="Test Cases/Login/LoginTrue" status="PASSED">
         <system-out><![CDATA[2019-07-24 16:10:14 - [TEST_CASE][PASSED] - Test Cases/Login/LoginTrue: Test Cases/Login/LoginTrue

2019-07-24 16:10:15 - [TEST_STEP][PASSED] - startApplication: Started app at: '/Users/ustore/Downloads/mobile-debug.apk'

2019-07-24 16:10:39 - [MESSAGE][PASSED] - Started app at: '/Users/ustore/Downloads/mobile-debug.apk'

2019-07-24 16:10:39 - [TEST_STEP][PASSED] - verifyElementText: Actual text and expected text of test object 'Object Repository/LoginTrue/Mulailah berinvestasi untuk meraih mimpimu' are matched.

2019-07-24 16:10:46 - [MESSAGE][PASSED] - Actual text and expected text of test object 'Object Repository/LoginTrue/Mulailah berinvestasi untuk meraih mimpimu' are matched.

2019-07-24 16:10:46 - [TEST_STEP][PASSED] - tap: Tapped on element 'Object Repository/LoginTrue/DP_Rumah'

2019-07-24 16:10:46 - [MESSAGE][WARNING] - Timeout '0' is invalid. Using default page load timeout: '30'

2019-07-24 16:10:47 - [MESSAGE][PASSED] - Tapped on element 'Object Repository/LoginTrue/DP_Rumah'

2019-07-24 16:10:47 - [TEST_STEP][PASSED] - Statement - For ([i = 0, i < 4, (i++)]): Swiped from 800,1,000 to 10,800

2019-07-24 16:10:47 - [TEST_STEP][PASSED] - tap: Tapped on element 'Object Repository/LoginTrue/screen_swipe'

2019-07-24 16:10:47 - [MESSAGE][WARNING] - Timeout '0' is invalid. Using default page load timeout: '30'

2019-07-24 16:10:48 - [MESSAGE][PASSED] - Tapped on element 'Object Repository/LoginTrue/screen_swipe'

2019-07-24 16:10:48 - [TEST_STEP][PASSED] - swipe: Swiped from 800,1,000 to 10,800

2019-07-24 16:10:50 - [MESSAGE][PASSED] - Swiped from 800,1,000 to 10,800

2019-07-24 16:10:50 - [TEST_STEP][PASSED] - tap: Tapped on element 'Object Repository/LoginTrue/screen_swipe'

2019-07-24 16:10:50 - [MESSAGE][WARNING] - Timeout '0' is invalid. Using default page load timeout: '30'

2019-07-24 16:10:52 - [MESSAGE][PASSED] - Tapped on element 'Object Repository/LoginTrue/screen_swipe'

2019-07-24 16:10:52 - [TEST_STEP][PASSED] - swipe: Swiped from 800,1,000 to 10,800

2019-07-24 16:10:54 - [MESSAGE][PASSED] - Swiped from 800,1,000 to 10,800

2019-07-24 16:10:54 - [TEST_STEP][PASSED] - tap: Tapped on element 'Object Repository/LoginTrue/screen_swipe'

2019-07-24 16:10:54 - [MESSAGE][WARNING] - Timeout '0' is invalid. Using default page load timeout: '30'

2019-07-24 16:10:55 - [MESSAGE][PASSED] - Tapped on element 'Object Repository/LoginTrue/screen_swipe'

2019-07-24 16:10:55 - [TEST_STEP][PASSED] - swipe: Swiped from 800,1,000 to 10,800

2019-07-24 16:10:58 - [MESSAGE][PASSED] - Swiped from 800,1,000 to 10,800

2019-07-24 16:10:58 - [TEST_STEP][PASSED] - tap: Tapped on element 'Object Repository/LoginTrue/screen_swipe'

2019-07-24 16:10:58 - [MESSAGE][WARNING] - Timeout '0' is invalid. Using default page load timeout: '30'

2019-07-24 16:11:00 - [MESSAGE][PASSED] - Tapped on element 'Object Repository/LoginTrue/screen_swipe'

2019-07-24 16:11:00 - [TEST_STEP][PASSED] - swipe: Swiped from 800,1,000 to 10,800

2019-07-24 16:11:02 - [MESSAGE][PASSED] - Swiped from 800,1,000 to 10,800

2019-07-24 16:11:02 - [TEST_STEP][PASSED] - setText: Text '081265699666' has been set to element 'Object Repository/LoginTrue/field_no_phone'

2019-07-24 16:11:02 - [MESSAGE][WARNING] - Timeout '0' is invalid. Using default page load timeout: '30'

2019-07-24 16:11:04 - [MESSAGE][PASSED] - Text '081265699666' has been set to element 'Object Repository/LoginTrue/field_no_phone'

2019-07-24 16:11:04 - [TEST_STEP][PASSED] - tap: Tapped on element 'Object Repository/LoginTrue/button_masuk'

2019-07-24 16:11:04 - [MESSAGE][WARNING] - Timeout '0' is invalid. Using default page load timeout: '30'

2019-07-24 16:11:05 - [MESSAGE][PASSED] - Tapped on element 'Object Repository/LoginTrue/button_masuk'

2019-07-24 16:11:05 - [TEST_STEP][PASSED] - delay: Delayed 3 second(s)

2019-07-24 16:11:08 - [MESSAGE][PASSED] - Delayed 3 second(s)

2019-07-24 16:11:08 - [TEST_STEP][PASSED] - verifyElementText: Actual text and expected text of test object 'Object Repository/ObjectOTP/TextView - Verifikasi Nomor HP' are matched.

2019-07-24 16:11:10 - [MESSAGE][PASSED] - Actual text and expected text of test object 'Object Repository/ObjectOTP/TextView - Verifikasi Nomor HP' are matched.]]></system-out>
         <system-err><![CDATA[]]></system-err>
      </testcase>
      <testcase name="Test Cases/OTP/LoginOTP" classname="Test Cases/OTP/LoginOTP" status="PASSED">
         <system-out><![CDATA[2019-07-24 16:11:10 - [TEST_CASE][PASSED] - Test Cases/OTP/LoginOTP: Test Cases/OTP/LoginOTP

2019-07-24 16:11:11 - [TEST_STEP][PASSED] - delay: Delayed 3 second(s)

2019-07-24 16:11:14 - [MESSAGE][PASSED] - Delayed 3 second(s)

2019-07-24 16:11:14 - [TEST_STEP][PASSED] - tap: Tapped on element 'Object Repository/ObjectOTP/Field_OTP'

2019-07-24 16:11:14 - [MESSAGE][WARNING] - Timeout '0' is invalid. Using default page load timeout: '30'

2019-07-24 16:11:15 - [MESSAGE][PASSED] - Tapped on element 'Object Repository/ObjectOTP/Field_OTP'

2019-07-24 16:11:15 - [TEST_STEP][PASSED] - setText: Text '8888' has been set to element 'Object Repository/ObjectOTP/Field_OTP'

2019-07-24 16:11:15 - [MESSAGE][WARNING] - Timeout '0' is invalid. Using default page load timeout: '30'

2019-07-24 16:11:16 - [MESSAGE][PASSED] - Text '8888' has been set to element 'Object Repository/ObjectOTP/Field_OTP'

2019-07-24 16:11:16 - [TEST_STEP][PASSED] - tap: Tapped on element 'Object Repository/ObjectOTP/Button_Verifikasi_Sekarang'

2019-07-24 16:11:16 - [MESSAGE][WARNING] - Timeout '0' is invalid. Using default page load timeout: '30'

2019-07-24 16:11:18 - [MESSAGE][PASSED] - Tapped on element 'Object Repository/ObjectOTP/Button_Verifikasi_Sekarang']]></system-out>
         <system-err><![CDATA[]]></system-err>
      </testcase>
      <testcase name="Test Cases/Home/Reksadana/AddToCart/DeleteCart" classname="Test Cases/Home/Reksadana/AddToCart/DeleteCart" status="PASSED">
         <system-out><![CDATA[2019-07-24 16:11:18 - [TEST_CASE][PASSED] - Test Cases/Home/Reksadana/AddToCart/DeleteCart: Test Cases/Home/Reksadana/AddToCart/DeleteCart

2019-07-24 16:11:19 - [TEST_STEP][PASSED] - delay: Delayed 5 second(s)

2019-07-24 16:11:24 - [MESSAGE][PASSED] - Delayed 5 second(s)

2019-07-24 16:11:24 - [TEST_STEP][PASSED] - tap: Tapped on element 'Object Repository/Home/Reksadana/Cart/android.widget.FrameLayout13 (1)'

2019-07-24 16:11:24 - [MESSAGE][WARNING] - Timeout '0' is invalid. Using default page load timeout: '30'

2019-07-24 16:11:25 - [MESSAGE][PASSED] - Tapped on element 'Object Repository/Home/Reksadana/Cart/android.widget.FrameLayout13 (1)'

2019-07-24 16:11:25 - [TEST_STEP][PASSED] - delay: Delayed 5 second(s)

2019-07-24 16:11:30 - [MESSAGE][PASSED] - Delayed 5 second(s)

2019-07-24 16:11:30 - [TEST_STEP][PASSED] - tap: Tapped on element 'Object Repository/Home/Reksadana/Cart/android.widget.LinearLayout13'

2019-07-24 16:11:30 - [MESSAGE][WARNING] - Timeout '0' is invalid. Using default page load timeout: '30'

2019-07-24 16:11:32 - [MESSAGE][PASSED] - Tapped on element 'Object Repository/Home/Reksadana/Cart/android.widget.LinearLayout13'

2019-07-24 16:11:32 - [TEST_STEP][PASSED] - delay: Delayed 3 second(s)

2019-07-24 16:11:35 - [MESSAGE][PASSED] - Delayed 3 second(s)

2019-07-24 16:11:35 - [TEST_STEP][PASSED] - tap: Tapped on element 'Object Repository/Home/Reksadana/Cart/android.widget.TextView5 - Batal'

2019-07-24 16:11:35 - [MESSAGE][WARNING] - Timeout '0' is invalid. Using default page load timeout: '30'

2019-07-24 16:11:38 - [MESSAGE][PASSED] - Tapped on element 'Object Repository/Home/Reksadana/Cart/android.widget.TextView5 - Batal'

2019-07-24 16:11:38 - [TEST_STEP][PASSED] - delay: Delayed 3 second(s)

2019-07-24 16:11:41 - [MESSAGE][PASSED] - Delayed 3 second(s)

2019-07-24 16:11:41 - [TEST_STEP][PASSED] - tap: Tapped on element 'Object Repository/Home/Reksadana/Cart/android.widget.LinearLayout13'

2019-07-24 16:11:41 - [MESSAGE][WARNING] - Timeout '0' is invalid. Using default page load timeout: '30'

2019-07-24 16:11:45 - [MESSAGE][PASSED] - Tapped on element 'Object Repository/Home/Reksadana/Cart/android.widget.LinearLayout13'

2019-07-24 16:11:45 - [TEST_STEP][PASSED] - delay: Delayed 3 second(s)

2019-07-24 16:11:48 - [MESSAGE][PASSED] - Delayed 3 second(s)

2019-07-24 16:11:48 - [TEST_STEP][PASSED] - tap: Tapped on element 'Object Repository/Home/Reksadana/Cart/android.widget.TextView6 - Hapus'

2019-07-24 16:11:48 - [MESSAGE][WARNING] - Timeout '0' is invalid. Using default page load timeout: '30'

2019-07-24 16:11:50 - [MESSAGE][PASSED] - Tapped on element 'Object Repository/Home/Reksadana/Cart/android.widget.TextView6 - Hapus'

2019-07-24 16:11:50 - [TEST_STEP][PASSED] - delay: Delayed 5 second(s)

2019-07-24 16:11:55 - [MESSAGE][PASSED] - Delayed 5 second(s)]]></system-out>
         <system-err><![CDATA[]]></system-err>
      </testcase>
      <system-out><![CDATA[2019-07-24 16:10:14 - [TEST_SUITE][PASSED] - 02_DeleteCart: Test Cases/Home/Reksadana/AddToCart/DeleteCart]]></system-out>
      <system-err><![CDATA[]]></system-err>
   </testsuite>
</testsuites>
