<?xml version="1.0" encoding="UTF-8"?>
<testsuites name="03_EditCart" time="149" tests="4" failures="0" errors="0">
   <testsuite name="03_EditCart" tests="4" failures="0" errors="0" time="149" timestamp="2019-07-08 11:57:24" hostname="ustore - 192.168.0.120" id="Test Suites/result/Reksadana/AddToCart/03_EditCart">
      <properties>
         <property name="deviceName" value="emulator-5554 (Android SDK built for x86 - Android 9)"/>
         <property name="devicePlatform" value=""/>
         <property name="logFolder" value="/Users/ustore/Katalon Studio/Android v1.2/Reports/result/Reksadana/AddToCart/03_EditCart/20190708_115710"/>
         <property name="logFiles" value="/Users/ustore/Katalon Studio/Android v1.2/Reports/result/Reksadana/AddToCart/03_EditCart/20190708_115710/execution0.log, /Users/ustore/Katalon Studio/Android v1.2/Reports/result/Reksadana/AddToCart/03_EditCart/20190708_115710/appium.log"/>
         <property name="attachments" value=""/>
         <property name="hostName" value="ustore - 192.168.0.120"/>
         <property name="os" value="Mac OS X 64bit"/>
         <property name="katalonVersion" value="4.1.0.2"/>
         <property name="deviceOS" value="Android"/>
         <property name="appiumVersion" value="1.8.1"/>
         <property name="deviceModel" value="Android SDK built for x86"/>
         <property name="hostAddress" value="192.168.0.120"/>
         <property name="deviceManufacturer" value="Google"/>
         <property name="deviceId" value="emulator-5554"/>
         <property name="deviceName" value="emulator-5554 (Android SDK built for x86 - Android 9)"/>
         <property name="deviceOSVersion" value="9"/>
      </properties>
      <testcase name="Test Cases/Login/LoginTrue" classname="Test Cases/Login/LoginTrue" status="PASSED">
         <system-out><![CDATA[2019-07-08 11:57:25 - [TEST_CASE][PASSED] - Test Cases/Login/LoginTrue: Test Cases/Login/LoginTrue

2019-07-08 11:57:26 - [TEST_STEP][PASSED] - startApplication: Started app at: '/Users/ustore/Downloads/Development.apk'

2019-07-08 11:57:55 - [MESSAGE][PASSED] - Started app at: '/Users/ustore/Downloads/Development.apk'

2019-07-08 11:57:55 - [TEST_STEP][PASSED] - verifyElementText: Actual text and expected text of test object 'Object Repository/LoginTrue/Mulailah berinvestasi untuk meraih mimpimu' are matched.

2019-07-08 11:58:01 - [MESSAGE][PASSED] - Actual text and expected text of test object 'Object Repository/LoginTrue/Mulailah berinvestasi untuk meraih mimpimu' are matched.

2019-07-08 11:58:01 - [TEST_STEP][PASSED] - tap: Tapped on element 'Object Repository/LoginTrue/DP_Rumah'

2019-07-08 11:58:01 - [MESSAGE][WARNING] - Timeout '0' is invalid. Using default page load timeout: '30'

2019-07-08 11:58:03 - [MESSAGE][PASSED] - Tapped on element 'Object Repository/LoginTrue/DP_Rumah'

2019-07-08 11:58:03 - [TEST_STEP][PASSED] - Statement - For ([i = 0, i < 4, (i++)]): Swiped from 800,1,000 to 10,800

2019-07-08 11:58:03 - [TEST_STEP][PASSED] - tap: Tapped on element 'Object Repository/LoginTrue/screen_swipe'

2019-07-08 11:58:03 - [MESSAGE][WARNING] - Timeout '0' is invalid. Using default page load timeout: '30'

2019-07-08 11:58:04 - [MESSAGE][PASSED] - Tapped on element 'Object Repository/LoginTrue/screen_swipe'

2019-07-08 11:58:04 - [TEST_STEP][PASSED] - swipe: Swiped from 800,1,000 to 10,800

2019-07-08 11:58:06 - [MESSAGE][PASSED] - Swiped from 800,1,000 to 10,800

2019-07-08 11:58:07 - [TEST_STEP][PASSED] - tap: Tapped on element 'Object Repository/LoginTrue/screen_swipe'

2019-07-08 11:58:07 - [MESSAGE][WARNING] - Timeout '0' is invalid. Using default page load timeout: '30'

2019-07-08 11:58:08 - [MESSAGE][PASSED] - Tapped on element 'Object Repository/LoginTrue/screen_swipe'

2019-07-08 11:58:08 - [TEST_STEP][PASSED] - swipe: Swiped from 800,1,000 to 10,800

2019-07-08 11:58:10 - [MESSAGE][PASSED] - Swiped from 800,1,000 to 10,800

2019-07-08 11:58:10 - [TEST_STEP][PASSED] - tap: Tapped on element 'Object Repository/LoginTrue/screen_swipe'

2019-07-08 11:58:10 - [MESSAGE][WARNING] - Timeout '0' is invalid. Using default page load timeout: '30'

2019-07-08 11:58:12 - [MESSAGE][PASSED] - Tapped on element 'Object Repository/LoginTrue/screen_swipe'

2019-07-08 11:58:12 - [TEST_STEP][PASSED] - swipe: Swiped from 800,1,000 to 10,800

2019-07-08 11:58:14 - [MESSAGE][PASSED] - Swiped from 800,1,000 to 10,800

2019-07-08 11:58:14 - [TEST_STEP][PASSED] - tap: Tapped on element 'Object Repository/LoginTrue/screen_swipe'

2019-07-08 11:58:14 - [MESSAGE][WARNING] - Timeout '0' is invalid. Using default page load timeout: '30'

2019-07-08 11:58:18 - [MESSAGE][PASSED] - Tapped on element 'Object Repository/LoginTrue/screen_swipe'

2019-07-08 11:58:18 - [TEST_STEP][PASSED] - swipe: Swiped from 800,1,000 to 10,800

2019-07-08 11:58:20 - [MESSAGE][PASSED] - Swiped from 800,1,000 to 10,800

2019-07-08 11:58:20 - [TEST_STEP][PASSED] - setText: Text '081215161452' has been set to element 'Object Repository/LoginTrue/field_no_phone'

2019-07-08 11:58:20 - [MESSAGE][WARNING] - Timeout '0' is invalid. Using default page load timeout: '30'

2019-07-08 11:58:22 - [MESSAGE][PASSED] - Text '081215161452' has been set to element 'Object Repository/LoginTrue/field_no_phone'

2019-07-08 11:58:22 - [TEST_STEP][PASSED] - tap: Tapped on element 'Object Repository/LoginTrue/button_masuk'

2019-07-08 11:58:22 - [MESSAGE][WARNING] - Timeout '0' is invalid. Using default page load timeout: '30'

2019-07-08 11:58:23 - [MESSAGE][PASSED] - Tapped on element 'Object Repository/LoginTrue/button_masuk'

2019-07-08 11:58:23 - [TEST_STEP][PASSED] - delay: Delayed 3 second(s)

2019-07-08 11:58:27 - [MESSAGE][PASSED] - Delayed 3 second(s)

2019-07-08 11:58:27 - [TEST_STEP][PASSED] - verifyElementText: Actual text and expected text of test object 'Object Repository/ObjectOTP/TextView - Verifikasi Nomor HP' are matched.

2019-07-08 11:58:27 - [MESSAGE][PASSED] - Actual text and expected text of test object 'Object Repository/ObjectOTP/TextView - Verifikasi Nomor HP' are matched.]]></system-out>
         <system-err><![CDATA[]]></system-err>
      </testcase>
      <testcase name="Test Cases/OTP/LoginOTP" classname="Test Cases/OTP/LoginOTP" status="PASSED">
         <system-out><![CDATA[2019-07-08 11:58:27 - [TEST_CASE][PASSED] - Test Cases/OTP/LoginOTP: Test Cases/OTP/LoginOTP

2019-07-08 11:58:27 - [TEST_STEP][PASSED] - delay: Delayed 3 second(s)

2019-07-08 11:58:30 - [MESSAGE][PASSED] - Delayed 3 second(s)

2019-07-08 11:58:30 - [TEST_STEP][PASSED] - tap: Tapped on element 'Object Repository/ObjectOTP/Field_OTP'

2019-07-08 11:58:30 - [MESSAGE][WARNING] - Timeout '0' is invalid. Using default page load timeout: '30'

2019-07-08 11:58:32 - [MESSAGE][PASSED] - Tapped on element 'Object Repository/ObjectOTP/Field_OTP'

2019-07-08 11:58:32 - [TEST_STEP][PASSED] - setText: Text '8888' has been set to element 'Object Repository/ObjectOTP/Field_OTP'

2019-07-08 11:58:32 - [MESSAGE][WARNING] - Timeout '0' is invalid. Using default page load timeout: '30'

2019-07-08 11:58:33 - [MESSAGE][PASSED] - Text '8888' has been set to element 'Object Repository/ObjectOTP/Field_OTP'

2019-07-08 11:58:33 - [TEST_STEP][PASSED] - tap: Tapped on element 'Object Repository/ObjectOTP/Button_Verifikasi_Sekarang'

2019-07-08 11:58:33 - [MESSAGE][WARNING] - Timeout '0' is invalid. Using default page load timeout: '30'

2019-07-08 11:58:35 - [MESSAGE][PASSED] - Tapped on element 'Object Repository/ObjectOTP/Button_Verifikasi_Sekarang']]></system-out>
         <system-err><![CDATA[]]></system-err>
      </testcase>
      <testcase name="Test Cases/Home/Reksadana/AddToCart/AddToCart" classname="Test Cases/Home/Reksadana/AddToCart/AddToCart" status="PASSED">
         <system-out><![CDATA[2019-07-08 11:58:35 - [TEST_CASE][PASSED] - Test Cases/Home/Reksadana/AddToCart/AddToCart: Test Cases/Home/Reksadana/AddToCart/AddToCart

2019-07-08 11:58:35 - [TEST_STEP][PASSED] - delay: Delayed 3 second(s)

2019-07-08 11:58:38 - [MESSAGE][PASSED] - Delayed 3 second(s)

2019-07-08 11:58:38 - [TEST_STEP][PASSED] - tap: Tapped on element 'Object Repository/Home/Reksadana/Subscribe/MenuReksadana'

2019-07-08 11:58:38 - [MESSAGE][WARNING] - Timeout '0' is invalid. Using default page load timeout: '30'

2019-07-08 11:58:43 - [MESSAGE][PASSED] - Tapped on element 'Object Repository/Home/Reksadana/Subscribe/MenuReksadana'

2019-07-08 11:58:43 - [TEST_STEP][PASSED] - delay: Delayed 3 second(s)

2019-07-08 11:58:46 - [MESSAGE][PASSED] - Delayed 3 second(s)

2019-07-08 11:58:46 - [TEST_STEP][PASSED] - tap: Tapped on element 'Object Repository/Home/Reksadana/Subscribe/CardReksadana'

2019-07-08 11:58:46 - [MESSAGE][WARNING] - Timeout '0' is invalid. Using default page load timeout: '30'

2019-07-08 11:58:49 - [MESSAGE][PASSED] - Tapped on element 'Object Repository/Home/Reksadana/Subscribe/CardReksadana'

2019-07-08 11:58:49 - [TEST_STEP][PASSED] - delay: Delayed 3 second(s)

2019-07-08 11:58:52 - [MESSAGE][PASSED] - Delayed 3 second(s)

2019-07-08 11:58:52 - [TEST_STEP][PASSED] - tap: Tapped on element 'Object Repository/Home/Reksadana/Button_Cart'

2019-07-08 11:58:52 - [MESSAGE][WARNING] - Timeout '0' is invalid. Using default page load timeout: '30'

2019-07-08 11:58:56 - [MESSAGE][PASSED] - Tapped on element 'Object Repository/Home/Reksadana/Button_Cart'

2019-07-08 11:58:56 - [TEST_STEP][PASSED] - tap: Tapped on element 'Object Repository/Home/Reksadana/Button_Lanjutkan'

2019-07-08 11:58:56 - [MESSAGE][WARNING] - Timeout '0' is invalid. Using default page load timeout: '30'

2019-07-08 11:58:59 - [MESSAGE][PASSED] - Tapped on element 'Object Repository/Home/Reksadana/Button_Lanjutkan'

2019-07-08 11:58:59 - [TEST_STEP][PASSED] - delay: Delayed 3 second(s)

2019-07-08 11:59:02 - [MESSAGE][PASSED] - Delayed 3 second(s)

2019-07-08 11:59:02 - [TEST_STEP][PASSED] - tap: Tapped on element 'Object Repository/Home/Reksadana/Checkbox_Cart'

2019-07-08 11:59:02 - [MESSAGE][WARNING] - Timeout '0' is invalid. Using default page load timeout: '30'

2019-07-08 11:59:03 - [MESSAGE][PASSED] - Tapped on element 'Object Repository/Home/Reksadana/Checkbox_Cart'

2019-07-08 11:59:03 - [TEST_STEP][PASSED] - tap: Tapped on element 'Object Repository/Home/Reksadana/Button_Lanjutkan'

2019-07-08 11:59:03 - [MESSAGE][WARNING] - Timeout '0' is invalid. Using default page load timeout: '30'

2019-07-08 11:59:06 - [MESSAGE][PASSED] - Tapped on element 'Object Repository/Home/Reksadana/Button_Lanjutkan'

2019-07-08 11:59:06 - [TEST_STEP][PASSED] - delay: Delayed 3 second(s)

2019-07-08 11:59:09 - [MESSAGE][PASSED] - Delayed 3 second(s)

2019-07-08 11:59:09 - [TEST_STEP][PASSED] - tap: Tapped on element 'Object Repository/Home/Reksadana/Rp100'

2019-07-08 11:59:09 - [MESSAGE][WARNING] - Timeout '0' is invalid. Using default page load timeout: '30'

2019-07-08 11:59:10 - [MESSAGE][PASSED] - Tapped on element 'Object Repository/Home/Reksadana/Rp100'

2019-07-08 11:59:10 - [TEST_STEP][PASSED] - delay: Delayed 3 second(s)

2019-07-08 11:59:13 - [MESSAGE][PASSED] - Delayed 3 second(s)

2019-07-08 11:59:13 - [TEST_STEP][PASSED] - tap: Tapped on element 'Object Repository/Home/Reksadana/Button_Tambah_Keranjang'

2019-07-08 11:59:13 - [MESSAGE][WARNING] - Timeout '0' is invalid. Using default page load timeout: '30'

2019-07-08 11:59:17 - [MESSAGE][PASSED] - Tapped on element 'Object Repository/Home/Reksadana/Button_Tambah_Keranjang'

2019-07-08 11:59:17 - [TEST_STEP][PASSED] - delay: Delayed 5 second(s)

2019-07-08 11:59:22 - [MESSAGE][PASSED] - Delayed 5 second(s)

2019-07-08 11:59:22 - [TEST_STEP][PASSED] - tap: Tapped on element 'Object Repository/Home/Reksadana/Cart/Button_Cart_Top'

2019-07-08 11:59:22 - [MESSAGE][WARNING] - Timeout '0' is invalid. Using default page load timeout: '30'

2019-07-08 11:59:24 - [MESSAGE][PASSED] - Tapped on element 'Object Repository/Home/Reksadana/Cart/Button_Cart_Top'

2019-07-08 11:59:24 - [TEST_STEP][PASSED] - delay: Delayed 2 second(s)

2019-07-08 11:59:26 - [MESSAGE][PASSED] - Delayed 2 second(s)

2019-07-08 11:59:26 - [TEST_STEP][PASSED] - verifyElementText: Actual text and expected text of test object 'Object Repository/Home/Reksadana/Cart/Text-Keranjang' are matched.

2019-07-08 11:59:27 - [MESSAGE][PASSED] - Actual text and expected text of test object 'Object Repository/Home/Reksadana/Cart/Text-Keranjang' are matched.

2019-07-08 11:59:27 - [TEST_STEP][PASSED] - delay: Delayed 5 second(s)

2019-07-08 11:59:32 - [MESSAGE][PASSED] - Delayed 5 second(s)]]></system-out>
         <system-err><![CDATA[]]></system-err>
      </testcase>
      <testcase name="Test Cases/Home/Reksadana/AddToCart/EditCart" classname="Test Cases/Home/Reksadana/AddToCart/EditCart" status="PASSED">
         <system-out><![CDATA[2019-07-08 11:59:32 - [TEST_CASE][PASSED] - Test Cases/Home/Reksadana/AddToCart/EditCart: Test Cases/Home/Reksadana/AddToCart/EditCart

2019-07-08 11:59:32 - [TEST_STEP][PASSED] - delay: Delayed 5 second(s)

2019-07-08 11:59:37 - [MESSAGE][PASSED] - Delayed 5 second(s)

2019-07-08 11:59:37 - [TEST_STEP][PASSED] - tap: Tapped on element 'Object Repository/Home/Reksadana/Cart/Button_Edit'

2019-07-08 11:59:37 - [MESSAGE][WARNING] - Timeout '0' is invalid. Using default page load timeout: '30'

2019-07-08 11:59:38 - [MESSAGE][PASSED] - Tapped on element 'Object Repository/Home/Reksadana/Cart/Button_Edit'

2019-07-08 11:59:38 - [TEST_STEP][PASSED] - delay: Delayed 3 second(s)

2019-07-08 11:59:41 - [MESSAGE][PASSED] - Delayed 3 second(s)

2019-07-08 11:59:41 - [TEST_STEP][PASSED] - verifyElementText: Actual text and expected text of test object 'Object Repository/Home/Reksadana/Cart/Text-BerapaYangMauKamuBeli' are matched.

2019-07-08 11:59:42 - [MESSAGE][PASSED] - Actual text and expected text of test object 'Object Repository/Home/Reksadana/Cart/Text-BerapaYangMauKamuBeli' are matched.

2019-07-08 11:59:42 - [TEST_STEP][PASSED] - delay: Delayed 2 second(s)

2019-07-08 11:59:44 - [MESSAGE][PASSED] - Delayed 2 second(s)

2019-07-08 11:59:44 - [TEST_STEP][PASSED] - tap: Tapped on element 'Object Repository/Home/Reksadana/Rp100'

2019-07-08 11:59:44 - [MESSAGE][WARNING] - Timeout '0' is invalid. Using default page load timeout: '30'

2019-07-08 11:59:44 - [MESSAGE][PASSED] - Tapped on element 'Object Repository/Home/Reksadana/Rp100'

2019-07-08 11:59:44 - [TEST_STEP][PASSED] - tap: Tapped on element 'Object Repository/Home/Reksadana/Cart/Button_Simpan'

2019-07-08 11:59:45 - [MESSAGE][WARNING] - Timeout '0' is invalid. Using default page load timeout: '30'

2019-07-08 11:59:47 - [MESSAGE][PASSED] - Tapped on element 'Object Repository/Home/Reksadana/Cart/Button_Simpan'

2019-07-08 11:59:47 - [TEST_STEP][PASSED] - delay: Delayed 5 second(s)

2019-07-08 11:59:52 - [MESSAGE][PASSED] - Delayed 5 second(s)]]></system-out>
         <system-err><![CDATA[]]></system-err>
      </testcase>
      <system-out><![CDATA[2019-07-08 11:57:24 - [TEST_SUITE][PASSED] - 03_EditCart: Test Cases/Home/Reksadana/AddToCart/EditCart]]></system-out>
      <system-err><![CDATA[]]></system-err>
   </testsuite>
</testsuites>
