<?xml version="1.0" encoding="UTF-8"?>
<testsuites name="Reedem" time="107" tests="3" failures="0" errors="0">
   <testsuite name="Reedem" tests="3" failures="0" errors="0" time="107" timestamp="2019-07-15 13:38:49" hostname="ustore - 192.168.0.120" id="Test Suites/result/Reksadana/Portolio/Reedem">
      <properties>
         <property name="deviceName" value="emulator-5554 (Android SDK built for x86 - Android 9)"/>
         <property name="devicePlatform" value=""/>
         <property name="logFolder" value="/Users/ustore/Katalon Studio/Android v1.2/Reports/result/Reksadana/Portolio/Reedem/20190715_133836"/>
         <property name="logFiles" value="/Users/ustore/Katalon Studio/Android v1.2/Reports/result/Reksadana/Portolio/Reedem/20190715_133836/execution0.log, /Users/ustore/Katalon Studio/Android v1.2/Reports/result/Reksadana/Portolio/Reedem/20190715_133836/appium.log"/>
         <property name="attachments" value=""/>
         <property name="hostName" value="ustore - 192.168.0.120"/>
         <property name="os" value="Mac OS X 64bit"/>
         <property name="katalonVersion" value="4.1.0.2"/>
         <property name="deviceOS" value="Android"/>
         <property name="appiumVersion" value="1.8.1"/>
         <property name="deviceModel" value="Android SDK built for x86"/>
         <property name="hostAddress" value="192.168.0.120"/>
         <property name="deviceManufacturer" value="Google"/>
         <property name="deviceId" value="emulator-5554"/>
         <property name="deviceName" value="emulator-5554 (Android SDK built for x86 - Android 9)"/>
         <property name="deviceOSVersion" value="9"/>
      </properties>
      <testcase name="Test Cases/Login/LoginTrue" classname="Test Cases/Login/LoginTrue" status="PASSED">
         <system-out><![CDATA[2019-07-15 13:38:50 - [TEST_CASE][PASSED] - Test Cases/Login/LoginTrue: Test Cases/Login/LoginTrue

2019-07-15 13:38:51 - [TEST_STEP][PASSED] - startApplication: Started app at: '/Users/ustore/Downloads/Development.apk'

2019-07-15 13:39:13 - [MESSAGE][PASSED] - Started app at: '/Users/ustore/Downloads/Development.apk'

2019-07-15 13:39:13 - [TEST_STEP][PASSED] - verifyElementText: Actual text and expected text of test object 'Object Repository/LoginTrue/Mulailah berinvestasi untuk meraih mimpimu' are matched.

2019-07-15 13:39:19 - [MESSAGE][PASSED] - Actual text and expected text of test object 'Object Repository/LoginTrue/Mulailah berinvestasi untuk meraih mimpimu' are matched.

2019-07-15 13:39:19 - [TEST_STEP][PASSED] - tap: Tapped on element 'Object Repository/LoginTrue/DP_Rumah'

2019-07-15 13:39:19 - [MESSAGE][WARNING] - Timeout '0' is invalid. Using default page load timeout: '30'

2019-07-15 13:39:21 - [MESSAGE][PASSED] - Tapped on element 'Object Repository/LoginTrue/DP_Rumah'

2019-07-15 13:39:21 - [TEST_STEP][PASSED] - Statement - For ([i = 0, i < 4, (i++)]): Swiped from 800,1,000 to 10,800

2019-07-15 13:39:21 - [TEST_STEP][PASSED] - tap: Tapped on element 'Object Repository/LoginTrue/screen_swipe'

2019-07-15 13:39:21 - [MESSAGE][WARNING] - Timeout '0' is invalid. Using default page load timeout: '30'

2019-07-15 13:39:22 - [MESSAGE][PASSED] - Tapped on element 'Object Repository/LoginTrue/screen_swipe'

2019-07-15 13:39:22 - [TEST_STEP][PASSED] - swipe: Swiped from 800,1,000 to 10,800

2019-07-15 13:39:24 - [MESSAGE][PASSED] - Swiped from 800,1,000 to 10,800

2019-07-15 13:39:24 - [TEST_STEP][PASSED] - tap: Tapped on element 'Object Repository/LoginTrue/screen_swipe'

2019-07-15 13:39:24 - [MESSAGE][WARNING] - Timeout '0' is invalid. Using default page load timeout: '30'

2019-07-15 13:39:26 - [MESSAGE][PASSED] - Tapped on element 'Object Repository/LoginTrue/screen_swipe'

2019-07-15 13:39:26 - [TEST_STEP][PASSED] - swipe: Swiped from 800,1,000 to 10,800

2019-07-15 13:39:28 - [MESSAGE][PASSED] - Swiped from 800,1,000 to 10,800

2019-07-15 13:39:28 - [TEST_STEP][PASSED] - tap: Tapped on element 'Object Repository/LoginTrue/screen_swipe'

2019-07-15 13:39:28 - [MESSAGE][WARNING] - Timeout '0' is invalid. Using default page load timeout: '30'

2019-07-15 13:39:29 - [MESSAGE][PASSED] - Tapped on element 'Object Repository/LoginTrue/screen_swipe'

2019-07-15 13:39:29 - [TEST_STEP][PASSED] - swipe: Swiped from 800,1,000 to 10,800

2019-07-15 13:39:32 - [MESSAGE][PASSED] - Swiped from 800,1,000 to 10,800

2019-07-15 13:39:32 - [TEST_STEP][PASSED] - tap: Tapped on element 'Object Repository/LoginTrue/screen_swipe'

2019-07-15 13:39:32 - [MESSAGE][WARNING] - Timeout '0' is invalid. Using default page load timeout: '30'

2019-07-15 13:39:35 - [MESSAGE][PASSED] - Tapped on element 'Object Repository/LoginTrue/screen_swipe'

2019-07-15 13:39:35 - [TEST_STEP][PASSED] - swipe: Swiped from 800,1,000 to 10,800

2019-07-15 13:39:38 - [MESSAGE][PASSED] - Swiped from 800,1,000 to 10,800

2019-07-15 13:39:38 - [TEST_STEP][PASSED] - setText: Text '081215161452' has been set to element 'Object Repository/LoginTrue/field_no_phone'

2019-07-15 13:39:38 - [MESSAGE][WARNING] - Timeout '0' is invalid. Using default page load timeout: '30'

2019-07-15 13:39:40 - [MESSAGE][PASSED] - Text '081215161452' has been set to element 'Object Repository/LoginTrue/field_no_phone'

2019-07-15 13:39:40 - [TEST_STEP][PASSED] - tap: Tapped on element 'Object Repository/LoginTrue/button_masuk'

2019-07-15 13:39:40 - [MESSAGE][WARNING] - Timeout '0' is invalid. Using default page load timeout: '30'

2019-07-15 13:39:41 - [MESSAGE][PASSED] - Tapped on element 'Object Repository/LoginTrue/button_masuk'

2019-07-15 13:39:41 - [TEST_STEP][PASSED] - delay: Delayed 3 second(s)

2019-07-15 13:39:44 - [MESSAGE][PASSED] - Delayed 3 second(s)

2019-07-15 13:39:44 - [TEST_STEP][PASSED] - verifyElementText: Actual text and expected text of test object 'Object Repository/ObjectOTP/TextView - Verifikasi Nomor HP' are matched.

2019-07-15 13:39:45 - [MESSAGE][PASSED] - Actual text and expected text of test object 'Object Repository/ObjectOTP/TextView - Verifikasi Nomor HP' are matched.]]></system-out>
         <system-err><![CDATA[]]></system-err>
      </testcase>
      <testcase name="Test Cases/OTP/LoginOTP" classname="Test Cases/OTP/LoginOTP" status="PASSED">
         <system-out><![CDATA[2019-07-15 13:39:45 - [TEST_CASE][PASSED] - Test Cases/OTP/LoginOTP: Test Cases/OTP/LoginOTP

2019-07-15 13:39:45 - [TEST_STEP][PASSED] - delay: Delayed 3 second(s)

2019-07-15 13:39:48 - [MESSAGE][PASSED] - Delayed 3 second(s)

2019-07-15 13:39:48 - [TEST_STEP][PASSED] - tap: Tapped on element 'Object Repository/ObjectOTP/Field_OTP'

2019-07-15 13:39:48 - [MESSAGE][WARNING] - Timeout '0' is invalid. Using default page load timeout: '30'

2019-07-15 13:39:50 - [MESSAGE][PASSED] - Tapped on element 'Object Repository/ObjectOTP/Field_OTP'

2019-07-15 13:39:50 - [TEST_STEP][PASSED] - setText: Text '8888' has been set to element 'Object Repository/ObjectOTP/Field_OTP'

2019-07-15 13:39:50 - [MESSAGE][WARNING] - Timeout '0' is invalid. Using default page load timeout: '30'

2019-07-15 13:39:51 - [MESSAGE][PASSED] - Text '8888' has been set to element 'Object Repository/ObjectOTP/Field_OTP'

2019-07-15 13:39:51 - [TEST_STEP][PASSED] - tap: Tapped on element 'Object Repository/ObjectOTP/Button_Verifikasi_Sekarang'

2019-07-15 13:39:51 - [MESSAGE][WARNING] - Timeout '0' is invalid. Using default page load timeout: '30'

2019-07-15 13:39:53 - [MESSAGE][PASSED] - Tapped on element 'Object Repository/ObjectOTP/Button_Verifikasi_Sekarang']]></system-out>
         <system-err><![CDATA[]]></system-err>
      </testcase>
      <testcase name="Test Cases/Home/Portfolio/Reedem" classname="Test Cases/Home/Portfolio/Reedem" status="PASSED">
         <system-out><![CDATA[2019-07-15 13:39:53 - [TEST_CASE][PASSED] - Test Cases/Home/Portfolio/Reedem: Test Cases/Home/Portfolio/Reedem

2019-07-15 13:39:53 - [TEST_STEP][PASSED] - delay: Delayed 5 second(s)

2019-07-15 13:39:58 - [MESSAGE][PASSED] - Delayed 5 second(s)

2019-07-15 13:39:58 - [TEST_STEP][PASSED] - tap: Tapped on element 'Object Repository/Home/Portfolio/TopUP/android.widget.TextView11 - Portofolio'

2019-07-15 13:40:01 - [MESSAGE][PASSED] - Tapped on element 'Object Repository/Home/Portfolio/TopUP/android.widget.TextView11 - Portofolio'

2019-07-15 13:40:01 - [TEST_STEP][PASSED] - delay: Delayed 10 second(s)

2019-07-15 13:40:12 - [MESSAGE][PASSED] - Delayed 10 second(s)

2019-07-15 13:40:12 - [TEST_STEP][PASSED] - tap: Tapped on element 'Object Repository/Home/Portfolio/TopUP/Card_Reksa1'

2019-07-15 13:40:13 - [MESSAGE][PASSED] - Tapped on element 'Object Repository/Home/Portfolio/TopUP/Card_Reksa1'

2019-07-15 13:40:13 - [TEST_STEP][PASSED] - delay: Delayed 5 second(s)

2019-07-15 13:40:18 - [MESSAGE][PASSED] - Delayed 5 second(s)

2019-07-15 13:40:18 - [TEST_STEP][PASSED] - tap: Tapped on element 'Object Repository/Home/Portfolio/Reedem/android.widget.TextView11 - JUAL'

2019-07-15 13:40:18 - [MESSAGE][WARNING] - Timeout '0' is invalid. Using default page load timeout: '30'

2019-07-15 13:40:20 - [MESSAGE][PASSED] - Tapped on element 'Object Repository/Home/Portfolio/Reedem/android.widget.TextView11 - JUAL'

2019-07-15 13:40:20 - [TEST_STEP][PASSED] - delay: Delayed 3 second(s)

2019-07-15 13:40:23 - [MESSAGE][PASSED] - Delayed 3 second(s)

2019-07-15 13:40:23 - [TEST_STEP][PASSED] - verifyElementText: Actual text and expected text of test object 'Object Repository/Home/Portfolio/Reedem/Text-JualSebagian' are matched.

2019-07-15 13:40:24 - [MESSAGE][PASSED] - Actual text and expected text of test object 'Object Repository/Home/Portfolio/Reedem/Text-JualSebagian' are matched.

2019-07-15 13:40:24 - [TEST_STEP][PASSED] - tap: Tapped on element 'Object Repository/Home/Portfolio/Reedem/Button_JualSebagian'

2019-07-15 13:40:24 - [MESSAGE][WARNING] - Timeout '0' is invalid. Using default page load timeout: '30'

2019-07-15 13:40:25 - [MESSAGE][PASSED] - Tapped on element 'Object Repository/Home/Portfolio/Reedem/Button_JualSebagian'

2019-07-15 13:40:25 - [TEST_STEP][PASSED] - delay: Delayed 3 second(s)

2019-07-15 13:40:28 - [MESSAGE][PASSED] - Delayed 3 second(s)

2019-07-15 13:40:28 - [TEST_STEP][PASSED] - verifyElementText: Actual text and expected text of test object 'Object Repository/Home/Portfolio/Reedem/Text-JualSeluruhnya' are matched.

2019-07-15 13:40:28 - [MESSAGE][PASSED] - Actual text and expected text of test object 'Object Repository/Home/Portfolio/Reedem/Text-JualSeluruhnya' are matched.

2019-07-15 13:40:28 - [TEST_STEP][PASSED] - tap: Tapped on element 'Object Repository/Home/Portfolio/Reedem/Button_JualSeluruhnya'

2019-07-15 13:40:28 - [MESSAGE][WARNING] - Timeout '0' is invalid. Using default page load timeout: '30'

2019-07-15 13:40:29 - [MESSAGE][PASSED] - Tapped on element 'Object Repository/Home/Portfolio/Reedem/Button_JualSeluruhnya'

2019-07-15 13:40:29 - [TEST_STEP][PASSED] - tap: Tapped on element 'Object Repository/Home/Portfolio/Reedem/Button_JualSekarang'

2019-07-15 13:40:29 - [MESSAGE][WARNING] - Timeout '0' is invalid. Using default page load timeout: '30'

2019-07-15 13:40:30 - [MESSAGE][PASSED] - Tapped on element 'Object Repository/Home/Portfolio/Reedem/Button_JualSekarang'

2019-07-15 13:40:30 - [TEST_STEP][PASSED] - delay: Delayed 5 second(s)

2019-07-15 13:40:35 - [MESSAGE][PASSED] - Delayed 5 second(s)]]></system-out>
         <system-err><![CDATA[]]></system-err>
      </testcase>
      <system-out><![CDATA[2019-07-15 13:38:49 - [TEST_SUITE][PASSED] - Reedem: Test Cases/Home/Portfolio/Reedem]]></system-out>
      <system-err><![CDATA[]]></system-err>
   </testsuite>
</testsuites>
