<?xml version="1.0" encoding="UTF-8"?>
<testsuites name="Top_Up" time="159" tests="3" failures="0" errors="0">
   <testsuite name="Top_Up" tests="3" failures="0" errors="0" time="159" timestamp="2019-07-09 16:36:03" hostname="ustore - 192.168.0.120" id="Test Suites/result/Reksadana/Portolio/Top_Up">
      <properties>
         <property name="deviceName" value="emulator-5554 (Android SDK built for x86 - Android 9)"/>
         <property name="devicePlatform" value=""/>
         <property name="logFolder" value="/Users/ustore/Katalon Studio/Android v1.2/Reports/result/Reksadana/Portolio/Top_Up/20190709_163550"/>
         <property name="logFiles" value="/Users/ustore/Katalon Studio/Android v1.2/Reports/result/Reksadana/Portolio/Top_Up/20190709_163550/execution0.log, /Users/ustore/Katalon Studio/Android v1.2/Reports/result/Reksadana/Portolio/Top_Up/20190709_163550/appium.log"/>
         <property name="attachments" value=""/>
         <property name="hostName" value="ustore - 192.168.0.120"/>
         <property name="os" value="Mac OS X 64bit"/>
         <property name="katalonVersion" value="4.1.0.2"/>
         <property name="deviceOS" value="Android"/>
         <property name="appiumVersion" value="1.8.1"/>
         <property name="deviceModel" value="Android SDK built for x86"/>
         <property name="hostAddress" value="192.168.0.120"/>
         <property name="deviceManufacturer" value="Google"/>
         <property name="deviceId" value="emulator-5554"/>
         <property name="deviceName" value="emulator-5554 (Android SDK built for x86 - Android 9)"/>
         <property name="deviceOSVersion" value="9"/>
      </properties>
      <testcase name="Test Cases/Login/LoginTrue" classname="Test Cases/Login/LoginTrue" status="PASSED">
         <system-out><![CDATA[2019-07-09 16:36:03 - [TEST_CASE][PASSED] - Test Cases/Login/LoginTrue: Test Cases/Login/LoginTrue

2019-07-09 16:36:04 - [TEST_STEP][PASSED] - startApplication: Started app at: '/Users/ustore/Downloads/Development.apk'

2019-07-09 16:36:21 - [MESSAGE][PASSED] - Started app at: '/Users/ustore/Downloads/Development.apk'

2019-07-09 16:36:21 - [TEST_STEP][PASSED] - verifyElementText: Actual text and expected text of test object 'Object Repository/LoginTrue/Mulailah berinvestasi untuk meraih mimpimu' are matched.

2019-07-09 16:36:26 - [MESSAGE][PASSED] - Actual text and expected text of test object 'Object Repository/LoginTrue/Mulailah berinvestasi untuk meraih mimpimu' are matched.

2019-07-09 16:36:26 - [TEST_STEP][PASSED] - tap: Tapped on element 'Object Repository/LoginTrue/DP_Rumah'

2019-07-09 16:36:26 - [MESSAGE][WARNING] - Timeout '0' is invalid. Using default page load timeout: '30'

2019-07-09 16:36:29 - [MESSAGE][PASSED] - Tapped on element 'Object Repository/LoginTrue/DP_Rumah'

2019-07-09 16:36:29 - [TEST_STEP][PASSED] - Statement - For ([i = 0, i < 4, (i++)]): Swiped from 800,1,000 to 10,800

2019-07-09 16:36:29 - [TEST_STEP][PASSED] - tap: Tapped on element 'Object Repository/LoginTrue/screen_swipe'

2019-07-09 16:36:29 - [MESSAGE][WARNING] - Timeout '0' is invalid. Using default page load timeout: '30'

2019-07-09 16:36:30 - [MESSAGE][PASSED] - Tapped on element 'Object Repository/LoginTrue/screen_swipe'

2019-07-09 16:36:30 - [TEST_STEP][PASSED] - swipe: Swiped from 800,1,000 to 10,800

2019-07-09 16:36:32 - [MESSAGE][PASSED] - Swiped from 800,1,000 to 10,800

2019-07-09 16:36:32 - [TEST_STEP][PASSED] - tap: Tapped on element 'Object Repository/LoginTrue/screen_swipe'

2019-07-09 16:36:32 - [MESSAGE][WARNING] - Timeout '0' is invalid. Using default page load timeout: '30'

2019-07-09 16:36:34 - [MESSAGE][PASSED] - Tapped on element 'Object Repository/LoginTrue/screen_swipe'

2019-07-09 16:36:34 - [TEST_STEP][PASSED] - swipe: Swiped from 800,1,000 to 10,800

2019-07-09 16:36:36 - [MESSAGE][PASSED] - Swiped from 800,1,000 to 10,800

2019-07-09 16:36:36 - [TEST_STEP][PASSED] - tap: Tapped on element 'Object Repository/LoginTrue/screen_swipe'

2019-07-09 16:36:36 - [MESSAGE][WARNING] - Timeout '0' is invalid. Using default page load timeout: '30'

2019-07-09 16:36:38 - [MESSAGE][PASSED] - Tapped on element 'Object Repository/LoginTrue/screen_swipe'

2019-07-09 16:36:38 - [TEST_STEP][PASSED] - swipe: Swiped from 800,1,000 to 10,800

2019-07-09 16:36:40 - [MESSAGE][PASSED] - Swiped from 800,1,000 to 10,800

2019-07-09 16:36:40 - [TEST_STEP][PASSED] - tap: Tapped on element 'Object Repository/LoginTrue/screen_swipe'

2019-07-09 16:36:40 - [MESSAGE][WARNING] - Timeout '0' is invalid. Using default page load timeout: '30'

2019-07-09 16:36:44 - [MESSAGE][PASSED] - Tapped on element 'Object Repository/LoginTrue/screen_swipe'

2019-07-09 16:36:44 - [TEST_STEP][PASSED] - swipe: Swiped from 800,1,000 to 10,800

2019-07-09 16:36:46 - [MESSAGE][PASSED] - Swiped from 800,1,000 to 10,800

2019-07-09 16:36:46 - [TEST_STEP][PASSED] - setText: Text '081215161452' has been set to element 'Object Repository/LoginTrue/field_no_phone'

2019-07-09 16:36:46 - [MESSAGE][WARNING] - Timeout '0' is invalid. Using default page load timeout: '30'

2019-07-09 16:36:48 - [MESSAGE][PASSED] - Text '081215161452' has been set to element 'Object Repository/LoginTrue/field_no_phone'

2019-07-09 16:36:48 - [TEST_STEP][PASSED] - tap: Tapped on element 'Object Repository/LoginTrue/button_masuk'

2019-07-09 16:36:48 - [MESSAGE][WARNING] - Timeout '0' is invalid. Using default page load timeout: '30'

2019-07-09 16:36:49 - [MESSAGE][PASSED] - Tapped on element 'Object Repository/LoginTrue/button_masuk'

2019-07-09 16:36:49 - [TEST_STEP][PASSED] - delay: Delayed 3 second(s)

2019-07-09 16:36:52 - [MESSAGE][PASSED] - Delayed 3 second(s)

2019-07-09 16:36:52 - [TEST_STEP][PASSED] - verifyElementText: Actual text and expected text of test object 'Object Repository/ObjectOTP/TextView - Verifikasi Nomor HP' are matched.

2019-07-09 16:36:53 - [MESSAGE][PASSED] - Actual text and expected text of test object 'Object Repository/ObjectOTP/TextView - Verifikasi Nomor HP' are matched.]]></system-out>
         <system-err><![CDATA[]]></system-err>
      </testcase>
      <testcase name="Test Cases/OTP/LoginOTP" classname="Test Cases/OTP/LoginOTP" status="PASSED">
         <system-out><![CDATA[2019-07-09 16:36:53 - [TEST_CASE][PASSED] - Test Cases/OTP/LoginOTP: Test Cases/OTP/LoginOTP

2019-07-09 16:36:53 - [TEST_STEP][PASSED] - delay: Delayed 3 second(s)

2019-07-09 16:36:56 - [MESSAGE][PASSED] - Delayed 3 second(s)

2019-07-09 16:36:56 - [TEST_STEP][PASSED] - tap: Tapped on element 'Object Repository/ObjectOTP/Field_OTP'

2019-07-09 16:36:56 - [MESSAGE][WARNING] - Timeout '0' is invalid. Using default page load timeout: '30'

2019-07-09 16:36:57 - [MESSAGE][PASSED] - Tapped on element 'Object Repository/ObjectOTP/Field_OTP'

2019-07-09 16:36:57 - [TEST_STEP][PASSED] - setText: Text '8888' has been set to element 'Object Repository/ObjectOTP/Field_OTP'

2019-07-09 16:36:57 - [MESSAGE][WARNING] - Timeout '0' is invalid. Using default page load timeout: '30'

2019-07-09 16:36:59 - [MESSAGE][PASSED] - Text '8888' has been set to element 'Object Repository/ObjectOTP/Field_OTP'

2019-07-09 16:36:59 - [TEST_STEP][PASSED] - tap: Tapped on element 'Object Repository/ObjectOTP/Button_Verifikasi_Sekarang'

2019-07-09 16:36:59 - [MESSAGE][WARNING] - Timeout '0' is invalid. Using default page load timeout: '30'

2019-07-09 16:37:01 - [MESSAGE][PASSED] - Tapped on element 'Object Repository/ObjectOTP/Button_Verifikasi_Sekarang']]></system-out>
         <system-err><![CDATA[]]></system-err>
      </testcase>
      <testcase name="Test Cases/Home/Portfolio/TopUP" classname="Test Cases/Home/Portfolio/TopUP" status="PASSED">
         <system-out><![CDATA[2019-07-09 16:37:01 - [TEST_CASE][PASSED] - Test Cases/Home/Portfolio/TopUP: Test Cases/Home/Portfolio/TopUP

2019-07-09 16:37:01 - [TEST_STEP][PASSED] - delay: Delayed 5 second(s)

2019-07-09 16:37:06 - [MESSAGE][PASSED] - Delayed 5 second(s)

2019-07-09 16:37:06 - [TEST_STEP][PASSED] - tap: Tapped on element 'Object Repository/Home/Portfolio/TopUP/android.widget.TextView11 - Portofolio'

2019-07-09 16:37:09 - [MESSAGE][PASSED] - Tapped on element 'Object Repository/Home/Portfolio/TopUP/android.widget.TextView11 - Portofolio'

2019-07-09 16:37:09 - [TEST_STEP][PASSED] - delay: Delayed 10 second(s)

2019-07-09 16:37:19 - [MESSAGE][PASSED] - Delayed 10 second(s)

2019-07-09 16:37:19 - [TEST_STEP][PASSED] - tap: Tapped on element 'Object Repository/Home/Portfolio/TopUP/Card_Reksa1'

2019-07-09 16:37:21 - [MESSAGE][PASSED] - Tapped on element 'Object Repository/Home/Portfolio/TopUP/Card_Reksa1'

2019-07-09 16:37:21 - [TEST_STEP][PASSED] - delay: Delayed 5 second(s)

2019-07-09 16:37:26 - [MESSAGE][PASSED] - Delayed 5 second(s)

2019-07-09 16:37:26 - [TEST_STEP][PASSED] - tap: Tapped on element 'Object Repository/Home/Portfolio/TopUP/Button_TopUp'

2019-07-09 16:37:26 - [MESSAGE][WARNING] - Timeout '0' is invalid. Using default page load timeout: '30'

2019-07-09 16:37:29 - [MESSAGE][PASSED] - Tapped on element 'Object Repository/Home/Portfolio/TopUP/Button_TopUp'

2019-07-09 16:37:29 - [TEST_STEP][PASSED] - delay: Delayed 3 second(s)

2019-07-09 16:37:32 - [MESSAGE][PASSED] - Delayed 3 second(s)

2019-07-09 16:37:32 - [TEST_STEP][PASSED] - tap: Tapped on element 'Object Repository/Home/Portfolio/TopUP/Field_Checkbox'

2019-07-09 16:37:32 - [MESSAGE][WARNING] - Timeout '0' is invalid. Using default page load timeout: '30'

2019-07-09 16:37:33 - [MESSAGE][PASSED] - Tapped on element 'Object Repository/Home/Portfolio/TopUP/Field_Checkbox'

2019-07-09 16:37:33 - [TEST_STEP][PASSED] - delay: Delayed 3 second(s)

2019-07-09 16:37:36 - [MESSAGE][PASSED] - Delayed 3 second(s)

2019-07-09 16:37:36 - [TEST_STEP][PASSED] - tap: Tapped on element 'Object Repository/Home/Portfolio/TopUP/Button_Lanjutkan'

2019-07-09 16:37:36 - [MESSAGE][WARNING] - Timeout '0' is invalid. Using default page load timeout: '30'

2019-07-09 16:37:39 - [MESSAGE][PASSED] - Tapped on element 'Object Repository/Home/Portfolio/TopUP/Button_Lanjutkan'

2019-07-09 16:37:39 - [TEST_STEP][PASSED] - delay: Delayed 5 second(s)

2019-07-09 16:37:44 - [MESSAGE][PASSED] - Delayed 5 second(s)

2019-07-09 16:37:44 - [TEST_STEP][PASSED] - tap: Tapped on element 'Object Repository/Home/Portfolio/TopUP/Button_Beli'

2019-07-09 16:37:44 - [MESSAGE][WARNING] - Timeout '0' is invalid. Using default page load timeout: '30'

2019-07-09 16:37:46 - [MESSAGE][PASSED] - Tapped on element 'Object Repository/Home/Portfolio/TopUP/Button_Beli'

2019-07-09 16:37:46 - [TEST_STEP][PASSED] - delay: Delayed 3 second(s)

2019-07-09 16:37:49 - [MESSAGE][PASSED] - Delayed 3 second(s)

2019-07-09 16:37:49 - [TEST_STEP][PASSED] - tap: Tapped on element 'Object Repository/Home/Portfolio/TopUP/Rp200'

2019-07-09 16:37:49 - [MESSAGE][WARNING] - Timeout '0' is invalid. Using default page load timeout: '30'

2019-07-09 16:37:50 - [MESSAGE][PASSED] - Tapped on element 'Object Repository/Home/Portfolio/TopUP/Rp200'

2019-07-09 16:37:50 - [TEST_STEP][PASSED] - tap: Tapped on element 'Object Repository/Home/Portfolio/TopUP/Button_Beli'

2019-07-09 16:37:50 - [MESSAGE][WARNING] - Timeout '0' is invalid. Using default page load timeout: '30'

2019-07-09 16:37:52 - [MESSAGE][PASSED] - Tapped on element 'Object Repository/Home/Portfolio/TopUP/Button_Beli'

2019-07-09 16:37:52 - [TEST_STEP][PASSED] - delay: Delayed 5 second(s)

2019-07-09 16:37:57 - [MESSAGE][PASSED] - Delayed 5 second(s)

2019-07-09 16:37:57 - [TEST_STEP][PASSED] - tap: Tapped on element 'Object Repository/Home/Portfolio/TopUP/Button_SemuaPromo'

2019-07-09 16:37:57 - [MESSAGE][WARNING] - Timeout '0' is invalid. Using default page load timeout: '30'

2019-07-09 16:37:59 - [MESSAGE][PASSED] - Tapped on element 'Object Repository/Home/Portfolio/TopUP/Button_SemuaPromo'

2019-07-09 16:37:59 - [TEST_STEP][PASSED] - delay: Delayed 5 second(s)

2019-07-09 16:38:04 - [MESSAGE][PASSED] - Delayed 5 second(s)

2019-07-09 16:38:04 - [TEST_STEP][PASSED] - tap: Tapped on element 'Object Repository/Home/Portfolio/TopUP/Button_Salin'

2019-07-09 16:38:04 - [MESSAGE][WARNING] - Timeout '0' is invalid. Using default page load timeout: '30'

2019-07-09 16:38:07 - [MESSAGE][PASSED] - Tapped on element 'Object Repository/Home/Portfolio/TopUP/Button_Salin'

2019-07-09 16:38:07 - [TEST_STEP][PASSED] - delay: Delayed 2 second(s)

2019-07-09 16:38:09 - [MESSAGE][PASSED] - Delayed 2 second(s)

2019-07-09 16:38:09 - [TEST_STEP][PASSED] - tap: Tapped on element 'Object Repository/Home/Portfolio/TopUP/android.widget.ImageButton0'

2019-07-09 16:38:09 - [MESSAGE][WARNING] - Timeout '0' is invalid. Using default page load timeout: '30'

2019-07-09 16:38:10 - [MESSAGE][PASSED] - Tapped on element 'Object Repository/Home/Portfolio/TopUP/android.widget.ImageButton0'

2019-07-09 16:38:10 - [TEST_STEP][PASSED] - delay: Delayed 3 second(s)

2019-07-09 16:38:13 - [MESSAGE][PASSED] - Delayed 3 second(s)

2019-07-09 16:38:13 - [TEST_STEP][PASSED] - tap: Tapped on element 'Object Repository/Home/Portfolio/TopUP/android.widget.Button0 - Gunakan'

2019-07-09 16:38:13 - [MESSAGE][WARNING] - Timeout '0' is invalid. Using default page load timeout: '30'

2019-07-09 16:38:16 - [MESSAGE][PASSED] - Tapped on element 'Object Repository/Home/Portfolio/TopUP/android.widget.Button0 - Gunakan'

2019-07-09 16:38:16 - [TEST_STEP][PASSED] - setText: Text 'Invest100' has been set to element 'Object Repository/Home/Portfolio/TopUP/android.widget.EditText0 - Kode Promo'

2019-07-09 16:38:16 - [MESSAGE][WARNING] - Timeout '0' is invalid. Using default page load timeout: '30'

2019-07-09 16:38:18 - [MESSAGE][PASSED] - Text 'Invest100' has been set to element 'Object Repository/Home/Portfolio/TopUP/android.widget.EditText0 - Kode Promo'

2019-07-09 16:38:18 - [TEST_STEP][PASSED] - delay: Delayed 3 second(s)

2019-07-09 16:38:21 - [MESSAGE][PASSED] - Delayed 3 second(s)

2019-07-09 16:38:21 - [TEST_STEP][PASSED] - tap: Tapped on element 'Object Repository/Home/Portfolio/TopUP/android.widget.TextView1 - Gunakan Kode Promo'

2019-07-09 16:38:21 - [MESSAGE][WARNING] - Timeout '0' is invalid. Using default page load timeout: '30'

2019-07-09 16:38:22 - [MESSAGE][PASSED] - Tapped on element 'Object Repository/Home/Portfolio/TopUP/android.widget.TextView1 - Gunakan Kode Promo'

2019-07-09 16:38:22 - [TEST_STEP][PASSED] - delay: Delayed 3 second(s)

2019-07-09 16:38:25 - [MESSAGE][PASSED] - Delayed 3 second(s)

2019-07-09 16:38:25 - [TEST_STEP][PASSED] - tap: Tapped on element 'Object Repository/Home/Portfolio/TopUP/android.view.View0'

2019-07-09 16:38:25 - [MESSAGE][WARNING] - Timeout '0' is invalid. Using default page load timeout: '30'

2019-07-09 16:38:29 - [MESSAGE][PASSED] - Tapped on element 'Object Repository/Home/Portfolio/TopUP/android.view.View0'

2019-07-09 16:38:29 - [TEST_STEP][PASSED] - delay: Delayed 3 second(s)

2019-07-09 16:38:32 - [MESSAGE][PASSED] - Delayed 3 second(s)

2019-07-09 16:38:32 - [TEST_STEP][PASSED] - tap: Tapped on element 'Object Repository/Home/Portfolio/TopUP/Dropdown_Detail2'

2019-07-09 16:38:32 - [MESSAGE][WARNING] - Timeout '0' is invalid. Using default page load timeout: '30'

2019-07-09 16:38:33 - [MESSAGE][PASSED] - Tapped on element 'Object Repository/Home/Portfolio/TopUP/Dropdown_Detail2'

2019-07-09 16:38:33 - [TEST_STEP][PASSED] - delay: Delayed 2 second(s)

2019-07-09 16:38:35 - [MESSAGE][PASSED] - Delayed 2 second(s)

2019-07-09 16:38:35 - [TEST_STEP][PASSED] - tap: Tapped on element 'Object Repository/Home/Portfolio/TopUP/Button_VA2'

2019-07-09 16:38:35 - [MESSAGE][WARNING] - Timeout '0' is invalid. Using default page load timeout: '30'

2019-07-09 16:38:36 - [MESSAGE][PASSED] - Tapped on element 'Object Repository/Home/Portfolio/TopUP/Button_VA2'

2019-07-09 16:38:36 - [TEST_STEP][PASSED] - delay: Delayed 5 second(s)

2019-07-09 16:38:41 - [MESSAGE][PASSED] - Delayed 5 second(s)]]></system-out>
         <system-err><![CDATA[]]></system-err>
      </testcase>
      <system-out><![CDATA[2019-07-09 16:36:03 - [TEST_SUITE][PASSED] - Top_Up: Test Cases/Home/Portfolio/TopUP]]></system-out>
      <system-err><![CDATA[]]></system-err>
   </testsuite>
</testsuites>
