<?xml version="1.0" encoding="UTF-8"?>
<testsuites name="01_SubscribeTrue" time="119" tests="3" failures="0" errors="0">
   <testsuite name="01_SubscribeTrue" tests="3" failures="0" errors="0" time="119" timestamp="2019-07-03 16:27:05" hostname="ustore - 192.168.0.120" id="Test Suites/result/Subscribe/01_SubscribeTrue">
      <properties>
         <property name="deviceName" value="emulator-5554 (Android SDK built for x86 - Android 9)"/>
         <property name="devicePlatform" value=""/>
         <property name="logFolder" value="/Users/ustore/Katalon Studio/Android v1.2/Reports/result/Subscribe/01_SubscribeTrue/20190703_162653"/>
         <property name="logFiles" value="/Users/ustore/Katalon Studio/Android v1.2/Reports/result/Subscribe/01_SubscribeTrue/20190703_162653/execution0.log, /Users/ustore/Katalon Studio/Android v1.2/Reports/result/Subscribe/01_SubscribeTrue/20190703_162653/appium.log"/>
         <property name="attachments" value=""/>
         <property name="hostName" value="ustore - 192.168.0.120"/>
         <property name="os" value="Mac OS X 64bit"/>
         <property name="katalonVersion" value="4.1.0.2"/>
         <property name="deviceOS" value="Android"/>
         <property name="appiumVersion" value="1.8.1"/>
         <property name="deviceModel" value="Android SDK built for x86"/>
         <property name="hostAddress" value="192.168.0.120"/>
         <property name="deviceManufacturer" value="Google"/>
         <property name="deviceId" value="emulator-5554"/>
         <property name="deviceName" value="emulator-5554 (Android SDK built for x86 - Android 9)"/>
         <property name="deviceOSVersion" value="9"/>
      </properties>
      <testcase name="Test Cases/Login/LoginTrue" classname="Test Cases/Login/LoginTrue" status="PASSED">
         <system-out><![CDATA[2019-07-03 16:27:06 - [TEST_CASE][PASSED] - Test Cases/Login/LoginTrue: Test Cases/Login/LoginTrue

2019-07-03 16:27:07 - [TEST_STEP][PASSED] - startApplication: Started app at: '/Users/ustore/Downloads/Development.apk'

2019-07-03 16:27:25 - [MESSAGE][PASSED] - Started app at: '/Users/ustore/Downloads/Development.apk'

2019-07-03 16:27:25 - [TEST_STEP][PASSED] - verifyElementText: Actual text and expected text of test object 'Object Repository/LoginTrue/Mulailah berinvestasi untuk meraih mimpimu' are matched.

2019-07-03 16:27:33 - [MESSAGE][PASSED] - Actual text and expected text of test object 'Object Repository/LoginTrue/Mulailah berinvestasi untuk meraih mimpimu' are matched.

2019-07-03 16:27:33 - [TEST_STEP][PASSED] - tap: Tapped on element 'Object Repository/LoginTrue/DP_Rumah'

2019-07-03 16:27:33 - [MESSAGE][WARNING] - Timeout '0' is invalid. Using default page load timeout: '30'

2019-07-03 16:27:34 - [MESSAGE][PASSED] - Tapped on element 'Object Repository/LoginTrue/DP_Rumah'

2019-07-03 16:27:34 - [TEST_STEP][PASSED] - Statement - For ([i = 0, i < 4, (i++)]): Swiped from 800,1,000 to 10,800

2019-07-03 16:27:34 - [TEST_STEP][PASSED] - tap: Tapped on element 'Object Repository/LoginTrue/screen_swipe'

2019-07-03 16:27:34 - [MESSAGE][WARNING] - Timeout '0' is invalid. Using default page load timeout: '30'

2019-07-03 16:27:35 - [MESSAGE][PASSED] - Tapped on element 'Object Repository/LoginTrue/screen_swipe'

2019-07-03 16:27:35 - [TEST_STEP][PASSED] - swipe: Swiped from 800,1,000 to 10,800

2019-07-03 16:27:38 - [MESSAGE][PASSED] - Swiped from 800,1,000 to 10,800

2019-07-03 16:27:38 - [TEST_STEP][PASSED] - tap: Tapped on element 'Object Repository/LoginTrue/screen_swipe'

2019-07-03 16:27:38 - [MESSAGE][WARNING] - Timeout '0' is invalid. Using default page load timeout: '30'

2019-07-03 16:27:39 - [MESSAGE][PASSED] - Tapped on element 'Object Repository/LoginTrue/screen_swipe'

2019-07-03 16:27:39 - [TEST_STEP][PASSED] - swipe: Swiped from 800,1,000 to 10,800

2019-07-03 16:27:41 - [MESSAGE][PASSED] - Swiped from 800,1,000 to 10,800

2019-07-03 16:27:41 - [TEST_STEP][PASSED] - tap: Tapped on element 'Object Repository/LoginTrue/screen_swipe'

2019-07-03 16:27:41 - [MESSAGE][WARNING] - Timeout '0' is invalid. Using default page load timeout: '30'

2019-07-03 16:27:43 - [MESSAGE][PASSED] - Tapped on element 'Object Repository/LoginTrue/screen_swipe'

2019-07-03 16:27:43 - [TEST_STEP][PASSED] - swipe: Swiped from 800,1,000 to 10,800

2019-07-03 16:27:45 - [MESSAGE][PASSED] - Swiped from 800,1,000 to 10,800

2019-07-03 16:27:45 - [TEST_STEP][PASSED] - tap: Tapped on element 'Object Repository/LoginTrue/screen_swipe'

2019-07-03 16:27:45 - [MESSAGE][WARNING] - Timeout '0' is invalid. Using default page load timeout: '30'

2019-07-03 16:27:49 - [MESSAGE][PASSED] - Tapped on element 'Object Repository/LoginTrue/screen_swipe'

2019-07-03 16:27:49 - [TEST_STEP][PASSED] - swipe: Swiped from 800,1,000 to 10,800

2019-07-03 16:27:51 - [MESSAGE][PASSED] - Swiped from 800,1,000 to 10,800

2019-07-03 16:27:51 - [TEST_STEP][PASSED] - setText: Text '081215161452' has been set to element 'Object Repository/LoginTrue/field_no_phone'

2019-07-03 16:27:51 - [MESSAGE][WARNING] - Timeout '0' is invalid. Using default page load timeout: '30'

2019-07-03 16:27:53 - [MESSAGE][PASSED] - Text '081215161452' has been set to element 'Object Repository/LoginTrue/field_no_phone'

2019-07-03 16:27:53 - [TEST_STEP][PASSED] - tap: Tapped on element 'Object Repository/LoginTrue/button_masuk'

2019-07-03 16:27:53 - [MESSAGE][WARNING] - Timeout '0' is invalid. Using default page load timeout: '30'

2019-07-03 16:27:55 - [MESSAGE][PASSED] - Tapped on element 'Object Repository/LoginTrue/button_masuk'

2019-07-03 16:27:55 - [TEST_STEP][PASSED] - delay: Delayed 3 second(s)

2019-07-03 16:27:58 - [MESSAGE][PASSED] - Delayed 3 second(s)

2019-07-03 16:27:58 - [TEST_STEP][PASSED] - verifyElementText: Actual text and expected text of test object 'Object Repository/ObjectOTP/TextView - Verifikasi Nomor HP' are matched.

2019-07-03 16:27:58 - [MESSAGE][PASSED] - Actual text and expected text of test object 'Object Repository/ObjectOTP/TextView - Verifikasi Nomor HP' are matched.]]></system-out>
         <system-err><![CDATA[]]></system-err>
      </testcase>
      <testcase name="Test Cases/OTP/LoginOTP" classname="Test Cases/OTP/LoginOTP" status="PASSED">
         <system-out><![CDATA[2019-07-03 16:27:58 - [TEST_CASE][PASSED] - Test Cases/OTP/LoginOTP: Test Cases/OTP/LoginOTP

2019-07-03 16:27:58 - [TEST_STEP][PASSED] - delay: Delayed 3 second(s)

2019-07-03 16:28:01 - [MESSAGE][PASSED] - Delayed 3 second(s)

2019-07-03 16:28:01 - [TEST_STEP][PASSED] - tap: Tapped on element 'Object Repository/ObjectOTP/Field_OTP'

2019-07-03 16:28:01 - [MESSAGE][WARNING] - Timeout '0' is invalid. Using default page load timeout: '30'

2019-07-03 16:28:03 - [MESSAGE][PASSED] - Tapped on element 'Object Repository/ObjectOTP/Field_OTP'

2019-07-03 16:28:03 - [TEST_STEP][PASSED] - setText: Text '8888' has been set to element 'Object Repository/ObjectOTP/Field_OTP'

2019-07-03 16:28:03 - [MESSAGE][WARNING] - Timeout '0' is invalid. Using default page load timeout: '30'

2019-07-03 16:28:04 - [MESSAGE][PASSED] - Text '8888' has been set to element 'Object Repository/ObjectOTP/Field_OTP'

2019-07-03 16:28:04 - [TEST_STEP][PASSED] - tap: Tapped on element 'Object Repository/ObjectOTP/Button_Verifikasi_Sekarang'

2019-07-03 16:28:04 - [MESSAGE][WARNING] - Timeout '0' is invalid. Using default page load timeout: '30'

2019-07-03 16:28:06 - [MESSAGE][PASSED] - Tapped on element 'Object Repository/ObjectOTP/Button_Verifikasi_Sekarang']]></system-out>
         <system-err><![CDATA[]]></system-err>
      </testcase>
      <testcase name="Test Cases/Home/Reksadana/Subscribe/Subscribe" classname="Test Cases/Home/Reksadana/Subscribe/Subscribe" status="PASSED">
         <system-out><![CDATA[2019-07-03 16:28:06 - [TEST_CASE][PASSED] - Test Cases/Home/Reksadana/Subscribe/Subscribe: Test Cases/Home/Reksadana/Subscribe/Subscribe

2019-07-03 16:28:07 - [TEST_STEP][PASSED] - delay: Delayed 3 second(s)

2019-07-03 16:28:10 - [MESSAGE][PASSED] - Delayed 3 second(s)

2019-07-03 16:28:10 - [TEST_STEP][PASSED] - tap: Tapped on element 'Object Repository/Home/Reksadana/Subscribe/MenuReksadana'

2019-07-03 16:28:10 - [MESSAGE][WARNING] - Timeout '0' is invalid. Using default page load timeout: '30'

2019-07-03 16:28:15 - [MESSAGE][PASSED] - Tapped on element 'Object Repository/Home/Reksadana/Subscribe/MenuReksadana'

2019-07-03 16:28:15 - [TEST_STEP][PASSED] - delay: Delayed 3 second(s)

2019-07-03 16:28:18 - [MESSAGE][PASSED] - Delayed 3 second(s)

2019-07-03 16:28:18 - [TEST_STEP][PASSED] - tap: Tapped on element 'Object Repository/Home/Reksadana/Subscribe/CardReksadana'

2019-07-03 16:28:18 - [MESSAGE][WARNING] - Timeout '0' is invalid. Using default page load timeout: '30'

2019-07-03 16:28:22 - [MESSAGE][PASSED] - Tapped on element 'Object Repository/Home/Reksadana/Subscribe/CardReksadana'

2019-07-03 16:28:22 - [TEST_STEP][PASSED] - tap: Tapped on element 'Object Repository/Home/Reksadana/Subscribe/Button_Beli'

2019-07-03 16:28:22 - [MESSAGE][WARNING] - Timeout '0' is invalid. Using default page load timeout: '30'

2019-07-03 16:28:26 - [MESSAGE][PASSED] - Tapped on element 'Object Repository/Home/Reksadana/Subscribe/Button_Beli'

2019-07-03 16:28:26 - [TEST_STEP][PASSED] - tap: Tapped on element 'Object Repository/Home/Reksadana/Subscribe/CheckboxSetuju'

2019-07-03 16:28:26 - [MESSAGE][WARNING] - Timeout '0' is invalid. Using default page load timeout: '30'

2019-07-03 16:28:27 - [MESSAGE][PASSED] - Tapped on element 'Object Repository/Home/Reksadana/Subscribe/CheckboxSetuju'

2019-07-03 16:28:27 - [TEST_STEP][PASSED] - delay: Delayed 3 second(s)

2019-07-03 16:28:30 - [MESSAGE][PASSED] - Delayed 3 second(s)

2019-07-03 16:28:30 - [TEST_STEP][PASSED] - tap: Tapped on element 'Object Repository/Home/Reksadana/Subscribe/Button_Lanjutkan'

2019-07-03 16:28:30 - [MESSAGE][WARNING] - Timeout '0' is invalid. Using default page load timeout: '30'

2019-07-03 16:28:34 - [MESSAGE][PASSED] - Tapped on element 'Object Repository/Home/Reksadana/Subscribe/Button_Lanjutkan'

2019-07-03 16:28:34 - [TEST_STEP][PASSED] - delay: Delayed 3 second(s)

2019-07-03 16:28:37 - [MESSAGE][PASSED] - Delayed 3 second(s)

2019-07-03 16:28:37 - [TEST_STEP][PASSED] - tap: Tapped on element 'Object Repository/Home/Reksadana/Subscribe/300.000'

2019-07-03 16:28:37 - [MESSAGE][WARNING] - Timeout '0' is invalid. Using default page load timeout: '30'

2019-07-03 16:28:38 - [MESSAGE][PASSED] - Tapped on element 'Object Repository/Home/Reksadana/Subscribe/300.000'

2019-07-03 16:28:38 - [TEST_STEP][PASSED] - tap: Tapped on element 'Object Repository/Home/Reksadana/Subscribe/Button_Beli_Sekarang'

2019-07-03 16:28:38 - [MESSAGE][WARNING] - Timeout '0' is invalid. Using default page load timeout: '30'

2019-07-03 16:28:41 - [MESSAGE][PASSED] - Tapped on element 'Object Repository/Home/Reksadana/Subscribe/Button_Beli_Sekarang'

2019-07-03 16:28:41 - [TEST_STEP][PASSED] - tap: Tapped on element 'Object Repository/Home/Reksadana/Subscribe/Button_Detail'

2019-07-03 16:28:41 - [MESSAGE][WARNING] - Timeout '0' is invalid. Using default page load timeout: '30'

2019-07-03 16:28:43 - [MESSAGE][PASSED] - Tapped on element 'Object Repository/Home/Reksadana/Subscribe/Button_Detail'

2019-07-03 16:28:43 - [TEST_STEP][PASSED] - tap: Tapped on element 'Object Repository/Home/Reksadana/Subscribe/Button_VA'

2019-07-03 16:28:43 - [MESSAGE][WARNING] - Timeout '0' is invalid. Using default page load timeout: '30'

2019-07-03 16:28:44 - [MESSAGE][PASSED] - Tapped on element 'Object Repository/Home/Reksadana/Subscribe/Button_VA'

2019-07-03 16:28:44 - [TEST_STEP][PASSED] - delay: Delayed 3 second(s)

2019-07-03 16:28:47 - [MESSAGE][PASSED] - Delayed 3 second(s)

2019-07-03 16:28:47 - [TEST_STEP][PASSED] - verifyElementText: Actual text and expected text of test object 'Object Repository/Home/Reksadana/Subscribe/Text-LakukanPembayaranSebelum' are matched.

2019-07-03 16:28:48 - [MESSAGE][PASSED] - Actual text and expected text of test object 'Object Repository/Home/Reksadana/Subscribe/Text-LakukanPembayaranSebelum' are matched.

2019-07-03 16:28:48 - [TEST_STEP][PASSED] - delay: Delayed 3 second(s)

2019-07-03 16:28:51 - [MESSAGE][PASSED] - Delayed 3 second(s)

2019-07-03 16:28:51 - [TEST_STEP][PASSED] - tap: Tapped on element 'Object Repository/Home/Reksadana/Subscribe/Detail_VA'

2019-07-03 16:28:51 - [MESSAGE][WARNING] - Timeout '0' is invalid. Using default page load timeout: '30'

2019-07-03 16:28:52 - [MESSAGE][PASSED] - Tapped on element 'Object Repository/Home/Reksadana/Subscribe/Detail_VA'

2019-07-03 16:28:52 - [TEST_STEP][PASSED] - Statement - device_Height = com.kms.katalon.core.mobile.keyword.MobileBuiltInKeywords.getDeviceHeight(): Current device physical height is 1794

2019-07-03 16:28:52 - [MESSAGE][PASSED] - Current device physical height is 1794

2019-07-03 16:28:52 - [TEST_STEP][PASSED] - Statement - device_Width = com.kms.katalon.core.mobile.keyword.MobileBuiltInKeywords.getDeviceWidth(): Current device physical width is 1080

2019-07-03 16:28:52 - [MESSAGE][PASSED] - Current device physical width is 1080

2019-07-03 16:28:52 - [TEST_STEP][PASSED] - Statement - startX = device_Width / 2: null

2019-07-03 16:28:52 - [TEST_STEP][PASSED] - Statement - endX = startX: null

2019-07-03 16:28:52 - [TEST_STEP][PASSED] - Statement - startY = device_Height * 0.50: null

2019-07-03 16:28:52 - [TEST_STEP][PASSED] - Statement - endY = device_Height * 0.90: null

2019-07-03 16:28:52 - [TEST_STEP][PASSED] - swipe: Swiped from 540,1,614 to 540,897

2019-07-03 16:28:55 - [MESSAGE][PASSED] - Swiped from 540,1,614 to 540,897

2019-07-03 16:28:55 - [TEST_STEP][PASSED] - delay: Delayed 3 second(s)

2019-07-03 16:28:58 - [MESSAGE][PASSED] - Delayed 3 second(s)

2019-07-03 16:28:58 - [TEST_STEP][PASSED] - swipe: Swiped from 540,1,614 to 540,897

2019-07-03 16:29:00 - [MESSAGE][PASSED] - Swiped from 540,1,614 to 540,897

2019-07-03 16:29:00 - [TEST_STEP][PASSED] - delay: Delayed 3 second(s)

2019-07-03 16:29:03 - [MESSAGE][PASSED] - Delayed 3 second(s)]]></system-out>
         <system-err><![CDATA[]]></system-err>
      </testcase>
      <system-out><![CDATA[2019-07-03 16:27:05 - [TEST_SUITE][PASSED] - 01_SubscribeTrue: Test Cases/Home/Reksadana/Subscribe/Subscribe]]></system-out>
      <system-err><![CDATA[]]></system-err>
   </testsuite>
</testsuites>
