<?xml version="1.0" encoding="UTF-8"?>
<testsuites name="FAQ" time="104" tests="3" failures="0" errors="0">
   <testsuite name="FAQ" tests="3" failures="0" errors="0" time="104" timestamp="2019-08-20 15:04:29" hostname="ustore - 192.168.0.120" id="Test Suites/result/Profile/FAQ">
      <properties>
         <property name="deviceName" value="emulator-5554 (Android SDK built for x86 - Android 8.1.0)"/>
         <property name="devicePlatform" value=""/>
         <property name="logFolder" value="/Users/ustore/Documents/katalon/QAKatalon/Reports/result/Profile/FAQ/20190820_150416"/>
         <property name="logFiles" value="/Users/ustore/Documents/katalon/QAKatalon/Reports/result/Profile/FAQ/20190820_150416/execution0.log, /Users/ustore/Documents/katalon/QAKatalon/Reports/result/Profile/FAQ/20190820_150416/appium.log"/>
         <property name="attachments" value=""/>
         <property name="hostName" value="ustore - 192.168.0.120"/>
         <property name="os" value="Mac OS X 64bit"/>
         <property name="katalonVersion" value="4.1.0.2"/>
         <property name="deviceOS" value="Android"/>
         <property name="appiumVersion" value="1.8.1"/>
         <property name="deviceModel" value="Android SDK built for x86"/>
         <property name="hostAddress" value="192.168.0.120"/>
         <property name="deviceManufacturer" value="Google"/>
         <property name="deviceId" value="emulator-5554"/>
         <property name="deviceName" value="emulator-5554 (Android SDK built for x86 - Android 8.1.0)"/>
         <property name="deviceOSVersion" value="8.1.0"/>
      </properties>
      <testcase name="Test Cases/Login/LoginTrue" classname="Test Cases/Login/LoginTrue" status="PASSED">
         <system-out><![CDATA[2019-08-20 15:04:30 - [TEST_CASE][PASSED] - Test Cases/Login/LoginTrue: Test Cases/Login/LoginTrue

2019-08-20 15:04:30 - [TEST_STEP][PASSED] - startApplication: Started app at: '/Users/ustore/Downloads/mobile-debug (2).apk'

2019-08-20 15:05:05 - [MESSAGE][PASSED] - Started app at: '/Users/ustore/Downloads/mobile-debug (2).apk'

2019-08-20 15:05:05 - [TEST_STEP][PASSED] - verifyElementText: Actual text and expected text of test object 'Object Repository/LoginTrue/Mulailah berinvestasi untuk meraih mimpimu' are matched.

2019-08-20 15:05:12 - [MESSAGE][PASSED] - Actual text and expected text of test object 'Object Repository/LoginTrue/Mulailah berinvestasi untuk meraih mimpimu' are matched.

2019-08-20 15:05:12 - [TEST_STEP][PASSED] - Statement - For ([i = 0, i < 4, (i++)]): Swiped from 800,1,000 to 10,800

2019-08-20 15:05:12 - [TEST_STEP][PASSED] - tap: Tapped on element 'Object Repository/LoginTrue/screen_swipe'

2019-08-20 15:05:12 - [MESSAGE][WARNING] - Timeout '0' is invalid. Using default page load timeout: '30'

2019-08-20 15:05:16 - [MESSAGE][PASSED] - Tapped on element 'Object Repository/LoginTrue/screen_swipe'

2019-08-20 15:05:16 - [TEST_STEP][PASSED] - swipe: Swiped from 800,1,000 to 10,800

2019-08-20 15:05:19 - [MESSAGE][PASSED] - Swiped from 800,1,000 to 10,800

2019-08-20 15:05:19 - [TEST_STEP][PASSED] - tap: Tapped on element 'Object Repository/LoginTrue/screen_swipe'

2019-08-20 15:05:19 - [MESSAGE][WARNING] - Timeout '0' is invalid. Using default page load timeout: '30'

2019-08-20 15:05:20 - [MESSAGE][PASSED] - Tapped on element 'Object Repository/LoginTrue/screen_swipe'

2019-08-20 15:05:20 - [TEST_STEP][PASSED] - swipe: Swiped from 800,1,000 to 10,800

2019-08-20 15:05:22 - [MESSAGE][PASSED] - Swiped from 800,1,000 to 10,800

2019-08-20 15:05:22 - [TEST_STEP][PASSED] - tap: Tapped on element 'Object Repository/LoginTrue/screen_swipe'

2019-08-20 15:05:22 - [MESSAGE][WARNING] - Timeout '0' is invalid. Using default page load timeout: '30'

2019-08-20 15:05:24 - [MESSAGE][PASSED] - Tapped on element 'Object Repository/LoginTrue/screen_swipe'

2019-08-20 15:05:24 - [TEST_STEP][PASSED] - swipe: Swiped from 800,1,000 to 10,800

2019-08-20 15:05:26 - [MESSAGE][PASSED] - Swiped from 800,1,000 to 10,800

2019-08-20 15:05:26 - [TEST_STEP][PASSED] - tap: Tapped on element 'Object Repository/LoginTrue/screen_swipe'

2019-08-20 15:05:26 - [MESSAGE][WARNING] - Timeout '0' is invalid. Using default page load timeout: '30'

2019-08-20 15:05:28 - [MESSAGE][PASSED] - Tapped on element 'Object Repository/LoginTrue/screen_swipe'

2019-08-20 15:05:28 - [TEST_STEP][PASSED] - swipe: Swiped from 800,1,000 to 10,800

2019-08-20 15:05:30 - [MESSAGE][PASSED] - Swiped from 800,1,000 to 10,800

2019-08-20 15:05:30 - [TEST_STEP][PASSED] - setText: Text '08777111777' has been set to element 'Object Repository/LoginTrue/field_no_phone'

2019-08-20 15:05:30 - [MESSAGE][WARNING] - Timeout '0' is invalid. Using default page load timeout: '30'

2019-08-20 15:05:33 - [MESSAGE][PASSED] - Text '08777111777' has been set to element 'Object Repository/LoginTrue/field_no_phone'

2019-08-20 15:05:33 - [TEST_STEP][PASSED] - tap: Tapped on element 'Object Repository/LoginTrue/button_masuk'

2019-08-20 15:05:33 - [MESSAGE][WARNING] - Timeout '0' is invalid. Using default page load timeout: '30'

2019-08-20 15:05:34 - [MESSAGE][PASSED] - Tapped on element 'Object Repository/LoginTrue/button_masuk'

2019-08-20 15:05:34 - [TEST_STEP][PASSED] - delay: Delayed 3 second(s)

2019-08-20 15:05:37 - [MESSAGE][PASSED] - Delayed 3 second(s)

2019-08-20 15:05:37 - [TEST_STEP][PASSED] - verifyElementText: Actual text and expected text of test object 'Object Repository/ObjectOTP/TextView - Verifikasi Nomor HP' are matched.

2019-08-20 15:05:37 - [MESSAGE][PASSED] - Actual text and expected text of test object 'Object Repository/ObjectOTP/TextView - Verifikasi Nomor HP' are matched.

2019-08-20 15:05:37 - [TEST_STEP][PASSED] - delay: Delayed 1 second(s)

2019-08-20 15:05:38 - [MESSAGE][PASSED] - Delayed 1 second(s)]]></system-out>
         <system-err><![CDATA[]]></system-err>
      </testcase>
      <testcase name="Test Cases/OTP/LoginOTP" classname="Test Cases/OTP/LoginOTP" status="PASSED">
         <system-out><![CDATA[2019-08-20 15:05:38 - [TEST_CASE][PASSED] - Test Cases/OTP/LoginOTP: Test Cases/OTP/LoginOTP

2019-08-20 15:05:39 - [TEST_STEP][PASSED] - delay: Delayed 3 second(s)

2019-08-20 15:05:42 - [MESSAGE][PASSED] - Delayed 3 second(s)

2019-08-20 15:05:42 - [TEST_STEP][PASSED] - tap: Tapped on element 'Object Repository/ObjectOTP/Field_OTP'

2019-08-20 15:05:42 - [MESSAGE][WARNING] - Timeout '0' is invalid. Using default page load timeout: '30'

2019-08-20 15:05:43 - [MESSAGE][PASSED] - Tapped on element 'Object Repository/ObjectOTP/Field_OTP'

2019-08-20 15:05:43 - [TEST_STEP][PASSED] - setText: Text '8888' has been set to element 'Object Repository/ObjectOTP/Field_OTP'

2019-08-20 15:05:43 - [MESSAGE][WARNING] - Timeout '0' is invalid. Using default page load timeout: '30'

2019-08-20 15:05:44 - [MESSAGE][PASSED] - Text '8888' has been set to element 'Object Repository/ObjectOTP/Field_OTP'

2019-08-20 15:05:44 - [TEST_STEP][PASSED] - delay: Delayed 2 second(s)

2019-08-20 15:05:46 - [MESSAGE][PASSED] - Delayed 2 second(s)

2019-08-20 15:05:46 - [TEST_STEP][PASSED] - tap: Tapped on element 'Object Repository/ObjectOTP/Btn_Verifikasi1'

2019-08-20 15:05:46 - [MESSAGE][WARNING] - Timeout '0' is invalid. Using default page load timeout: '30'

2019-08-20 15:05:47 - [MESSAGE][PASSED] - Tapped on element 'Object Repository/ObjectOTP/Btn_Verifikasi1']]></system-out>
         <system-err><![CDATA[]]></system-err>
      </testcase>
      <testcase name="Test Cases/Profile/FAQ" classname="Test Cases/Profile/FAQ" status="PASSED">
         <system-out><![CDATA[2019-08-20 15:05:47 - [TEST_CASE][PASSED] - Test Cases/Profile/FAQ: Test Cases/Profile/FAQ

2019-08-20 15:05:47 - [TEST_STEP][PASSED] - delay: Delayed 3 second(s)

2019-08-20 15:05:50 - [MESSAGE][PASSED] - Delayed 3 second(s)

2019-08-20 15:05:50 - [TEST_STEP][PASSED] - tap: Tapped on element 'Object Repository/Profile/android.widget.FrameLayout14 (2)'

2019-08-20 15:05:50 - [MESSAGE][WARNING] - Timeout '0' is invalid. Using default page load timeout: '30'

2019-08-20 15:05:53 - [MESSAGE][PASSED] - Tapped on element 'Object Repository/Profile/android.widget.FrameLayout14 (2)'

2019-08-20 15:05:53 - [TEST_STEP][PASSED] - delay: Delayed 3 second(s)

2019-08-20 15:05:56 - [MESSAGE][PASSED] - Delayed 3 second(s)

2019-08-20 15:05:56 - [TEST_STEP][PASSED] - tap: Tapped on element 'Object Repository/Profile/android.widget.LinearLayout9'

2019-08-20 15:05:56 - [MESSAGE][WARNING] - Timeout '0' is invalid. Using default page load timeout: '30'

2019-08-20 15:05:58 - [MESSAGE][PASSED] - Tapped on element 'Object Repository/Profile/android.widget.LinearLayout9'

2019-08-20 15:05:58 - [TEST_STEP][PASSED] - delay: Delayed 3 second(s)

2019-08-20 15:06:01 - [MESSAGE][PASSED] - Delayed 3 second(s)

2019-08-20 15:06:01 - [TEST_STEP][PASSED] - tap: Tapped on element 'Object Repository/Profile/android.widget.ImageView0'

2019-08-20 15:06:01 - [MESSAGE][WARNING] - Timeout '0' is invalid. Using default page load timeout: '30'

2019-08-20 15:06:03 - [MESSAGE][PASSED] - Tapped on element 'Object Repository/Profile/android.widget.ImageView0'

2019-08-20 15:06:03 - [TEST_STEP][PASSED] - delay: Delayed 3 second(s)

2019-08-20 15:06:06 - [MESSAGE][PASSED] - Delayed 3 second(s)

2019-08-20 15:06:06 - [TEST_STEP][PASSED] - tap: Tapped on element 'Object Repository/Profile/android.widget.ImageView0'

2019-08-20 15:06:06 - [MESSAGE][WARNING] - Timeout '0' is invalid. Using default page load timeout: '30'

2019-08-20 15:06:08 - [MESSAGE][PASSED] - Tapped on element 'Object Repository/Profile/android.widget.ImageView0'

2019-08-20 15:06:08 - [TEST_STEP][PASSED] - delay: Delayed 3 second(s)

2019-08-20 15:06:11 - [MESSAGE][PASSED] - Delayed 3 second(s)

2019-08-20 15:06:11 - [TEST_STEP][PASSED] - closeApplication: Close app successfully

2019-08-20 15:06:14 - [MESSAGE][PASSED] - Close app successfully]]></system-out>
         <system-err><![CDATA[]]></system-err>
      </testcase>
      <system-out><![CDATA[2019-08-20 15:04:29 - [TEST_SUITE][PASSED] - FAQ: Test Cases/Profile/FAQ]]></system-out>
      <system-err><![CDATA[]]></system-err>
   </testsuite>
</testsuites>
