<?xml version="1.0" encoding="UTF-8"?>
<testsuites name="01_AddToCart" time="74" tests="3" failures="0" errors="0">
   <testsuite name="01_AddToCart" tests="3" failures="0" errors="0" time="74" timestamp="2019-07-05 13:48:44" hostname="ustore - 192.168.0.120" id="Test Suites/result/Reksadana/AddToCart/01_AddToCart">
      <properties>
         <property name="deviceName" value="emulator-5554 (Android SDK built for x86 - Android 9)"/>
         <property name="devicePlatform" value=""/>
         <property name="logFolder" value="/Users/ustore/Katalon Studio/Android v1.2/Reports/result/Reksadana/AddToCart/01_AddToCart/20190705_134831"/>
         <property name="logFiles" value="/Users/ustore/Katalon Studio/Android v1.2/Reports/result/Reksadana/AddToCart/01_AddToCart/20190705_134831/execution0.log, /Users/ustore/Katalon Studio/Android v1.2/Reports/result/Reksadana/AddToCart/01_AddToCart/20190705_134831/appium.log"/>
         <property name="attachments" value=""/>
         <property name="hostName" value="ustore - 192.168.0.120"/>
         <property name="os" value="Mac OS X 64bit"/>
         <property name="katalonVersion" value="4.1.0.2"/>
         <property name="deviceOS" value="Android"/>
         <property name="appiumVersion" value="1.8.1"/>
         <property name="deviceModel" value="Android SDK built for x86"/>
         <property name="hostAddress" value="192.168.0.120"/>
         <property name="deviceManufacturer" value="Google"/>
         <property name="deviceId" value="emulator-5554"/>
         <property name="deviceName" value="emulator-5554 (Android SDK built for x86 - Android 9)"/>
         <property name="deviceOSVersion" value="9"/>
      </properties>
      <testcase name="Test Cases/Login/LoginTrue" classname="Test Cases/Login/LoginTrue" status="PASSED">
         <system-out><![CDATA[2019-07-05 13:48:44 - [TEST_CASE][PASSED] - Test Cases/Login/LoginTrue: Test Cases/Login/LoginTrue

2019-07-05 13:48:45 - [TEST_STEP][PASSED] - startApplication: Started app at: '/Users/ustore/Downloads/Development.apk'

2019-07-05 13:49:03 - [MESSAGE][PASSED] - Started app at: '/Users/ustore/Downloads/Development.apk'

2019-07-05 13:49:03 - [TEST_STEP][PASSED] - verifyElementText: Actual text and expected text of test object 'Object Repository/LoginTrue/Mulailah berinvestasi untuk meraih mimpimu' are matched.

2019-07-05 13:49:07 - [MESSAGE][PASSED] - Actual text and expected text of test object 'Object Repository/LoginTrue/Mulailah berinvestasi untuk meraih mimpimu' are matched.

2019-07-05 13:49:07 - [TEST_STEP][PASSED] - tap: Tapped on element 'Object Repository/LoginTrue/DP_Rumah'

2019-07-05 13:49:07 - [MESSAGE][WARNING] - Timeout '0' is invalid. Using default page load timeout: '30'

2019-07-05 13:49:10 - [MESSAGE][PASSED] - Tapped on element 'Object Repository/LoginTrue/DP_Rumah'

2019-07-05 13:49:10 - [TEST_STEP][PASSED] - Statement - For ([i = 0, i < 4, (i++)]): Swiped from 800,1,000 to 10,800

2019-07-05 13:49:10 - [TEST_STEP][PASSED] - tap: Tapped on element 'Object Repository/LoginTrue/screen_swipe'

2019-07-05 13:49:10 - [MESSAGE][WARNING] - Timeout '0' is invalid. Using default page load timeout: '30'

2019-07-05 13:49:11 - [MESSAGE][PASSED] - Tapped on element 'Object Repository/LoginTrue/screen_swipe'

2019-07-05 13:49:11 - [TEST_STEP][PASSED] - swipe: Swiped from 800,1,000 to 10,800

2019-07-05 13:49:14 - [MESSAGE][PASSED] - Swiped from 800,1,000 to 10,800

2019-07-05 13:49:14 - [TEST_STEP][PASSED] - tap: Tapped on element 'Object Repository/LoginTrue/screen_swipe'

2019-07-05 13:49:14 - [MESSAGE][WARNING] - Timeout '0' is invalid. Using default page load timeout: '30'

2019-07-05 13:49:15 - [MESSAGE][PASSED] - Tapped on element 'Object Repository/LoginTrue/screen_swipe'

2019-07-05 13:49:15 - [TEST_STEP][PASSED] - swipe: Swiped from 800,1,000 to 10,800

2019-07-05 13:49:17 - [MESSAGE][PASSED] - Swiped from 800,1,000 to 10,800

2019-07-05 13:49:17 - [TEST_STEP][PASSED] - tap: Tapped on element 'Object Repository/LoginTrue/screen_swipe'

2019-07-05 13:49:17 - [MESSAGE][WARNING] - Timeout '0' is invalid. Using default page load timeout: '30'

2019-07-05 13:49:19 - [MESSAGE][PASSED] - Tapped on element 'Object Repository/LoginTrue/screen_swipe'

2019-07-05 13:49:19 - [TEST_STEP][PASSED] - swipe: Swiped from 800,1,000 to 10,800

2019-07-05 13:49:21 - [MESSAGE][PASSED] - Swiped from 800,1,000 to 10,800

2019-07-05 13:49:21 - [TEST_STEP][PASSED] - tap: Tapped on element 'Object Repository/LoginTrue/screen_swipe'

2019-07-05 13:49:21 - [MESSAGE][WARNING] - Timeout '0' is invalid. Using default page load timeout: '30'

2019-07-05 13:49:25 - [MESSAGE][PASSED] - Tapped on element 'Object Repository/LoginTrue/screen_swipe'

2019-07-05 13:49:25 - [TEST_STEP][PASSED] - swipe: Swiped from 800,1,000 to 10,800

2019-07-05 13:49:27 - [MESSAGE][PASSED] - Swiped from 800,1,000 to 10,800

2019-07-05 13:49:27 - [TEST_STEP][PASSED] - setText: Text '081215161452' has been set to element 'Object Repository/LoginTrue/field_no_phone'

2019-07-05 13:49:27 - [MESSAGE][WARNING] - Timeout '0' is invalid. Using default page load timeout: '30'

2019-07-05 13:49:29 - [MESSAGE][PASSED] - Text '081215161452' has been set to element 'Object Repository/LoginTrue/field_no_phone'

2019-07-05 13:49:29 - [TEST_STEP][PASSED] - tap: Tapped on element 'Object Repository/LoginTrue/button_masuk'

2019-07-05 13:49:29 - [MESSAGE][WARNING] - Timeout '0' is invalid. Using default page load timeout: '30'

2019-07-05 13:49:30 - [MESSAGE][PASSED] - Tapped on element 'Object Repository/LoginTrue/button_masuk'

2019-07-05 13:49:30 - [TEST_STEP][PASSED] - delay: Delayed 3 second(s)

2019-07-05 13:49:33 - [MESSAGE][PASSED] - Delayed 3 second(s)

2019-07-05 13:49:33 - [TEST_STEP][PASSED] - verifyElementText: Actual text and expected text of test object 'Object Repository/ObjectOTP/TextView - Verifikasi Nomor HP' are matched.

2019-07-05 13:49:34 - [MESSAGE][PASSED] - Actual text and expected text of test object 'Object Repository/ObjectOTP/TextView - Verifikasi Nomor HP' are matched.]]></system-out>
         <system-err><![CDATA[]]></system-err>
      </testcase>
      <testcase name="Test Cases/OTP/LoginOTP" classname="Test Cases/OTP/LoginOTP" status="PASSED">
         <system-out><![CDATA[2019-07-05 13:49:34 - [TEST_CASE][PASSED] - Test Cases/OTP/LoginOTP: Test Cases/OTP/LoginOTP

2019-07-05 13:49:34 - [TEST_STEP][PASSED] - delay: Delayed 3 second(s)

2019-07-05 13:49:37 - [MESSAGE][PASSED] - Delayed 3 second(s)

2019-07-05 13:49:37 - [TEST_STEP][PASSED] - tap: Tapped on element 'Object Repository/ObjectOTP/Field_OTP'

2019-07-05 13:49:37 - [MESSAGE][WARNING] - Timeout '0' is invalid. Using default page load timeout: '30'

2019-07-05 13:49:39 - [MESSAGE][PASSED] - Tapped on element 'Object Repository/ObjectOTP/Field_OTP'

2019-07-05 13:49:39 - [TEST_STEP][PASSED] - setText: Text '8888' has been set to element 'Object Repository/ObjectOTP/Field_OTP'

2019-07-05 13:49:39 - [MESSAGE][WARNING] - Timeout '0' is invalid. Using default page load timeout: '30'

2019-07-05 13:49:40 - [MESSAGE][PASSED] - Text '8888' has been set to element 'Object Repository/ObjectOTP/Field_OTP'

2019-07-05 13:49:40 - [TEST_STEP][PASSED] - tap: Tapped on element 'Object Repository/ObjectOTP/Button_Verifikasi_Sekarang'

2019-07-05 13:49:40 - [MESSAGE][WARNING] - Timeout '0' is invalid. Using default page load timeout: '30'

2019-07-05 13:49:42 - [MESSAGE][PASSED] - Tapped on element 'Object Repository/ObjectOTP/Button_Verifikasi_Sekarang']]></system-out>
         <system-err><![CDATA[]]></system-err>
      </testcase>
      <testcase name="Test Cases/Home/Reksadana/AddToCart/AddToCart" classname="Test Cases/Home/Reksadana/AddToCart/AddToCart" status="PASSED">
         <system-out><![CDATA[2019-07-05 13:49:42 - [TEST_CASE][PASSED] - Test Cases/Home/Reksadana/AddToCart/AddToCart: Test Cases/Home/Reksadana/AddToCart/AddToCart

2019-07-05 13:49:42 - [TEST_STEP][PASSED] - delay: Delayed 3 second(s)

2019-07-05 13:49:45 - [MESSAGE][PASSED] - Delayed 3 second(s)

2019-07-05 13:49:45 - [TEST_STEP][PASSED] - tap: Tapped on element 'Object Repository/Home/Reksadana/Subscribe/MenuReksadana'

2019-07-05 13:49:45 - [MESSAGE][WARNING] - Timeout '0' is invalid. Using default page load timeout: '30'

2019-07-05 13:49:46 - [MESSAGE][PASSED] - Tapped on element 'Object Repository/Home/Reksadana/Subscribe/MenuReksadana'

2019-07-05 13:49:46 - [TEST_STEP][PASSED] - delay: Delayed 3 second(s)

2019-07-05 13:49:49 - [MESSAGE][PASSED] - Delayed 3 second(s)

2019-07-05 13:49:49 - [TEST_STEP][PASSED] - tap: Tapped on element 'Object Repository/Home/Reksadana/Subscribe/CardReksadana'

2019-07-05 13:49:49 - [MESSAGE][WARNING] - Timeout '0' is invalid. Using default page load timeout: '30'

2019-07-05 13:49:53 - [MESSAGE][PASSED] - Tapped on element 'Object Repository/Home/Reksadana/Subscribe/CardReksadana'

2019-07-05 13:49:53 - [TEST_STEP][PASSED] - delay: Delayed 3 second(s)

2019-07-05 13:49:56 - [MESSAGE][PASSED] - Delayed 3 second(s)

2019-07-05 13:49:56 - [TEST_STEP][NOT_RUN] - tap: NOT_RUN: tap

2019-07-05 13:49:56 - [MESSAGE][NOT_RUN] - NOT_RUN: tap]]></system-out>
         <system-err><![CDATA[]]></system-err>
      </testcase>
      <system-out><![CDATA[2019-07-05 13:48:44 - [TEST_SUITE][PASSED] - 01_AddToCart: Test Cases/Home/Reksadana/AddToCart/AddToCart]]></system-out>
      <system-err><![CDATA[]]></system-err>
   </testsuite>
</testsuites>
