<?xml version="1.0" encoding="UTF-8"?>
<testsuites name="AddToCart(Reedem)" time="102" tests="4" failures="0" errors="0">
   <testsuite name="AddToCart(Reedem)" tests="4" failures="0" errors="0" time="102" timestamp="2019-08-21 11:00:54" hostname="fundtastic - 192.168.0.110" id="Test Suites/result/Gold/AddToCart(Reedem)">
      <properties>
         <property name="deviceName" value="emulator-5554 (Android SDK built for x86 - Android 9)"/>
         <property name="devicePlatform" value=""/>
         <property name="logFolder" value="/Users/fundtastic/Documents/QA/QAKatalon/Reports/result/Gold/AddToCart(Reedem)/20190821_110042"/>
         <property name="logFiles" value="/Users/fundtastic/Documents/QA/QAKatalon/Reports/result/Gold/AddToCart(Reedem)/20190821_110042/execution0.log, /Users/fundtastic/Documents/QA/QAKatalon/Reports/result/Gold/AddToCart(Reedem)/20190821_110042/appium.log"/>
         <property name="attachments" value=""/>
         <property name="hostName" value="fundtastic - 192.168.0.110"/>
         <property name="os" value="Mac OS X 64bit"/>
         <property name="katalonVersion" value="5.10.1.1"/>
         <property name="deviceOS" value="Android"/>
         <property name="appiumVersion" value="1.8.1"/>
         <property name="deviceModel" value="Android SDK built for x86"/>
         <property name="hostAddress" value="192.168.0.110"/>
         <property name="deviceManufacturer" value="Google"/>
         <property name="deviceId" value="emulator-5554"/>
         <property name="deviceName" value="emulator-5554 (Android SDK built for x86 - Android 9)"/>
         <property name="deviceOSVersion" value="9"/>
      </properties>
      <testcase name="Test Cases/Login/LoginTrue" classname="Test Cases/Login/LoginTrue" status="PASSED">
         <system-out><![CDATA[2019-08-21 11:00:54 - [TEST_CASE][PASSED] - Test Cases/Login/LoginTrue: Test Cases/Login/LoginTrue

2019-08-21 11:00:55 - [TEST_STEP][PASSED] - startApplication("/Users/fundtastic/Downloads/mobile-debug (dev).apk", true): Started app at: '/Users/fundtastic/Downloads/mobile-debug (dev).apk'

2019-08-21 11:00:57 - [MESSAGE][INFO] - Appium server started on port 52,780

2019-08-21 11:01:12 - [MESSAGE][PASSED] - Started app at: '/Users/fundtastic/Downloads/mobile-debug (dev).apk'

2019-08-21 11:01:12 - [TEST_STEP][PASSED] - verifyElementText(findTestObject("LoginTrue/Mulailah berinvestasi untuk meraih mimpimu"), "Mulailah berinvestasi untuk meraih mimpimu"): Actual text and expected text of test object 'Object Repository/LoginTrue/Mulailah berinvestasi untuk meraih mimpimu' are matched.

2019-08-21 11:01:16 - [MESSAGE][PASSED] - Actual text and expected text of test object 'Object Repository/LoginTrue/Mulailah berinvestasi untuk meraih mimpimu' are matched.

2019-08-21 11:01:16 - [TEST_STEP][PASSED] - for ([i = 0, i < 4, (i++)]): Swiped from 800,1,000 to 10,800

2019-08-21 11:01:16 - [TEST_STEP][PASSED] - tap(findTestObject("LoginTrue/screen_swipe"), 0): Tapped on element 'Object Repository/LoginTrue/screen_swipe'

2019-08-21 11:01:16 - [MESSAGE][WARNING] - Timeout '0' is invalid. Using default page load timeout: '30'

2019-08-21 11:01:19 - [MESSAGE][PASSED] - Tapped on element 'Object Repository/LoginTrue/screen_swipe'

2019-08-21 11:01:19 - [TEST_STEP][PASSED] - swipe(800, 1000, 10, 800): Swiped from 800,1,000 to 10,800

2019-08-21 11:01:21 - [MESSAGE][PASSED] - Swiped from 800,1,000 to 10,800

2019-08-21 11:01:21 - [TEST_STEP][PASSED] - tap(findTestObject("LoginTrue/screen_swipe"), 0): Tapped on element 'Object Repository/LoginTrue/screen_swipe'

2019-08-21 11:01:21 - [MESSAGE][WARNING] - Timeout '0' is invalid. Using default page load timeout: '30'

2019-08-21 11:01:23 - [MESSAGE][PASSED] - Tapped on element 'Object Repository/LoginTrue/screen_swipe'

2019-08-21 11:01:23 - [TEST_STEP][PASSED] - swipe(800, 1000, 10, 800): Swiped from 800,1,000 to 10,800

2019-08-21 11:01:25 - [MESSAGE][PASSED] - Swiped from 800,1,000 to 10,800

2019-08-21 11:01:25 - [TEST_STEP][PASSED] - tap(findTestObject("LoginTrue/screen_swipe"), 0): Tapped on element 'Object Repository/LoginTrue/screen_swipe'

2019-08-21 11:01:25 - [MESSAGE][WARNING] - Timeout '0' is invalid. Using default page load timeout: '30'

2019-08-21 11:01:26 - [MESSAGE][PASSED] - Tapped on element 'Object Repository/LoginTrue/screen_swipe'

2019-08-21 11:01:26 - [TEST_STEP][PASSED] - swipe(800, 1000, 10, 800): Swiped from 800,1,000 to 10,800

2019-08-21 11:01:29 - [MESSAGE][PASSED] - Swiped from 800,1,000 to 10,800

2019-08-21 11:01:29 - [TEST_STEP][PASSED] - tap(findTestObject("LoginTrue/screen_swipe"), 0): Tapped on element 'Object Repository/LoginTrue/screen_swipe'

2019-08-21 11:01:29 - [MESSAGE][WARNING] - Timeout '0' is invalid. Using default page load timeout: '30'

2019-08-21 11:01:30 - [MESSAGE][PASSED] - Tapped on element 'Object Repository/LoginTrue/screen_swipe'

2019-08-21 11:01:30 - [TEST_STEP][PASSED] - swipe(800, 1000, 10, 800): Swiped from 800,1,000 to 10,800

2019-08-21 11:01:33 - [MESSAGE][PASSED] - Swiped from 800,1,000 to 10,800

2019-08-21 11:01:33 - [TEST_STEP][PASSED] - setText(findTestObject("LoginTrue/field_no_phone"), "08777111777", 0): Text '08777111777' has been set to element 'Object Repository/LoginTrue/field_no_phone'

2019-08-21 11:01:33 - [MESSAGE][WARNING] - Timeout '0' is invalid. Using default page load timeout: '30'

2019-08-21 11:01:35 - [MESSAGE][PASSED] - Text '08777111777' has been set to element 'Object Repository/LoginTrue/field_no_phone'

2019-08-21 11:01:35 - [TEST_STEP][PASSED] - tap(findTestObject("LoginTrue/button_masuk"), 0): Tapped on element 'Object Repository/LoginTrue/button_masuk'

2019-08-21 11:01:35 - [MESSAGE][WARNING] - Timeout '0' is invalid. Using default page load timeout: '30'

2019-08-21 11:01:36 - [MESSAGE][PASSED] - Tapped on element 'Object Repository/LoginTrue/button_masuk'

2019-08-21 11:01:36 - [TEST_STEP][PASSED] - delay(3, STOP_ON_FAILURE): Delayed 3 second(s)

2019-08-21 11:01:39 - [MESSAGE][PASSED] - Delayed 3 second(s)

2019-08-21 11:01:39 - [TEST_STEP][PASSED] - verifyElementText(findTestObject("ObjectOTP/TextView - Verifikasi Nomor HP"), "Verifikasi Nomor HP"): Actual text and expected text of test object 'Object Repository/ObjectOTP/TextView - Verifikasi Nomor HP' are matched.

2019-08-21 11:01:40 - [MESSAGE][PASSED] - Actual text and expected text of test object 'Object Repository/ObjectOTP/TextView - Verifikasi Nomor HP' are matched.

2019-08-21 11:01:40 - [TEST_STEP][PASSED] - delay(1, STOP_ON_FAILURE): Delayed 1 second(s)

2019-08-21 11:01:41 - [MESSAGE][PASSED] - Delayed 1 second(s)]]></system-out>
         <system-err><![CDATA[]]></system-err>
      </testcase>
      <testcase name="Test Cases/OTP/LoginOTP" classname="Test Cases/OTP/LoginOTP" status="PASSED">
         <system-out><![CDATA[2019-08-21 11:01:41 - [TEST_CASE][PASSED] - Test Cases/OTP/LoginOTP: Test Cases/OTP/LoginOTP

2019-08-21 11:01:41 - [TEST_STEP][PASSED] - delay(3, STOP_ON_FAILURE): Delayed 3 second(s)

2019-08-21 11:01:44 - [MESSAGE][PASSED] - Delayed 3 second(s)

2019-08-21 11:01:44 - [TEST_STEP][PASSED] - tap(findTestObject("ObjectOTP/Field_OTP"), 0): Tapped on element 'Object Repository/ObjectOTP/Field_OTP'

2019-08-21 11:01:44 - [MESSAGE][WARNING] - Timeout '0' is invalid. Using default page load timeout: '30'

2019-08-21 11:01:45 - [MESSAGE][PASSED] - Tapped on element 'Object Repository/ObjectOTP/Field_OTP'

2019-08-21 11:01:45 - [TEST_STEP][PASSED] - setText(findTestObject("ObjectOTP/Field_OTP"), "8888", 0): Text '8888' has been set to element 'Object Repository/ObjectOTP/Field_OTP'

2019-08-21 11:01:45 - [MESSAGE][WARNING] - Timeout '0' is invalid. Using default page load timeout: '30'

2019-08-21 11:01:46 - [MESSAGE][PASSED] - Text '8888' has been set to element 'Object Repository/ObjectOTP/Field_OTP'

2019-08-21 11:01:46 - [TEST_STEP][PASSED] - delay(2, STOP_ON_FAILURE): Delayed 2 second(s)

2019-08-21 11:01:48 - [MESSAGE][PASSED] - Delayed 2 second(s)

2019-08-21 11:01:48 - [TEST_STEP][PASSED] - tap(findTestObject("ObjectOTP/Btn_Verifikasi1"), 0): Tapped on element 'Object Repository/ObjectOTP/Btn_Verifikasi1'

2019-08-21 11:01:48 - [MESSAGE][WARNING] - Timeout '0' is invalid. Using default page load timeout: '30'

2019-08-21 11:01:49 - [MESSAGE][PASSED] - Tapped on element 'Object Repository/ObjectOTP/Btn_Verifikasi1']]></system-out>
         <system-err><![CDATA[]]></system-err>
      </testcase>
      <testcase name="Test Cases/Home/Home" classname="Test Cases/Home/Home" status="PASSED">
         <system-out><![CDATA[2019-08-21 11:01:49 - [TEST_CASE][PASSED] - Test Cases/Home/Home: Test Cases/Home/Home

2019-08-21 11:01:49 - [TEST_STEP][PASSED] - delay(7, STOP_ON_FAILURE): Delayed 7 second(s)

2019-08-21 11:01:56 - [MESSAGE][PASSED] - Delayed 7 second(s)]]></system-out>
         <system-err><![CDATA[]]></system-err>
      </testcase>
      <testcase name="Test Cases/Home/Gold/addToCart(Reedem)" classname="Test Cases/Home/Gold/addToCart(Reedem)" status="PASSED">
         <system-out><![CDATA[2019-08-21 11:01:56 - [TEST_CASE][PASSED] - Test Cases/Home/Gold/addToCart(Reedem): Test Cases/Home/Gold/addToCart(Reedem)

2019-08-21 11:01:57 - [TEST_STEP][PASSED] - delay(3, STOP_ON_FAILURE): Delayed 3 second(s)

2019-08-21 11:02:00 - [MESSAGE][PASSED] - Delayed 3 second(s)

2019-08-21 11:02:00 - [TEST_STEP][PASSED] - tap(findTestObject("Home/Gold/AddToCart/Reedem/android.widget.FrameLayout10"), 0): Tapped on element 'Object Repository/Home/Gold/AddToCart/Reedem/android.widget.FrameLayout10'

2019-08-21 11:02:00 - [MESSAGE][WARNING] - Timeout '0' is invalid. Using default page load timeout: '30'

2019-08-21 11:02:02 - [MESSAGE][PASSED] - Tapped on element 'Object Repository/Home/Gold/AddToCart/Reedem/android.widget.FrameLayout10'

2019-08-21 11:02:02 - [TEST_STEP][PASSED] - delay(7, STOP_ON_FAILURE): Delayed 7 second(s)

2019-08-21 11:02:09 - [MESSAGE][PASSED] - Delayed 7 second(s)

2019-08-21 11:02:09 - [TEST_STEP][PASSED] - tap(findTestObject("Home/Gold/AddToCart/Reedem/CardEmas2"), 0): Tapped on element 'Object Repository/Home/Gold/AddToCart/Reedem/CardEmas2'

2019-08-21 11:02:09 - [MESSAGE][WARNING] - Timeout '0' is invalid. Using default page load timeout: '30'

2019-08-21 11:02:10 - [MESSAGE][PASSED] - Tapped on element 'Object Repository/Home/Gold/AddToCart/Reedem/CardEmas2'

2019-08-21 11:02:10 - [TEST_STEP][PASSED] - delay(3, STOP_ON_FAILURE): Delayed 3 second(s)

2019-08-21 11:02:13 - [MESSAGE][PASSED] - Delayed 3 second(s)

2019-08-21 11:02:13 - [TEST_STEP][PASSED] - tap(findTestObject("Home/Gold/AddToCart/Reedem/android.widget.LinearLayout26"), 0): Tapped on element 'Object Repository/Home/Gold/AddToCart/Reedem/android.widget.LinearLayout26'

2019-08-21 11:02:13 - [MESSAGE][WARNING] - Timeout '0' is invalid. Using default page load timeout: '30'

2019-08-21 11:02:15 - [MESSAGE][PASSED] - Tapped on element 'Object Repository/Home/Gold/AddToCart/Reedem/android.widget.LinearLayout26'

2019-08-21 11:02:15 - [TEST_STEP][PASSED] - delay(3, STOP_ON_FAILURE): Delayed 3 second(s)

2019-08-21 11:02:18 - [MESSAGE][PASSED] - Delayed 3 second(s)

2019-08-21 11:02:18 - [TEST_STEP][PASSED] - tap(findTestObject("Home/Gold/AddToCart/Reedem/android.widget.LinearLayout3"), 0): Tapped on element 'Object Repository/Home/Gold/AddToCart/Reedem/android.widget.LinearLayout3'

2019-08-21 11:02:18 - [MESSAGE][WARNING] - Timeout '0' is invalid. Using default page load timeout: '30'

2019-08-21 11:02:21 - [MESSAGE][PASSED] - Tapped on element 'Object Repository/Home/Gold/AddToCart/Reedem/android.widget.LinearLayout3'

2019-08-21 11:02:21 - [TEST_STEP][PASSED] - delay(3, STOP_ON_FAILURE): Delayed 3 second(s)

2019-08-21 11:02:24 - [MESSAGE][PASSED] - Delayed 3 second(s)

2019-08-21 11:02:24 - [TEST_STEP][PASSED] - tap(findTestObject("Home/Gold/AddToCart/Reedem/android.widget.RadioButton0 - 0.1 Gram"), 0): Tapped on element 'Object Repository/Home/Gold/AddToCart/Reedem/android.widget.RadioButton0 - 0.1 Gram'

2019-08-21 11:02:24 - [MESSAGE][WARNING] - Timeout '0' is invalid. Using default page load timeout: '30'

2019-08-21 11:02:25 - [MESSAGE][PASSED] - Tapped on element 'Object Repository/Home/Gold/AddToCart/Reedem/android.widget.RadioButton0 - 0.1 Gram'

2019-08-21 11:02:25 - [TEST_STEP][PASSED] - delay(2, STOP_ON_FAILURE): Delayed 2 second(s)

2019-08-21 11:02:27 - [MESSAGE][PASSED] - Delayed 2 second(s)

2019-08-21 11:02:27 - [TEST_STEP][PASSED] - tap(findTestObject("Home/Gold/AddToCart/Reedem/android.widget.LinearLayout3"), 0): Tapped on element 'Object Repository/Home/Gold/AddToCart/Reedem/android.widget.LinearLayout3'

2019-08-21 11:02:27 - [MESSAGE][WARNING] - Timeout '0' is invalid. Using default page load timeout: '30'

2019-08-21 11:02:28 - [MESSAGE][PASSED] - Tapped on element 'Object Repository/Home/Gold/AddToCart/Reedem/android.widget.LinearLayout3'

2019-08-21 11:02:28 - [TEST_STEP][PASSED] - delay(2, STOP_ON_FAILURE): Delayed 2 second(s)

2019-08-21 11:02:30 - [MESSAGE][PASSED] - Delayed 2 second(s)

2019-08-21 11:02:30 - [TEST_STEP][PASSED] - tap(findTestObject("Home/Gold/AddToCart/Reedem/android.widget.RelativeLayout0"), 0): Tapped on element 'Object Repository/Home/Gold/AddToCart/Reedem/android.widget.RelativeLayout0'

2019-08-21 11:02:30 - [MESSAGE][WARNING] - Timeout '0' is invalid. Using default page load timeout: '30'

2019-08-21 11:02:32 - [MESSAGE][PASSED] - Tapped on element 'Object Repository/Home/Gold/AddToCart/Reedem/android.widget.RelativeLayout0'

2019-08-21 11:02:32 - [TEST_STEP][PASSED] - delay(3, STOP_ON_FAILURE): Delayed 3 second(s)

2019-08-21 11:02:35 - [MESSAGE][PASSED] - Delayed 3 second(s)]]></system-out>
         <system-err><![CDATA[]]></system-err>
      </testcase>
      <system-out><![CDATA[2019-08-21 11:00:54 - [TEST_SUITE][PASSED] - AddToCart(Reedem): Test Cases/Home/Gold/addToCart(Reedem)]]></system-out>
      <system-err><![CDATA[]]></system-err>
   </testsuite>
</testsuites>
