<?xml version="1.0" encoding="UTF-8"?>
<testsuites name="01_AddToCart" time="174" tests="3" failures="0" errors="0">
   <testsuite name="01_AddToCart" tests="3" failures="0" errors="0" time="174" timestamp="2019-07-31 10:51:08" hostname="ustore - 192.168.0.120" id="Test Suites/result/Reksadana/AddToCart/01_AddToCart">
      <properties>
         <property name="deviceName" value="emulator-5554 (Android SDK built for x86 - Android 8.0.0)"/>
         <property name="devicePlatform" value=""/>
         <property name="logFolder" value="/Users/ustore/Katalon Studio/Android v1.2/Reports/result/Reksadana/AddToCart/01_AddToCart/20190731_105056"/>
         <property name="logFiles" value="/Users/ustore/Katalon Studio/Android v1.2/Reports/result/Reksadana/AddToCart/01_AddToCart/20190731_105056/execution0.log, /Users/ustore/Katalon Studio/Android v1.2/Reports/result/Reksadana/AddToCart/01_AddToCart/20190731_105056/appium.log"/>
         <property name="attachments" value=""/>
         <property name="hostName" value="ustore - 192.168.0.120"/>
         <property name="os" value="Mac OS X 64bit"/>
         <property name="katalonVersion" value="4.1.0.2"/>
         <property name="deviceOS" value="Android"/>
         <property name="appiumVersion" value="1.8.1"/>
         <property name="deviceModel" value="Android SDK built for x86"/>
         <property name="hostAddress" value="192.168.0.120"/>
         <property name="deviceManufacturer" value="Google"/>
         <property name="deviceId" value="emulator-5554"/>
         <property name="deviceName" value="emulator-5554 (Android SDK built for x86 - Android 8.0.0)"/>
         <property name="deviceOSVersion" value="8.0.0"/>
      </properties>
      <testcase name="Test Cases/Login/LoginTrue" classname="Test Cases/Login/LoginTrue" status="PASSED">
         <system-out><![CDATA[2019-07-31 10:51:09 - [TEST_CASE][PASSED] - Test Cases/Login/LoginTrue: Test Cases/Login/LoginTrue

2019-07-31 10:51:09 - [TEST_STEP][PASSED] - startApplication: Started app at: '/Users/ustore/Downloads/mobile-debug (10).apk'

2019-07-31 10:52:04 - [MESSAGE][PASSED] - Started app at: '/Users/ustore/Downloads/mobile-debug (10).apk'

2019-07-31 10:52:04 - [TEST_STEP][PASSED] - verifyElementText: Actual text and expected text of test object 'Object Repository/LoginTrue/Mulailah berinvestasi untuk meraih mimpimu' are matched.

2019-07-31 10:52:13 - [MESSAGE][PASSED] - Actual text and expected text of test object 'Object Repository/LoginTrue/Mulailah berinvestasi untuk meraih mimpimu' are matched.

2019-07-31 10:52:13 - [TEST_STEP][PASSED] - tap: Tapped on element 'Object Repository/LoginTrue/DP_Rumah'

2019-07-31 10:52:13 - [MESSAGE][WARNING] - Timeout '0' is invalid. Using default page load timeout: '30'

2019-07-31 10:52:14 - [MESSAGE][PASSED] - Tapped on element 'Object Repository/LoginTrue/DP_Rumah'

2019-07-31 10:52:14 - [TEST_STEP][PASSED] - Statement - For ([i = 0, i < 4, (i++)]): Swiped from 800,1,000 to 10,800

2019-07-31 10:52:14 - [TEST_STEP][PASSED] - tap: Tapped on element 'Object Repository/LoginTrue/screen_swipe'

2019-07-31 10:52:14 - [MESSAGE][WARNING] - Timeout '0' is invalid. Using default page load timeout: '30'

2019-07-31 10:52:15 - [MESSAGE][PASSED] - Tapped on element 'Object Repository/LoginTrue/screen_swipe'

2019-07-31 10:52:15 - [TEST_STEP][PASSED] - swipe: Swiped from 800,1,000 to 10,800

2019-07-31 10:52:18 - [MESSAGE][PASSED] - Swiped from 800,1,000 to 10,800

2019-07-31 10:52:18 - [TEST_STEP][PASSED] - tap: Tapped on element 'Object Repository/LoginTrue/screen_swipe'

2019-07-31 10:52:18 - [MESSAGE][WARNING] - Timeout '0' is invalid. Using default page load timeout: '30'

2019-07-31 10:52:19 - [MESSAGE][PASSED] - Tapped on element 'Object Repository/LoginTrue/screen_swipe'

2019-07-31 10:52:19 - [TEST_STEP][PASSED] - swipe: Swiped from 800,1,000 to 10,800

2019-07-31 10:52:21 - [MESSAGE][PASSED] - Swiped from 800,1,000 to 10,800

2019-07-31 10:52:21 - [TEST_STEP][PASSED] - tap: Tapped on element 'Object Repository/LoginTrue/screen_swipe'

2019-07-31 10:52:21 - [MESSAGE][WARNING] - Timeout '0' is invalid. Using default page load timeout: '30'

2019-07-31 10:52:23 - [MESSAGE][PASSED] - Tapped on element 'Object Repository/LoginTrue/screen_swipe'

2019-07-31 10:52:23 - [TEST_STEP][PASSED] - swipe: Swiped from 800,1,000 to 10,800

2019-07-31 10:52:25 - [MESSAGE][PASSED] - Swiped from 800,1,000 to 10,800

2019-07-31 10:52:25 - [TEST_STEP][PASSED] - tap: Tapped on element 'Object Repository/LoginTrue/screen_swipe'

2019-07-31 10:52:25 - [MESSAGE][WARNING] - Timeout '0' is invalid. Using default page load timeout: '30'

2019-07-31 10:52:27 - [MESSAGE][PASSED] - Tapped on element 'Object Repository/LoginTrue/screen_swipe'

2019-07-31 10:52:27 - [TEST_STEP][PASSED] - swipe: Swiped from 800,1,000 to 10,800

2019-07-31 10:52:29 - [MESSAGE][PASSED] - Swiped from 800,1,000 to 10,800

2019-07-31 10:52:29 - [TEST_STEP][PASSED] - setText: Text '081265699666' has been set to element 'Object Repository/LoginTrue/field_no_phone'

2019-07-31 10:52:29 - [MESSAGE][WARNING] - Timeout '0' is invalid. Using default page load timeout: '30'

2019-07-31 10:52:32 - [MESSAGE][PASSED] - Text '081265699666' has been set to element 'Object Repository/LoginTrue/field_no_phone'

2019-07-31 10:52:32 - [TEST_STEP][PASSED] - tap: Tapped on element 'Object Repository/LoginTrue/button_masuk'

2019-07-31 10:52:32 - [MESSAGE][WARNING] - Timeout '0' is invalid. Using default page load timeout: '30'

2019-07-31 10:52:34 - [MESSAGE][PASSED] - Tapped on element 'Object Repository/LoginTrue/button_masuk'

2019-07-31 10:52:34 - [TEST_STEP][PASSED] - delay: Delayed 3 second(s)

2019-07-31 10:52:37 - [MESSAGE][PASSED] - Delayed 3 second(s)

2019-07-31 10:52:37 - [TEST_STEP][PASSED] - verifyElementText: Actual text and expected text of test object 'Object Repository/ObjectOTP/TextView - Verifikasi Nomor HP' are matched.

2019-07-31 10:52:38 - [MESSAGE][PASSED] - Actual text and expected text of test object 'Object Repository/ObjectOTP/TextView - Verifikasi Nomor HP' are matched.]]></system-out>
         <system-err><![CDATA[]]></system-err>
      </testcase>
      <testcase name="Test Cases/OTP/LoginOTP" classname="Test Cases/OTP/LoginOTP" status="PASSED">
         <system-out><![CDATA[2019-07-31 10:52:38 - [TEST_CASE][PASSED] - Test Cases/OTP/LoginOTP: Test Cases/OTP/LoginOTP

2019-07-31 10:52:38 - [TEST_STEP][PASSED] - delay: Delayed 3 second(s)

2019-07-31 10:52:41 - [MESSAGE][PASSED] - Delayed 3 second(s)

2019-07-31 10:52:41 - [TEST_STEP][PASSED] - tap: Tapped on element 'Object Repository/ObjectOTP/Field_OTP'

2019-07-31 10:52:41 - [MESSAGE][WARNING] - Timeout '0' is invalid. Using default page load timeout: '30'

2019-07-31 10:52:43 - [MESSAGE][PASSED] - Tapped on element 'Object Repository/ObjectOTP/Field_OTP'

2019-07-31 10:52:43 - [TEST_STEP][PASSED] - setText: Text '8888' has been set to element 'Object Repository/ObjectOTP/Field_OTP'

2019-07-31 10:52:43 - [MESSAGE][WARNING] - Timeout '0' is invalid. Using default page load timeout: '30'

2019-07-31 10:52:44 - [MESSAGE][PASSED] - Text '8888' has been set to element 'Object Repository/ObjectOTP/Field_OTP'

2019-07-31 10:52:44 - [TEST_STEP][PASSED] - tap: Tapped on element 'Object Repository/ObjectOTP/Button_Verifikasi_Sekarang'

2019-07-31 10:52:44 - [MESSAGE][WARNING] - Timeout '0' is invalid. Using default page load timeout: '30'

2019-07-31 10:52:46 - [MESSAGE][PASSED] - Tapped on element 'Object Repository/ObjectOTP/Button_Verifikasi_Sekarang']]></system-out>
         <system-err><![CDATA[]]></system-err>
      </testcase>
      <testcase name="Test Cases/Home/Reksadana/AddToCart/AddToCart" classname="Test Cases/Home/Reksadana/AddToCart/AddToCart" status="PASSED">
         <system-out><![CDATA[2019-07-31 10:52:46 - [TEST_CASE][PASSED] - Test Cases/Home/Reksadana/AddToCart/AddToCart: Test Cases/Home/Reksadana/AddToCart/AddToCart

2019-07-31 10:52:46 - [TEST_STEP][PASSED] - delay: Delayed 5 second(s)

2019-07-31 10:52:51 - [MESSAGE][PASSED] - Delayed 5 second(s)

2019-07-31 10:52:51 - [TEST_STEP][PASSED] - tap: Tapped on element 'Object Repository/Home/Reksadana/Cart/android.widget.ImageView5'

2019-07-31 10:52:51 - [MESSAGE][WARNING] - Timeout '0' is invalid. Using default page load timeout: '30'

2019-07-31 10:52:54 - [MESSAGE][PASSED] - Tapped on element 'Object Repository/Home/Reksadana/Cart/android.widget.ImageView5'

2019-07-31 10:52:54 - [TEST_STEP][PASSED] - delay: Delayed 5 second(s)

2019-07-31 10:52:59 - [MESSAGE][PASSED] - Delayed 5 second(s)

2019-07-31 10:52:59 - [TEST_STEP][PASSED] - tap: Tapped on element 'Object Repository/Home/Reksadana/Cart/android.widget.TextView4 - Update'

2019-07-31 10:52:59 - [MESSAGE][WARNING] - Timeout '0' is invalid. Using default page load timeout: '30'

2019-07-31 10:53:00 - [MESSAGE][PASSED] - Tapped on element 'Object Repository/Home/Reksadana/Cart/android.widget.TextView4 - Update'

2019-07-31 10:53:00 - [TEST_STEP][PASSED] - delay: Delayed 5 second(s)

2019-07-31 10:53:05 - [MESSAGE][PASSED] - Delayed 5 second(s)

2019-07-31 10:53:05 - [TEST_STEP][PASSED] - tap: Tapped on element 'Object Repository/Home/Reksadana/Cart/android.widget.RadioButton1 - Moderat'

2019-07-31 10:53:05 - [MESSAGE][WARNING] - Timeout '0' is invalid. Using default page load timeout: '30'

2019-07-31 10:53:06 - [MESSAGE][PASSED] - Tapped on element 'Object Repository/Home/Reksadana/Cart/android.widget.RadioButton1 - Moderat'

2019-07-31 10:53:06 - [TEST_STEP][PASSED] - delay: Delayed 5 second(s)

2019-07-31 10:53:11 - [MESSAGE][PASSED] - Delayed 5 second(s)

2019-07-31 10:53:11 - [TEST_STEP][PASSED] - tap: Tapped on element 'Object Repository/Home/Reksadana/Cart/android.widget.LinearLayout6'

2019-07-31 10:53:11 - [MESSAGE][WARNING] - Timeout '0' is invalid. Using default page load timeout: '30'

2019-07-31 10:53:13 - [MESSAGE][PASSED] - Tapped on element 'Object Repository/Home/Reksadana/Cart/android.widget.LinearLayout6'

2019-07-31 10:53:13 - [TEST_STEP][PASSED] - delay: Delayed 7 second(s)

2019-07-31 10:53:20 - [MESSAGE][PASSED] - Delayed 7 second(s)

2019-07-31 10:53:20 - [TEST_STEP][PASSED] - tap: Tapped on element 'Object Repository/Home/Reksadana/Cart/Button_AddToCart'

2019-07-31 10:53:20 - [MESSAGE][WARNING] - Timeout '0' is invalid. Using default page load timeout: '30'

2019-07-31 10:53:22 - [MESSAGE][PASSED] - Tapped on element 'Object Repository/Home/Reksadana/Cart/Button_AddToCart'

2019-07-31 10:53:22 - [TEST_STEP][PASSED] - delay: Delayed 3 second(s)

2019-07-31 10:53:25 - [MESSAGE][PASSED] - Delayed 3 second(s)

2019-07-31 10:53:25 - [TEST_STEP][PASSED] - tap: Tapped on element 'Object Repository/Home/Reksadana/Cart/android.widget.CheckBox0 - Saya telah memahami dan menyetujui isi dari Ketentuan Prospektus dan Fund Sheet produk ini'

2019-07-31 10:53:25 - [MESSAGE][WARNING] - Timeout '0' is invalid. Using default page load timeout: '30'

2019-07-31 10:53:26 - [MESSAGE][PASSED] - Tapped on element 'Object Repository/Home/Reksadana/Cart/android.widget.CheckBox0 - Saya telah memahami dan menyetujui isi dari Ketentuan Prospektus dan Fund Sheet produk ini'

2019-07-31 10:53:26 - [TEST_STEP][PASSED] - delay: Delayed 5 second(s)

2019-07-31 10:53:31 - [MESSAGE][PASSED] - Delayed 5 second(s)

2019-07-31 10:53:31 - [TEST_STEP][PASSED] - tap: Tapped on element 'Object Repository/Home/Reksadana/Cart/android.widget.LinearLayout3'

2019-07-31 10:53:31 - [MESSAGE][WARNING] - Timeout '0' is invalid. Using default page load timeout: '30'

2019-07-31 10:53:32 - [MESSAGE][PASSED] - Tapped on element 'Object Repository/Home/Reksadana/Cart/android.widget.LinearLayout3'

2019-07-31 10:53:32 - [TEST_STEP][PASSED] - delay: Delayed 5 second(s)

2019-07-31 10:53:37 - [MESSAGE][PASSED] - Delayed 5 second(s)

2019-07-31 10:53:37 - [TEST_STEP][PASSED] - tap: Tapped on element 'Object Repository/Home/Reksadana/Cart/com.google.android.material.chip.Chip2 - Rp 300.000'

2019-07-31 10:53:37 - [MESSAGE][WARNING] - Timeout '0' is invalid. Using default page load timeout: '30'

2019-07-31 10:53:38 - [MESSAGE][PASSED] - Tapped on element 'Object Repository/Home/Reksadana/Cart/com.google.android.material.chip.Chip2 - Rp 300.000'

2019-07-31 10:53:38 - [TEST_STEP][PASSED] - delay: Delayed 5 second(s)

2019-07-31 10:53:43 - [MESSAGE][PASSED] - Delayed 5 second(s)

2019-07-31 10:53:43 - [TEST_STEP][PASSED] - tap: Tapped on element 'Object Repository/Home/Reksadana/Cart/android.widget.LinearLayout3 (1)'

2019-07-31 10:53:43 - [MESSAGE][WARNING] - Timeout '0' is invalid. Using default page load timeout: '30'

2019-07-31 10:53:45 - [MESSAGE][PASSED] - Tapped on element 'Object Repository/Home/Reksadana/Cart/android.widget.LinearLayout3 (1)'

2019-07-31 10:53:45 - [TEST_STEP][PASSED] - delay: Delayed 7 second(s)

2019-07-31 10:53:52 - [MESSAGE][PASSED] - Delayed 7 second(s)

2019-07-31 10:53:52 - [TEST_STEP][PASSED] - tap: Tapped on element 'Object Repository/Home/Reksadana/Cart/android.widget.FrameLayout3'

2019-07-31 10:53:52 - [MESSAGE][WARNING] - Timeout '0' is invalid. Using default page load timeout: '30'

2019-07-31 10:53:55 - [MESSAGE][PASSED] - Tapped on element 'Object Repository/Home/Reksadana/Cart/android.widget.FrameLayout3'

2019-07-31 10:53:55 - [TEST_STEP][PASSED] - delay: Delayed 5 second(s)

2019-07-31 10:54:00 - [MESSAGE][PASSED] - Delayed 5 second(s)]]></system-out>
         <system-err><![CDATA[]]></system-err>
      </testcase>
      <system-out><![CDATA[2019-07-31 10:51:08 - [TEST_SUITE][PASSED] - 01_AddToCart: Test Cases/Home/Reksadana/AddToCart/AddToCart]]></system-out>
      <system-err><![CDATA[]]></system-err>
   </testsuite>
</testsuites>
