<?xml version="1.0" encoding="UTF-8"?>
<testsuites name="Top_Up" time="148" tests="3" failures="0" errors="0">
   <testsuite name="Top_Up" tests="3" failures="0" errors="0" time="148" timestamp="2019-07-09 15:11:11" hostname="ustore - 192.168.0.120" id="Test Suites/result/Reksadana/Portolio/Top_Up">
      <properties>
         <property name="deviceName" value="emulator-5554 (Android SDK built for x86 - Android 9)"/>
         <property name="devicePlatform" value=""/>
         <property name="logFolder" value="/Users/ustore/Katalon Studio/Android v1.2/Reports/result/Reksadana/Portolio/Top_Up/20190709_151056"/>
         <property name="logFiles" value="/Users/ustore/Katalon Studio/Android v1.2/Reports/result/Reksadana/Portolio/Top_Up/20190709_151056/execution0.log, /Users/ustore/Katalon Studio/Android v1.2/Reports/result/Reksadana/Portolio/Top_Up/20190709_151056/appium.log"/>
         <property name="attachments" value=""/>
         <property name="hostName" value="ustore - 192.168.0.120"/>
         <property name="os" value="Mac OS X 64bit"/>
         <property name="katalonVersion" value="4.1.0.2"/>
         <property name="deviceOS" value="Android"/>
         <property name="appiumVersion" value="1.8.1"/>
         <property name="deviceModel" value="Android SDK built for x86"/>
         <property name="hostAddress" value="192.168.0.120"/>
         <property name="deviceManufacturer" value="Google"/>
         <property name="deviceId" value="emulator-5554"/>
         <property name="deviceName" value="emulator-5554 (Android SDK built for x86 - Android 9)"/>
         <property name="deviceOSVersion" value="9"/>
      </properties>
      <testcase name="Test Cases/Login/LoginTrue" classname="Test Cases/Login/LoginTrue" status="PASSED">
         <system-out><![CDATA[2019-07-09 15:11:11 - [TEST_CASE][PASSED] - Test Cases/Login/LoginTrue: Test Cases/Login/LoginTrue

2019-07-09 15:11:12 - [TEST_STEP][PASSED] - startApplication: Started app at: '/Users/ustore/Downloads/Development.apk'

2019-07-09 15:11:30 - [MESSAGE][PASSED] - Started app at: '/Users/ustore/Downloads/Development.apk'

2019-07-09 15:11:30 - [TEST_STEP][PASSED] - verifyElementText: Actual text and expected text of test object 'Object Repository/LoginTrue/Mulailah berinvestasi untuk meraih mimpimu' are matched.

2019-07-09 15:11:34 - [MESSAGE][PASSED] - Actual text and expected text of test object 'Object Repository/LoginTrue/Mulailah berinvestasi untuk meraih mimpimu' are matched.

2019-07-09 15:11:34 - [TEST_STEP][PASSED] - tap: Tapped on element 'Object Repository/LoginTrue/DP_Rumah'

2019-07-09 15:11:34 - [MESSAGE][WARNING] - Timeout '0' is invalid. Using default page load timeout: '30'

2019-07-09 15:11:37 - [MESSAGE][PASSED] - Tapped on element 'Object Repository/LoginTrue/DP_Rumah'

2019-07-09 15:11:37 - [TEST_STEP][PASSED] - Statement - For ([i = 0, i < 4, (i++)]): Swiped from 800,1,000 to 10,800

2019-07-09 15:11:37 - [TEST_STEP][PASSED] - tap: Tapped on element 'Object Repository/LoginTrue/screen_swipe'

2019-07-09 15:11:37 - [MESSAGE][WARNING] - Timeout '0' is invalid. Using default page load timeout: '30'

2019-07-09 15:11:38 - [MESSAGE][PASSED] - Tapped on element 'Object Repository/LoginTrue/screen_swipe'

2019-07-09 15:11:38 - [TEST_STEP][PASSED] - swipe: Swiped from 800,1,000 to 10,800

2019-07-09 15:11:40 - [MESSAGE][PASSED] - Swiped from 800,1,000 to 10,800

2019-07-09 15:11:40 - [TEST_STEP][PASSED] - tap: Tapped on element 'Object Repository/LoginTrue/screen_swipe'

2019-07-09 15:11:40 - [MESSAGE][WARNING] - Timeout '0' is invalid. Using default page load timeout: '30'

2019-07-09 15:11:42 - [MESSAGE][PASSED] - Tapped on element 'Object Repository/LoginTrue/screen_swipe'

2019-07-09 15:11:42 - [TEST_STEP][PASSED] - swipe: Swiped from 800,1,000 to 10,800

2019-07-09 15:11:44 - [MESSAGE][PASSED] - Swiped from 800,1,000 to 10,800

2019-07-09 15:11:44 - [TEST_STEP][PASSED] - tap: Tapped on element 'Object Repository/LoginTrue/screen_swipe'

2019-07-09 15:11:44 - [MESSAGE][WARNING] - Timeout '0' is invalid. Using default page load timeout: '30'

2019-07-09 15:11:45 - [MESSAGE][PASSED] - Tapped on element 'Object Repository/LoginTrue/screen_swipe'

2019-07-09 15:11:45 - [TEST_STEP][PASSED] - swipe: Swiped from 800,1,000 to 10,800

2019-07-09 15:11:48 - [MESSAGE][PASSED] - Swiped from 800,1,000 to 10,800

2019-07-09 15:11:48 - [TEST_STEP][PASSED] - tap: Tapped on element 'Object Repository/LoginTrue/screen_swipe'

2019-07-09 15:11:48 - [MESSAGE][WARNING] - Timeout '0' is invalid. Using default page load timeout: '30'

2019-07-09 15:11:52 - [MESSAGE][PASSED] - Tapped on element 'Object Repository/LoginTrue/screen_swipe'

2019-07-09 15:11:52 - [TEST_STEP][PASSED] - swipe: Swiped from 800,1,000 to 10,800

2019-07-09 15:11:54 - [MESSAGE][PASSED] - Swiped from 800,1,000 to 10,800

2019-07-09 15:11:54 - [TEST_STEP][PASSED] - setText: Text '081215161452' has been set to element 'Object Repository/LoginTrue/field_no_phone'

2019-07-09 15:11:54 - [MESSAGE][WARNING] - Timeout '0' is invalid. Using default page load timeout: '30'

2019-07-09 15:11:56 - [MESSAGE][PASSED] - Text '081215161452' has been set to element 'Object Repository/LoginTrue/field_no_phone'

2019-07-09 15:11:56 - [TEST_STEP][PASSED] - tap: Tapped on element 'Object Repository/LoginTrue/button_masuk'

2019-07-09 15:11:56 - [MESSAGE][WARNING] - Timeout '0' is invalid. Using default page load timeout: '30'

2019-07-09 15:11:57 - [MESSAGE][PASSED] - Tapped on element 'Object Repository/LoginTrue/button_masuk'

2019-07-09 15:11:57 - [TEST_STEP][PASSED] - delay: Delayed 3 second(s)

2019-07-09 15:12:00 - [MESSAGE][PASSED] - Delayed 3 second(s)

2019-07-09 15:12:00 - [TEST_STEP][PASSED] - verifyElementText: Actual text and expected text of test object 'Object Repository/ObjectOTP/TextView - Verifikasi Nomor HP' are matched.

2019-07-09 15:12:02 - [MESSAGE][PASSED] - Actual text and expected text of test object 'Object Repository/ObjectOTP/TextView - Verifikasi Nomor HP' are matched.]]></system-out>
         <system-err><![CDATA[]]></system-err>
      </testcase>
      <testcase name="Test Cases/OTP/LoginOTP" classname="Test Cases/OTP/LoginOTP" status="PASSED">
         <system-out><![CDATA[2019-07-09 15:12:02 - [TEST_CASE][PASSED] - Test Cases/OTP/LoginOTP: Test Cases/OTP/LoginOTP

2019-07-09 15:12:02 - [TEST_STEP][PASSED] - delay: Delayed 3 second(s)

2019-07-09 15:12:05 - [MESSAGE][PASSED] - Delayed 3 second(s)

2019-07-09 15:12:05 - [TEST_STEP][PASSED] - tap: Tapped on element 'Object Repository/ObjectOTP/Field_OTP'

2019-07-09 15:12:05 - [MESSAGE][WARNING] - Timeout '0' is invalid. Using default page load timeout: '30'

2019-07-09 15:12:07 - [MESSAGE][PASSED] - Tapped on element 'Object Repository/ObjectOTP/Field_OTP'

2019-07-09 15:12:07 - [TEST_STEP][PASSED] - setText: Text '8888' has been set to element 'Object Repository/ObjectOTP/Field_OTP'

2019-07-09 15:12:07 - [MESSAGE][WARNING] - Timeout '0' is invalid. Using default page load timeout: '30'

2019-07-09 15:12:08 - [MESSAGE][PASSED] - Text '8888' has been set to element 'Object Repository/ObjectOTP/Field_OTP'

2019-07-09 15:12:08 - [TEST_STEP][PASSED] - tap: Tapped on element 'Object Repository/ObjectOTP/Button_Verifikasi_Sekarang'

2019-07-09 15:12:08 - [MESSAGE][WARNING] - Timeout '0' is invalid. Using default page load timeout: '30'

2019-07-09 15:12:10 - [MESSAGE][PASSED] - Tapped on element 'Object Repository/ObjectOTP/Button_Verifikasi_Sekarang']]></system-out>
         <system-err><![CDATA[]]></system-err>
      </testcase>
      <testcase name="Test Cases/Home/Portfolio/TopUP" classname="Test Cases/Home/Portfolio/TopUP" status="PASSED">
         <system-out><![CDATA[2019-07-09 15:12:10 - [TEST_CASE][PASSED] - Test Cases/Home/Portfolio/TopUP: Test Cases/Home/Portfolio/TopUP

2019-07-09 15:12:10 - [TEST_STEP][PASSED] - delay: Delayed 5 second(s)

2019-07-09 15:12:15 - [MESSAGE][PASSED] - Delayed 5 second(s)

2019-07-09 15:12:15 - [TEST_STEP][PASSED] - tap: Tapped on element 'Object Repository/Home/Portfolio/TopUP/android.widget.TextView11 - Portofolio'

2019-07-09 15:12:17 - [MESSAGE][PASSED] - Tapped on element 'Object Repository/Home/Portfolio/TopUP/android.widget.TextView11 - Portofolio'

2019-07-09 15:12:17 - [TEST_STEP][PASSED] - delay: Delayed 10 second(s)

2019-07-09 15:12:27 - [MESSAGE][PASSED] - Delayed 10 second(s)

2019-07-09 15:12:27 - [TEST_STEP][PASSED] - tap: Tapped on element 'Object Repository/Home/Portfolio/TopUP/Card_Reksa1'

2019-07-09 15:12:28 - [MESSAGE][PASSED] - Tapped on element 'Object Repository/Home/Portfolio/TopUP/Card_Reksa1'

2019-07-09 15:12:28 - [TEST_STEP][PASSED] - delay: Delayed 5 second(s)

2019-07-09 15:12:33 - [MESSAGE][PASSED] - Delayed 5 second(s)

2019-07-09 15:12:33 - [TEST_STEP][PASSED] - tap: Tapped on element 'Object Repository/Home/Portfolio/TopUP/Button_TopUp'

2019-07-09 15:12:33 - [MESSAGE][WARNING] - Timeout '0' is invalid. Using default page load timeout: '30'

2019-07-09 15:12:37 - [MESSAGE][PASSED] - Tapped on element 'Object Repository/Home/Portfolio/TopUP/Button_TopUp'

2019-07-09 15:12:37 - [TEST_STEP][PASSED] - delay: Delayed 3 second(s)

2019-07-09 15:12:40 - [MESSAGE][PASSED] - Delayed 3 second(s)

2019-07-09 15:12:40 - [TEST_STEP][PASSED] - tap: Tapped on element 'Object Repository/Home/Portfolio/TopUP/Field_Checkbox'

2019-07-09 15:12:40 - [MESSAGE][WARNING] - Timeout '0' is invalid. Using default page load timeout: '30'

2019-07-09 15:12:41 - [MESSAGE][PASSED] - Tapped on element 'Object Repository/Home/Portfolio/TopUP/Field_Checkbox'

2019-07-09 15:12:41 - [TEST_STEP][PASSED] - delay: Delayed 3 second(s)

2019-07-09 15:12:44 - [MESSAGE][PASSED] - Delayed 3 second(s)

2019-07-09 15:12:44 - [TEST_STEP][PASSED] - tap: Tapped on element 'Object Repository/Home/Portfolio/TopUP/Button_Lanjutkan'

2019-07-09 15:12:44 - [MESSAGE][WARNING] - Timeout '0' is invalid. Using default page load timeout: '30'

2019-07-09 15:12:47 - [MESSAGE][PASSED] - Tapped on element 'Object Repository/Home/Portfolio/TopUP/Button_Lanjutkan'

2019-07-09 15:12:47 - [TEST_STEP][PASSED] - delay: Delayed 5 second(s)

2019-07-09 15:12:52 - [MESSAGE][PASSED] - Delayed 5 second(s)

2019-07-09 15:12:52 - [TEST_STEP][PASSED] - tap: Tapped on element 'Object Repository/Home/Portfolio/TopUP/Button_Beli'

2019-07-09 15:12:52 - [MESSAGE][WARNING] - Timeout '0' is invalid. Using default page load timeout: '30'

2019-07-09 15:12:53 - [MESSAGE][PASSED] - Tapped on element 'Object Repository/Home/Portfolio/TopUP/Button_Beli'

2019-07-09 15:12:53 - [TEST_STEP][PASSED] - delay: Delayed 3 second(s)

2019-07-09 15:12:56 - [MESSAGE][PASSED] - Delayed 3 second(s)

2019-07-09 15:12:56 - [TEST_STEP][PASSED] - tap: Tapped on element 'Object Repository/Home/Portfolio/TopUP/Rp200'

2019-07-09 15:12:56 - [MESSAGE][WARNING] - Timeout '0' is invalid. Using default page load timeout: '30'

2019-07-09 15:12:57 - [MESSAGE][PASSED] - Tapped on element 'Object Repository/Home/Portfolio/TopUP/Rp200'

2019-07-09 15:12:57 - [TEST_STEP][PASSED] - tap: Tapped on element 'Object Repository/Home/Portfolio/TopUP/Button_Beli'

2019-07-09 15:12:57 - [MESSAGE][WARNING] - Timeout '0' is invalid. Using default page load timeout: '30'

2019-07-09 15:13:00 - [MESSAGE][PASSED] - Tapped on element 'Object Repository/Home/Portfolio/TopUP/Button_Beli'

2019-07-09 15:13:00 - [TEST_STEP][PASSED] - delay: Delayed 5 second(s)

2019-07-09 15:13:05 - [MESSAGE][PASSED] - Delayed 5 second(s)

2019-07-09 15:13:05 - [TEST_STEP][PASSED] - tap: Tapped on element 'Object Repository/Home/Portfolio/TopUP/Button_SemuaPromo'

2019-07-09 15:13:05 - [MESSAGE][WARNING] - Timeout '0' is invalid. Using default page load timeout: '30'

2019-07-09 15:13:06 - [MESSAGE][PASSED] - Tapped on element 'Object Repository/Home/Portfolio/TopUP/Button_SemuaPromo'

2019-07-09 15:13:06 - [TEST_STEP][PASSED] - delay: Delayed 5 second(s)

2019-07-09 15:13:11 - [MESSAGE][PASSED] - Delayed 5 second(s)

2019-07-09 15:13:11 - [TEST_STEP][PASSED] - tap: Tapped on element 'Object Repository/Home/Portfolio/TopUP/Button_Salin'

2019-07-09 15:13:11 - [MESSAGE][WARNING] - Timeout '0' is invalid. Using default page load timeout: '30'

2019-07-09 15:13:15 - [MESSAGE][PASSED] - Tapped on element 'Object Repository/Home/Portfolio/TopUP/Button_Salin'

2019-07-09 15:13:15 - [TEST_STEP][PASSED] - delay: Delayed 2 second(s)

2019-07-09 15:13:17 - [MESSAGE][PASSED] - Delayed 2 second(s)

2019-07-09 15:13:17 - [TEST_STEP][PASSED] - tap: Tapped on element 'Object Repository/Home/Portfolio/TopUP/android.widget.ImageButton0'

2019-07-09 15:13:17 - [MESSAGE][WARNING] - Timeout '0' is invalid. Using default page load timeout: '30'

2019-07-09 15:13:18 - [MESSAGE][PASSED] - Tapped on element 'Object Repository/Home/Portfolio/TopUP/android.widget.ImageButton0'

2019-07-09 15:13:18 - [TEST_STEP][PASSED] - delay: Delayed 3 second(s)

2019-07-09 15:13:21 - [MESSAGE][PASSED] - Delayed 3 second(s)

2019-07-09 15:13:21 - [TEST_STEP][PASSED] - tap: Tapped on element 'Object Repository/Home/Portfolio/TopUP/android.widget.Button0 - Gunakan'

2019-07-09 15:13:21 - [MESSAGE][WARNING] - Timeout '0' is invalid. Using default page load timeout: '30'

2019-07-09 15:13:24 - [MESSAGE][PASSED] - Tapped on element 'Object Repository/Home/Portfolio/TopUP/android.widget.Button0 - Gunakan'

2019-07-09 15:13:24 - [TEST_STEP][PASSED] - setText: Text 'Invest100' has been set to element 'Object Repository/Home/Portfolio/TopUP/android.widget.EditText0 - Kode Promo'

2019-07-09 15:13:24 - [MESSAGE][WARNING] - Timeout '0' is invalid. Using default page load timeout: '30'

2019-07-09 15:13:26 - [MESSAGE][PASSED] - Text 'Invest100' has been set to element 'Object Repository/Home/Portfolio/TopUP/android.widget.EditText0 - Kode Promo'

2019-07-09 15:13:26 - [TEST_STEP][PASSED] - delay: Delayed 3 second(s)

2019-07-09 15:13:29 - [MESSAGE][PASSED] - Delayed 3 second(s)

2019-07-09 15:13:29 - [TEST_STEP][PASSED] - tap: Tapped on element 'Object Repository/Home/Portfolio/TopUP/android.widget.TextView1 - Gunakan Kode Promo'

2019-07-09 15:13:29 - [MESSAGE][WARNING] - Timeout '0' is invalid. Using default page load timeout: '30'

2019-07-09 15:13:31 - [MESSAGE][PASSED] - Tapped on element 'Object Repository/Home/Portfolio/TopUP/android.widget.TextView1 - Gunakan Kode Promo'

2019-07-09 15:13:31 - [TEST_STEP][PASSED] - delay: Delayed 3 second(s)

2019-07-09 15:13:34 - [MESSAGE][PASSED] - Delayed 3 second(s)

2019-07-09 15:13:34 - [TEST_STEP][PASSED] - tap: Tapped on element 'Object Repository/Home/Portfolio/TopUP/android.view.View0'

2019-07-09 15:13:34 - [MESSAGE][WARNING] - Timeout '0' is invalid. Using default page load timeout: '30'

2019-07-09 15:13:37 - [MESSAGE][PASSED] - Tapped on element 'Object Repository/Home/Portfolio/TopUP/android.view.View0']]></system-out>
         <system-err><![CDATA[]]></system-err>
      </testcase>
      <system-out><![CDATA[2019-07-09 15:11:11 - [TEST_SUITE][PASSED] - Top_Up: Test Cases/Home/Portfolio/TopUP]]></system-out>
      <system-err><![CDATA[]]></system-err>
   </testsuite>
</testsuites>
