<?xml version="1.0" encoding="UTF-8"?>
<testsuites name="SyaratDanKetentuan" time="93" tests="3" failures="0" errors="0">
   <testsuite name="SyaratDanKetentuan" tests="3" failures="0" errors="0" time="93" timestamp="2019-08-20 15:55:33" hostname="ustore - 192.168.0.120" id="Test Suites/result/Profile/SyaratDanKetentuan">
      <properties>
         <property name="deviceName" value="emulator-5554 (Android SDK built for x86 - Android 8.1.0)"/>
         <property name="devicePlatform" value=""/>
         <property name="logFolder" value="/Users/ustore/Documents/katalon/QAKatalon/Reports/result/Profile/SyaratDanKetentuan/20190820_155518"/>
         <property name="logFiles" value="/Users/ustore/Documents/katalon/QAKatalon/Reports/result/Profile/SyaratDanKetentuan/20190820_155518/execution0.log, /Users/ustore/Documents/katalon/QAKatalon/Reports/result/Profile/SyaratDanKetentuan/20190820_155518/appium.log"/>
         <property name="attachments" value=""/>
         <property name="hostName" value="ustore - 192.168.0.120"/>
         <property name="os" value="Mac OS X 64bit"/>
         <property name="katalonVersion" value="4.1.0.2"/>
         <property name="deviceOS" value="Android"/>
         <property name="appiumVersion" value="1.8.1"/>
         <property name="deviceModel" value="Android SDK built for x86"/>
         <property name="hostAddress" value="192.168.0.120"/>
         <property name="deviceManufacturer" value="Google"/>
         <property name="deviceId" value="emulator-5554"/>
         <property name="deviceName" value="emulator-5554 (Android SDK built for x86 - Android 8.1.0)"/>
         <property name="deviceOSVersion" value="8.1.0"/>
      </properties>
      <testcase name="Test Cases/Login/LoginTrue" classname="Test Cases/Login/LoginTrue" status="PASSED">
         <system-out><![CDATA[2019-08-20 15:55:33 - [TEST_CASE][PASSED] - Test Cases/Login/LoginTrue: Test Cases/Login/LoginTrue

2019-08-20 15:55:34 - [TEST_STEP][PASSED] - startApplication: Started app at: '/Users/ustore/Downloads/mobile-debug (2).apk'

2019-08-20 15:56:07 - [MESSAGE][PASSED] - Started app at: '/Users/ustore/Downloads/mobile-debug (2).apk'

2019-08-20 15:56:07 - [TEST_STEP][PASSED] - verifyElementText: Actual text and expected text of test object 'Object Repository/LoginTrue/Mulailah berinvestasi untuk meraih mimpimu' are matched.

2019-08-20 15:56:13 - [MESSAGE][PASSED] - Actual text and expected text of test object 'Object Repository/LoginTrue/Mulailah berinvestasi untuk meraih mimpimu' are matched.

2019-08-20 15:56:13 - [TEST_STEP][PASSED] - Statement - For ([i = 0, i < 4, (i++)]): Swiped from 800,1,000 to 10,800

2019-08-20 15:56:13 - [TEST_STEP][PASSED] - tap: Tapped on element 'Object Repository/LoginTrue/screen_swipe'

2019-08-20 15:56:13 - [MESSAGE][WARNING] - Timeout '0' is invalid. Using default page load timeout: '30'

2019-08-20 15:56:16 - [MESSAGE][PASSED] - Tapped on element 'Object Repository/LoginTrue/screen_swipe'

2019-08-20 15:56:16 - [TEST_STEP][PASSED] - swipe: Swiped from 800,1,000 to 10,800

2019-08-20 15:56:18 - [MESSAGE][PASSED] - Swiped from 800,1,000 to 10,800

2019-08-20 15:56:18 - [TEST_STEP][PASSED] - tap: Tapped on element 'Object Repository/LoginTrue/screen_swipe'

2019-08-20 15:56:18 - [MESSAGE][WARNING] - Timeout '0' is invalid. Using default page load timeout: '30'

2019-08-20 15:56:20 - [MESSAGE][PASSED] - Tapped on element 'Object Repository/LoginTrue/screen_swipe'

2019-08-20 15:56:20 - [TEST_STEP][PASSED] - swipe: Swiped from 800,1,000 to 10,800

2019-08-20 15:56:22 - [MESSAGE][PASSED] - Swiped from 800,1,000 to 10,800

2019-08-20 15:56:22 - [TEST_STEP][PASSED] - tap: Tapped on element 'Object Repository/LoginTrue/screen_swipe'

2019-08-20 15:56:22 - [MESSAGE][WARNING] - Timeout '0' is invalid. Using default page load timeout: '30'

2019-08-20 15:56:23 - [MESSAGE][PASSED] - Tapped on element 'Object Repository/LoginTrue/screen_swipe'

2019-08-20 15:56:23 - [TEST_STEP][PASSED] - swipe: Swiped from 800,1,000 to 10,800

2019-08-20 15:56:25 - [MESSAGE][PASSED] - Swiped from 800,1,000 to 10,800

2019-08-20 15:56:26 - [TEST_STEP][PASSED] - tap: Tapped on element 'Object Repository/LoginTrue/screen_swipe'

2019-08-20 15:56:26 - [MESSAGE][WARNING] - Timeout '0' is invalid. Using default page load timeout: '30'

2019-08-20 15:56:28 - [MESSAGE][PASSED] - Tapped on element 'Object Repository/LoginTrue/screen_swipe'

2019-08-20 15:56:28 - [TEST_STEP][PASSED] - swipe: Swiped from 800,1,000 to 10,800

2019-08-20 15:56:31 - [MESSAGE][PASSED] - Swiped from 800,1,000 to 10,800

2019-08-20 15:56:31 - [TEST_STEP][PASSED] - setText: Text '08777111777' has been set to element 'Object Repository/LoginTrue/field_no_phone'

2019-08-20 15:56:31 - [MESSAGE][WARNING] - Timeout '0' is invalid. Using default page load timeout: '30'

2019-08-20 15:56:33 - [MESSAGE][PASSED] - Text '08777111777' has been set to element 'Object Repository/LoginTrue/field_no_phone'

2019-08-20 15:56:33 - [TEST_STEP][PASSED] - tap: Tapped on element 'Object Repository/LoginTrue/button_masuk'

2019-08-20 15:56:33 - [MESSAGE][WARNING] - Timeout '0' is invalid. Using default page load timeout: '30'

2019-08-20 15:56:35 - [MESSAGE][PASSED] - Tapped on element 'Object Repository/LoginTrue/button_masuk'

2019-08-20 15:56:35 - [TEST_STEP][PASSED] - delay: Delayed 3 second(s)

2019-08-20 15:56:38 - [MESSAGE][PASSED] - Delayed 3 second(s)

2019-08-20 15:56:38 - [TEST_STEP][PASSED] - verifyElementText: Actual text and expected text of test object 'Object Repository/ObjectOTP/TextView - Verifikasi Nomor HP' are matched.

2019-08-20 15:56:38 - [MESSAGE][PASSED] - Actual text and expected text of test object 'Object Repository/ObjectOTP/TextView - Verifikasi Nomor HP' are matched.

2019-08-20 15:56:38 - [TEST_STEP][PASSED] - delay: Delayed 1 second(s)

2019-08-20 15:56:39 - [MESSAGE][PASSED] - Delayed 1 second(s)]]></system-out>
         <system-err><![CDATA[]]></system-err>
      </testcase>
      <testcase name="Test Cases/OTP/LoginOTP" classname="Test Cases/OTP/LoginOTP" status="PASSED">
         <system-out><![CDATA[2019-08-20 15:56:39 - [TEST_CASE][PASSED] - Test Cases/OTP/LoginOTP: Test Cases/OTP/LoginOTP

2019-08-20 15:56:39 - [TEST_STEP][PASSED] - delay: Delayed 3 second(s)

2019-08-20 15:56:42 - [MESSAGE][PASSED] - Delayed 3 second(s)

2019-08-20 15:56:42 - [TEST_STEP][PASSED] - tap: Tapped on element 'Object Repository/ObjectOTP/Field_OTP'

2019-08-20 15:56:42 - [MESSAGE][WARNING] - Timeout '0' is invalid. Using default page load timeout: '30'

2019-08-20 15:56:44 - [MESSAGE][PASSED] - Tapped on element 'Object Repository/ObjectOTP/Field_OTP'

2019-08-20 15:56:44 - [TEST_STEP][PASSED] - setText: Text '8888' has been set to element 'Object Repository/ObjectOTP/Field_OTP'

2019-08-20 15:56:44 - [MESSAGE][WARNING] - Timeout '0' is invalid. Using default page load timeout: '30'

2019-08-20 15:56:45 - [MESSAGE][PASSED] - Text '8888' has been set to element 'Object Repository/ObjectOTP/Field_OTP'

2019-08-20 15:56:45 - [TEST_STEP][PASSED] - delay: Delayed 2 second(s)

2019-08-20 15:56:47 - [MESSAGE][PASSED] - Delayed 2 second(s)

2019-08-20 15:56:47 - [TEST_STEP][PASSED] - tap: Tapped on element 'Object Repository/ObjectOTP/Btn_Verifikasi1'

2019-08-20 15:56:47 - [MESSAGE][WARNING] - Timeout '0' is invalid. Using default page load timeout: '30'

2019-08-20 15:56:49 - [MESSAGE][PASSED] - Tapped on element 'Object Repository/ObjectOTP/Btn_Verifikasi1']]></system-out>
         <system-err><![CDATA[]]></system-err>
      </testcase>
      <testcase name="Test Cases/Profile/SyaratDanKetentuan" classname="Test Cases/Profile/SyaratDanKetentuan" status="PASSED">
         <system-out><![CDATA[2019-08-20 15:56:49 - [TEST_CASE][PASSED] - Test Cases/Profile/SyaratDanKetentuan: Test Cases/Profile/SyaratDanKetentuan

2019-08-20 15:56:49 - [TEST_STEP][PASSED] - delay: Delayed 3 second(s)

2019-08-20 15:56:52 - [MESSAGE][PASSED] - Delayed 3 second(s)

2019-08-20 15:56:52 - [TEST_STEP][PASSED] - tap: Tapped on element 'Object Repository/Profile/android.widget.FrameLayout14 (4)'

2019-08-20 15:56:52 - [MESSAGE][WARNING] - Timeout '0' is invalid. Using default page load timeout: '30'

2019-08-20 15:56:53 - [MESSAGE][PASSED] - Tapped on element 'Object Repository/Profile/android.widget.FrameLayout14 (4)'

2019-08-20 15:56:53 - [TEST_STEP][PASSED] - delay: Delayed 3 second(s)

2019-08-20 15:56:56 - [MESSAGE][PASSED] - Delayed 3 second(s)

2019-08-20 15:56:56 - [TEST_STEP][PASSED] - tap: Tapped on element 'Object Repository/Profile/android.widget.LinearLayout12'

2019-08-20 15:56:56 - [MESSAGE][WARNING] - Timeout '0' is invalid. Using default page load timeout: '30'

2019-08-20 15:57:00 - [MESSAGE][PASSED] - Tapped on element 'Object Repository/Profile/android.widget.LinearLayout12'

2019-08-20 15:57:00 - [TEST_STEP][PASSED] - delay: Delayed 3 second(s)

2019-08-20 15:57:03 - [MESSAGE][PASSED] - Delayed 3 second(s)

2019-08-20 15:57:03 - [TEST_STEP][PASSED] - closeApplication: Close app successfully

2019-08-20 15:57:06 - [MESSAGE][PASSED] - Close app successfully]]></system-out>
         <system-err><![CDATA[]]></system-err>
      </testcase>
      <system-out><![CDATA[2019-08-20 15:55:33 - [TEST_SUITE][PASSED] - SyaratDanKetentuan: Test Cases/Profile/SyaratDanKetentuan]]></system-out>
      <system-err><![CDATA[]]></system-err>
   </testsuite>
</testsuites>
