<?xml version="1.0" encoding="UTF-8"?>
<testsuites name="ListUpdateTerbaru" time="78" tests="3" failures="0" errors="0">
   <testsuite name="ListUpdateTerbaru" tests="3" failures="0" errors="0" time="78" timestamp="2019-07-11 15:45:25" hostname="ustore - 192.168.0.120" id="Test Suites/result/Home/ListUpdateTerbaru">
      <properties>
         <property name="deviceName" value="emulator-5554 (Android SDK built for x86 - Android 9)"/>
         <property name="devicePlatform" value=""/>
         <property name="logFolder" value="/Users/ustore/Katalon Studio/Android v1.2/Reports/result/Home/ListUpdateTerbaru/20190711_154513"/>
         <property name="logFiles" value="/Users/ustore/Katalon Studio/Android v1.2/Reports/result/Home/ListUpdateTerbaru/20190711_154513/execution0.log, /Users/ustore/Katalon Studio/Android v1.2/Reports/result/Home/ListUpdateTerbaru/20190711_154513/appium.log"/>
         <property name="attachments" value=""/>
         <property name="hostName" value="ustore - 192.168.0.120"/>
         <property name="os" value="Mac OS X 64bit"/>
         <property name="katalonVersion" value="4.1.0.2"/>
         <property name="deviceOS" value="Android"/>
         <property name="appiumVersion" value="1.8.1"/>
         <property name="deviceModel" value="Android SDK built for x86"/>
         <property name="hostAddress" value="192.168.0.120"/>
         <property name="deviceManufacturer" value="Google"/>
         <property name="deviceId" value="emulator-5554"/>
         <property name="deviceName" value="emulator-5554 (Android SDK built for x86 - Android 9)"/>
         <property name="deviceOSVersion" value="9"/>
      </properties>
      <testcase name="Test Cases/Login/LoginTrue" classname="Test Cases/Login/LoginTrue" status="PASSED">
         <system-out><![CDATA[2019-07-11 15:45:26 - [TEST_CASE][PASSED] - Test Cases/Login/LoginTrue: Test Cases/Login/LoginTrue

2019-07-11 15:45:27 - [TEST_STEP][PASSED] - startApplication: Started app at: '/Users/ustore/Downloads/Development.apk'

2019-07-11 15:45:45 - [MESSAGE][PASSED] - Started app at: '/Users/ustore/Downloads/Development.apk'

2019-07-11 15:45:45 - [TEST_STEP][PASSED] - verifyElementText: Actual text and expected text of test object 'Object Repository/LoginTrue/Mulailah berinvestasi untuk meraih mimpimu' are matched.

2019-07-11 15:45:49 - [MESSAGE][PASSED] - Actual text and expected text of test object 'Object Repository/LoginTrue/Mulailah berinvestasi untuk meraih mimpimu' are matched.

2019-07-11 15:45:49 - [TEST_STEP][PASSED] - tap: Tapped on element 'Object Repository/LoginTrue/DP_Rumah'

2019-07-11 15:45:49 - [MESSAGE][WARNING] - Timeout '0' is invalid. Using default page load timeout: '30'

2019-07-11 15:45:54 - [MESSAGE][PASSED] - Tapped on element 'Object Repository/LoginTrue/DP_Rumah'

2019-07-11 15:45:54 - [TEST_STEP][PASSED] - Statement - For ([i = 0, i < 4, (i++)]): Swiped from 800,1,000 to 10,800

2019-07-11 15:45:54 - [TEST_STEP][PASSED] - tap: Tapped on element 'Object Repository/LoginTrue/screen_swipe'

2019-07-11 15:45:54 - [MESSAGE][WARNING] - Timeout '0' is invalid. Using default page load timeout: '30'

2019-07-11 15:45:55 - [MESSAGE][PASSED] - Tapped on element 'Object Repository/LoginTrue/screen_swipe'

2019-07-11 15:45:55 - [TEST_STEP][PASSED] - swipe: Swiped from 800,1,000 to 10,800

2019-07-11 15:45:58 - [MESSAGE][PASSED] - Swiped from 800,1,000 to 10,800

2019-07-11 15:45:58 - [TEST_STEP][PASSED] - tap: Tapped on element 'Object Repository/LoginTrue/screen_swipe'

2019-07-11 15:45:58 - [MESSAGE][WARNING] - Timeout '0' is invalid. Using default page load timeout: '30'

2019-07-11 15:45:59 - [MESSAGE][PASSED] - Tapped on element 'Object Repository/LoginTrue/screen_swipe'

2019-07-11 15:45:59 - [TEST_STEP][PASSED] - swipe: Swiped from 800,1,000 to 10,800

2019-07-11 15:46:01 - [MESSAGE][PASSED] - Swiped from 800,1,000 to 10,800

2019-07-11 15:46:01 - [TEST_STEP][PASSED] - tap: Tapped on element 'Object Repository/LoginTrue/screen_swipe'

2019-07-11 15:46:01 - [MESSAGE][WARNING] - Timeout '0' is invalid. Using default page load timeout: '30'

2019-07-11 15:46:03 - [MESSAGE][PASSED] - Tapped on element 'Object Repository/LoginTrue/screen_swipe'

2019-07-11 15:46:03 - [TEST_STEP][PASSED] - swipe: Swiped from 800,1,000 to 10,800

2019-07-11 15:46:05 - [MESSAGE][PASSED] - Swiped from 800,1,000 to 10,800

2019-07-11 15:46:05 - [TEST_STEP][PASSED] - tap: Tapped on element 'Object Repository/LoginTrue/screen_swipe'

2019-07-11 15:46:05 - [MESSAGE][WARNING] - Timeout '0' is invalid. Using default page load timeout: '30'

2019-07-11 15:46:09 - [MESSAGE][PASSED] - Tapped on element 'Object Repository/LoginTrue/screen_swipe'

2019-07-11 15:46:09 - [TEST_STEP][PASSED] - swipe: Swiped from 800,1,000 to 10,800

2019-07-11 15:46:12 - [MESSAGE][PASSED] - Swiped from 800,1,000 to 10,800

2019-07-11 15:46:12 - [TEST_STEP][PASSED] - setText: Text '081215161452' has been set to element 'Object Repository/LoginTrue/field_no_phone'

2019-07-11 15:46:12 - [MESSAGE][WARNING] - Timeout '0' is invalid. Using default page load timeout: '30'

2019-07-11 15:46:14 - [MESSAGE][PASSED] - Text '081215161452' has been set to element 'Object Repository/LoginTrue/field_no_phone'

2019-07-11 15:46:14 - [TEST_STEP][PASSED] - tap: Tapped on element 'Object Repository/LoginTrue/button_masuk'

2019-07-11 15:46:14 - [MESSAGE][WARNING] - Timeout '0' is invalid. Using default page load timeout: '30'

2019-07-11 15:46:15 - [MESSAGE][PASSED] - Tapped on element 'Object Repository/LoginTrue/button_masuk'

2019-07-11 15:46:15 - [TEST_STEP][PASSED] - delay: Delayed 3 second(s)

2019-07-11 15:46:18 - [MESSAGE][PASSED] - Delayed 3 second(s)

2019-07-11 15:46:18 - [TEST_STEP][PASSED] - verifyElementText: Actual text and expected text of test object 'Object Repository/ObjectOTP/TextView - Verifikasi Nomor HP' are matched.

2019-07-11 15:46:18 - [MESSAGE][PASSED] - Actual text and expected text of test object 'Object Repository/ObjectOTP/TextView - Verifikasi Nomor HP' are matched.]]></system-out>
         <system-err><![CDATA[]]></system-err>
      </testcase>
      <testcase name="Test Cases/OTP/LoginOTP" classname="Test Cases/OTP/LoginOTP" status="PASSED">
         <system-out><![CDATA[2019-07-11 15:46:18 - [TEST_CASE][PASSED] - Test Cases/OTP/LoginOTP: Test Cases/OTP/LoginOTP

2019-07-11 15:46:19 - [TEST_STEP][PASSED] - delay: Delayed 3 second(s)

2019-07-11 15:46:22 - [MESSAGE][PASSED] - Delayed 3 second(s)

2019-07-11 15:46:22 - [TEST_STEP][PASSED] - tap: Tapped on element 'Object Repository/ObjectOTP/Field_OTP'

2019-07-11 15:46:22 - [MESSAGE][WARNING] - Timeout '0' is invalid. Using default page load timeout: '30'

2019-07-11 15:46:23 - [MESSAGE][PASSED] - Tapped on element 'Object Repository/ObjectOTP/Field_OTP'

2019-07-11 15:46:23 - [TEST_STEP][PASSED] - setText: Text '8888' has been set to element 'Object Repository/ObjectOTP/Field_OTP'

2019-07-11 15:46:23 - [MESSAGE][WARNING] - Timeout '0' is invalid. Using default page load timeout: '30'

2019-07-11 15:46:24 - [MESSAGE][PASSED] - Text '8888' has been set to element 'Object Repository/ObjectOTP/Field_OTP'

2019-07-11 15:46:24 - [TEST_STEP][PASSED] - tap: Tapped on element 'Object Repository/ObjectOTP/Button_Verifikasi_Sekarang'

2019-07-11 15:46:24 - [MESSAGE][WARNING] - Timeout '0' is invalid. Using default page load timeout: '30'

2019-07-11 15:46:26 - [MESSAGE][PASSED] - Tapped on element 'Object Repository/ObjectOTP/Button_Verifikasi_Sekarang']]></system-out>
         <system-err><![CDATA[]]></system-err>
      </testcase>
      <testcase name="Test Cases/Home/UpdateTerbaru" classname="Test Cases/Home/UpdateTerbaru" status="PASSED">
         <system-out><![CDATA[2019-07-11 15:46:26 - [TEST_CASE][PASSED] - Test Cases/Home/UpdateTerbaru: Test Cases/Home/UpdateTerbaru

2019-07-11 15:46:26 - [TEST_STEP][PASSED] - delay: Delayed 7 second(s)

2019-07-11 15:46:33 - [MESSAGE][PASSED] - Delayed 7 second(s)

2019-07-11 15:46:33 - [TEST_STEP][PASSED] - tap: Tapped on element 'Object Repository/Home/SwipeTop1'

2019-07-11 15:46:34 - [MESSAGE][PASSED] - Tapped on element 'Object Repository/Home/SwipeTop1'

2019-07-11 15:46:34 - [TEST_STEP][PASSED] - Statement - device_Height = com.kms.katalon.core.mobile.keyword.MobileBuiltInKeywords.getDeviceHeight(): Current device physical height is 1794

2019-07-11 15:46:35 - [MESSAGE][PASSED] - Current device physical height is 1794

2019-07-11 15:46:35 - [TEST_STEP][PASSED] - Statement - device_Width = com.kms.katalon.core.mobile.keyword.MobileBuiltInKeywords.getDeviceWidth(): Current device physical width is 1080

2019-07-11 15:46:35 - [MESSAGE][PASSED] - Current device physical width is 1080

2019-07-11 15:46:35 - [TEST_STEP][PASSED] - Statement - startX = device_Width / 2: null

2019-07-11 15:46:35 - [TEST_STEP][PASSED] - Statement - endX = startX: null

2019-07-11 15:46:35 - [TEST_STEP][PASSED] - Statement - startY = device_Height * 0.30: null

2019-07-11 15:46:35 - [TEST_STEP][PASSED] - Statement - endY = device_Height * 0.70: null

2019-07-11 15:46:35 - [TEST_STEP][PASSED] - swipe: Swiped from 718,959 to 690,391

2019-07-11 15:46:37 - [MESSAGE][PASSED] - Swiped from 718,959 to 690,391

2019-07-11 15:46:38 - [TEST_STEP][PASSED] - delay: Delayed 5 second(s)

2019-07-11 15:46:43 - [MESSAGE][PASSED] - Delayed 5 second(s)]]></system-out>
         <system-err><![CDATA[]]></system-err>
      </testcase>
      <system-out><![CDATA[2019-07-11 15:45:25 - [TEST_SUITE][PASSED] - ListUpdateTerbaru: Test Cases/Home/UpdateTerbaru]]></system-out>
      <system-err><![CDATA[]]></system-err>
   </testsuite>
</testsuites>
