<?xml version="1.0" encoding="UTF-8"?>
<testsuites name="01Top_Up" time="176" tests="3" failures="0" errors="0">
   <testsuite name="01Top_Up" tests="3" failures="0" errors="0" time="176" timestamp="2019-07-31 13:19:24" hostname="ustore - 192.168.0.120" id="Test Suites/result/Reksadana/Portolio/01Top_Up">
      <properties>
         <property name="deviceName" value="emulator-5554 (Android SDK built for x86 - Android 8.0.0)"/>
         <property name="devicePlatform" value=""/>
         <property name="logFolder" value="/Users/ustore/Katalon Studio/Android v1.2/Reports/result/Reksadana/Portolio/01Top_Up/20190731_131911"/>
         <property name="logFiles" value="/Users/ustore/Katalon Studio/Android v1.2/Reports/result/Reksadana/Portolio/01Top_Up/20190731_131911/execution0.log, /Users/ustore/Katalon Studio/Android v1.2/Reports/result/Reksadana/Portolio/01Top_Up/20190731_131911/appium.log"/>
         <property name="attachments" value=""/>
         <property name="hostName" value="ustore - 192.168.0.120"/>
         <property name="os" value="Mac OS X 64bit"/>
         <property name="katalonVersion" value="4.1.0.2"/>
         <property name="deviceOS" value="Android"/>
         <property name="appiumVersion" value="1.8.1"/>
         <property name="deviceModel" value="Android SDK built for x86"/>
         <property name="hostAddress" value="192.168.0.120"/>
         <property name="deviceManufacturer" value="Google"/>
         <property name="deviceId" value="emulator-5554"/>
         <property name="deviceName" value="emulator-5554 (Android SDK built for x86 - Android 8.0.0)"/>
         <property name="deviceOSVersion" value="8.0.0"/>
      </properties>
      <testcase name="Test Cases/Login/LoginTrue" classname="Test Cases/Login/LoginTrue" status="PASSED">
         <system-out><![CDATA[2019-07-31 13:19:25 - [TEST_CASE][PASSED] - Test Cases/Login/LoginTrue: Test Cases/Login/LoginTrue

2019-07-31 13:19:26 - [TEST_STEP][PASSED] - startApplication: Started app at: '/Users/ustore/Downloads/mobile-debug (15).apk'

2019-07-31 13:20:00 - [MESSAGE][PASSED] - Started app at: '/Users/ustore/Downloads/mobile-debug (15).apk'

2019-07-31 13:20:00 - [TEST_STEP][PASSED] - verifyElementText: Actual text and expected text of test object 'Object Repository/LoginTrue/Mulailah berinvestasi untuk meraih mimpimu' are matched.

2019-07-31 13:20:05 - [MESSAGE][PASSED] - Actual text and expected text of test object 'Object Repository/LoginTrue/Mulailah berinvestasi untuk meraih mimpimu' are matched.

2019-07-31 13:20:05 - [TEST_STEP][PASSED] - tap: Tapped on element 'Object Repository/LoginTrue/DP_Rumah'

2019-07-31 13:20:05 - [MESSAGE][WARNING] - Timeout '0' is invalid. Using default page load timeout: '30'

2019-07-31 13:20:06 - [MESSAGE][PASSED] - Tapped on element 'Object Repository/LoginTrue/DP_Rumah'

2019-07-31 13:20:06 - [TEST_STEP][PASSED] - Statement - For ([i = 0, i < 4, (i++)]): Swiped from 800,1,000 to 10,800

2019-07-31 13:20:06 - [TEST_STEP][PASSED] - tap: Tapped on element 'Object Repository/LoginTrue/screen_swipe'

2019-07-31 13:20:06 - [MESSAGE][WARNING] - Timeout '0' is invalid. Using default page load timeout: '30'

2019-07-31 13:20:07 - [MESSAGE][PASSED] - Tapped on element 'Object Repository/LoginTrue/screen_swipe'

2019-07-31 13:20:07 - [TEST_STEP][PASSED] - swipe: Swiped from 800,1,000 to 10,800

2019-07-31 13:20:10 - [MESSAGE][PASSED] - Swiped from 800,1,000 to 10,800

2019-07-31 13:20:10 - [TEST_STEP][PASSED] - tap: Tapped on element 'Object Repository/LoginTrue/screen_swipe'

2019-07-31 13:20:10 - [MESSAGE][WARNING] - Timeout '0' is invalid. Using default page load timeout: '30'

2019-07-31 13:20:11 - [MESSAGE][PASSED] - Tapped on element 'Object Repository/LoginTrue/screen_swipe'

2019-07-31 13:20:11 - [TEST_STEP][PASSED] - swipe: Swiped from 800,1,000 to 10,800

2019-07-31 13:20:13 - [MESSAGE][PASSED] - Swiped from 800,1,000 to 10,800

2019-07-31 13:20:13 - [TEST_STEP][PASSED] - tap: Tapped on element 'Object Repository/LoginTrue/screen_swipe'

2019-07-31 13:20:13 - [MESSAGE][WARNING] - Timeout '0' is invalid. Using default page load timeout: '30'

2019-07-31 13:20:15 - [MESSAGE][PASSED] - Tapped on element 'Object Repository/LoginTrue/screen_swipe'

2019-07-31 13:20:15 - [TEST_STEP][PASSED] - swipe: Swiped from 800,1,000 to 10,800

2019-07-31 13:20:17 - [MESSAGE][PASSED] - Swiped from 800,1,000 to 10,800

2019-07-31 13:20:17 - [TEST_STEP][PASSED] - tap: Tapped on element 'Object Repository/LoginTrue/screen_swipe'

2019-07-31 13:20:17 - [MESSAGE][WARNING] - Timeout '0' is invalid. Using default page load timeout: '30'

2019-07-31 13:20:19 - [MESSAGE][PASSED] - Tapped on element 'Object Repository/LoginTrue/screen_swipe'

2019-07-31 13:20:19 - [TEST_STEP][PASSED] - swipe: Swiped from 800,1,000 to 10,800

2019-07-31 13:20:21 - [MESSAGE][PASSED] - Swiped from 800,1,000 to 10,800

2019-07-31 13:20:21 - [TEST_STEP][PASSED] - setText: Text '08777111777' has been set to element 'Object Repository/LoginTrue/field_no_phone'

2019-07-31 13:20:21 - [MESSAGE][WARNING] - Timeout '0' is invalid. Using default page load timeout: '30'

2019-07-31 13:20:23 - [MESSAGE][PASSED] - Text '08777111777' has been set to element 'Object Repository/LoginTrue/field_no_phone'

2019-07-31 13:20:23 - [TEST_STEP][PASSED] - tap: Tapped on element 'Object Repository/LoginTrue/button_masuk'

2019-07-31 13:20:23 - [MESSAGE][WARNING] - Timeout '0' is invalid. Using default page load timeout: '30'

2019-07-31 13:20:25 - [MESSAGE][PASSED] - Tapped on element 'Object Repository/LoginTrue/button_masuk'

2019-07-31 13:20:25 - [TEST_STEP][PASSED] - delay: Delayed 3 second(s)

2019-07-31 13:20:28 - [MESSAGE][PASSED] - Delayed 3 second(s)

2019-07-31 13:20:28 - [TEST_STEP][PASSED] - verifyElementText: Actual text and expected text of test object 'Object Repository/ObjectOTP/TextView - Verifikasi Nomor HP' are matched.

2019-07-31 13:20:28 - [MESSAGE][PASSED] - Actual text and expected text of test object 'Object Repository/ObjectOTP/TextView - Verifikasi Nomor HP' are matched.]]></system-out>
         <system-err><![CDATA[]]></system-err>
      </testcase>
      <testcase name="Test Cases/OTP/LoginOTP" classname="Test Cases/OTP/LoginOTP" status="PASSED">
         <system-out><![CDATA[2019-07-31 13:20:28 - [TEST_CASE][PASSED] - Test Cases/OTP/LoginOTP: Test Cases/OTP/LoginOTP

2019-07-31 13:20:29 - [TEST_STEP][PASSED] - delay: Delayed 3 second(s)

2019-07-31 13:20:32 - [MESSAGE][PASSED] - Delayed 3 second(s)

2019-07-31 13:20:32 - [TEST_STEP][PASSED] - tap: Tapped on element 'Object Repository/ObjectOTP/Field_OTP'

2019-07-31 13:20:32 - [MESSAGE][WARNING] - Timeout '0' is invalid. Using default page load timeout: '30'

2019-07-31 13:20:33 - [MESSAGE][PASSED] - Tapped on element 'Object Repository/ObjectOTP/Field_OTP'

2019-07-31 13:20:33 - [TEST_STEP][PASSED] - setText: Text '8888' has been set to element 'Object Repository/ObjectOTP/Field_OTP'

2019-07-31 13:20:33 - [MESSAGE][WARNING] - Timeout '0' is invalid. Using default page load timeout: '30'

2019-07-31 13:20:34 - [MESSAGE][PASSED] - Text '8888' has been set to element 'Object Repository/ObjectOTP/Field_OTP'

2019-07-31 13:20:34 - [TEST_STEP][PASSED] - tap: Tapped on element 'Object Repository/ObjectOTP/Button_Verifikasi_Sekarang'

2019-07-31 13:20:34 - [MESSAGE][WARNING] - Timeout '0' is invalid. Using default page load timeout: '30'

2019-07-31 13:20:36 - [MESSAGE][PASSED] - Tapped on element 'Object Repository/ObjectOTP/Button_Verifikasi_Sekarang']]></system-out>
         <system-err><![CDATA[]]></system-err>
      </testcase>
      <testcase name="Test Cases/Home/Portfolio/TopUP" classname="Test Cases/Home/Portfolio/TopUP" status="PASSED">
         <system-out><![CDATA[2019-07-31 13:20:36 - [TEST_CASE][PASSED] - Test Cases/Home/Portfolio/TopUP: Test Cases/Home/Portfolio/TopUP

2019-07-31 13:20:36 - [TEST_STEP][PASSED] - delay: Delayed 5 second(s)

2019-07-31 13:20:41 - [MESSAGE][PASSED] - Delayed 5 second(s)

2019-07-31 13:20:41 - [TEST_STEP][PASSED] - tap: Tapped on element 'Object Repository/Home/Portfolio/TopUP/android.widget.TextView11 - Portofolio'

2019-07-31 13:20:42 - [MESSAGE][PASSED] - Tapped on element 'Object Repository/Home/Portfolio/TopUP/android.widget.TextView11 - Portofolio'

2019-07-31 13:20:42 - [TEST_STEP][PASSED] - delay: Delayed 10 second(s)

2019-07-31 13:20:52 - [MESSAGE][PASSED] - Delayed 10 second(s)

2019-07-31 13:20:52 - [TEST_STEP][PASSED] - tap: Tapped on element 'Object Repository/Home/Portfolio/TopUP/CardReksa2'

2019-07-31 13:20:54 - [MESSAGE][PASSED] - Tapped on element 'Object Repository/Home/Portfolio/TopUP/CardReksa2'

2019-07-31 13:20:54 - [TEST_STEP][PASSED] - delay: Delayed 5 second(s)

2019-07-31 13:20:59 - [MESSAGE][PASSED] - Delayed 5 second(s)

2019-07-31 13:20:59 - [TEST_STEP][PASSED] - tap: Tapped on element 'Object Repository/Home/Portfolio/TopUP/Button_TopUp'

2019-07-31 13:20:59 - [MESSAGE][WARNING] - Timeout '0' is invalid. Using default page load timeout: '30'

2019-07-31 13:21:00 - [MESSAGE][PASSED] - Tapped on element 'Object Repository/Home/Portfolio/TopUP/Button_TopUp'

2019-07-31 13:21:00 - [TEST_STEP][PASSED] - delay: Delayed 3 second(s)

2019-07-31 13:21:03 - [MESSAGE][PASSED] - Delayed 3 second(s)

2019-07-31 13:21:03 - [TEST_STEP][PASSED] - tap: Tapped on element 'Object Repository/Home/Portfolio/TopUP/Btn_Lanjutkan1'

2019-07-31 13:21:03 - [MESSAGE][WARNING] - Timeout '0' is invalid. Using default page load timeout: '30'

2019-07-31 13:21:07 - [MESSAGE][PASSED] - Tapped on element 'Object Repository/Home/Portfolio/TopUP/Btn_Lanjutkan1'

2019-07-31 13:21:07 - [TEST_STEP][PASSED] - delay: Delayed 5 second(s)

2019-07-31 13:21:12 - [MESSAGE][PASSED] - Delayed 5 second(s)

2019-07-31 13:21:12 - [TEST_STEP][PASSED] - tap: Tapped on element 'Object Repository/Home/Portfolio/TopUP/Field_Checkbox'

2019-07-31 13:21:12 - [MESSAGE][WARNING] - Timeout '0' is invalid. Using default page load timeout: '30'

2019-07-31 13:21:13 - [MESSAGE][PASSED] - Tapped on element 'Object Repository/Home/Portfolio/TopUP/Field_Checkbox'

2019-07-31 13:21:13 - [TEST_STEP][PASSED] - delay: Delayed 3 second(s)

2019-07-31 13:21:16 - [MESSAGE][PASSED] - Delayed 3 second(s)

2019-07-31 13:21:16 - [TEST_STEP][PASSED] - tap: Tapped on element 'Object Repository/Home/Portfolio/TopUP/Btn_Lanjutkan1'

2019-07-31 13:21:16 - [MESSAGE][WARNING] - Timeout '0' is invalid. Using default page load timeout: '30'

2019-07-31 13:21:17 - [MESSAGE][PASSED] - Tapped on element 'Object Repository/Home/Portfolio/TopUP/Btn_Lanjutkan1'

2019-07-31 13:21:17 - [TEST_STEP][PASSED] - delay: Delayed 5 second(s)

2019-07-31 13:21:22 - [MESSAGE][PASSED] - Delayed 5 second(s)

2019-07-31 13:21:22 - [TEST_STEP][PASSED] - tap: Tapped on element 'Object Repository/Home/Portfolio/TopUP/Btn_TopUp1'

2019-07-31 13:21:22 - [MESSAGE][WARNING] - Timeout '0' is invalid. Using default page load timeout: '30'

2019-07-31 13:21:23 - [MESSAGE][PASSED] - Tapped on element 'Object Repository/Home/Portfolio/TopUP/Btn_TopUp1'

2019-07-31 13:21:23 - [TEST_STEP][PASSED] - delay: Delayed 3 second(s)

2019-07-31 13:21:26 - [MESSAGE][PASSED] - Delayed 3 second(s)

2019-07-31 13:21:26 - [TEST_STEP][PASSED] - tap: Tapped on element 'Object Repository/Home/Portfolio/TopUP/Rp200'

2019-07-31 13:21:26 - [MESSAGE][WARNING] - Timeout '0' is invalid. Using default page load timeout: '30'

2019-07-31 13:21:27 - [MESSAGE][PASSED] - Tapped on element 'Object Repository/Home/Portfolio/TopUP/Rp200'

2019-07-31 13:21:27 - [TEST_STEP][PASSED] - tap: Tapped on element 'Object Repository/Home/Portfolio/TopUP/Btn_TopUp1'

2019-07-31 13:21:27 - [MESSAGE][WARNING] - Timeout '0' is invalid. Using default page load timeout: '30'

2019-07-31 13:21:30 - [MESSAGE][PASSED] - Tapped on element 'Object Repository/Home/Portfolio/TopUP/Btn_TopUp1'

2019-07-31 13:21:30 - [TEST_STEP][PASSED] - delay: Delayed 5 second(s)

2019-07-31 13:21:35 - [MESSAGE][PASSED] - Delayed 5 second(s)

2019-07-31 13:21:35 - [TEST_STEP][PASSED] - tap: Tapped on element 'Object Repository/Home/Portfolio/TopUP/Button_SemuaPromo'

2019-07-31 13:21:35 - [MESSAGE][WARNING] - Timeout '0' is invalid. Using default page load timeout: '30'

2019-07-31 13:21:36 - [MESSAGE][PASSED] - Tapped on element 'Object Repository/Home/Portfolio/TopUP/Button_SemuaPromo'

2019-07-31 13:21:36 - [TEST_STEP][PASSED] - delay: Delayed 5 second(s)

2019-07-31 13:21:41 - [MESSAGE][PASSED] - Delayed 5 second(s)

2019-07-31 13:21:41 - [TEST_STEP][PASSED] - tap: Tapped on element 'Object Repository/Home/Portfolio/TopUP/Button_Salin'

2019-07-31 13:21:41 - [MESSAGE][WARNING] - Timeout '0' is invalid. Using default page load timeout: '30'

2019-07-31 13:21:45 - [MESSAGE][PASSED] - Tapped on element 'Object Repository/Home/Portfolio/TopUP/Button_Salin'

2019-07-31 13:21:45 - [TEST_STEP][PASSED] - delay: Delayed 2 second(s)

2019-07-31 13:21:47 - [MESSAGE][PASSED] - Delayed 2 second(s)

2019-07-31 13:21:47 - [TEST_STEP][PASSED] - tap: Tapped on element 'Object Repository/Home/Portfolio/TopUP/android.widget.ImageButton0'

2019-07-31 13:21:47 - [MESSAGE][WARNING] - Timeout '0' is invalid. Using default page load timeout: '30'

2019-07-31 13:21:48 - [MESSAGE][PASSED] - Tapped on element 'Object Repository/Home/Portfolio/TopUP/android.widget.ImageButton0'

2019-07-31 13:21:48 - [TEST_STEP][PASSED] - delay: Delayed 3 second(s)

2019-07-31 13:21:51 - [MESSAGE][PASSED] - Delayed 3 second(s)

2019-07-31 13:21:51 - [TEST_STEP][PASSED] - tap: Tapped on element 'Object Repository/Home/Portfolio/TopUP/android.widget.Button0 - Gunakan'

2019-07-31 13:21:52 - [MESSAGE][WARNING] - Timeout '0' is invalid. Using default page load timeout: '30'

2019-07-31 13:21:53 - [MESSAGE][PASSED] - Tapped on element 'Object Repository/Home/Portfolio/TopUP/android.widget.Button0 - Gunakan'

2019-07-31 13:21:53 - [TEST_STEP][PASSED] - setText: Text 'Invest100' has been set to element 'Object Repository/Home/Portfolio/TopUP/android.widget.EditText0 - Kode Promo'

2019-07-31 13:21:53 - [MESSAGE][WARNING] - Timeout '0' is invalid. Using default page load timeout: '30'

2019-07-31 13:21:54 - [MESSAGE][PASSED] - Text 'Invest100' has been set to element 'Object Repository/Home/Portfolio/TopUP/android.widget.EditText0 - Kode Promo'

2019-07-31 13:21:54 - [TEST_STEP][PASSED] - delay: Delayed 3 second(s)

2019-07-31 13:21:57 - [MESSAGE][PASSED] - Delayed 3 second(s)

2019-07-31 13:21:57 - [TEST_STEP][PASSED] - delay: Delayed 3 second(s)

2019-07-31 13:22:00 - [MESSAGE][PASSED] - Delayed 3 second(s)

2019-07-31 13:22:00 - [TEST_STEP][PASSED] - tap: Tapped on element 'Object Repository/Home/Portfolio/TopUP/Linear'

2019-07-31 13:22:01 - [MESSAGE][WARNING] - Timeout '0' is invalid. Using default page load timeout: '30'

2019-07-31 13:22:05 - [MESSAGE][PASSED] - Tapped on element 'Object Repository/Home/Portfolio/TopUP/Linear'

2019-07-31 13:22:05 - [TEST_STEP][PASSED] - delay: Delayed 3 second(s)

2019-07-31 13:22:08 - [MESSAGE][PASSED] - Delayed 3 second(s)

2019-07-31 13:22:08 - [TEST_STEP][PASSED] - tap: Tapped on element 'Object Repository/Home/Portfolio/TopUP/Dropdown_Detail2'

2019-07-31 13:22:08 - [MESSAGE][WARNING] - Timeout '0' is invalid. Using default page load timeout: '30'

2019-07-31 13:22:09 - [MESSAGE][PASSED] - Tapped on element 'Object Repository/Home/Portfolio/TopUP/Dropdown_Detail2'

2019-07-31 13:22:09 - [TEST_STEP][PASSED] - delay: Delayed 2 second(s)

2019-07-31 13:22:11 - [MESSAGE][PASSED] - Delayed 2 second(s)

2019-07-31 13:22:11 - [TEST_STEP][PASSED] - tap: Tapped on element 'Object Repository/Home/Portfolio/TopUP/Button_VA2'

2019-07-31 13:22:11 - [MESSAGE][WARNING] - Timeout '0' is invalid. Using default page load timeout: '30'

2019-07-31 13:22:12 - [MESSAGE][PASSED] - Tapped on element 'Object Repository/Home/Portfolio/TopUP/Button_VA2'

2019-07-31 13:22:12 - [TEST_STEP][PASSED] - delay: Delayed 5 second(s)

2019-07-31 13:22:17 - [MESSAGE][PASSED] - Delayed 5 second(s)]]></system-out>
         <system-err><![CDATA[]]></system-err>
      </testcase>
      <system-out><![CDATA[2019-07-31 13:19:24 - [TEST_SUITE][PASSED] - 01Top_Up: Test Cases/Home/Portfolio/TopUP]]></system-out>
      <system-err><![CDATA[]]></system-err>
   </testsuite>
</testsuites>
