<?xml version="1.0" encoding="UTF-8"?>
<testsuites name="LoginOTP" time="76" tests="2" failures="0" errors="0">
   <testsuite name="LoginOTP" tests="2" failures="0" errors="0" time="76" timestamp="2019-07-02 14:01:36" hostname="ustore - 192.168.0.120" id="Test Suites/result/LoginOTP">
      <properties>
         <property name="deviceName" value="emulator-5554 (Android SDK built for x86 - Android 9)"/>
         <property name="devicePlatform" value=""/>
         <property name="logFolder" value="/Users/ustore/Katalon Studio/Android v1.2/Reports/result/LoginOTP/20190702_140119"/>
         <property name="logFiles" value="/Users/ustore/Katalon Studio/Android v1.2/Reports/result/LoginOTP/20190702_140119/execution0.log, /Users/ustore/Katalon Studio/Android v1.2/Reports/result/LoginOTP/20190702_140119/appium.log"/>
         <property name="attachments" value=""/>
         <property name="hostName" value="ustore - 192.168.0.120"/>
         <property name="os" value="Mac OS X 64bit"/>
         <property name="katalonVersion" value="4.1.0.2"/>
         <property name="deviceOS" value="Android"/>
         <property name="appiumVersion" value="1.8.1"/>
         <property name="deviceModel" value="Android SDK built for x86"/>
         <property name="hostAddress" value="192.168.0.120"/>
         <property name="deviceManufacturer" value="Google"/>
         <property name="deviceId" value="emulator-5554"/>
         <property name="deviceName" value="emulator-5554 (Android SDK built for x86 - Android 9)"/>
         <property name="deviceOSVersion" value="9"/>
      </properties>
      <testcase name="Test Cases/Login/LoginTrue" classname="Test Cases/Login/LoginTrue" status="PASSED">
         <system-out><![CDATA[2019-07-02 14:01:37 - [TEST_CASE][PASSED] - Test Cases/Login/LoginTrue: Test Cases/Login/LoginTrue

2019-07-02 14:01:37 - [TEST_STEP][PASSED] - startApplication: Started app at: '/Users/ustore/Downloads/Mobile-debug.apk'

2019-07-02 14:02:12 - [MESSAGE][PASSED] - Started app at: '/Users/ustore/Downloads/Mobile-debug.apk'

2019-07-02 14:02:12 - [TEST_STEP][PASSED] - verifyElementText: Actual text and expected text of test object 'Object Repository/LoginTrue/Mulailah berinvestasi untuk meraih mimpimu' are matched.

2019-07-02 14:02:18 - [MESSAGE][PASSED] - Actual text and expected text of test object 'Object Repository/LoginTrue/Mulailah berinvestasi untuk meraih mimpimu' are matched.

2019-07-02 14:02:18 - [TEST_STEP][PASSED] - tap: Tapped on element 'Object Repository/LoginTrue/DP_Rumah'

2019-07-02 14:02:18 - [MESSAGE][WARNING] - Timeout '0' is invalid. Using default page load timeout: '30'

2019-07-02 14:02:19 - [MESSAGE][PASSED] - Tapped on element 'Object Repository/LoginTrue/DP_Rumah'

2019-07-02 14:02:19 - [TEST_STEP][PASSED] - Statement - For ([i = 0, i < 4, (i++)]): Swiped from 800,1,000 to 10,800

2019-07-02 14:02:19 - [TEST_STEP][PASSED] - tap: Tapped on element 'Object Repository/LoginTrue/screen_swipe'

2019-07-02 14:02:19 - [MESSAGE][WARNING] - Timeout '0' is invalid. Using default page load timeout: '30'

2019-07-02 14:02:20 - [MESSAGE][PASSED] - Tapped on element 'Object Repository/LoginTrue/screen_swipe'

2019-07-02 14:02:20 - [TEST_STEP][PASSED] - swipe: Swiped from 800,1,000 to 10,800

2019-07-02 14:02:23 - [MESSAGE][PASSED] - Swiped from 800,1,000 to 10,800

2019-07-02 14:02:23 - [TEST_STEP][PASSED] - tap: Tapped on element 'Object Repository/LoginTrue/screen_swipe'

2019-07-02 14:02:23 - [MESSAGE][WARNING] - Timeout '0' is invalid. Using default page load timeout: '30'

2019-07-02 14:02:24 - [MESSAGE][PASSED] - Tapped on element 'Object Repository/LoginTrue/screen_swipe'

2019-07-02 14:02:24 - [TEST_STEP][PASSED] - swipe: Swiped from 800,1,000 to 10,800

2019-07-02 14:02:26 - [MESSAGE][PASSED] - Swiped from 800,1,000 to 10,800

2019-07-02 14:02:26 - [TEST_STEP][PASSED] - tap: Tapped on element 'Object Repository/LoginTrue/screen_swipe'

2019-07-02 14:02:26 - [MESSAGE][WARNING] - Timeout '0' is invalid. Using default page load timeout: '30'

2019-07-02 14:02:28 - [MESSAGE][PASSED] - Tapped on element 'Object Repository/LoginTrue/screen_swipe'

2019-07-02 14:02:28 - [TEST_STEP][PASSED] - swipe: Swiped from 800,1,000 to 10,800

2019-07-02 14:02:30 - [MESSAGE][PASSED] - Swiped from 800,1,000 to 10,800

2019-07-02 14:02:30 - [TEST_STEP][PASSED] - tap: Tapped on element 'Object Repository/LoginTrue/screen_swipe'

2019-07-02 14:02:30 - [MESSAGE][WARNING] - Timeout '0' is invalid. Using default page load timeout: '30'

2019-07-02 14:02:32 - [MESSAGE][PASSED] - Tapped on element 'Object Repository/LoginTrue/screen_swipe'

2019-07-02 14:02:32 - [TEST_STEP][PASSED] - swipe: Swiped from 800,1,000 to 10,800

2019-07-02 14:02:34 - [MESSAGE][PASSED] - Swiped from 800,1,000 to 10,800

2019-07-02 14:02:34 - [TEST_STEP][PASSED] - setText: Text '081215161452' has been set to element 'Object Repository/LoginTrue/field_no_phone'

2019-07-02 14:02:34 - [MESSAGE][WARNING] - Timeout '0' is invalid. Using default page load timeout: '30'

2019-07-02 14:02:36 - [MESSAGE][PASSED] - Text '081215161452' has been set to element 'Object Repository/LoginTrue/field_no_phone'

2019-07-02 14:02:36 - [TEST_STEP][PASSED] - tap: Tapped on element 'Object Repository/LoginTrue/button_masuk'

2019-07-02 14:02:36 - [MESSAGE][WARNING] - Timeout '0' is invalid. Using default page load timeout: '30'

2019-07-02 14:02:38 - [MESSAGE][PASSED] - Tapped on element 'Object Repository/LoginTrue/button_masuk'

2019-07-02 14:02:38 - [TEST_STEP][PASSED] - delay: Delayed 3 second(s)

2019-07-02 14:02:41 - [MESSAGE][PASSED] - Delayed 3 second(s)

2019-07-02 14:02:41 - [TEST_STEP][PASSED] - verifyElementText: Actual text and expected text of test object 'Object Repository/ObjectOTP/TextView - Verifikasi Nomor HP' are matched.

2019-07-02 14:02:41 - [MESSAGE][PASSED] - Actual text and expected text of test object 'Object Repository/ObjectOTP/TextView - Verifikasi Nomor HP' are matched.]]></system-out>
         <system-err><![CDATA[]]></system-err>
      </testcase>
      <testcase name="Test Cases/OTP/LoginOTP" classname="Test Cases/OTP/LoginOTP" status="PASSED">
         <system-out><![CDATA[2019-07-02 14:02:41 - [TEST_CASE][PASSED] - Test Cases/OTP/LoginOTP: Test Cases/OTP/LoginOTP

2019-07-02 14:02:41 - [TEST_STEP][PASSED] - delay: Delayed 3 second(s)

2019-07-02 14:02:44 - [MESSAGE][PASSED] - Delayed 3 second(s)

2019-07-02 14:02:44 - [TEST_STEP][PASSED] - tap: Tapped on element 'Object Repository/ObjectOTP/Field_OTP'

2019-07-02 14:02:44 - [MESSAGE][WARNING] - Timeout '0' is invalid. Using default page load timeout: '30'

2019-07-02 14:02:46 - [MESSAGE][PASSED] - Tapped on element 'Object Repository/ObjectOTP/Field_OTP'

2019-07-02 14:02:46 - [TEST_STEP][PASSED] - setText: Text '8888' has been set to element 'Object Repository/ObjectOTP/Field_OTP'

2019-07-02 14:02:46 - [MESSAGE][WARNING] - Timeout '0' is invalid. Using default page load timeout: '30'

2019-07-02 14:02:47 - [MESSAGE][PASSED] - Text '8888' has been set to element 'Object Repository/ObjectOTP/Field_OTP'

2019-07-02 14:02:47 - [TEST_STEP][PASSED] - tap: Tapped on element 'Object Repository/ObjectOTP/Button_Verifikasi_Sekarang'

2019-07-02 14:02:47 - [MESSAGE][WARNING] - Timeout '0' is invalid. Using default page load timeout: '30'

2019-07-02 14:02:49 - [MESSAGE][PASSED] - Tapped on element 'Object Repository/ObjectOTP/Button_Verifikasi_Sekarang']]></system-out>
         <system-err><![CDATA[]]></system-err>
      </testcase>
      <system-out><![CDATA[2019-07-02 14:01:36 - [TEST_SUITE][PASSED] - LoginOTP: Test Cases/OTP/LoginOTP]]></system-out>
      <system-err><![CDATA[]]></system-err>
   </testsuite>
</testsuites>
