<?xml version="1.0" encoding="UTF-8"?>
<testsuites name="test1" time="9" tests="0" failures="3" errors="0">
   <testsuite name="test1" tests="0" failures="3" errors="0" time="9" timestamp="2019-06-21 14:41:24" hostname="ustore - 192.168.43.217" id="Test Suites/result_testing/test1">
      <properties>
         <property name="deviceName" value="emulator-5554 (Android SDK built for x86 - Android 9)"/>
         <property name="devicePlatform" value=""/>
         <property name="logFolder" value="/Users/ustore/Katalon Studio/Android v1.2/Reports/result_testing/test1/20190621_144107"/>
         <property name="logFiles" value="/Users/ustore/Katalon Studio/Android v1.2/Reports/result_testing/test1/20190621_144107/execution0.log, /Users/ustore/Katalon Studio/Android v1.2/Reports/result_testing/test1/20190621_144107/appium.log"/>
         <property name="attachments" value=""/>
         <property name="hostName" value="ustore - 192.168.43.217"/>
         <property name="os" value="Mac OS X 64bit"/>
         <property name="katalonVersion" value="4.1.0.2"/>
         <property name="deviceOS" value="Android"/>
         <property name="deviceModel" value="Android SDK built for x86"/>
         <property name="hostAddress" value="192.168.43.217"/>
         <property name="deviceManufacturer" value="Google"/>
         <property name="deviceId" value="emulator-5554"/>
         <property name="deviceName" value="emulator-5554 (Android SDK built for x86 - Android 9)"/>
         <property name="deviceOSVersion" value="9"/>
      </properties>
      <testcase name="Test Cases/Login/LoginTrue" classname="Test Cases/Login/LoginTrue" status="FAILED">
         <failure type="FAILED" message="(Stack trace: com.kms.katalon.core.exception.StepFailedException: Unable to start app at: '/Users/ustore/Downloads/Mobile-debug.apk' (Root cause: org.openqa.selenium.WebDriverException: An unknown server-side error occurred while processing the command. Original error: The application at '/Users/ustore/Downloads/Mobile-debug.apk' does not exist or is not accessible (WARNING: The server did not provide any stacktrace information)
Command duration or timeout: 160 milliseconds
Build info: version: '3.7.1', revision: '8a0099a', time: '2017-11-06T21:07:36.161Z'
System info: host: 'Ustores-MacBook-Pro.local', ip: 'fe80:0:0:0:187c:6933:75d8:c90d%en0', os.name: 'Mac OS X', os.arch: 'x86_64', os.version: '10.14.1', java.version: '1.8.0_181'
Driver info: driver.version: SwipeableAndroidDriver)
	at com.kms.katalon.core.keyword.internal.KeywordMain.stepFailed(KeywordMain.groovy:36)
	at com.kms.katalon.core.mobile.keyword.internal.MobileKeywordMain.stepFailed(MobileKeywordMain.groovy:40)
	at com.kms.katalon.core.mobile.keyword.internal.MobileKeywordMain.runKeyword(MobileKeywordMain.groovy:23)
	at com.kms.katalon.core.mobile.keyword.builtin.StartApplicationKeyword.startApplication(StartApplicationKeyword.groovy:51)
	at com.kms.katalon.core.mobile.keyword.builtin.StartApplicationKeyword.execute(StartApplicationKeyword.groovy:40)
	at com.kms.katalon.core.keyword.internal.KeywordExecutor.executeKeywordForPlatform(KeywordExecutor.groovy:53)
	at com.kms.katalon.core.mobile.keyword.MobileBuiltInKeywords.startApplication(MobileBuiltInKeywords.groovy:74)
	at com.kms.katalon.core.mobile.keyword.MobileBuiltInKeywords$startApplication.call(Unknown Source)
	at org.codehaus.groovy.runtime.callsite.CallSiteArray.defaultCall(CallSiteArray.java:48)
	at org.codehaus.groovy.runtime.callsite.AbstractCallSite.call(AbstractCallSite.java:113)
	at org.codehaus.groovy.runtime.callsite.AbstractCallSite.call(AbstractCallSite.java:133)
	at Script1560311493804.run(Script1560311493804.groovy:16)
	at com.kms.katalon.core.main.ScriptEngine.run(ScriptEngine.java:183)
	at com.kms.katalon.core.main.ScriptEngine.runScriptAsRawText(ScriptEngine.java:108)
	at com.kms.katalon.core.main.TestCaseExecutor.runScript(TestCaseExecutor.java:294)
	at com.kms.katalon.core.main.TestCaseExecutor.doExecute(TestCaseExecutor.java:285)
	at com.kms.katalon.core.main.TestCaseExecutor.processExecutionPhase(TestCaseExecutor.java:264)
	at com.kms.katalon.core.main.TestCaseExecutor.accessMainPhase(TestCaseExecutor.java:256)
	at com.kms.katalon.core.main.TestCaseExecutor.execute(TestCaseExecutor.java:200)
	at com.kms.katalon.core.main.TestSuiteExecutor.accessTestCaseMainPhase(TestSuiteExecutor.java:129)
	at com.kms.katalon.core.main.TestSuiteExecutor.accessTestSuiteMainPhase(TestSuiteExecutor.java:112)
	at com.kms.katalon.core.main.TestSuiteExecutor.execute(TestSuiteExecutor.java:81)
	at com.kms.katalon.core.main.TestCaseMain.startTestSuite(TestCaseMain.java:142)
	at com.kms.katalon.core.main.TestCaseMain$startTestSuite$0.call(Unknown Source)
	at org.codehaus.groovy.runtime.callsite.CallSiteArray.defaultCall(CallSiteArray.java:48)
	at org.codehaus.groovy.runtime.callsite.AbstractCallSite.call(AbstractCallSite.java:113)
	at org.codehaus.groovy.runtime.callsite.AbstractCallSite.call(AbstractCallSite.java:141)
	at TempTestSuite1561102877669.run(TempTestSuite1561102877669.groovy:36)
	at groovy.lang.GroovyShell.runScriptOrMainOrTestOrRunnable(GroovyShell.java:263)
	at groovy.lang.GroovyShell.run(GroovyShell.java:518)
	at groovy.lang.GroovyShell.run(GroovyShell.java:507)
	at groovy.ui.GroovyMain.processOnce(GroovyMain.java:653)
	at groovy.ui.GroovyMain.run(GroovyMain.java:384)
	at groovy.ui.GroovyMain.process(GroovyMain.java:370)
	at groovy.ui.GroovyMain.processArgs(GroovyMain.java:129)
	at groovy.ui.GroovyMain.main(GroovyMain.java:109)
	at sun.reflect.NativeMethodAccessorImpl.invoke0(Native Method)
	at sun.reflect.NativeMethodAccessorImpl.invoke(NativeMethodAccessorImpl.java:62)
	at sun.reflect.DelegatingMethodAccessorImpl.invoke(DelegatingMethodAccessorImpl.java:43)
	at java.lang.reflect.Method.invoke(Method.java:498)
	at org.codehaus.groovy.tools.GroovyStarter.rootLoader(GroovyStarter.java:109)
	at org.codehaus.groovy.tools.GroovyStarter.main(GroovyStarter.java:131)
)"/>
         <system-out><![CDATA[2019-06-21 14:41:24 - [TEST_CASE][FAILED] - Test Cases/Login/LoginTrue: Test Cases/Login/LoginTrue FAILED because (of) (Stack trace: com.kms.katalon.core.exception.StepFailedException: Unable to start app at: '/Users/ustore/Downloads/Mobile-debug.apk' (Root cause: org.openqa.selenium.WebDriverException: An unknown server-side error occurred while processing the command. Original error: The application at '/Users/ustore/Downloads/Mobile-debug.apk' does not exist or is not accessible (WARNING: The server did not provide any stacktrace information)
Command duration or timeout: 160 milliseconds
Build info: version: '3.7.1', revision: '8a0099a', time: '2017-11-06T21:07:36.161Z'
System info: host: 'Ustores-MacBook-Pro.local', ip: 'fe80:0:0:0:187c:6933:75d8:c90d%en0', os.name: 'Mac OS X', os.arch: 'x86_64', os.version: '10.14.1', java.version: '1.8.0_181'
Driver info: driver.version: SwipeableAndroidDriver)
	at com.kms.katalon.core.keyword.internal.KeywordMain.stepFailed(KeywordMain.groovy:36)
	at com.kms.katalon.core.mobile.keyword.internal.MobileKeywordMain.stepFailed(MobileKeywordMain.groovy:40)
	at com.kms.katalon.core.mobile.keyword.internal.MobileKeywordMain.runKeyword(MobileKeywordMain.groovy:23)
	at com.kms.katalon.core.mobile.keyword.builtin.StartApplicationKeyword.startApplication(StartApplicationKeyword.groovy:51)
	at com.kms.katalon.core.mobile.keyword.builtin.StartApplicationKeyword.execute(StartApplicationKeyword.groovy:40)
	at com.kms.katalon.core.keyword.internal.KeywordExecutor.executeKeywordForPlatform(KeywordExecutor.groovy:53)
	at com.kms.katalon.core.mobile.keyword.MobileBuiltInKeywords.startApplication(MobileBuiltInKeywords.groovy:74)
	at com.kms.katalon.core.mobile.keyword.MobileBuiltInKeywords$startApplication.call(Unknown Source)
	at org.codehaus.groovy.runtime.callsite.CallSiteArray.defaultCall(CallSiteArray.java:48)
	at org.codehaus.groovy.runtime.callsite.AbstractCallSite.call(AbstractCallSite.java:113)
	at org.codehaus.groovy.runtime.callsite.AbstractCallSite.call(AbstractCallSite.java:133)
	at Script1560311493804.run(Script1560311493804.groovy:16)
	at com.kms.katalon.core.main.ScriptEngine.run(ScriptEngine.java:183)
	at com.kms.katalon.core.main.ScriptEngine.runScriptAsRawText(ScriptEngine.java:108)
	at com.kms.katalon.core.main.TestCaseExecutor.runScript(TestCaseExecutor.java:294)
	at com.kms.katalon.core.main.TestCaseExecutor.doExecute(TestCaseExecutor.java:285)
	at com.kms.katalon.core.main.TestCaseExecutor.processExecutionPhase(TestCaseExecutor.java:264)
	at com.kms.katalon.core.main.TestCaseExecutor.accessMainPhase(TestCaseExecutor.java:256)
	at com.kms.katalon.core.main.TestCaseExecutor.execute(TestCaseExecutor.java:200)
	at com.kms.katalon.core.main.TestSuiteExecutor.accessTestCaseMainPhase(TestSuiteExecutor.java:129)
	at com.kms.katalon.core.main.TestSuiteExecutor.accessTestSuiteMainPhase(TestSuiteExecutor.java:112)
	at com.kms.katalon.core.main.TestSuiteExecutor.execute(TestSuiteExecutor.java:81)
	at com.kms.katalon.core.main.TestCaseMain.startTestSuite(TestCaseMain.java:142)
	at com.kms.katalon.core.main.TestCaseMain$startTestSuite$0.call(Unknown Source)
	at org.codehaus.groovy.runtime.callsite.CallSiteArray.defaultCall(CallSiteArray.java:48)
	at org.codehaus.groovy.runtime.callsite.AbstractCallSite.call(AbstractCallSite.java:113)
	at org.codehaus.groovy.runtime.callsite.AbstractCallSite.call(AbstractCallSite.java:141)
	at TempTestSuite1561102877669.run(TempTestSuite1561102877669.groovy:36)
	at groovy.lang.GroovyShell.runScriptOrMainOrTestOrRunnable(GroovyShell.java:263)
	at groovy.lang.GroovyShell.run(GroovyShell.java:518)
	at groovy.lang.GroovyShell.run(GroovyShell.java:507)
	at groovy.ui.GroovyMain.processOnce(GroovyMain.java:653)
	at groovy.ui.GroovyMain.run(GroovyMain.java:384)
	at groovy.ui.GroovyMain.process(GroovyMain.java:370)
	at groovy.ui.GroovyMain.processArgs(GroovyMain.java:129)
	at groovy.ui.GroovyMain.main(GroovyMain.java:109)
	at sun.reflect.NativeMethodAccessorImpl.invoke0(Native Method)
	at sun.reflect.NativeMethodAccessorImpl.invoke(NativeMethodAccessorImpl.java:62)
	at sun.reflect.DelegatingMethodAccessorImpl.invoke(DelegatingMethodAccessorImpl.java:43)
	at java.lang.reflect.Method.invoke(Method.java:498)
	at org.codehaus.groovy.tools.GroovyStarter.rootLoader(GroovyStarter.java:109)
	at org.codehaus.groovy.tools.GroovyStarter.main(GroovyStarter.java:131)
)

2019-06-21 14:41:24 - [TEST_STEP][FAILED] - startApplication: Unable to start app at: '/Users/ustore/Downloads/Mobile-debug.apk' (Root cause: org.openqa.selenium.WebDriverException: An unknown server-side error occurred while processing the command. Original error: The application at '/Users/ustore/Downloads/Mobile-debug.apk' does not exist or is not accessible (WARNING: The server did not provide any stacktrace information)
Command duration or timeout: 160 milliseconds
Build info: version: '3.7.1', revision: '8a0099a', time: '2017-11-06T21:07:36.161Z'
System info: host: 'Ustores-MacBook-Pro.local', ip: 'fe80:0:0:0:187c:6933:75d8:c90d%en0', os.name: 'Mac OS X', os.arch: 'x86_64', os.version: '10.14.1', java.version: '1.8.0_181'
Driver info: driver.version: SwipeableAndroidDriver)

2019-06-21 14:41:29 - [MESSAGE][FAILED] - Unable to start app at: '/Users/ustore/Downloads/Mobile-debug.apk' (Root cause: org.openqa.selenium.WebDriverException: An unknown server-side error occurred while processing the command. Original error: The application at '/Users/ustore/Downloads/Mobile-debug.apk' does not exist or is not accessible (WARNING: The server did not provide any stacktrace information)
Command duration or timeout: 160 milliseconds
Build info: version: '3.7.1', revision: '8a0099a', time: '2017-11-06T21:07:36.161Z'
System info: host: 'Ustores-MacBook-Pro.local', ip: 'fe80:0:0:0:187c:6933:75d8:c90d%en0', os.name: 'Mac OS X', os.arch: 'x86_64', os.version: '10.14.1', java.version: '1.8.0_181'
Driver info: driver.version: SwipeableAndroidDriver)]]></system-out>
         <system-err><![CDATA[2019-06-21 14:41:24 - [TEST_CASE][FAILED] - Test Cases/Login/LoginTrue: Test Cases/Login/LoginTrue FAILED because (of) (Stack trace: com.kms.katalon.core.exception.StepFailedException: Unable to start app at: '/Users/ustore/Downloads/Mobile-debug.apk' (Root cause: org.openqa.selenium.WebDriverException: An unknown server-side error occurred while processing the command. Original error: The application at '/Users/ustore/Downloads/Mobile-debug.apk' does not exist or is not accessible (WARNING: The server did not provide any stacktrace information)
Command duration or timeout: 160 milliseconds
Build info: version: '3.7.1', revision: '8a0099a', time: '2017-11-06T21:07:36.161Z'
System info: host: 'Ustores-MacBook-Pro.local', ip: 'fe80:0:0:0:187c:6933:75d8:c90d%en0', os.name: 'Mac OS X', os.arch: 'x86_64', os.version: '10.14.1', java.version: '1.8.0_181'
Driver info: driver.version: SwipeableAndroidDriver)
	at com.kms.katalon.core.keyword.internal.KeywordMain.stepFailed(KeywordMain.groovy:36)
	at com.kms.katalon.core.mobile.keyword.internal.MobileKeywordMain.stepFailed(MobileKeywordMain.groovy:40)
	at com.kms.katalon.core.mobile.keyword.internal.MobileKeywordMain.runKeyword(MobileKeywordMain.groovy:23)
	at com.kms.katalon.core.mobile.keyword.builtin.StartApplicationKeyword.startApplication(StartApplicationKeyword.groovy:51)
	at com.kms.katalon.core.mobile.keyword.builtin.StartApplicationKeyword.execute(StartApplicationKeyword.groovy:40)
	at com.kms.katalon.core.keyword.internal.KeywordExecutor.executeKeywordForPlatform(KeywordExecutor.groovy:53)
	at com.kms.katalon.core.mobile.keyword.MobileBuiltInKeywords.startApplication(MobileBuiltInKeywords.groovy:74)
	at com.kms.katalon.core.mobile.keyword.MobileBuiltInKeywords$startApplication.call(Unknown Source)
	at org.codehaus.groovy.runtime.callsite.CallSiteArray.defaultCall(CallSiteArray.java:48)
	at org.codehaus.groovy.runtime.callsite.AbstractCallSite.call(AbstractCallSite.java:113)
	at org.codehaus.groovy.runtime.callsite.AbstractCallSite.call(AbstractCallSite.java:133)
	at Script1560311493804.run(Script1560311493804.groovy:16)
	at com.kms.katalon.core.main.ScriptEngine.run(ScriptEngine.java:183)
	at com.kms.katalon.core.main.ScriptEngine.runScriptAsRawText(ScriptEngine.java:108)
	at com.kms.katalon.core.main.TestCaseExecutor.runScript(TestCaseExecutor.java:294)
	at com.kms.katalon.core.main.TestCaseExecutor.doExecute(TestCaseExecutor.java:285)
	at com.kms.katalon.core.main.TestCaseExecutor.processExecutionPhase(TestCaseExecutor.java:264)
	at com.kms.katalon.core.main.TestCaseExecutor.accessMainPhase(TestCaseExecutor.java:256)
	at com.kms.katalon.core.main.TestCaseExecutor.execute(TestCaseExecutor.java:200)
	at com.kms.katalon.core.main.TestSuiteExecutor.accessTestCaseMainPhase(TestSuiteExecutor.java:129)
	at com.kms.katalon.core.main.TestSuiteExecutor.accessTestSuiteMainPhase(TestSuiteExecutor.java:112)
	at com.kms.katalon.core.main.TestSuiteExecutor.execute(TestSuiteExecutor.java:81)
	at com.kms.katalon.core.main.TestCaseMain.startTestSuite(TestCaseMain.java:142)
	at com.kms.katalon.core.main.TestCaseMain$startTestSuite$0.call(Unknown Source)
	at org.codehaus.groovy.runtime.callsite.CallSiteArray.defaultCall(CallSiteArray.java:48)
	at org.codehaus.groovy.runtime.callsite.AbstractCallSite.call(AbstractCallSite.java:113)
	at org.codehaus.groovy.runtime.callsite.AbstractCallSite.call(AbstractCallSite.java:141)
	at TempTestSuite1561102877669.run(TempTestSuite1561102877669.groovy:36)
	at groovy.lang.GroovyShell.runScriptOrMainOrTestOrRunnable(GroovyShell.java:263)
	at groovy.lang.GroovyShell.run(GroovyShell.java:518)
	at groovy.lang.GroovyShell.run(GroovyShell.java:507)
	at groovy.ui.GroovyMain.processOnce(GroovyMain.java:653)
	at groovy.ui.GroovyMain.run(GroovyMain.java:384)
	at groovy.ui.GroovyMain.process(GroovyMain.java:370)
	at groovy.ui.GroovyMain.processArgs(GroovyMain.java:129)
	at groovy.ui.GroovyMain.main(GroovyMain.java:109)
	at sun.reflect.NativeMethodAccessorImpl.invoke0(Native Method)
	at sun.reflect.NativeMethodAccessorImpl.invoke(NativeMethodAccessorImpl.java:62)
	at sun.reflect.DelegatingMethodAccessorImpl.invoke(DelegatingMethodAccessorImpl.java:43)
	at java.lang.reflect.Method.invoke(Method.java:498)
	at org.codehaus.groovy.tools.GroovyStarter.rootLoader(GroovyStarter.java:109)
	at org.codehaus.groovy.tools.GroovyStarter.main(GroovyStarter.java:131)
)]]></system-err>
      </testcase>
      <testcase name="Test Cases/OTP/Login/OtpLogin" classname="Test Cases/OTP/Login/OtpLogin" status="FAILED">
         <failure type="FAILED" message="(Stack trace: com.kms.katalon.core.exception.StepFailedException: No driver found
	at com.kms.katalon.core.mobile.helper.MobileScreenCaptor.getAnyAppiumDriver(MobileScreenCaptor.java:64)
	at com.kms.katalon.core.mobile.helper.MobileScreenCaptor.take(MobileScreenCaptor.java:31)
	at com.kms.katalon.core.helper.screenshot.ScreenCaptor.takeScreenshotAndGetAttributes(ScreenCaptor.java:39)
	at com.kms.katalon.core.mobile.keyword.internal.MobileKeywordMain.stepFailed(MobileKeywordMain.groovy:40)
	at com.kms.katalon.core.mobile.keyword.internal.MobileKeywordMain.runKeyword(MobileKeywordMain.groovy:23)
	at com.kms.katalon.core.mobile.keyword.builtin.SetTextKeyword.setText(SetTextKeyword.groovy:83)
	at com.kms.katalon.core.mobile.keyword.builtin.SetTextKeyword.execute(SetTextKeyword.groovy:66)
	at com.kms.katalon.core.keyword.internal.KeywordExecutor.executeKeywordForPlatform(KeywordExecutor.groovy:53)
	at com.kms.katalon.core.mobile.keyword.MobileBuiltInKeywords.setText(MobileBuiltInKeywords.groovy:456)
	at com.kms.katalon.core.mobile.keyword.MobileBuiltInKeywords$setText$0.call(Unknown Source)
	at org.codehaus.groovy.runtime.callsite.CallSiteArray.defaultCall(CallSiteArray.java:48)
	at org.codehaus.groovy.runtime.callsite.AbstractCallSite.call(AbstractCallSite.java:113)
	at org.codehaus.groovy.runtime.callsite.AbstractCallSite.call(AbstractCallSite.java:141)
	at Script1560494031929.run(Script1560494031929.groovy:24)
	at com.kms.katalon.core.main.ScriptEngine.run(ScriptEngine.java:183)
	at com.kms.katalon.core.main.ScriptEngine.runScriptAsRawText(ScriptEngine.java:108)
	at com.kms.katalon.core.main.TestCaseExecutor.runScript(TestCaseExecutor.java:294)
	at com.kms.katalon.core.main.TestCaseExecutor.doExecute(TestCaseExecutor.java:285)
	at com.kms.katalon.core.main.TestCaseExecutor.processExecutionPhase(TestCaseExecutor.java:264)
	at com.kms.katalon.core.main.TestCaseExecutor.accessMainPhase(TestCaseExecutor.java:256)
	at com.kms.katalon.core.main.TestCaseExecutor.execute(TestCaseExecutor.java:200)
	at com.kms.katalon.core.main.TestSuiteExecutor.accessTestCaseMainPhase(TestSuiteExecutor.java:129)
	at com.kms.katalon.core.main.TestSuiteExecutor.accessTestSuiteMainPhase(TestSuiteExecutor.java:112)
	at com.kms.katalon.core.main.TestSuiteExecutor.execute(TestSuiteExecutor.java:81)
	at com.kms.katalon.core.main.TestCaseMain.startTestSuite(TestCaseMain.java:142)
	at com.kms.katalon.core.main.TestCaseMain$startTestSuite$0.call(Unknown Source)
	at org.codehaus.groovy.runtime.callsite.CallSiteArray.defaultCall(CallSiteArray.java:48)
	at org.codehaus.groovy.runtime.callsite.AbstractCallSite.call(AbstractCallSite.java:113)
	at org.codehaus.groovy.runtime.callsite.AbstractCallSite.call(AbstractCallSite.java:141)
	at TempTestSuite1561102877669.run(TempTestSuite1561102877669.groovy:36)
	at groovy.lang.GroovyShell.runScriptOrMainOrTestOrRunnable(GroovyShell.java:263)
	at groovy.lang.GroovyShell.run(GroovyShell.java:518)
	at groovy.lang.GroovyShell.run(GroovyShell.java:507)
	at groovy.ui.GroovyMain.processOnce(GroovyMain.java:653)
	at groovy.ui.GroovyMain.run(GroovyMain.java:384)
	at groovy.ui.GroovyMain.process(GroovyMain.java:370)
	at groovy.ui.GroovyMain.processArgs(GroovyMain.java:129)
	at groovy.ui.GroovyMain.main(GroovyMain.java:109)
	at sun.reflect.NativeMethodAccessorImpl.invoke0(Native Method)
	at sun.reflect.NativeMethodAccessorImpl.invoke(NativeMethodAccessorImpl.java:62)
	at sun.reflect.DelegatingMethodAccessorImpl.invoke(DelegatingMethodAccessorImpl.java:43)
	at java.lang.reflect.Method.invoke(Method.java:498)
	at org.codehaus.groovy.tools.GroovyStarter.rootLoader(GroovyStarter.java:109)
	at org.codehaus.groovy.tools.GroovyStarter.main(GroovyStarter.java:131)
)"/>
         <system-out><![CDATA[2019-06-21 14:41:29 - [TEST_CASE][FAILED] - Test Cases/OTP/Login/OtpLogin: Test Cases/OTP/Login/OtpLogin FAILED because (of) (Stack trace: com.kms.katalon.core.exception.StepFailedException: No driver found
	at com.kms.katalon.core.mobile.helper.MobileScreenCaptor.getAnyAppiumDriver(MobileScreenCaptor.java:64)
	at com.kms.katalon.core.mobile.helper.MobileScreenCaptor.take(MobileScreenCaptor.java:31)
	at com.kms.katalon.core.helper.screenshot.ScreenCaptor.takeScreenshotAndGetAttributes(ScreenCaptor.java:39)
	at com.kms.katalon.core.mobile.keyword.internal.MobileKeywordMain.stepFailed(MobileKeywordMain.groovy:40)
	at com.kms.katalon.core.mobile.keyword.internal.MobileKeywordMain.runKeyword(MobileKeywordMain.groovy:23)
	at com.kms.katalon.core.mobile.keyword.builtin.SetTextKeyword.setText(SetTextKeyword.groovy:83)
	at com.kms.katalon.core.mobile.keyword.builtin.SetTextKeyword.execute(SetTextKeyword.groovy:66)
	at com.kms.katalon.core.keyword.internal.KeywordExecutor.executeKeywordForPlatform(KeywordExecutor.groovy:53)
	at com.kms.katalon.core.mobile.keyword.MobileBuiltInKeywords.setText(MobileBuiltInKeywords.groovy:456)
	at com.kms.katalon.core.mobile.keyword.MobileBuiltInKeywords$setText$0.call(Unknown Source)
	at org.codehaus.groovy.runtime.callsite.CallSiteArray.defaultCall(CallSiteArray.java:48)
	at org.codehaus.groovy.runtime.callsite.AbstractCallSite.call(AbstractCallSite.java:113)
	at org.codehaus.groovy.runtime.callsite.AbstractCallSite.call(AbstractCallSite.java:141)
	at Script1560494031929.run(Script1560494031929.groovy:24)
	at com.kms.katalon.core.main.ScriptEngine.run(ScriptEngine.java:183)
	at com.kms.katalon.core.main.ScriptEngine.runScriptAsRawText(ScriptEngine.java:108)
	at com.kms.katalon.core.main.TestCaseExecutor.runScript(TestCaseExecutor.java:294)
	at com.kms.katalon.core.main.TestCaseExecutor.doExecute(TestCaseExecutor.java:285)
	at com.kms.katalon.core.main.TestCaseExecutor.processExecutionPhase(TestCaseExecutor.java:264)
	at com.kms.katalon.core.main.TestCaseExecutor.accessMainPhase(TestCaseExecutor.java:256)
	at com.kms.katalon.core.main.TestCaseExecutor.execute(TestCaseExecutor.java:200)
	at com.kms.katalon.core.main.TestSuiteExecutor.accessTestCaseMainPhase(TestSuiteExecutor.java:129)
	at com.kms.katalon.core.main.TestSuiteExecutor.accessTestSuiteMainPhase(TestSuiteExecutor.java:112)
	at com.kms.katalon.core.main.TestSuiteExecutor.execute(TestSuiteExecutor.java:81)
	at com.kms.katalon.core.main.TestCaseMain.startTestSuite(TestCaseMain.java:142)
	at com.kms.katalon.core.main.TestCaseMain$startTestSuite$0.call(Unknown Source)
	at org.codehaus.groovy.runtime.callsite.CallSiteArray.defaultCall(CallSiteArray.java:48)
	at org.codehaus.groovy.runtime.callsite.AbstractCallSite.call(AbstractCallSite.java:113)
	at org.codehaus.groovy.runtime.callsite.AbstractCallSite.call(AbstractCallSite.java:141)
	at TempTestSuite1561102877669.run(TempTestSuite1561102877669.groovy:36)
	at groovy.lang.GroovyShell.runScriptOrMainOrTestOrRunnable(GroovyShell.java:263)
	at groovy.lang.GroovyShell.run(GroovyShell.java:518)
	at groovy.lang.GroovyShell.run(GroovyShell.java:507)
	at groovy.ui.GroovyMain.processOnce(GroovyMain.java:653)
	at groovy.ui.GroovyMain.run(GroovyMain.java:384)
	at groovy.ui.GroovyMain.process(GroovyMain.java:370)
	at groovy.ui.GroovyMain.processArgs(GroovyMain.java:129)
	at groovy.ui.GroovyMain.main(GroovyMain.java:109)
	at sun.reflect.NativeMethodAccessorImpl.invoke0(Native Method)
	at sun.reflect.NativeMethodAccessorImpl.invoke(NativeMethodAccessorImpl.java:62)
	at sun.reflect.DelegatingMethodAccessorImpl.invoke(DelegatingMethodAccessorImpl.java:43)
	at java.lang.reflect.Method.invoke(Method.java:498)
	at org.codehaus.groovy.tools.GroovyStarter.rootLoader(GroovyStarter.java:109)
	at org.codehaus.groovy.tools.GroovyStarter.main(GroovyStarter.java:131)
)

2019-06-21 14:41:30 - [TEST_STEP][PASSED] - delay: Delayed 3 second(s)

2019-06-21 14:41:33 - [MESSAGE][PASSED] - Delayed 3 second(s)

2019-06-21 14:41:33 - [TEST_STEP][PASSED] - setText: Timeout '0' is invalid. Using default page load timeout: '30'

2019-06-21 14:41:33 - [MESSAGE][WARNING] - Timeout '0' is invalid. Using default page load timeout: '30']]></system-out>
         <system-err><![CDATA[2019-06-21 14:41:29 - [TEST_CASE][FAILED] - Test Cases/OTP/Login/OtpLogin: Test Cases/OTP/Login/OtpLogin FAILED because (of) (Stack trace: com.kms.katalon.core.exception.StepFailedException: No driver found
	at com.kms.katalon.core.mobile.helper.MobileScreenCaptor.getAnyAppiumDriver(MobileScreenCaptor.java:64)
	at com.kms.katalon.core.mobile.helper.MobileScreenCaptor.take(MobileScreenCaptor.java:31)
	at com.kms.katalon.core.helper.screenshot.ScreenCaptor.takeScreenshotAndGetAttributes(ScreenCaptor.java:39)
	at com.kms.katalon.core.mobile.keyword.internal.MobileKeywordMain.stepFailed(MobileKeywordMain.groovy:40)
	at com.kms.katalon.core.mobile.keyword.internal.MobileKeywordMain.runKeyword(MobileKeywordMain.groovy:23)
	at com.kms.katalon.core.mobile.keyword.builtin.SetTextKeyword.setText(SetTextKeyword.groovy:83)
	at com.kms.katalon.core.mobile.keyword.builtin.SetTextKeyword.execute(SetTextKeyword.groovy:66)
	at com.kms.katalon.core.keyword.internal.KeywordExecutor.executeKeywordForPlatform(KeywordExecutor.groovy:53)
	at com.kms.katalon.core.mobile.keyword.MobileBuiltInKeywords.setText(MobileBuiltInKeywords.groovy:456)
	at com.kms.katalon.core.mobile.keyword.MobileBuiltInKeywords$setText$0.call(Unknown Source)
	at org.codehaus.groovy.runtime.callsite.CallSiteArray.defaultCall(CallSiteArray.java:48)
	at org.codehaus.groovy.runtime.callsite.AbstractCallSite.call(AbstractCallSite.java:113)
	at org.codehaus.groovy.runtime.callsite.AbstractCallSite.call(AbstractCallSite.java:141)
	at Script1560494031929.run(Script1560494031929.groovy:24)
	at com.kms.katalon.core.main.ScriptEngine.run(ScriptEngine.java:183)
	at com.kms.katalon.core.main.ScriptEngine.runScriptAsRawText(ScriptEngine.java:108)
	at com.kms.katalon.core.main.TestCaseExecutor.runScript(TestCaseExecutor.java:294)
	at com.kms.katalon.core.main.TestCaseExecutor.doExecute(TestCaseExecutor.java:285)
	at com.kms.katalon.core.main.TestCaseExecutor.processExecutionPhase(TestCaseExecutor.java:264)
	at com.kms.katalon.core.main.TestCaseExecutor.accessMainPhase(TestCaseExecutor.java:256)
	at com.kms.katalon.core.main.TestCaseExecutor.execute(TestCaseExecutor.java:200)
	at com.kms.katalon.core.main.TestSuiteExecutor.accessTestCaseMainPhase(TestSuiteExecutor.java:129)
	at com.kms.katalon.core.main.TestSuiteExecutor.accessTestSuiteMainPhase(TestSuiteExecutor.java:112)
	at com.kms.katalon.core.main.TestSuiteExecutor.execute(TestSuiteExecutor.java:81)
	at com.kms.katalon.core.main.TestCaseMain.startTestSuite(TestCaseMain.java:142)
	at com.kms.katalon.core.main.TestCaseMain$startTestSuite$0.call(Unknown Source)
	at org.codehaus.groovy.runtime.callsite.CallSiteArray.defaultCall(CallSiteArray.java:48)
	at org.codehaus.groovy.runtime.callsite.AbstractCallSite.call(AbstractCallSite.java:113)
	at org.codehaus.groovy.runtime.callsite.AbstractCallSite.call(AbstractCallSite.java:141)
	at TempTestSuite1561102877669.run(TempTestSuite1561102877669.groovy:36)
	at groovy.lang.GroovyShell.runScriptOrMainOrTestOrRunnable(GroovyShell.java:263)
	at groovy.lang.GroovyShell.run(GroovyShell.java:518)
	at groovy.lang.GroovyShell.run(GroovyShell.java:507)
	at groovy.ui.GroovyMain.processOnce(GroovyMain.java:653)
	at groovy.ui.GroovyMain.run(GroovyMain.java:384)
	at groovy.ui.GroovyMain.process(GroovyMain.java:370)
	at groovy.ui.GroovyMain.processArgs(GroovyMain.java:129)
	at groovy.ui.GroovyMain.main(GroovyMain.java:109)
	at sun.reflect.NativeMethodAccessorImpl.invoke0(Native Method)
	at sun.reflect.NativeMethodAccessorImpl.invoke(NativeMethodAccessorImpl.java:62)
	at sun.reflect.DelegatingMethodAccessorImpl.invoke(DelegatingMethodAccessorImpl.java:43)
	at java.lang.reflect.Method.invoke(Method.java:498)
	at org.codehaus.groovy.tools.GroovyStarter.rootLoader(GroovyStarter.java:109)
	at org.codehaus.groovy.tools.GroovyStarter.main(GroovyStarter.java:131)
)]]></system-err>
      </testcase>
      <testcase name="Test Cases/Home/TujuanFinansialUtamaKu/DapatkanRekomendasi" classname="Test Cases/Home/TujuanFinansialUtamaKu/DapatkanRekomendasi" status="FAILED">
         <failure type="FAILED" message="(Stack trace: com.kms.katalon.core.exception.StepFailedException: No driver found
	at com.kms.katalon.core.mobile.helper.MobileScreenCaptor.getAnyAppiumDriver(MobileScreenCaptor.java:64)
	at com.kms.katalon.core.mobile.helper.MobileScreenCaptor.take(MobileScreenCaptor.java:31)
	at com.kms.katalon.core.helper.screenshot.ScreenCaptor.takeScreenshotAndGetAttributes(ScreenCaptor.java:39)
	at com.kms.katalon.core.mobile.keyword.internal.MobileKeywordMain.stepFailed(MobileKeywordMain.groovy:40)
	at com.kms.katalon.core.mobile.keyword.internal.MobileKeywordMain.runKeyword(MobileKeywordMain.groovy:23)
	at com.kms.katalon.core.mobile.keyword.builtin.VerifyElementTextKeyword.verifyElementText(VerifyElementTextKeyword.groovy:62)
	at com.kms.katalon.core.mobile.keyword.builtin.VerifyElementTextKeyword.execute(VerifyElementTextKeyword.groovy:39)
	at com.kms.katalon.core.keyword.internal.KeywordExecutor.executeKeywordForPlatform(KeywordExecutor.groovy:53)
	at com.kms.katalon.core.mobile.keyword.MobileBuiltInKeywords.verifyElementText(MobileBuiltInKeywords.groovy:1767)
	at com.kms.katalon.core.mobile.keyword.MobileBuiltInKeywords$verifyElementText$1.call(Unknown Source)
	at org.codehaus.groovy.runtime.callsite.CallSiteArray.defaultCall(CallSiteArray.java:48)
	at org.codehaus.groovy.runtime.callsite.AbstractCallSite.call(AbstractCallSite.java:113)
	at org.codehaus.groovy.runtime.callsite.AbstractCallSite.call(AbstractCallSite.java:133)
	at Script1560501207665.run(Script1560501207665.groovy:17)
	at com.kms.katalon.core.main.ScriptEngine.run(ScriptEngine.java:183)
	at com.kms.katalon.core.main.ScriptEngine.runScriptAsRawText(ScriptEngine.java:108)
	at com.kms.katalon.core.main.TestCaseExecutor.runScript(TestCaseExecutor.java:294)
	at com.kms.katalon.core.main.TestCaseExecutor.doExecute(TestCaseExecutor.java:285)
	at com.kms.katalon.core.main.TestCaseExecutor.processExecutionPhase(TestCaseExecutor.java:264)
	at com.kms.katalon.core.main.TestCaseExecutor.accessMainPhase(TestCaseExecutor.java:256)
	at com.kms.katalon.core.main.TestCaseExecutor.execute(TestCaseExecutor.java:200)
	at com.kms.katalon.core.main.TestSuiteExecutor.accessTestCaseMainPhase(TestSuiteExecutor.java:129)
	at com.kms.katalon.core.main.TestSuiteExecutor.accessTestSuiteMainPhase(TestSuiteExecutor.java:112)
	at com.kms.katalon.core.main.TestSuiteExecutor.execute(TestSuiteExecutor.java:81)
	at com.kms.katalon.core.main.TestCaseMain.startTestSuite(TestCaseMain.java:142)
	at com.kms.katalon.core.main.TestCaseMain$startTestSuite$0.call(Unknown Source)
	at org.codehaus.groovy.runtime.callsite.CallSiteArray.defaultCall(CallSiteArray.java:48)
	at org.codehaus.groovy.runtime.callsite.AbstractCallSite.call(AbstractCallSite.java:113)
	at org.codehaus.groovy.runtime.callsite.AbstractCallSite.call(AbstractCallSite.java:141)
	at TempTestSuite1561102877669.run(TempTestSuite1561102877669.groovy:36)
	at groovy.lang.GroovyShell.runScriptOrMainOrTestOrRunnable(GroovyShell.java:263)
	at groovy.lang.GroovyShell.run(GroovyShell.java:518)
	at groovy.lang.GroovyShell.run(GroovyShell.java:507)
	at groovy.ui.GroovyMain.processOnce(GroovyMain.java:653)
	at groovy.ui.GroovyMain.run(GroovyMain.java:384)
	at groovy.ui.GroovyMain.process(GroovyMain.java:370)
	at groovy.ui.GroovyMain.processArgs(GroovyMain.java:129)
	at groovy.ui.GroovyMain.main(GroovyMain.java:109)
	at sun.reflect.NativeMethodAccessorImpl.invoke0(Native Method)
	at sun.reflect.NativeMethodAccessorImpl.invoke(NativeMethodAccessorImpl.java:62)
	at sun.reflect.DelegatingMethodAccessorImpl.invoke(DelegatingMethodAccessorImpl.java:43)
	at java.lang.reflect.Method.invoke(Method.java:498)
	at org.codehaus.groovy.tools.GroovyStarter.rootLoader(GroovyStarter.java:109)
	at org.codehaus.groovy.tools.GroovyStarter.main(GroovyStarter.java:131)
)"/>
         <system-out><![CDATA[2019-06-21 14:41:33 - [TEST_CASE][FAILED] - Test Cases/Home/TujuanFinansialUtamaKu/DapatkanRekomendasi: Test Cases/Home/TujuanFinansialUtamaKu/DapatkanRekomendasi FAILED because (of) (Stack trace: com.kms.katalon.core.exception.StepFailedException: No driver found
	at com.kms.katalon.core.mobile.helper.MobileScreenCaptor.getAnyAppiumDriver(MobileScreenCaptor.java:64)
	at com.kms.katalon.core.mobile.helper.MobileScreenCaptor.take(MobileScreenCaptor.java:31)
	at com.kms.katalon.core.helper.screenshot.ScreenCaptor.takeScreenshotAndGetAttributes(ScreenCaptor.java:39)
	at com.kms.katalon.core.mobile.keyword.internal.MobileKeywordMain.stepFailed(MobileKeywordMain.groovy:40)
	at com.kms.katalon.core.mobile.keyword.internal.MobileKeywordMain.runKeyword(MobileKeywordMain.groovy:23)
	at com.kms.katalon.core.mobile.keyword.builtin.VerifyElementTextKeyword.verifyElementText(VerifyElementTextKeyword.groovy:62)
	at com.kms.katalon.core.mobile.keyword.builtin.VerifyElementTextKeyword.execute(VerifyElementTextKeyword.groovy:39)
	at com.kms.katalon.core.keyword.internal.KeywordExecutor.executeKeywordForPlatform(KeywordExecutor.groovy:53)
	at com.kms.katalon.core.mobile.keyword.MobileBuiltInKeywords.verifyElementText(MobileBuiltInKeywords.groovy:1767)
	at com.kms.katalon.core.mobile.keyword.MobileBuiltInKeywords$verifyElementText$1.call(Unknown Source)
	at org.codehaus.groovy.runtime.callsite.CallSiteArray.defaultCall(CallSiteArray.java:48)
	at org.codehaus.groovy.runtime.callsite.AbstractCallSite.call(AbstractCallSite.java:113)
	at org.codehaus.groovy.runtime.callsite.AbstractCallSite.call(AbstractCallSite.java:133)
	at Script1560501207665.run(Script1560501207665.groovy:17)
	at com.kms.katalon.core.main.ScriptEngine.run(ScriptEngine.java:183)
	at com.kms.katalon.core.main.ScriptEngine.runScriptAsRawText(ScriptEngine.java:108)
	at com.kms.katalon.core.main.TestCaseExecutor.runScript(TestCaseExecutor.java:294)
	at com.kms.katalon.core.main.TestCaseExecutor.doExecute(TestCaseExecutor.java:285)
	at com.kms.katalon.core.main.TestCaseExecutor.processExecutionPhase(TestCaseExecutor.java:264)
	at com.kms.katalon.core.main.TestCaseExecutor.accessMainPhase(TestCaseExecutor.java:256)
	at com.kms.katalon.core.main.TestCaseExecutor.execute(TestCaseExecutor.java:200)
	at com.kms.katalon.core.main.TestSuiteExecutor.accessTestCaseMainPhase(TestSuiteExecutor.java:129)
	at com.kms.katalon.core.main.TestSuiteExecutor.accessTestSuiteMainPhase(TestSuiteExecutor.java:112)
	at com.kms.katalon.core.main.TestSuiteExecutor.execute(TestSuiteExecutor.java:81)
	at com.kms.katalon.core.main.TestCaseMain.startTestSuite(TestCaseMain.java:142)
	at com.kms.katalon.core.main.TestCaseMain$startTestSuite$0.call(Unknown Source)
	at org.codehaus.groovy.runtime.callsite.CallSiteArray.defaultCall(CallSiteArray.java:48)
	at org.codehaus.groovy.runtime.callsite.AbstractCallSite.call(AbstractCallSite.java:113)
	at org.codehaus.groovy.runtime.callsite.AbstractCallSite.call(AbstractCallSite.java:141)
	at TempTestSuite1561102877669.run(TempTestSuite1561102877669.groovy:36)
	at groovy.lang.GroovyShell.runScriptOrMainOrTestOrRunnable(GroovyShell.java:263)
	at groovy.lang.GroovyShell.run(GroovyShell.java:518)
	at groovy.lang.GroovyShell.run(GroovyShell.java:507)
	at groovy.ui.GroovyMain.processOnce(GroovyMain.java:653)
	at groovy.ui.GroovyMain.run(GroovyMain.java:384)
	at groovy.ui.GroovyMain.process(GroovyMain.java:370)
	at groovy.ui.GroovyMain.processArgs(GroovyMain.java:129)
	at groovy.ui.GroovyMain.main(GroovyMain.java:109)
	at sun.reflect.NativeMethodAccessorImpl.invoke0(Native Method)
	at sun.reflect.NativeMethodAccessorImpl.invoke(NativeMethodAccessorImpl.java:62)
	at sun.reflect.DelegatingMethodAccessorImpl.invoke(DelegatingMethodAccessorImpl.java:43)
	at java.lang.reflect.Method.invoke(Method.java:498)
	at org.codehaus.groovy.tools.GroovyStarter.rootLoader(GroovyStarter.java:109)
	at org.codehaus.groovy.tools.GroovyStarter.main(GroovyStarter.java:131)
)

2019-06-21 14:41:33 - [TEST_STEP][PASSED] - verifyElementText: Checking timeout]]></system-out>
         <system-err><![CDATA[2019-06-21 14:41:33 - [TEST_CASE][FAILED] - Test Cases/Home/TujuanFinansialUtamaKu/DapatkanRekomendasi: Test Cases/Home/TujuanFinansialUtamaKu/DapatkanRekomendasi FAILED because (of) (Stack trace: com.kms.katalon.core.exception.StepFailedException: No driver found
	at com.kms.katalon.core.mobile.helper.MobileScreenCaptor.getAnyAppiumDriver(MobileScreenCaptor.java:64)
	at com.kms.katalon.core.mobile.helper.MobileScreenCaptor.take(MobileScreenCaptor.java:31)
	at com.kms.katalon.core.helper.screenshot.ScreenCaptor.takeScreenshotAndGetAttributes(ScreenCaptor.java:39)
	at com.kms.katalon.core.mobile.keyword.internal.MobileKeywordMain.stepFailed(MobileKeywordMain.groovy:40)
	at com.kms.katalon.core.mobile.keyword.internal.MobileKeywordMain.runKeyword(MobileKeywordMain.groovy:23)
	at com.kms.katalon.core.mobile.keyword.builtin.VerifyElementTextKeyword.verifyElementText(VerifyElementTextKeyword.groovy:62)
	at com.kms.katalon.core.mobile.keyword.builtin.VerifyElementTextKeyword.execute(VerifyElementTextKeyword.groovy:39)
	at com.kms.katalon.core.keyword.internal.KeywordExecutor.executeKeywordForPlatform(KeywordExecutor.groovy:53)
	at com.kms.katalon.core.mobile.keyword.MobileBuiltInKeywords.verifyElementText(MobileBuiltInKeywords.groovy:1767)
	at com.kms.katalon.core.mobile.keyword.MobileBuiltInKeywords$verifyElementText$1.call(Unknown Source)
	at org.codehaus.groovy.runtime.callsite.CallSiteArray.defaultCall(CallSiteArray.java:48)
	at org.codehaus.groovy.runtime.callsite.AbstractCallSite.call(AbstractCallSite.java:113)
	at org.codehaus.groovy.runtime.callsite.AbstractCallSite.call(AbstractCallSite.java:133)
	at Script1560501207665.run(Script1560501207665.groovy:17)
	at com.kms.katalon.core.main.ScriptEngine.run(ScriptEngine.java:183)
	at com.kms.katalon.core.main.ScriptEngine.runScriptAsRawText(ScriptEngine.java:108)
	at com.kms.katalon.core.main.TestCaseExecutor.runScript(TestCaseExecutor.java:294)
	at com.kms.katalon.core.main.TestCaseExecutor.doExecute(TestCaseExecutor.java:285)
	at com.kms.katalon.core.main.TestCaseExecutor.processExecutionPhase(TestCaseExecutor.java:264)
	at com.kms.katalon.core.main.TestCaseExecutor.accessMainPhase(TestCaseExecutor.java:256)
	at com.kms.katalon.core.main.TestCaseExecutor.execute(TestCaseExecutor.java:200)
	at com.kms.katalon.core.main.TestSuiteExecutor.accessTestCaseMainPhase(TestSuiteExecutor.java:129)
	at com.kms.katalon.core.main.TestSuiteExecutor.accessTestSuiteMainPhase(TestSuiteExecutor.java:112)
	at com.kms.katalon.core.main.TestSuiteExecutor.execute(TestSuiteExecutor.java:81)
	at com.kms.katalon.core.main.TestCaseMain.startTestSuite(TestCaseMain.java:142)
	at com.kms.katalon.core.main.TestCaseMain$startTestSuite$0.call(Unknown Source)
	at org.codehaus.groovy.runtime.callsite.CallSiteArray.defaultCall(CallSiteArray.java:48)
	at org.codehaus.groovy.runtime.callsite.AbstractCallSite.call(AbstractCallSite.java:113)
	at org.codehaus.groovy.runtime.callsite.AbstractCallSite.call(AbstractCallSite.java:141)
	at TempTestSuite1561102877669.run(TempTestSuite1561102877669.groovy:36)
	at groovy.lang.GroovyShell.runScriptOrMainOrTestOrRunnable(GroovyShell.java:263)
	at groovy.lang.GroovyShell.run(GroovyShell.java:518)
	at groovy.lang.GroovyShell.run(GroovyShell.java:507)
	at groovy.ui.GroovyMain.processOnce(GroovyMain.java:653)
	at groovy.ui.GroovyMain.run(GroovyMain.java:384)
	at groovy.ui.GroovyMain.process(GroovyMain.java:370)
	at groovy.ui.GroovyMain.processArgs(GroovyMain.java:129)
	at groovy.ui.GroovyMain.main(GroovyMain.java:109)
	at sun.reflect.NativeMethodAccessorImpl.invoke0(Native Method)
	at sun.reflect.NativeMethodAccessorImpl.invoke(NativeMethodAccessorImpl.java:62)
	at sun.reflect.DelegatingMethodAccessorImpl.invoke(DelegatingMethodAccessorImpl.java:43)
	at java.lang.reflect.Method.invoke(Method.java:498)
	at org.codehaus.groovy.tools.GroovyStarter.rootLoader(GroovyStarter.java:109)
	at org.codehaus.groovy.tools.GroovyStarter.main(GroovyStarter.java:131)
)]]></system-err>
      </testcase>
      <system-out><![CDATA[2019-06-21 14:41:24 - [TEST_SUITE][FAILED] - test1: Test Cases/Login/LoginTrue FAILED because (of) (Stack trace: com.kms.katalon.core.exception.StepFailedException: Unable to start app at: '/Users/ustore/Downloads/Mobile-debug.apk' (Root cause: org.openqa.selenium.WebDriverException: An unknown server-side error occurred while processing the command. Original error: The application at '/Users/ustore/Downloads/Mobile-debug.apk' does not exist or is not accessible (WARNING: The server did not provide any stacktrace information)
Command duration or timeout: 160 milliseconds
Build info: version: '3.7.1', revision: '8a0099a', time: '2017-11-06T21:07:36.161Z'
System info: host: 'Ustores-MacBook-Pro.local', ip: 'fe80:0:0:0:187c:6933:75d8:c90d%en0', os.name: 'Mac OS X', os.arch: 'x86_64', os.version: '10.14.1', java.version: '1.8.0_181'
Driver info: driver.version: SwipeableAndroidDriver)
	at com.kms.katalon.core.keyword.internal.KeywordMain.stepFailed(KeywordMain.groovy:36)
	at com.kms.katalon.core.mobile.keyword.internal.MobileKeywordMain.stepFailed(MobileKeywordMain.groovy:40)
	at com.kms.katalon.core.mobile.keyword.internal.MobileKeywordMain.runKeyword(MobileKeywordMain.groovy:23)
	at com.kms.katalon.core.mobile.keyword.builtin.StartApplicationKeyword.startApplication(StartApplicationKeyword.groovy:51)
	at com.kms.katalon.core.mobile.keyword.builtin.StartApplicationKeyword.execute(StartApplicationKeyword.groovy:40)
	at com.kms.katalon.core.keyword.internal.KeywordExecutor.executeKeywordForPlatform(KeywordExecutor.groovy:53)
	at com.kms.katalon.core.mobile.keyword.MobileBuiltInKeywords.startApplication(MobileBuiltInKeywords.groovy:74)
	at com.kms.katalon.core.mobile.keyword.MobileBuiltInKeywords$startApplication.call(Unknown Source)
	at org.codehaus.groovy.runtime.callsite.CallSiteArray.defaultCall(CallSiteArray.java:48)
	at org.codehaus.groovy.runtime.callsite.AbstractCallSite.call(AbstractCallSite.java:113)
	at org.codehaus.groovy.runtime.callsite.AbstractCallSite.call(AbstractCallSite.java:133)
	at Script1560311493804.run(Script1560311493804.groovy:16)
	at com.kms.katalon.core.main.ScriptEngine.run(ScriptEngine.java:183)
	at com.kms.katalon.core.main.ScriptEngine.runScriptAsRawText(ScriptEngine.java:108)
	at com.kms.katalon.core.main.TestCaseExecutor.runScript(TestCaseExecutor.java:294)
	at com.kms.katalon.core.main.TestCaseExecutor.doExecute(TestCaseExecutor.java:285)
	at com.kms.katalon.core.main.TestCaseExecutor.processExecutionPhase(TestCaseExecutor.java:264)
	at com.kms.katalon.core.main.TestCaseExecutor.accessMainPhase(TestCaseExecutor.java:256)
	at com.kms.katalon.core.main.TestCaseExecutor.execute(TestCaseExecutor.java:200)
	at com.kms.katalon.core.main.TestSuiteExecutor.accessTestCaseMainPhase(TestSuiteExecutor.java:129)
	at com.kms.katalon.core.main.TestSuiteExecutor.accessTestSuiteMainPhase(TestSuiteExecutor.java:112)
	at com.kms.katalon.core.main.TestSuiteExecutor.execute(TestSuiteExecutor.java:81)
	at com.kms.katalon.core.main.TestCaseMain.startTestSuite(TestCaseMain.java:142)
	at com.kms.katalon.core.main.TestCaseMain$startTestSuite$0.call(Unknown Source)
	at org.codehaus.groovy.runtime.callsite.CallSiteArray.defaultCall(CallSiteArray.java:48)
	at org.codehaus.groovy.runtime.callsite.AbstractCallSite.call(AbstractCallSite.java:113)
	at org.codehaus.groovy.runtime.callsite.AbstractCallSite.call(AbstractCallSite.java:141)
	at TempTestSuite1561102877669.run(TempTestSuite1561102877669.groovy:36)
	at groovy.lang.GroovyShell.runScriptOrMainOrTestOrRunnable(GroovyShell.java:263)
	at groovy.lang.GroovyShell.run(GroovyShell.java:518)
	at groovy.lang.GroovyShell.run(GroovyShell.java:507)
	at groovy.ui.GroovyMain.processOnce(GroovyMain.java:653)
	at groovy.ui.GroovyMain.run(GroovyMain.java:384)
	at groovy.ui.GroovyMain.process(GroovyMain.java:370)
	at groovy.ui.GroovyMain.processArgs(GroovyMain.java:129)
	at groovy.ui.GroovyMain.main(GroovyMain.java:109)
	at sun.reflect.NativeMethodAccessorImpl.invoke0(Native Method)
	at sun.reflect.NativeMethodAccessorImpl.invoke(NativeMethodAccessorImpl.java:62)
	at sun.reflect.DelegatingMethodAccessorImpl.invoke(DelegatingMethodAccessorImpl.java:43)
	at java.lang.reflect.Method.invoke(Method.java:498)
	at org.codehaus.groovy.tools.GroovyStarter.rootLoader(GroovyStarter.java:109)
	at org.codehaus.groovy.tools.GroovyStarter.main(GroovyStarter.java:131)
)]]></system-out>
      <system-err><![CDATA[2019-06-21 14:41:24 - [TEST_SUITE][FAILED] - test1: Test Cases/Login/LoginTrue FAILED because (of) (Stack trace: com.kms.katalon.core.exception.StepFailedException: Unable to start app at: '/Users/ustore/Downloads/Mobile-debug.apk' (Root cause: org.openqa.selenium.WebDriverException: An unknown server-side error occurred while processing the command. Original error: The application at '/Users/ustore/Downloads/Mobile-debug.apk' does not exist or is not accessible (WARNING: The server did not provide any stacktrace information)
Command duration or timeout: 160 milliseconds
Build info: version: '3.7.1', revision: '8a0099a', time: '2017-11-06T21:07:36.161Z'
System info: host: 'Ustores-MacBook-Pro.local', ip: 'fe80:0:0:0:187c:6933:75d8:c90d%en0', os.name: 'Mac OS X', os.arch: 'x86_64', os.version: '10.14.1', java.version: '1.8.0_181'
Driver info: driver.version: SwipeableAndroidDriver)
	at com.kms.katalon.core.keyword.internal.KeywordMain.stepFailed(KeywordMain.groovy:36)
	at com.kms.katalon.core.mobile.keyword.internal.MobileKeywordMain.stepFailed(MobileKeywordMain.groovy:40)
	at com.kms.katalon.core.mobile.keyword.internal.MobileKeywordMain.runKeyword(MobileKeywordMain.groovy:23)
	at com.kms.katalon.core.mobile.keyword.builtin.StartApplicationKeyword.startApplication(StartApplicationKeyword.groovy:51)
	at com.kms.katalon.core.mobile.keyword.builtin.StartApplicationKeyword.execute(StartApplicationKeyword.groovy:40)
	at com.kms.katalon.core.keyword.internal.KeywordExecutor.executeKeywordForPlatform(KeywordExecutor.groovy:53)
	at com.kms.katalon.core.mobile.keyword.MobileBuiltInKeywords.startApplication(MobileBuiltInKeywords.groovy:74)
	at com.kms.katalon.core.mobile.keyword.MobileBuiltInKeywords$startApplication.call(Unknown Source)
	at org.codehaus.groovy.runtime.callsite.CallSiteArray.defaultCall(CallSiteArray.java:48)
	at org.codehaus.groovy.runtime.callsite.AbstractCallSite.call(AbstractCallSite.java:113)
	at org.codehaus.groovy.runtime.callsite.AbstractCallSite.call(AbstractCallSite.java:133)
	at Script1560311493804.run(Script1560311493804.groovy:16)
	at com.kms.katalon.core.main.ScriptEngine.run(ScriptEngine.java:183)
	at com.kms.katalon.core.main.ScriptEngine.runScriptAsRawText(ScriptEngine.java:108)
	at com.kms.katalon.core.main.TestCaseExecutor.runScript(TestCaseExecutor.java:294)
	at com.kms.katalon.core.main.TestCaseExecutor.doExecute(TestCaseExecutor.java:285)
	at com.kms.katalon.core.main.TestCaseExecutor.processExecutionPhase(TestCaseExecutor.java:264)
	at com.kms.katalon.core.main.TestCaseExecutor.accessMainPhase(TestCaseExecutor.java:256)
	at com.kms.katalon.core.main.TestCaseExecutor.execute(TestCaseExecutor.java:200)
	at com.kms.katalon.core.main.TestSuiteExecutor.accessTestCaseMainPhase(TestSuiteExecutor.java:129)
	at com.kms.katalon.core.main.TestSuiteExecutor.accessTestSuiteMainPhase(TestSuiteExecutor.java:112)
	at com.kms.katalon.core.main.TestSuiteExecutor.execute(TestSuiteExecutor.java:81)
	at com.kms.katalon.core.main.TestCaseMain.startTestSuite(TestCaseMain.java:142)
	at com.kms.katalon.core.main.TestCaseMain$startTestSuite$0.call(Unknown Source)
	at org.codehaus.groovy.runtime.callsite.CallSiteArray.defaultCall(CallSiteArray.java:48)
	at org.codehaus.groovy.runtime.callsite.AbstractCallSite.call(AbstractCallSite.java:113)
	at org.codehaus.groovy.runtime.callsite.AbstractCallSite.call(AbstractCallSite.java:141)
	at TempTestSuite1561102877669.run(TempTestSuite1561102877669.groovy:36)
	at groovy.lang.GroovyShell.runScriptOrMainOrTestOrRunnable(GroovyShell.java:263)
	at groovy.lang.GroovyShell.run(GroovyShell.java:518)
	at groovy.lang.GroovyShell.run(GroovyShell.java:507)
	at groovy.ui.GroovyMain.processOnce(GroovyMain.java:653)
	at groovy.ui.GroovyMain.run(GroovyMain.java:384)
	at groovy.ui.GroovyMain.process(GroovyMain.java:370)
	at groovy.ui.GroovyMain.processArgs(GroovyMain.java:129)
	at groovy.ui.GroovyMain.main(GroovyMain.java:109)
	at sun.reflect.NativeMethodAccessorImpl.invoke0(Native Method)
	at sun.reflect.NativeMethodAccessorImpl.invoke(NativeMethodAccessorImpl.java:62)
	at sun.reflect.DelegatingMethodAccessorImpl.invoke(DelegatingMethodAccessorImpl.java:43)
	at java.lang.reflect.Method.invoke(Method.java:498)
	at org.codehaus.groovy.tools.GroovyStarter.rootLoader(GroovyStarter.java:109)
	at org.codehaus.groovy.tools.GroovyStarter.main(GroovyStarter.java:131)
)]]></system-err>
   </testsuite>
</testsuites>
