<?xml version="1.0" encoding="UTF-8"?>
<testsuites name="02_DeleteCart" time="152" tests="4" failures="0" errors="0">
   <testsuite name="02_DeleteCart" tests="4" failures="0" errors="0" time="152" timestamp="2019-07-05 15:50:50" hostname="ustore - 192.168.0.120" id="Test Suites/result/Reksadana/AddToCart/02_DeleteCart">
      <properties>
         <property name="deviceName" value="emulator-5554 (Android SDK built for x86 - Android 9)"/>
         <property name="devicePlatform" value=""/>
         <property name="logFolder" value="/Users/ustore/Katalon Studio/Android v1.2/Reports/result/Reksadana/AddToCart/02_DeleteCart/20190705_155037"/>
         <property name="logFiles" value="/Users/ustore/Katalon Studio/Android v1.2/Reports/result/Reksadana/AddToCart/02_DeleteCart/20190705_155037/execution0.log, /Users/ustore/Katalon Studio/Android v1.2/Reports/result/Reksadana/AddToCart/02_DeleteCart/20190705_155037/appium.log"/>
         <property name="attachments" value=""/>
         <property name="hostName" value="ustore - 192.168.0.120"/>
         <property name="os" value="Mac OS X 64bit"/>
         <property name="katalonVersion" value="4.1.0.2"/>
         <property name="deviceOS" value="Android"/>
         <property name="appiumVersion" value="1.8.1"/>
         <property name="deviceModel" value="Android SDK built for x86"/>
         <property name="hostAddress" value="192.168.0.120"/>
         <property name="deviceManufacturer" value="Google"/>
         <property name="deviceId" value="emulator-5554"/>
         <property name="deviceName" value="emulator-5554 (Android SDK built for x86 - Android 9)"/>
         <property name="deviceOSVersion" value="9"/>
      </properties>
      <testcase name="Test Cases/Login/LoginTrue" classname="Test Cases/Login/LoginTrue" status="PASSED">
         <system-out><![CDATA[2019-07-05 15:50:50 - [TEST_CASE][PASSED] - Test Cases/Login/LoginTrue: Test Cases/Login/LoginTrue

2019-07-05 15:50:51 - [TEST_STEP][PASSED] - startApplication: Started app at: '/Users/ustore/Downloads/Development.apk'

2019-07-05 15:51:10 - [MESSAGE][PASSED] - Started app at: '/Users/ustore/Downloads/Development.apk'

2019-07-05 15:51:10 - [TEST_STEP][PASSED] - verifyElementText: Actual text and expected text of test object 'Object Repository/LoginTrue/Mulailah berinvestasi untuk meraih mimpimu' are matched.

2019-07-05 15:51:17 - [MESSAGE][PASSED] - Actual text and expected text of test object 'Object Repository/LoginTrue/Mulailah berinvestasi untuk meraih mimpimu' are matched.

2019-07-05 15:51:17 - [TEST_STEP][PASSED] - tap: Tapped on element 'Object Repository/LoginTrue/DP_Rumah'

2019-07-05 15:51:17 - [MESSAGE][WARNING] - Timeout '0' is invalid. Using default page load timeout: '30'

2019-07-05 15:51:18 - [MESSAGE][PASSED] - Tapped on element 'Object Repository/LoginTrue/DP_Rumah'

2019-07-05 15:51:18 - [TEST_STEP][PASSED] - Statement - For ([i = 0, i < 4, (i++)]): Swiped from 800,1,000 to 10,800

2019-07-05 15:51:18 - [TEST_STEP][PASSED] - tap: Tapped on element 'Object Repository/LoginTrue/screen_swipe'

2019-07-05 15:51:18 - [MESSAGE][WARNING] - Timeout '0' is invalid. Using default page load timeout: '30'

2019-07-05 15:51:20 - [MESSAGE][PASSED] - Tapped on element 'Object Repository/LoginTrue/screen_swipe'

2019-07-05 15:51:20 - [TEST_STEP][PASSED] - swipe: Swiped from 800,1,000 to 10,800

2019-07-05 15:51:22 - [MESSAGE][PASSED] - Swiped from 800,1,000 to 10,800

2019-07-05 15:51:22 - [TEST_STEP][PASSED] - tap: Tapped on element 'Object Repository/LoginTrue/screen_swipe'

2019-07-05 15:51:22 - [MESSAGE][WARNING] - Timeout '0' is invalid. Using default page load timeout: '30'

2019-07-05 15:51:23 - [MESSAGE][PASSED] - Tapped on element 'Object Repository/LoginTrue/screen_swipe'

2019-07-05 15:51:23 - [TEST_STEP][PASSED] - swipe: Swiped from 800,1,000 to 10,800

2019-07-05 15:51:26 - [MESSAGE][PASSED] - Swiped from 800,1,000 to 10,800

2019-07-05 15:51:26 - [TEST_STEP][PASSED] - tap: Tapped on element 'Object Repository/LoginTrue/screen_swipe'

2019-07-05 15:51:26 - [MESSAGE][WARNING] - Timeout '0' is invalid. Using default page load timeout: '30'

2019-07-05 15:51:27 - [MESSAGE][PASSED] - Tapped on element 'Object Repository/LoginTrue/screen_swipe'

2019-07-05 15:51:27 - [TEST_STEP][PASSED] - swipe: Swiped from 800,1,000 to 10,800

2019-07-05 15:51:29 - [MESSAGE][PASSED] - Swiped from 800,1,000 to 10,800

2019-07-05 15:51:30 - [TEST_STEP][PASSED] - tap: Tapped on element 'Object Repository/LoginTrue/screen_swipe'

2019-07-05 15:51:30 - [MESSAGE][WARNING] - Timeout '0' is invalid. Using default page load timeout: '30'

2019-07-05 15:51:34 - [MESSAGE][PASSED] - Tapped on element 'Object Repository/LoginTrue/screen_swipe'

2019-07-05 15:51:34 - [TEST_STEP][PASSED] - swipe: Swiped from 800,1,000 to 10,800

2019-07-05 15:51:36 - [MESSAGE][PASSED] - Swiped from 800,1,000 to 10,800

2019-07-05 15:51:36 - [TEST_STEP][PASSED] - setText: Text '081215161452' has been set to element 'Object Repository/LoginTrue/field_no_phone'

2019-07-05 15:51:36 - [MESSAGE][WARNING] - Timeout '0' is invalid. Using default page load timeout: '30'

2019-07-05 15:51:38 - [MESSAGE][PASSED] - Text '081215161452' has been set to element 'Object Repository/LoginTrue/field_no_phone'

2019-07-05 15:51:38 - [TEST_STEP][PASSED] - tap: Tapped on element 'Object Repository/LoginTrue/button_masuk'

2019-07-05 15:51:38 - [MESSAGE][WARNING] - Timeout '0' is invalid. Using default page load timeout: '30'

2019-07-05 15:51:40 - [MESSAGE][PASSED] - Tapped on element 'Object Repository/LoginTrue/button_masuk'

2019-07-05 15:51:40 - [TEST_STEP][PASSED] - delay: Delayed 3 second(s)

2019-07-05 15:51:43 - [MESSAGE][PASSED] - Delayed 3 second(s)

2019-07-05 15:51:43 - [TEST_STEP][PASSED] - verifyElementText: Actual text and expected text of test object 'Object Repository/ObjectOTP/TextView - Verifikasi Nomor HP' are matched.

2019-07-05 15:51:43 - [MESSAGE][PASSED] - Actual text and expected text of test object 'Object Repository/ObjectOTP/TextView - Verifikasi Nomor HP' are matched.]]></system-out>
         <system-err><![CDATA[]]></system-err>
      </testcase>
      <testcase name="Test Cases/OTP/LoginOTP" classname="Test Cases/OTP/LoginOTP" status="PASSED">
         <system-out><![CDATA[2019-07-05 15:51:43 - [TEST_CASE][PASSED] - Test Cases/OTP/LoginOTP: Test Cases/OTP/LoginOTP

2019-07-05 15:51:44 - [TEST_STEP][PASSED] - delay: Delayed 3 second(s)

2019-07-05 15:51:47 - [MESSAGE][PASSED] - Delayed 3 second(s)

2019-07-05 15:51:47 - [TEST_STEP][PASSED] - tap: Tapped on element 'Object Repository/ObjectOTP/Field_OTP'

2019-07-05 15:51:47 - [MESSAGE][WARNING] - Timeout '0' is invalid. Using default page load timeout: '30'

2019-07-05 15:51:48 - [MESSAGE][PASSED] - Tapped on element 'Object Repository/ObjectOTP/Field_OTP'

2019-07-05 15:51:48 - [TEST_STEP][PASSED] - setText: Text '8888' has been set to element 'Object Repository/ObjectOTP/Field_OTP'

2019-07-05 15:51:48 - [MESSAGE][WARNING] - Timeout '0' is invalid. Using default page load timeout: '30'

2019-07-05 15:51:49 - [MESSAGE][PASSED] - Text '8888' has been set to element 'Object Repository/ObjectOTP/Field_OTP'

2019-07-05 15:51:49 - [TEST_STEP][PASSED] - tap: Tapped on element 'Object Repository/ObjectOTP/Button_Verifikasi_Sekarang'

2019-07-05 15:51:49 - [MESSAGE][WARNING] - Timeout '0' is invalid. Using default page load timeout: '30'

2019-07-05 15:51:51 - [MESSAGE][PASSED] - Tapped on element 'Object Repository/ObjectOTP/Button_Verifikasi_Sekarang']]></system-out>
         <system-err><![CDATA[]]></system-err>
      </testcase>
      <testcase name="Test Cases/Home/Reksadana/AddToCart/AddToCart" classname="Test Cases/Home/Reksadana/AddToCart/AddToCart" status="PASSED">
         <system-out><![CDATA[2019-07-05 15:51:51 - [TEST_CASE][PASSED] - Test Cases/Home/Reksadana/AddToCart/AddToCart: Test Cases/Home/Reksadana/AddToCart/AddToCart

2019-07-05 15:51:51 - [TEST_STEP][PASSED] - delay: Delayed 3 second(s)

2019-07-05 15:51:54 - [MESSAGE][PASSED] - Delayed 3 second(s)

2019-07-05 15:51:54 - [TEST_STEP][PASSED] - tap: Tapped on element 'Object Repository/Home/Reksadana/Subscribe/MenuReksadana'

2019-07-05 15:51:54 - [MESSAGE][WARNING] - Timeout '0' is invalid. Using default page load timeout: '30'

2019-07-05 15:52:01 - [MESSAGE][PASSED] - Tapped on element 'Object Repository/Home/Reksadana/Subscribe/MenuReksadana'

2019-07-05 15:52:01 - [TEST_STEP][PASSED] - delay: Delayed 3 second(s)

2019-07-05 15:52:04 - [MESSAGE][PASSED] - Delayed 3 second(s)

2019-07-05 15:52:04 - [TEST_STEP][PASSED] - tap: Tapped on element 'Object Repository/Home/Reksadana/Subscribe/CardReksadana'

2019-07-05 15:52:04 - [MESSAGE][WARNING] - Timeout '0' is invalid. Using default page load timeout: '30'

2019-07-05 15:52:07 - [MESSAGE][PASSED] - Tapped on element 'Object Repository/Home/Reksadana/Subscribe/CardReksadana'

2019-07-05 15:52:07 - [TEST_STEP][PASSED] - delay: Delayed 3 second(s)

2019-07-05 15:52:10 - [MESSAGE][PASSED] - Delayed 3 second(s)

2019-07-05 15:52:10 - [TEST_STEP][PASSED] - tap: Tapped on element 'Object Repository/Home/Reksadana/Button_Cart'

2019-07-05 15:52:10 - [MESSAGE][WARNING] - Timeout '0' is invalid. Using default page load timeout: '30'

2019-07-05 15:52:13 - [MESSAGE][PASSED] - Tapped on element 'Object Repository/Home/Reksadana/Button_Cart'

2019-07-05 15:52:13 - [TEST_STEP][PASSED] - tap: Tapped on element 'Object Repository/Home/Reksadana/Button_Lanjutkan'

2019-07-05 15:52:13 - [MESSAGE][WARNING] - Timeout '0' is invalid. Using default page load timeout: '30'

2019-07-05 15:52:17 - [MESSAGE][PASSED] - Tapped on element 'Object Repository/Home/Reksadana/Button_Lanjutkan'

2019-07-05 15:52:17 - [TEST_STEP][PASSED] - delay: Delayed 3 second(s)

2019-07-05 15:52:20 - [MESSAGE][PASSED] - Delayed 3 second(s)

2019-07-05 15:52:20 - [TEST_STEP][PASSED] - tap: Tapped on element 'Object Repository/Home/Reksadana/Checkbox_Cart'

2019-07-05 15:52:20 - [MESSAGE][WARNING] - Timeout '0' is invalid. Using default page load timeout: '30'

2019-07-05 15:52:21 - [MESSAGE][PASSED] - Tapped on element 'Object Repository/Home/Reksadana/Checkbox_Cart'

2019-07-05 15:52:21 - [TEST_STEP][PASSED] - tap: Tapped on element 'Object Repository/Home/Reksadana/Button_Lanjutkan'

2019-07-05 15:52:21 - [MESSAGE][WARNING] - Timeout '0' is invalid. Using default page load timeout: '30'

2019-07-05 15:52:24 - [MESSAGE][PASSED] - Tapped on element 'Object Repository/Home/Reksadana/Button_Lanjutkan'

2019-07-05 15:52:24 - [TEST_STEP][PASSED] - delay: Delayed 3 second(s)

2019-07-05 15:52:27 - [MESSAGE][PASSED] - Delayed 3 second(s)

2019-07-05 15:52:27 - [TEST_STEP][PASSED] - tap: Tapped on element 'Object Repository/Home/Reksadana/Rp100'

2019-07-05 15:52:27 - [MESSAGE][WARNING] - Timeout '0' is invalid. Using default page load timeout: '30'

2019-07-05 15:52:28 - [MESSAGE][PASSED] - Tapped on element 'Object Repository/Home/Reksadana/Rp100'

2019-07-05 15:52:28 - [TEST_STEP][PASSED] - delay: Delayed 3 second(s)

2019-07-05 15:52:31 - [MESSAGE][PASSED] - Delayed 3 second(s)

2019-07-05 15:52:31 - [TEST_STEP][PASSED] - tap: Tapped on element 'Object Repository/Home/Reksadana/Button_Tambah_Keranjang'

2019-07-05 15:52:31 - [MESSAGE][WARNING] - Timeout '0' is invalid. Using default page load timeout: '30'

2019-07-05 15:52:35 - [MESSAGE][PASSED] - Tapped on element 'Object Repository/Home/Reksadana/Button_Tambah_Keranjang'

2019-07-05 15:52:35 - [TEST_STEP][PASSED] - delay: Delayed 5 second(s)

2019-07-05 15:52:40 - [MESSAGE][PASSED] - Delayed 5 second(s)

2019-07-05 15:52:40 - [TEST_STEP][PASSED] - tap: Tapped on element 'Object Repository/Home/Reksadana/Cart/Button_Cart_Top'

2019-07-05 15:52:40 - [MESSAGE][WARNING] - Timeout '0' is invalid. Using default page load timeout: '30'

2019-07-05 15:52:42 - [MESSAGE][PASSED] - Tapped on element 'Object Repository/Home/Reksadana/Cart/Button_Cart_Top'

2019-07-05 15:52:42 - [TEST_STEP][PASSED] - delay: Delayed 2 second(s)

2019-07-05 15:52:44 - [MESSAGE][PASSED] - Delayed 2 second(s)

2019-07-05 15:52:44 - [TEST_STEP][PASSED] - verifyElementText: Actual text and expected text of test object 'Object Repository/Home/Reksadana/Cart/Text-Keranjang' are matched.

2019-07-05 15:52:44 - [MESSAGE][PASSED] - Actual text and expected text of test object 'Object Repository/Home/Reksadana/Cart/Text-Keranjang' are matched.

2019-07-05 15:52:44 - [TEST_STEP][PASSED] - delay: Delayed 5 second(s)

2019-07-05 15:52:49 - [MESSAGE][PASSED] - Delayed 5 second(s)]]></system-out>
         <system-err><![CDATA[]]></system-err>
      </testcase>
      <testcase name="Test Cases/Home/Reksadana/AddToCart/DeleteCart" classname="Test Cases/Home/Reksadana/AddToCart/DeleteCart" status="PASSED">
         <system-out><![CDATA[2019-07-05 15:52:49 - [TEST_CASE][PASSED] - Test Cases/Home/Reksadana/AddToCart/DeleteCart: Test Cases/Home/Reksadana/AddToCart/DeleteCart

2019-07-05 15:52:49 - [TEST_STEP][PASSED] - delay: Delayed 5 second(s)

2019-07-05 15:52:54 - [MESSAGE][PASSED] - Delayed 5 second(s)

2019-07-05 15:52:54 - [TEST_STEP][PASSED] - tap: Tapped on element 'Object Repository/Home/Reksadana/Cart/Button_Delete'

2019-07-05 15:52:54 - [MESSAGE][WARNING] - Timeout '0' is invalid. Using default page load timeout: '30'

2019-07-05 15:52:58 - [MESSAGE][PASSED] - Tapped on element 'Object Repository/Home/Reksadana/Cart/Button_Delete'

2019-07-05 15:52:58 - [TEST_STEP][PASSED] - delay: Delayed 2 second(s)

2019-07-05 15:53:00 - [MESSAGE][PASSED] - Delayed 2 second(s)

2019-07-05 15:53:00 - [TEST_STEP][PASSED] - tap: Tapped on element 'Object Repository/Home/Reksadana/Cart/Button_Batal'

2019-07-05 15:53:00 - [MESSAGE][WARNING] - Timeout '0' is invalid. Using default page load timeout: '30'

2019-07-05 15:53:04 - [MESSAGE][PASSED] - Tapped on element 'Object Repository/Home/Reksadana/Cart/Button_Batal'

2019-07-05 15:53:04 - [TEST_STEP][PASSED] - delay: Delayed 2 second(s)

2019-07-05 15:53:06 - [MESSAGE][PASSED] - Delayed 2 second(s)

2019-07-05 15:53:06 - [TEST_STEP][PASSED] - tap: Tapped on element 'Object Repository/Home/Reksadana/Cart/Button_Delete'

2019-07-05 15:53:06 - [MESSAGE][WARNING] - Timeout '0' is invalid. Using default page load timeout: '30'

2019-07-05 15:53:10 - [MESSAGE][PASSED] - Tapped on element 'Object Repository/Home/Reksadana/Cart/Button_Delete'

2019-07-05 15:53:10 - [TEST_STEP][PASSED] - tap: Tapped on element 'Object Repository/Home/Reksadana/Cart/Button_Hapus'

2019-07-05 15:53:10 - [MESSAGE][WARNING] - Timeout '0' is invalid. Using default page load timeout: '30'

2019-07-05 15:53:12 - [MESSAGE][PASSED] - Tapped on element 'Object Repository/Home/Reksadana/Cart/Button_Hapus'

2019-07-05 15:53:12 - [TEST_STEP][PASSED] - delay: Delayed 3 second(s)

2019-07-05 15:53:15 - [MESSAGE][PASSED] - Delayed 3 second(s)

2019-07-05 15:53:15 - [TEST_STEP][PASSED] - verifyElementText: Actual text and expected text of test object 'Object Repository/Home/Reksadana/Cart/Text-Keranjang' are matched.

2019-07-05 15:53:15 - [MESSAGE][PASSED] - Actual text and expected text of test object 'Object Repository/Home/Reksadana/Cart/Text-Keranjang' are matched.

2019-07-05 15:53:15 - [TEST_STEP][PASSED] - delay: Delayed 5 second(s)

2019-07-05 15:53:20 - [MESSAGE][PASSED] - Delayed 5 second(s)]]></system-out>
         <system-err><![CDATA[]]></system-err>
      </testcase>
      <system-out><![CDATA[2019-07-05 15:50:50 - [TEST_SUITE][PASSED] - 02_DeleteCart: Test Cases/Home/Reksadana/AddToCart/DeleteCart]]></system-out>
      <system-err><![CDATA[]]></system-err>
   </testsuite>
</testsuites>
