<?xml version="1.0" encoding="UTF-8"?>
<testsuites name="Reedem" time="113" tests="5" failures="0" errors="0">
   <testsuite name="Reedem" tests="5" failures="0" errors="0" time="113" timestamp="2019-08-19 17:54:09" hostname="fundtastic - 192.168.0.110" id="Test Suites/result/Portfolio/Reedem">
      <properties>
         <property name="deviceName" value="emulator-5554 (Android SDK built for x86 - Android 8.0.0)"/>
         <property name="devicePlatform" value=""/>
         <property name="logFolder" value="/Users/fundtastic/Documents/KatalonAndroid/Reports/result/Portfolio/Reedem/20190819_175357"/>
         <property name="logFiles" value="/Users/fundtastic/Documents/KatalonAndroid/Reports/result/Portfolio/Reedem/20190819_175357/execution0.log, /Users/fundtastic/Documents/KatalonAndroid/Reports/result/Portfolio/Reedem/20190819_175357/appium.log"/>
         <property name="attachments" value=""/>
         <property name="hostName" value="fundtastic - 192.168.0.110"/>
         <property name="os" value="Mac OS X 64bit"/>
         <property name="katalonVersion" value="5.10.1.1"/>
         <property name="deviceOS" value="Android"/>
         <property name="appiumVersion" value="1.8.1"/>
         <property name="deviceModel" value="Android SDK built for x86"/>
         <property name="hostAddress" value="192.168.0.110"/>
         <property name="deviceManufacturer" value="Google"/>
         <property name="deviceId" value="emulator-5554"/>
         <property name="deviceName" value="emulator-5554 (Android SDK built for x86 - Android 8.0.0)"/>
         <property name="deviceOSVersion" value="8.0.0"/>
      </properties>
      <testcase name="Test Cases/Login/LoginTrue" classname="Test Cases/Login/LoginTrue" status="PASSED">
         <system-out><![CDATA[2019-08-19 17:54:09 - [TEST_CASE][PASSED] - Test Cases/Login/LoginTrue: Test Cases/Login/LoginTrue

2019-08-19 17:54:09 - [TEST_STEP][PASSED] - startApplication("/Users/fundtastic/Downloads/mobile-debug (dev).apk", true): Started app at: '/Users/fundtastic/Downloads/mobile-debug (dev).apk'

2019-08-19 17:54:11 - [MESSAGE][INFO] - Appium server started on port 63,088

2019-08-19 17:54:23 - [MESSAGE][PASSED] - Started app at: '/Users/fundtastic/Downloads/mobile-debug (dev).apk'

2019-08-19 17:54:23 - [TEST_STEP][PASSED] - verifyElementText(findTestObject("LoginTrue/Mulailah berinvestasi untuk meraih mimpimu"), "Mulailah berinvestasi untuk meraih mimpimu"): Actual text and expected text of test object 'Object Repository/LoginTrue/Mulailah berinvestasi untuk meraih mimpimu' are matched.

2019-08-19 17:54:28 - [MESSAGE][PASSED] - Actual text and expected text of test object 'Object Repository/LoginTrue/Mulailah berinvestasi untuk meraih mimpimu' are matched.

2019-08-19 17:54:28 - [TEST_STEP][PASSED] - tap(findTestObject("LoginTrue/DP_Rumah"), 0): Tapped on element 'Object Repository/LoginTrue/DP_Rumah'

2019-08-19 17:54:28 - [MESSAGE][WARNING] - Timeout '0' is invalid. Using default page load timeout: '30'

2019-08-19 17:54:29 - [MESSAGE][PASSED] - Tapped on element 'Object Repository/LoginTrue/DP_Rumah'

2019-08-19 17:54:29 - [TEST_STEP][PASSED] - for ([i = 0, i < 4, (i++)]): Swiped from 800,1,000 to 10,800

2019-08-19 17:54:29 - [TEST_STEP][PASSED] - tap(findTestObject("LoginTrue/screen_swipe"), 0): Tapped on element 'Object Repository/LoginTrue/screen_swipe'

2019-08-19 17:54:29 - [MESSAGE][WARNING] - Timeout '0' is invalid. Using default page load timeout: '30'

2019-08-19 17:54:30 - [MESSAGE][PASSED] - Tapped on element 'Object Repository/LoginTrue/screen_swipe'

2019-08-19 17:54:30 - [TEST_STEP][PASSED] - swipe(800, 1000, 10, 800): Swiped from 800,1,000 to 10,800

2019-08-19 17:54:32 - [MESSAGE][PASSED] - Swiped from 800,1,000 to 10,800

2019-08-19 17:54:32 - [TEST_STEP][PASSED] - tap(findTestObject("LoginTrue/screen_swipe"), 0): Tapped on element 'Object Repository/LoginTrue/screen_swipe'

2019-08-19 17:54:32 - [MESSAGE][WARNING] - Timeout '0' is invalid. Using default page load timeout: '30'

2019-08-19 17:54:34 - [MESSAGE][PASSED] - Tapped on element 'Object Repository/LoginTrue/screen_swipe'

2019-08-19 17:54:34 - [TEST_STEP][PASSED] - swipe(800, 1000, 10, 800): Swiped from 800,1,000 to 10,800

2019-08-19 17:54:36 - [MESSAGE][PASSED] - Swiped from 800,1,000 to 10,800

2019-08-19 17:54:36 - [TEST_STEP][PASSED] - tap(findTestObject("LoginTrue/screen_swipe"), 0): Tapped on element 'Object Repository/LoginTrue/screen_swipe'

2019-08-19 17:54:36 - [MESSAGE][WARNING] - Timeout '0' is invalid. Using default page load timeout: '30'

2019-08-19 17:54:37 - [MESSAGE][PASSED] - Tapped on element 'Object Repository/LoginTrue/screen_swipe'

2019-08-19 17:54:37 - [TEST_STEP][PASSED] - swipe(800, 1000, 10, 800): Swiped from 800,1,000 to 10,800

2019-08-19 17:54:39 - [MESSAGE][PASSED] - Swiped from 800,1,000 to 10,800

2019-08-19 17:54:40 - [TEST_STEP][PASSED] - tap(findTestObject("LoginTrue/screen_swipe"), 0): Tapped on element 'Object Repository/LoginTrue/screen_swipe'

2019-08-19 17:54:40 - [MESSAGE][WARNING] - Timeout '0' is invalid. Using default page load timeout: '30'

2019-08-19 17:54:41 - [MESSAGE][PASSED] - Tapped on element 'Object Repository/LoginTrue/screen_swipe'

2019-08-19 17:54:41 - [TEST_STEP][PASSED] - swipe(800, 1000, 10, 800): Swiped from 800,1,000 to 10,800

2019-08-19 17:54:43 - [MESSAGE][PASSED] - Swiped from 800,1,000 to 10,800

2019-08-19 17:54:43 - [TEST_STEP][PASSED] - setText(findTestObject("LoginTrue/field_no_phone"), "08777111777", 0): Text '08777111777' has been set to element 'Object Repository/LoginTrue/field_no_phone'

2019-08-19 17:54:43 - [MESSAGE][WARNING] - Timeout '0' is invalid. Using default page load timeout: '30'

2019-08-19 17:54:44 - [MESSAGE][PASSED] - Text '08777111777' has been set to element 'Object Repository/LoginTrue/field_no_phone'

2019-08-19 17:54:44 - [TEST_STEP][PASSED] - tap(findTestObject("LoginTrue/button_masuk"), 0): Tapped on element 'Object Repository/LoginTrue/button_masuk'

2019-08-19 17:54:44 - [MESSAGE][WARNING] - Timeout '0' is invalid. Using default page load timeout: '30'

2019-08-19 17:54:46 - [MESSAGE][PASSED] - Tapped on element 'Object Repository/LoginTrue/button_masuk'

2019-08-19 17:54:46 - [TEST_STEP][PASSED] - delay(3, STOP_ON_FAILURE): Delayed 3 second(s)

2019-08-19 17:54:49 - [MESSAGE][PASSED] - Delayed 3 second(s)

2019-08-19 17:54:49 - [TEST_STEP][PASSED] - verifyElementText(findTestObject("ObjectOTP/TextView - Verifikasi Nomor HP"), "Verifikasi Nomor HP"): Actual text and expected text of test object 'Object Repository/ObjectOTP/TextView - Verifikasi Nomor HP' are matched.

2019-08-19 17:54:55 - [MESSAGE][PASSED] - Actual text and expected text of test object 'Object Repository/ObjectOTP/TextView - Verifikasi Nomor HP' are matched.

2019-08-19 17:54:55 - [TEST_STEP][PASSED] - delay(1, STOP_ON_FAILURE): Delayed 1 second(s)

2019-08-19 17:54:56 - [MESSAGE][PASSED] - Delayed 1 second(s)]]></system-out>
         <system-err><![CDATA[]]></system-err>
      </testcase>
      <testcase name="Test Cases/OTP/LoginOTP" classname="Test Cases/OTP/LoginOTP" status="PASSED">
         <system-out><![CDATA[2019-08-19 17:54:56 - [TEST_CASE][PASSED] - Test Cases/OTP/LoginOTP: Test Cases/OTP/LoginOTP

2019-08-19 17:54:56 - [TEST_STEP][PASSED] - delay(3, STOP_ON_FAILURE): Delayed 3 second(s)

2019-08-19 17:54:59 - [MESSAGE][PASSED] - Delayed 3 second(s)

2019-08-19 17:54:59 - [TEST_STEP][PASSED] - tap(findTestObject("ObjectOTP/Field_OTP"), 0): Tapped on element 'Object Repository/ObjectOTP/Field_OTP'

2019-08-19 17:54:59 - [MESSAGE][WARNING] - Timeout '0' is invalid. Using default page load timeout: '30'

2019-08-19 17:55:00 - [MESSAGE][PASSED] - Tapped on element 'Object Repository/ObjectOTP/Field_OTP'

2019-08-19 17:55:00 - [TEST_STEP][PASSED] - setText(findTestObject("ObjectOTP/Field_OTP"), "8888", 0): Text '8888' has been set to element 'Object Repository/ObjectOTP/Field_OTP'

2019-08-19 17:55:00 - [MESSAGE][WARNING] - Timeout '0' is invalid. Using default page load timeout: '30'

2019-08-19 17:55:02 - [MESSAGE][PASSED] - Text '8888' has been set to element 'Object Repository/ObjectOTP/Field_OTP'

2019-08-19 17:55:02 - [TEST_STEP][PASSED] - delay(2, STOP_ON_FAILURE): Delayed 2 second(s)

2019-08-19 17:55:04 - [MESSAGE][PASSED] - Delayed 2 second(s)

2019-08-19 17:55:04 - [TEST_STEP][PASSED] - tap(findTestObject("ObjectOTP/Btn_Verifikasi1"), 0): Tapped on element 'Object Repository/ObjectOTP/Btn_Verifikasi1'

2019-08-19 17:55:04 - [MESSAGE][WARNING] - Timeout '0' is invalid. Using default page load timeout: '30'

2019-08-19 17:55:05 - [MESSAGE][PASSED] - Tapped on element 'Object Repository/ObjectOTP/Btn_Verifikasi1']]></system-out>
         <system-err><![CDATA[]]></system-err>
      </testcase>
      <testcase name="Test Cases/Home/Home" classname="Test Cases/Home/Home" status="PASSED">
         <system-out><![CDATA[2019-08-19 17:55:05 - [TEST_CASE][PASSED] - Test Cases/Home/Home: Test Cases/Home/Home

2019-08-19 17:55:05 - [TEST_STEP][PASSED] - delay(7, STOP_ON_FAILURE): Delayed 7 second(s)

2019-08-19 17:55:12 - [MESSAGE][PASSED] - Delayed 7 second(s)]]></system-out>
         <system-err><![CDATA[]]></system-err>
      </testcase>
      <testcase name="Test Cases/Home/Portfolio/Reedem" classname="Test Cases/Home/Portfolio/Reedem" status="PASSED">
         <system-out><![CDATA[2019-08-19 17:55:12 - [TEST_CASE][PASSED] - Test Cases/Home/Portfolio/Reedem: Test Cases/Home/Portfolio/Reedem

2019-08-19 17:55:12 - [TEST_STEP][PASSED] - delay(5, STOP_ON_FAILURE): Delayed 5 second(s)

2019-08-19 17:55:17 - [MESSAGE][PASSED] - Delayed 5 second(s)

2019-08-19 17:55:17 - [TEST_STEP][PASSED] - tap(findTestObject("Home/Portfolio/Reedem/android.widget.FrameLayout11"), 0): Tapped on element 'Object Repository/Home/Portfolio/Reedem/android.widget.FrameLayout11'

2019-08-19 17:55:17 - [MESSAGE][WARNING] - Timeout '0' is invalid. Using default page load timeout: '30'

2019-08-19 17:55:19 - [MESSAGE][PASSED] - Tapped on element 'Object Repository/Home/Portfolio/Reedem/android.widget.FrameLayout11'

2019-08-19 17:55:19 - [TEST_STEP][PASSED] - delay(7, STOP_ON_FAILURE): Delayed 7 second(s)

2019-08-19 17:55:26 - [MESSAGE][PASSED] - Delayed 7 second(s)

2019-08-19 17:55:26 - [TEST_STEP][PASSED] - tap(findTestObject("Home/Portfolio/TopUP/CardReksa2"), 5): Tapped on element 'Object Repository/Home/Portfolio/TopUP/CardReksa2'

2019-08-19 17:55:27 - [MESSAGE][PASSED] - Tapped on element 'Object Repository/Home/Portfolio/TopUP/CardReksa2'

2019-08-19 17:55:27 - [TEST_STEP][PASSED] - delay(5, STOP_ON_FAILURE): Delayed 5 second(s)

2019-08-19 17:55:32 - [MESSAGE][PASSED] - Delayed 5 second(s)

2019-08-19 17:55:32 - [TEST_STEP][PASSED] - tap(findTestObject("Home/Portfolio/Reedem/android.widget.TextView11 - JUAL (1)"), 0): Tapped on element 'Object Repository/Home/Portfolio/Reedem/android.widget.TextView11 - JUAL (1)'

2019-08-19 17:55:32 - [MESSAGE][WARNING] - Timeout '0' is invalid. Using default page load timeout: '30'

2019-08-19 17:55:33 - [MESSAGE][PASSED] - Tapped on element 'Object Repository/Home/Portfolio/Reedem/android.widget.TextView11 - JUAL (1)'

2019-08-19 17:55:33 - [TEST_STEP][PASSED] - delay(5, STOP_ON_FAILURE): Delayed 5 second(s)

2019-08-19 17:55:38 - [MESSAGE][PASSED] - Delayed 5 second(s)

2019-08-19 17:55:38 - [TEST_STEP][PASSED] - tap(findTestObject("Home/Portfolio/Reedem/JualSekarang1"), 0): Tapped on element 'Object Repository/Home/Portfolio/Reedem/JualSekarang1'

2019-08-19 17:55:38 - [MESSAGE][WARNING] - Timeout '0' is invalid. Using default page load timeout: '30'

2019-08-19 17:55:40 - [MESSAGE][PASSED] - Tapped on element 'Object Repository/Home/Portfolio/Reedem/JualSekarang1'

2019-08-19 17:55:40 - [TEST_STEP][PASSED] - delay(5, STOP_ON_FAILURE): Delayed 5 second(s)

2019-08-19 17:55:45 - [MESSAGE][PASSED] - Delayed 5 second(s)

2019-08-19 17:55:45 - [TEST_STEP][PASSED] - tap(findTestObject("Home/Portfolio/Reedem/android.widget.ImageView1"), 0): Tapped on element 'Object Repository/Home/Portfolio/Reedem/android.widget.ImageView1'

2019-08-19 17:55:45 - [MESSAGE][WARNING] - Timeout '0' is invalid. Using default page load timeout: '30'

2019-08-19 17:55:46 - [MESSAGE][PASSED] - Tapped on element 'Object Repository/Home/Portfolio/Reedem/android.widget.ImageView1'

2019-08-19 17:55:46 - [TEST_STEP][PASSED] - delay(5, STOP_ON_FAILURE): Delayed 5 second(s)

2019-08-19 17:55:51 - [MESSAGE][PASSED] - Delayed 5 second(s)]]></system-out>
         <system-err><![CDATA[]]></system-err>
      </testcase>
      <testcase name="Test Cases/Home/Portfolio/ReedemConfirmation" classname="Test Cases/Home/Portfolio/ReedemConfirmation" status="PASSED">
         <system-out><![CDATA[2019-08-19 17:55:51 - [TEST_CASE][PASSED] - Test Cases/Home/Portfolio/ReedemConfirmation: Test Cases/Home/Portfolio/ReedemConfirmation

2019-08-19 17:55:51 - [TEST_STEP][PASSED] - delay(5, STOP_ON_FAILURE): Delayed 5 second(s)

2019-08-19 17:55:56 - [MESSAGE][PASSED] - Delayed 5 second(s)

2019-08-19 17:55:56 - [TEST_STEP][PASSED] - tap(findTestObject("Home/Portfolio/Reedem/ReedemConfirmation/BtnKonfirmasi"), 0): Tapped on element 'Object Repository/Home/Portfolio/Reedem/ReedemConfirmation/BtnKonfirmasi'

2019-08-19 17:55:56 - [MESSAGE][WARNING] - Timeout '0' is invalid. Using default page load timeout: '30'

2019-08-19 17:55:57 - [MESSAGE][PASSED] - Tapped on element 'Object Repository/Home/Portfolio/Reedem/ReedemConfirmation/BtnKonfirmasi'

2019-08-19 17:55:57 - [TEST_STEP][PASSED] - delay(5, STOP_ON_FAILURE): Delayed 5 second(s)

2019-08-19 17:56:02 - [MESSAGE][PASSED] - Delayed 5 second(s)]]></system-out>
         <system-err><![CDATA[]]></system-err>
      </testcase>
      <system-out><![CDATA[2019-08-19 17:54:09 - [TEST_SUITE][PASSED] - Reedem: Test Cases/Home/Portfolio/ReedemConfirmation]]></system-out>
      <system-err><![CDATA[]]></system-err>
   </testsuite>
</testsuites>
