<?xml version="1.0" encoding="UTF-8"?>
<testsuites name="01_AddToCart" time="104" tests="3" failures="0" errors="0">
   <testsuite name="01_AddToCart" tests="3" failures="0" errors="0" time="104" timestamp="2019-07-05 14:09:25" hostname="ustore - 192.168.0.120" id="Test Suites/result/Reksadana/AddToCart/01_AddToCart">
      <properties>
         <property name="deviceName" value="emulator-5554 (Android SDK built for x86 - Android 9)"/>
         <property name="devicePlatform" value=""/>
         <property name="logFolder" value="/Users/ustore/Katalon Studio/Android v1.2/Reports/result/Reksadana/AddToCart/01_AddToCart/20190705_140912"/>
         <property name="logFiles" value="/Users/ustore/Katalon Studio/Android v1.2/Reports/result/Reksadana/AddToCart/01_AddToCart/20190705_140912/execution0.log, /Users/ustore/Katalon Studio/Android v1.2/Reports/result/Reksadana/AddToCart/01_AddToCart/20190705_140912/appium.log"/>
         <property name="attachments" value=""/>
         <property name="hostName" value="ustore - 192.168.0.120"/>
         <property name="os" value="Mac OS X 64bit"/>
         <property name="katalonVersion" value="4.1.0.2"/>
         <property name="deviceOS" value="Android"/>
         <property name="appiumVersion" value="1.8.1"/>
         <property name="deviceModel" value="Android SDK built for x86"/>
         <property name="hostAddress" value="192.168.0.120"/>
         <property name="deviceManufacturer" value="Google"/>
         <property name="deviceId" value="emulator-5554"/>
         <property name="deviceName" value="emulator-5554 (Android SDK built for x86 - Android 9)"/>
         <property name="deviceOSVersion" value="9"/>
      </properties>
      <testcase name="Test Cases/Login/LoginTrue" classname="Test Cases/Login/LoginTrue" status="PASSED">
         <system-out><![CDATA[2019-07-05 14:09:26 - [TEST_CASE][PASSED] - Test Cases/Login/LoginTrue: Test Cases/Login/LoginTrue

2019-07-05 14:09:27 - [TEST_STEP][PASSED] - startApplication: Started app at: '/Users/ustore/Downloads/Development.apk'

2019-07-05 14:09:46 - [MESSAGE][PASSED] - Started app at: '/Users/ustore/Downloads/Development.apk'

2019-07-05 14:09:46 - [TEST_STEP][PASSED] - verifyElementText: Actual text and expected text of test object 'Object Repository/LoginTrue/Mulailah berinvestasi untuk meraih mimpimu' are matched.

2019-07-05 14:09:51 - [MESSAGE][PASSED] - Actual text and expected text of test object 'Object Repository/LoginTrue/Mulailah berinvestasi untuk meraih mimpimu' are matched.

2019-07-05 14:09:51 - [TEST_STEP][PASSED] - tap: Tapped on element 'Object Repository/LoginTrue/DP_Rumah'

2019-07-05 14:09:51 - [MESSAGE][WARNING] - Timeout '0' is invalid. Using default page load timeout: '30'

2019-07-05 14:09:53 - [MESSAGE][PASSED] - Tapped on element 'Object Repository/LoginTrue/DP_Rumah'

2019-07-05 14:09:53 - [TEST_STEP][PASSED] - Statement - For ([i = 0, i < 4, (i++)]): Swiped from 800,1,000 to 10,800

2019-07-05 14:09:53 - [TEST_STEP][PASSED] - tap: Tapped on element 'Object Repository/LoginTrue/screen_swipe'

2019-07-05 14:09:53 - [MESSAGE][WARNING] - Timeout '0' is invalid. Using default page load timeout: '30'

2019-07-05 14:09:54 - [MESSAGE][PASSED] - Tapped on element 'Object Repository/LoginTrue/screen_swipe'

2019-07-05 14:09:54 - [TEST_STEP][PASSED] - swipe: Swiped from 800,1,000 to 10,800

2019-07-05 14:09:56 - [MESSAGE][PASSED] - Swiped from 800,1,000 to 10,800

2019-07-05 14:09:56 - [TEST_STEP][PASSED] - tap: Tapped on element 'Object Repository/LoginTrue/screen_swipe'

2019-07-05 14:09:56 - [MESSAGE][WARNING] - Timeout '0' is invalid. Using default page load timeout: '30'

2019-07-05 14:09:58 - [MESSAGE][PASSED] - Tapped on element 'Object Repository/LoginTrue/screen_swipe'

2019-07-05 14:09:58 - [TEST_STEP][PASSED] - swipe: Swiped from 800,1,000 to 10,800

2019-07-05 14:10:00 - [MESSAGE][PASSED] - Swiped from 800,1,000 to 10,800

2019-07-05 14:10:00 - [TEST_STEP][PASSED] - tap: Tapped on element 'Object Repository/LoginTrue/screen_swipe'

2019-07-05 14:10:00 - [MESSAGE][WARNING] - Timeout '0' is invalid. Using default page load timeout: '30'

2019-07-05 14:10:02 - [MESSAGE][PASSED] - Tapped on element 'Object Repository/LoginTrue/screen_swipe'

2019-07-05 14:10:02 - [TEST_STEP][PASSED] - swipe: Swiped from 800,1,000 to 10,800

2019-07-05 14:10:04 - [MESSAGE][PASSED] - Swiped from 800,1,000 to 10,800

2019-07-05 14:10:04 - [TEST_STEP][PASSED] - tap: Tapped on element 'Object Repository/LoginTrue/screen_swipe'

2019-07-05 14:10:04 - [MESSAGE][WARNING] - Timeout '0' is invalid. Using default page load timeout: '30'

2019-07-05 14:10:08 - [MESSAGE][PASSED] - Tapped on element 'Object Repository/LoginTrue/screen_swipe'

2019-07-05 14:10:08 - [TEST_STEP][PASSED] - swipe: Swiped from 800,1,000 to 10,800

2019-07-05 14:10:11 - [MESSAGE][PASSED] - Swiped from 800,1,000 to 10,800

2019-07-05 14:10:11 - [TEST_STEP][PASSED] - setText: Text '081215161452' has been set to element 'Object Repository/LoginTrue/field_no_phone'

2019-07-05 14:10:11 - [MESSAGE][WARNING] - Timeout '0' is invalid. Using default page load timeout: '30'

2019-07-05 14:10:13 - [MESSAGE][PASSED] - Text '081215161452' has been set to element 'Object Repository/LoginTrue/field_no_phone'

2019-07-05 14:10:13 - [TEST_STEP][PASSED] - tap: Tapped on element 'Object Repository/LoginTrue/button_masuk'

2019-07-05 14:10:13 - [MESSAGE][WARNING] - Timeout '0' is invalid. Using default page load timeout: '30'

2019-07-05 14:10:14 - [MESSAGE][PASSED] - Tapped on element 'Object Repository/LoginTrue/button_masuk'

2019-07-05 14:10:14 - [TEST_STEP][PASSED] - delay: Delayed 3 second(s)

2019-07-05 14:10:17 - [MESSAGE][PASSED] - Delayed 3 second(s)

2019-07-05 14:10:17 - [TEST_STEP][PASSED] - verifyElementText: Actual text and expected text of test object 'Object Repository/ObjectOTP/TextView - Verifikasi Nomor HP' are matched.

2019-07-05 14:10:18 - [MESSAGE][PASSED] - Actual text and expected text of test object 'Object Repository/ObjectOTP/TextView - Verifikasi Nomor HP' are matched.]]></system-out>
         <system-err><![CDATA[]]></system-err>
      </testcase>
      <testcase name="Test Cases/OTP/LoginOTP" classname="Test Cases/OTP/LoginOTP" status="PASSED">
         <system-out><![CDATA[2019-07-05 14:10:18 - [TEST_CASE][PASSED] - Test Cases/OTP/LoginOTP: Test Cases/OTP/LoginOTP

2019-07-05 14:10:18 - [TEST_STEP][PASSED] - delay: Delayed 3 second(s)

2019-07-05 14:10:21 - [MESSAGE][PASSED] - Delayed 3 second(s)

2019-07-05 14:10:21 - [TEST_STEP][PASSED] - tap: Tapped on element 'Object Repository/ObjectOTP/Field_OTP'

2019-07-05 14:10:21 - [MESSAGE][WARNING] - Timeout '0' is invalid. Using default page load timeout: '30'

2019-07-05 14:10:23 - [MESSAGE][PASSED] - Tapped on element 'Object Repository/ObjectOTP/Field_OTP'

2019-07-05 14:10:23 - [TEST_STEP][PASSED] - setText: Text '8888' has been set to element 'Object Repository/ObjectOTP/Field_OTP'

2019-07-05 14:10:23 - [MESSAGE][WARNING] - Timeout '0' is invalid. Using default page load timeout: '30'

2019-07-05 14:10:24 - [MESSAGE][PASSED] - Text '8888' has been set to element 'Object Repository/ObjectOTP/Field_OTP'

2019-07-05 14:10:24 - [TEST_STEP][PASSED] - tap: Tapped on element 'Object Repository/ObjectOTP/Button_Verifikasi_Sekarang'

2019-07-05 14:10:24 - [MESSAGE][WARNING] - Timeout '0' is invalid. Using default page load timeout: '30'

2019-07-05 14:10:26 - [MESSAGE][PASSED] - Tapped on element 'Object Repository/ObjectOTP/Button_Verifikasi_Sekarang']]></system-out>
         <system-err><![CDATA[]]></system-err>
      </testcase>
      <testcase name="Test Cases/Home/Reksadana/AddToCart/AddToCart" classname="Test Cases/Home/Reksadana/AddToCart/AddToCart" status="PASSED">
         <system-out><![CDATA[2019-07-05 14:10:26 - [TEST_CASE][PASSED] - Test Cases/Home/Reksadana/AddToCart/AddToCart: Test Cases/Home/Reksadana/AddToCart/AddToCart

2019-07-05 14:10:26 - [TEST_STEP][PASSED] - delay: Delayed 3 second(s)

2019-07-05 14:10:29 - [MESSAGE][PASSED] - Delayed 3 second(s)

2019-07-05 14:10:29 - [TEST_STEP][PASSED] - tap: Tapped on element 'Object Repository/Home/Reksadana/Subscribe/MenuReksadana'

2019-07-05 14:10:29 - [MESSAGE][WARNING] - Timeout '0' is invalid. Using default page load timeout: '30'

2019-07-05 14:10:34 - [MESSAGE][PASSED] - Tapped on element 'Object Repository/Home/Reksadana/Subscribe/MenuReksadana'

2019-07-05 14:10:34 - [TEST_STEP][PASSED] - delay: Delayed 3 second(s)

2019-07-05 14:10:37 - [MESSAGE][PASSED] - Delayed 3 second(s)

2019-07-05 14:10:37 - [TEST_STEP][PASSED] - tap: Tapped on element 'Object Repository/Home/Reksadana/Subscribe/CardReksadana'

2019-07-05 14:10:37 - [MESSAGE][WARNING] - Timeout '0' is invalid. Using default page load timeout: '30'

2019-07-05 14:10:39 - [MESSAGE][PASSED] - Tapped on element 'Object Repository/Home/Reksadana/Subscribe/CardReksadana'

2019-07-05 14:10:39 - [TEST_STEP][PASSED] - delay: Delayed 3 second(s)

2019-07-05 14:10:42 - [MESSAGE][PASSED] - Delayed 3 second(s)

2019-07-05 14:10:42 - [TEST_STEP][PASSED] - tap: Tapped on element 'Object Repository/Home/Reksadana/Button_Cart'

2019-07-05 14:10:42 - [MESSAGE][WARNING] - Timeout '0' is invalid. Using default page load timeout: '30'

2019-07-05 14:10:46 - [MESSAGE][PASSED] - Tapped on element 'Object Repository/Home/Reksadana/Button_Cart'

2019-07-05 14:10:46 - [TEST_STEP][PASSED] - tap: Tapped on element 'Object Repository/Home/Reksadana/Button_Lanjutkan'

2019-07-05 14:10:46 - [MESSAGE][WARNING] - Timeout '0' is invalid. Using default page load timeout: '30'

2019-07-05 14:10:49 - [MESSAGE][PASSED] - Tapped on element 'Object Repository/Home/Reksadana/Button_Lanjutkan'

2019-07-05 14:10:49 - [TEST_STEP][PASSED] - delay: Delayed 3 second(s)

2019-07-05 14:10:52 - [MESSAGE][PASSED] - Delayed 3 second(s)

2019-07-05 14:10:52 - [TEST_STEP][PASSED] - tap: Tapped on element 'Object Repository/Home/Reksadana/Checkbox_Cart'

2019-07-05 14:10:52 - [MESSAGE][WARNING] - Timeout '0' is invalid. Using default page load timeout: '30'

2019-07-05 14:10:53 - [MESSAGE][PASSED] - Tapped on element 'Object Repository/Home/Reksadana/Checkbox_Cart'

2019-07-05 14:10:53 - [TEST_STEP][PASSED] - tap: Tapped on element 'Object Repository/Home/Reksadana/Button_Lanjutkan'

2019-07-05 14:10:53 - [MESSAGE][WARNING] - Timeout '0' is invalid. Using default page load timeout: '30'

2019-07-05 14:10:56 - [MESSAGE][PASSED] - Tapped on element 'Object Repository/Home/Reksadana/Button_Lanjutkan'

2019-07-05 14:10:56 - [TEST_STEP][PASSED] - delay: Delayed 3 second(s)

2019-07-05 14:10:59 - [MESSAGE][PASSED] - Delayed 3 second(s)

2019-07-05 14:10:59 - [TEST_STEP][PASSED] - tap: Tapped on element 'Object Repository/Home/Reksadana/Rp100'

2019-07-05 14:10:59 - [MESSAGE][WARNING] - Timeout '0' is invalid. Using default page load timeout: '30'

2019-07-05 14:11:00 - [MESSAGE][PASSED] - Tapped on element 'Object Repository/Home/Reksadana/Rp100'

2019-07-05 14:11:00 - [TEST_STEP][PASSED] - delay: Delayed 3 second(s)

2019-07-05 14:11:03 - [MESSAGE][PASSED] - Delayed 3 second(s)

2019-07-05 14:11:03 - [TEST_STEP][PASSED] - tap: Tapped on element 'Object Repository/Home/Reksadana/Button_Tambah_Keranjang'

2019-07-05 14:11:03 - [MESSAGE][WARNING] - Timeout '0' is invalid. Using default page load timeout: '30'

2019-07-05 14:11:06 - [MESSAGE][PASSED] - Tapped on element 'Object Repository/Home/Reksadana/Button_Tambah_Keranjang'

2019-07-05 14:11:06 - [TEST_STEP][PASSED] - delay: Delayed 3 second(s)

2019-07-05 14:11:09 - [MESSAGE][PASSED] - Delayed 3 second(s)]]></system-out>
         <system-err><![CDATA[]]></system-err>
      </testcase>
      <system-out><![CDATA[2019-07-05 14:09:25 - [TEST_SUITE][PASSED] - 01_AddToCart: Test Cases/Home/Reksadana/AddToCart/AddToCart]]></system-out>
      <system-err><![CDATA[]]></system-err>
   </testsuite>
</testsuites>
