<?xml version="1.0" encoding="UTF-8"?>
<testsuites name="ListUpdateTerbaru" time="90" tests="3" failures="0" errors="0">
   <testsuite name="ListUpdateTerbaru" tests="3" failures="0" errors="0" time="90" timestamp="2019-07-11 16:38:45" hostname="ustore - 192.168.0.120" id="Test Suites/result/Home/ListUpdateTerbaru">
      <properties>
         <property name="deviceName" value="emulator-5554 (Android SDK built for x86 - Android 9)"/>
         <property name="devicePlatform" value=""/>
         <property name="logFolder" value="/Users/ustore/Katalon Studio/Android v1.2/Reports/result/Home/ListUpdateTerbaru/20190711_163832"/>
         <property name="logFiles" value="/Users/ustore/Katalon Studio/Android v1.2/Reports/result/Home/ListUpdateTerbaru/20190711_163832/execution0.log, /Users/ustore/Katalon Studio/Android v1.2/Reports/result/Home/ListUpdateTerbaru/20190711_163832/appium.log"/>
         <property name="attachments" value=""/>
         <property name="hostName" value="ustore - 192.168.0.120"/>
         <property name="os" value="Mac OS X 64bit"/>
         <property name="katalonVersion" value="4.1.0.2"/>
         <property name="deviceOS" value="Android"/>
         <property name="appiumVersion" value="1.8.1"/>
         <property name="deviceModel" value="Android SDK built for x86"/>
         <property name="hostAddress" value="192.168.0.120"/>
         <property name="deviceManufacturer" value="Google"/>
         <property name="deviceId" value="emulator-5554"/>
         <property name="deviceName" value="emulator-5554 (Android SDK built for x86 - Android 9)"/>
         <property name="deviceOSVersion" value="9"/>
      </properties>
      <testcase name="Test Cases/Login/LoginTrue" classname="Test Cases/Login/LoginTrue" status="PASSED">
         <system-out><![CDATA[2019-07-11 16:38:45 - [TEST_CASE][PASSED] - Test Cases/Login/LoginTrue: Test Cases/Login/LoginTrue

2019-07-11 16:38:46 - [TEST_STEP][PASSED] - startApplication: Started app at: '/Users/ustore/Downloads/Development.apk'

2019-07-11 16:39:07 - [MESSAGE][PASSED] - Started app at: '/Users/ustore/Downloads/Development.apk'

2019-07-11 16:39:07 - [TEST_STEP][PASSED] - verifyElementText: Actual text and expected text of test object 'Object Repository/LoginTrue/Mulailah berinvestasi untuk meraih mimpimu' are matched.

2019-07-11 16:39:12 - [MESSAGE][PASSED] - Actual text and expected text of test object 'Object Repository/LoginTrue/Mulailah berinvestasi untuk meraih mimpimu' are matched.

2019-07-11 16:39:12 - [TEST_STEP][PASSED] - tap: Tapped on element 'Object Repository/LoginTrue/DP_Rumah'

2019-07-11 16:39:13 - [MESSAGE][WARNING] - Timeout '0' is invalid. Using default page load timeout: '30'

2019-07-11 16:39:14 - [MESSAGE][PASSED] - Tapped on element 'Object Repository/LoginTrue/DP_Rumah'

2019-07-11 16:39:14 - [TEST_STEP][PASSED] - Statement - For ([i = 0, i < 4, (i++)]): Swiped from 800,1,000 to 10,800

2019-07-11 16:39:14 - [TEST_STEP][PASSED] - tap: Tapped on element 'Object Repository/LoginTrue/screen_swipe'

2019-07-11 16:39:14 - [MESSAGE][WARNING] - Timeout '0' is invalid. Using default page load timeout: '30'

2019-07-11 16:39:15 - [MESSAGE][PASSED] - Tapped on element 'Object Repository/LoginTrue/screen_swipe'

2019-07-11 16:39:15 - [TEST_STEP][PASSED] - swipe: Swiped from 800,1,000 to 10,800

2019-07-11 16:39:17 - [MESSAGE][PASSED] - Swiped from 800,1,000 to 10,800

2019-07-11 16:39:17 - [TEST_STEP][PASSED] - tap: Tapped on element 'Object Repository/LoginTrue/screen_swipe'

2019-07-11 16:39:17 - [MESSAGE][WARNING] - Timeout '0' is invalid. Using default page load timeout: '30'

2019-07-11 16:39:19 - [MESSAGE][PASSED] - Tapped on element 'Object Repository/LoginTrue/screen_swipe'

2019-07-11 16:39:19 - [TEST_STEP][PASSED] - swipe: Swiped from 800,1,000 to 10,800

2019-07-11 16:39:21 - [MESSAGE][PASSED] - Swiped from 800,1,000 to 10,800

2019-07-11 16:39:21 - [TEST_STEP][PASSED] - tap: Tapped on element 'Object Repository/LoginTrue/screen_swipe'

2019-07-11 16:39:21 - [MESSAGE][WARNING] - Timeout '0' is invalid. Using default page load timeout: '30'

2019-07-11 16:39:22 - [MESSAGE][PASSED] - Tapped on element 'Object Repository/LoginTrue/screen_swipe'

2019-07-11 16:39:22 - [TEST_STEP][PASSED] - swipe: Swiped from 800,1,000 to 10,800

2019-07-11 16:39:25 - [MESSAGE][PASSED] - Swiped from 800,1,000 to 10,800

2019-07-11 16:39:25 - [TEST_STEP][PASSED] - tap: Tapped on element 'Object Repository/LoginTrue/screen_swipe'

2019-07-11 16:39:25 - [MESSAGE][WARNING] - Timeout '0' is invalid. Using default page load timeout: '30'

2019-07-11 16:39:29 - [MESSAGE][PASSED] - Tapped on element 'Object Repository/LoginTrue/screen_swipe'

2019-07-11 16:39:29 - [TEST_STEP][PASSED] - swipe: Swiped from 800,1,000 to 10,800

2019-07-11 16:39:31 - [MESSAGE][PASSED] - Swiped from 800,1,000 to 10,800

2019-07-11 16:39:32 - [TEST_STEP][PASSED] - setText: Text '081215161452' has been set to element 'Object Repository/LoginTrue/field_no_phone'

2019-07-11 16:39:32 - [MESSAGE][WARNING] - Timeout '0' is invalid. Using default page load timeout: '30'

2019-07-11 16:39:34 - [MESSAGE][PASSED] - Text '081215161452' has been set to element 'Object Repository/LoginTrue/field_no_phone'

2019-07-11 16:39:34 - [TEST_STEP][PASSED] - tap: Tapped on element 'Object Repository/LoginTrue/button_masuk'

2019-07-11 16:39:34 - [MESSAGE][WARNING] - Timeout '0' is invalid. Using default page load timeout: '30'

2019-07-11 16:39:35 - [MESSAGE][PASSED] - Tapped on element 'Object Repository/LoginTrue/button_masuk'

2019-07-11 16:39:35 - [TEST_STEP][PASSED] - delay: Delayed 3 second(s)

2019-07-11 16:39:38 - [MESSAGE][PASSED] - Delayed 3 second(s)

2019-07-11 16:39:38 - [TEST_STEP][PASSED] - verifyElementText: Actual text and expected text of test object 'Object Repository/ObjectOTP/TextView - Verifikasi Nomor HP' are matched.

2019-07-11 16:39:38 - [MESSAGE][PASSED] - Actual text and expected text of test object 'Object Repository/ObjectOTP/TextView - Verifikasi Nomor HP' are matched.]]></system-out>
         <system-err><![CDATA[]]></system-err>
      </testcase>
      <testcase name="Test Cases/OTP/LoginOTP" classname="Test Cases/OTP/LoginOTP" status="PASSED">
         <system-out><![CDATA[2019-07-11 16:39:38 - [TEST_CASE][PASSED] - Test Cases/OTP/LoginOTP: Test Cases/OTP/LoginOTP

2019-07-11 16:39:39 - [TEST_STEP][PASSED] - delay: Delayed 3 second(s)

2019-07-11 16:39:42 - [MESSAGE][PASSED] - Delayed 3 second(s)

2019-07-11 16:39:42 - [TEST_STEP][PASSED] - tap: Tapped on element 'Object Repository/ObjectOTP/Field_OTP'

2019-07-11 16:39:42 - [MESSAGE][WARNING] - Timeout '0' is invalid. Using default page load timeout: '30'

2019-07-11 16:39:43 - [MESSAGE][PASSED] - Tapped on element 'Object Repository/ObjectOTP/Field_OTP'

2019-07-11 16:39:43 - [TEST_STEP][PASSED] - setText: Text '8888' has been set to element 'Object Repository/ObjectOTP/Field_OTP'

2019-07-11 16:39:43 - [MESSAGE][WARNING] - Timeout '0' is invalid. Using default page load timeout: '30'

2019-07-11 16:39:44 - [MESSAGE][PASSED] - Text '8888' has been set to element 'Object Repository/ObjectOTP/Field_OTP'

2019-07-11 16:39:44 - [TEST_STEP][PASSED] - tap: Tapped on element 'Object Repository/ObjectOTP/Button_Verifikasi_Sekarang'

2019-07-11 16:39:44 - [MESSAGE][WARNING] - Timeout '0' is invalid. Using default page load timeout: '30'

2019-07-11 16:39:46 - [MESSAGE][PASSED] - Tapped on element 'Object Repository/ObjectOTP/Button_Verifikasi_Sekarang']]></system-out>
         <system-err><![CDATA[]]></system-err>
      </testcase>
      <testcase name="Test Cases/Home/UpdateTerbaru" classname="Test Cases/Home/UpdateTerbaru" status="PASSED">
         <system-out><![CDATA[2019-07-11 16:39:46 - [TEST_CASE][PASSED] - Test Cases/Home/UpdateTerbaru: Test Cases/Home/UpdateTerbaru

2019-07-11 16:39:47 - [TEST_STEP][PASSED] - delay: Delayed 7 second(s)

2019-07-11 16:39:54 - [MESSAGE][PASSED] - Delayed 7 second(s)

2019-07-11 16:39:54 - [TEST_STEP][PASSED] - tap: Tapped on element 'Object Repository/Home/SwipeTop5'

2019-07-11 16:39:54 - [MESSAGE][WARNING] - Timeout '0' is invalid. Using default page load timeout: '30'

2019-07-11 16:39:57 - [MESSAGE][PASSED] - Tapped on element 'Object Repository/Home/SwipeTop5'

2019-07-11 16:39:57 - [TEST_STEP][PASSED] - swipe: Swiped from 718,959 to 690,391

2019-07-11 16:39:59 - [MESSAGE][PASSED] - Swiped from 718,959 to 690,391

2019-07-11 16:39:59 - [TEST_STEP][PASSED] - tap: Tapped on element 'Object Repository/Home/SwipeTop1'

2019-07-11 16:40:00 - [MESSAGE][PASSED] - Tapped on element 'Object Repository/Home/SwipeTop1'

2019-07-11 16:40:00 - [TEST_STEP][PASSED] - swipe: Swiped from 718,959 to 690,391

2019-07-11 16:40:03 - [MESSAGE][PASSED] - Swiped from 718,959 to 690,391

2019-07-11 16:40:03 - [TEST_STEP][PASSED] - tap: Tapped on element 'Object Repository/Home/SwipeTop1'

2019-07-11 16:40:06 - [MESSAGE][PASSED] - Tapped on element 'Object Repository/Home/SwipeTop1'

2019-07-11 16:40:06 - [TEST_STEP][PASSED] - swipe: Swiped from 718,959 to 690,391

2019-07-11 16:40:08 - [MESSAGE][PASSED] - Swiped from 718,959 to 690,391

2019-07-11 16:40:09 - [TEST_STEP][PASSED] - delay: Delayed 5 second(s)

2019-07-11 16:40:14 - [MESSAGE][PASSED] - Delayed 5 second(s)]]></system-out>
         <system-err><![CDATA[]]></system-err>
      </testcase>
      <system-out><![CDATA[2019-07-11 16:38:45 - [TEST_SUITE][PASSED] - ListUpdateTerbaru: Test Cases/Home/UpdateTerbaru]]></system-out>
      <system-err><![CDATA[]]></system-err>
   </testsuite>
</testsuites>
