<?xml version="1.0" encoding="UTF-8"?>
<testsuites name="EditTujuanFinansialKu" time="77" tests="3" failures="0" errors="0">
   <testsuite name="EditTujuanFinansialKu" tests="3" failures="0" errors="0" time="77" timestamp="2019-07-02 14:08:02" hostname="ustore - 192.168.0.120" id="Test Suites/result/EditTujuanFinansialKu">
      <properties>
         <property name="deviceName" value="emulator-5554 (Android SDK built for x86 - Android 9)"/>
         <property name="devicePlatform" value=""/>
         <property name="logFolder" value="/Users/ustore/Katalon Studio/Android v1.2/Reports/result/EditTujuanFinansialKu/20190702_140749"/>
         <property name="logFiles" value="/Users/ustore/Katalon Studio/Android v1.2/Reports/result/EditTujuanFinansialKu/20190702_140749/execution0.log, /Users/ustore/Katalon Studio/Android v1.2/Reports/result/EditTujuanFinansialKu/20190702_140749/appium.log"/>
         <property name="attachments" value=""/>
         <property name="hostName" value="ustore - 192.168.0.120"/>
         <property name="os" value="Mac OS X 64bit"/>
         <property name="katalonVersion" value="4.1.0.2"/>
         <property name="deviceOS" value="Android"/>
         <property name="appiumVersion" value="1.8.1"/>
         <property name="deviceModel" value="Android SDK built for x86"/>
         <property name="hostAddress" value="192.168.0.120"/>
         <property name="deviceManufacturer" value="Google"/>
         <property name="deviceId" value="emulator-5554"/>
         <property name="deviceName" value="emulator-5554 (Android SDK built for x86 - Android 9)"/>
         <property name="deviceOSVersion" value="9"/>
      </properties>
      <testcase name="Test Cases/Login/LoginTrue" classname="Test Cases/Login/LoginTrue" status="PASSED">
         <system-out><![CDATA[2019-07-02 14:08:03 - [TEST_CASE][PASSED] - Test Cases/Login/LoginTrue: Test Cases/Login/LoginTrue

2019-07-02 14:08:03 - [TEST_STEP][PASSED] - startApplication: Started app at: '/Users/ustore/Downloads/Mobile-debug.apk'

2019-07-02 14:08:23 - [MESSAGE][PASSED] - Started app at: '/Users/ustore/Downloads/Mobile-debug.apk'

2019-07-02 14:08:23 - [TEST_STEP][PASSED] - verifyElementText: Actual text and expected text of test object 'Object Repository/LoginTrue/Mulailah berinvestasi untuk meraih mimpimu' are matched.

2019-07-02 14:08:28 - [MESSAGE][PASSED] - Actual text and expected text of test object 'Object Repository/LoginTrue/Mulailah berinvestasi untuk meraih mimpimu' are matched.

2019-07-02 14:08:28 - [TEST_STEP][PASSED] - tap: Tapped on element 'Object Repository/LoginTrue/DP_Rumah'

2019-07-02 14:08:28 - [MESSAGE][WARNING] - Timeout '0' is invalid. Using default page load timeout: '30'

2019-07-02 14:08:29 - [MESSAGE][PASSED] - Tapped on element 'Object Repository/LoginTrue/DP_Rumah'

2019-07-02 14:08:29 - [TEST_STEP][PASSED] - Statement - For ([i = 0, i < 4, (i++)]): Swiped from 800,1,000 to 10,800

2019-07-02 14:08:29 - [TEST_STEP][PASSED] - tap: Tapped on element 'Object Repository/LoginTrue/screen_swipe'

2019-07-02 14:08:29 - [MESSAGE][WARNING] - Timeout '0' is invalid. Using default page load timeout: '30'

2019-07-02 14:08:31 - [MESSAGE][PASSED] - Tapped on element 'Object Repository/LoginTrue/screen_swipe'

2019-07-02 14:08:31 - [TEST_STEP][PASSED] - swipe: Swiped from 800,1,000 to 10,800

2019-07-02 14:08:33 - [MESSAGE][PASSED] - Swiped from 800,1,000 to 10,800

2019-07-02 14:08:33 - [TEST_STEP][PASSED] - tap: Tapped on element 'Object Repository/LoginTrue/screen_swipe'

2019-07-02 14:08:33 - [MESSAGE][WARNING] - Timeout '0' is invalid. Using default page load timeout: '30'

2019-07-02 14:08:34 - [MESSAGE][PASSED] - Tapped on element 'Object Repository/LoginTrue/screen_swipe'

2019-07-02 14:08:34 - [TEST_STEP][PASSED] - swipe: Swiped from 800,1,000 to 10,800

2019-07-02 14:08:37 - [MESSAGE][PASSED] - Swiped from 800,1,000 to 10,800

2019-07-02 14:08:37 - [TEST_STEP][PASSED] - tap: Tapped on element 'Object Repository/LoginTrue/screen_swipe'

2019-07-02 14:08:37 - [MESSAGE][WARNING] - Timeout '0' is invalid. Using default page load timeout: '30'

2019-07-02 14:08:38 - [MESSAGE][PASSED] - Tapped on element 'Object Repository/LoginTrue/screen_swipe'

2019-07-02 14:08:38 - [TEST_STEP][PASSED] - swipe: Swiped from 800,1,000 to 10,800

2019-07-02 14:08:40 - [MESSAGE][PASSED] - Swiped from 800,1,000 to 10,800

2019-07-02 14:08:40 - [TEST_STEP][PASSED] - tap: Tapped on element 'Object Repository/LoginTrue/screen_swipe'

2019-07-02 14:08:40 - [MESSAGE][WARNING] - Timeout '0' is invalid. Using default page load timeout: '30'

2019-07-02 14:08:42 - [MESSAGE][PASSED] - Tapped on element 'Object Repository/LoginTrue/screen_swipe'

2019-07-02 14:08:42 - [TEST_STEP][PASSED] - swipe: Swiped from 800,1,000 to 10,800

2019-07-02 14:08:44 - [MESSAGE][PASSED] - Swiped from 800,1,000 to 10,800

2019-07-02 14:08:44 - [TEST_STEP][PASSED] - setText: Text '081215161452' has been set to element 'Object Repository/LoginTrue/field_no_phone'

2019-07-02 14:08:44 - [MESSAGE][WARNING] - Timeout '0' is invalid. Using default page load timeout: '30'

2019-07-02 14:08:46 - [MESSAGE][PASSED] - Text '081215161452' has been set to element 'Object Repository/LoginTrue/field_no_phone'

2019-07-02 14:08:46 - [TEST_STEP][PASSED] - tap: Tapped on element 'Object Repository/LoginTrue/button_masuk'

2019-07-02 14:08:46 - [MESSAGE][WARNING] - Timeout '0' is invalid. Using default page load timeout: '30'

2019-07-02 14:08:48 - [MESSAGE][PASSED] - Tapped on element 'Object Repository/LoginTrue/button_masuk'

2019-07-02 14:08:48 - [TEST_STEP][PASSED] - delay: Delayed 3 second(s)

2019-07-02 14:08:51 - [MESSAGE][PASSED] - Delayed 3 second(s)

2019-07-02 14:08:51 - [TEST_STEP][PASSED] - verifyElementText: Actual text and expected text of test object 'Object Repository/ObjectOTP/TextView - Verifikasi Nomor HP' are matched.

2019-07-02 14:08:52 - [MESSAGE][PASSED] - Actual text and expected text of test object 'Object Repository/ObjectOTP/TextView - Verifikasi Nomor HP' are matched.]]></system-out>
         <system-err><![CDATA[]]></system-err>
      </testcase>
      <testcase name="Test Cases/OTP/LoginOTP" classname="Test Cases/OTP/LoginOTP" status="PASSED">
         <system-out><![CDATA[2019-07-02 14:08:52 - [TEST_CASE][PASSED] - Test Cases/OTP/LoginOTP: Test Cases/OTP/LoginOTP

2019-07-02 14:08:53 - [TEST_STEP][PASSED] - delay: Delayed 3 second(s)

2019-07-02 14:08:56 - [MESSAGE][PASSED] - Delayed 3 second(s)

2019-07-02 14:08:56 - [TEST_STEP][PASSED] - tap: Tapped on element 'Object Repository/ObjectOTP/Field_OTP'

2019-07-02 14:08:56 - [MESSAGE][WARNING] - Timeout '0' is invalid. Using default page load timeout: '30'

2019-07-02 14:08:57 - [MESSAGE][PASSED] - Tapped on element 'Object Repository/ObjectOTP/Field_OTP'

2019-07-02 14:08:57 - [TEST_STEP][PASSED] - setText: Text '8888' has been set to element 'Object Repository/ObjectOTP/Field_OTP'

2019-07-02 14:08:57 - [MESSAGE][WARNING] - Timeout '0' is invalid. Using default page load timeout: '30'

2019-07-02 14:08:58 - [MESSAGE][PASSED] - Text '8888' has been set to element 'Object Repository/ObjectOTP/Field_OTP'

2019-07-02 14:08:58 - [TEST_STEP][PASSED] - tap: Tapped on element 'Object Repository/ObjectOTP/Button_Verifikasi_Sekarang'

2019-07-02 14:08:58 - [MESSAGE][WARNING] - Timeout '0' is invalid. Using default page load timeout: '30'

2019-07-02 14:09:00 - [MESSAGE][PASSED] - Tapped on element 'Object Repository/ObjectOTP/Button_Verifikasi_Sekarang']]></system-out>
         <system-err><![CDATA[]]></system-err>
      </testcase>
      <testcase name="Test Cases/Home/TujuanFinansialUtamaKu/EditTujuanFinansial" classname="Test Cases/Home/TujuanFinansialUtamaKu/EditTujuanFinansial" status="PASSED">
         <system-out><![CDATA[2019-07-02 14:09:00 - [TEST_CASE][PASSED] - Test Cases/Home/TujuanFinansialUtamaKu/EditTujuanFinansial: Test Cases/Home/TujuanFinansialUtamaKu/EditTujuanFinansial

2019-07-02 14:09:01 - [TEST_STEP][PASSED] - delay: Delayed 3 second(s)

2019-07-02 14:09:04 - [MESSAGE][PASSED] - Delayed 3 second(s)

2019-07-02 14:09:04 - [TEST_STEP][PASSED] - tap: Tapped on element 'Object Repository/Home/Button_Edit'

2019-07-02 14:09:04 - [MESSAGE][WARNING] - Timeout '0' is invalid. Using default page load timeout: '30'

2019-07-02 14:09:08 - [MESSAGE][PASSED] - Tapped on element 'Object Repository/Home/Button_Edit'

2019-07-02 14:09:08 - [TEST_STEP][PASSED] - delay: Delayed 3 second(s)

2019-07-02 14:09:11 - [MESSAGE][PASSED] - Delayed 3 second(s)

2019-07-02 14:09:11 - [TEST_STEP][PASSED] - tap: Tapped on element 'Object Repository/Home/Haji'

2019-07-02 14:09:11 - [MESSAGE][WARNING] - Timeout '0' is invalid. Using default page load timeout: '30'

2019-07-02 14:09:12 - [MESSAGE][PASSED] - Tapped on element 'Object Repository/Home/Haji']]></system-out>
         <system-err><![CDATA[]]></system-err>
      </testcase>
      <system-out><![CDATA[2019-07-02 14:08:02 - [TEST_SUITE][PASSED] - EditTujuanFinansialKu: Test Cases/Home/TujuanFinansialUtamaKu/EditTujuanFinansial]]></system-out>
      <system-err><![CDATA[]]></system-err>
   </testsuite>
</testsuites>
