<?xml version="1.0" encoding="UTF-8"?>
<testsuites name="01_SubscribeTrue" time="131" tests="3" failures="0" errors="0">
   <testsuite name="01_SubscribeTrue" tests="3" failures="0" errors="0" time="131" timestamp="2019-07-29 14:39:18" hostname="ustore - 192.168.0.120" id="Test Suites/result/Reksadana/Subscribe/01_SubscribeTrue">
      <properties>
         <property name="deviceName" value="emulator-5554 (Android SDK built for x86 - Android 7.1.1)"/>
         <property name="devicePlatform" value=""/>
         <property name="logFolder" value="/Users/ustore/Katalon Studio/Android v1.2/Reports/result/Reksadana/Subscribe/01_SubscribeTrue/20190729_143905"/>
         <property name="logFiles" value="/Users/ustore/Katalon Studio/Android v1.2/Reports/result/Reksadana/Subscribe/01_SubscribeTrue/20190729_143905/execution0.log, /Users/ustore/Katalon Studio/Android v1.2/Reports/result/Reksadana/Subscribe/01_SubscribeTrue/20190729_143905/appium.log"/>
         <property name="attachments" value=""/>
         <property name="hostName" value="ustore - 192.168.0.120"/>
         <property name="os" value="Mac OS X 64bit"/>
         <property name="katalonVersion" value="4.1.0.2"/>
         <property name="deviceOS" value="Android"/>
         <property name="appiumVersion" value="1.8.1"/>
         <property name="deviceModel" value="Android SDK built for x86"/>
         <property name="hostAddress" value="192.168.0.120"/>
         <property name="deviceManufacturer" value="Google"/>
         <property name="deviceId" value="emulator-5554"/>
         <property name="deviceName" value="emulator-5554 (Android SDK built for x86 - Android 7.1.1)"/>
         <property name="deviceOSVersion" value="7.1.1"/>
      </properties>
      <testcase name="Test Cases/Login/LoginTrue" classname="Test Cases/Login/LoginTrue" status="PASSED">
         <system-out><![CDATA[2019-07-29 14:39:19 - [TEST_CASE][PASSED] - Test Cases/Login/LoginTrue: Test Cases/Login/LoginTrue

2019-07-29 14:39:20 - [TEST_STEP][PASSED] - startApplication: Started app at: '/Users/ustore/Downloads/mobile-debug (10).apk'

2019-07-29 14:39:40 - [MESSAGE][PASSED] - Started app at: '/Users/ustore/Downloads/mobile-debug (10).apk'

2019-07-29 14:39:40 - [TEST_STEP][PASSED] - verifyElementText: Actual text and expected text of test object 'Object Repository/LoginTrue/Mulailah berinvestasi untuk meraih mimpimu' are matched.

2019-07-29 14:39:45 - [MESSAGE][PASSED] - Actual text and expected text of test object 'Object Repository/LoginTrue/Mulailah berinvestasi untuk meraih mimpimu' are matched.

2019-07-29 14:39:45 - [TEST_STEP][PASSED] - tap: Tapped on element 'Object Repository/LoginTrue/DP_Rumah'

2019-07-29 14:39:45 - [MESSAGE][WARNING] - Timeout '0' is invalid. Using default page load timeout: '30'

2019-07-29 14:39:46 - [MESSAGE][PASSED] - Tapped on element 'Object Repository/LoginTrue/DP_Rumah'

2019-07-29 14:39:46 - [TEST_STEP][PASSED] - Statement - For ([i = 0, i < 4, (i++)]): Swiped from 800,1,000 to 10,800

2019-07-29 14:39:46 - [TEST_STEP][PASSED] - tap: Tapped on element 'Object Repository/LoginTrue/screen_swipe'

2019-07-29 14:39:46 - [MESSAGE][WARNING] - Timeout '0' is invalid. Using default page load timeout: '30'

2019-07-29 14:39:47 - [MESSAGE][PASSED] - Tapped on element 'Object Repository/LoginTrue/screen_swipe'

2019-07-29 14:39:47 - [TEST_STEP][PASSED] - swipe: Swiped from 800,1,000 to 10,800

2019-07-29 14:39:49 - [MESSAGE][PASSED] - Swiped from 800,1,000 to 10,800

2019-07-29 14:39:49 - [TEST_STEP][PASSED] - tap: Tapped on element 'Object Repository/LoginTrue/screen_swipe'

2019-07-29 14:39:49 - [MESSAGE][WARNING] - Timeout '0' is invalid. Using default page load timeout: '30'

2019-07-29 14:39:51 - [MESSAGE][PASSED] - Tapped on element 'Object Repository/LoginTrue/screen_swipe'

2019-07-29 14:39:51 - [TEST_STEP][PASSED] - swipe: Swiped from 800,1,000 to 10,800

2019-07-29 14:39:53 - [MESSAGE][PASSED] - Swiped from 800,1,000 to 10,800

2019-07-29 14:39:53 - [TEST_STEP][PASSED] - tap: Tapped on element 'Object Repository/LoginTrue/screen_swipe'

2019-07-29 14:39:53 - [MESSAGE][WARNING] - Timeout '0' is invalid. Using default page load timeout: '30'

2019-07-29 14:39:54 - [MESSAGE][PASSED] - Tapped on element 'Object Repository/LoginTrue/screen_swipe'

2019-07-29 14:39:54 - [TEST_STEP][PASSED] - swipe: Swiped from 800,1,000 to 10,800

2019-07-29 14:39:56 - [MESSAGE][PASSED] - Swiped from 800,1,000 to 10,800

2019-07-29 14:39:56 - [TEST_STEP][PASSED] - tap: Tapped on element 'Object Repository/LoginTrue/screen_swipe'

2019-07-29 14:39:56 - [MESSAGE][WARNING] - Timeout '0' is invalid. Using default page load timeout: '30'

2019-07-29 14:39:58 - [MESSAGE][PASSED] - Tapped on element 'Object Repository/LoginTrue/screen_swipe'

2019-07-29 14:39:58 - [TEST_STEP][PASSED] - swipe: Swiped from 800,1,000 to 10,800

2019-07-29 14:40:00 - [MESSAGE][PASSED] - Swiped from 800,1,000 to 10,800

2019-07-29 14:40:00 - [TEST_STEP][PASSED] - setText: Text '081265699666' has been set to element 'Object Repository/LoginTrue/field_no_phone'

2019-07-29 14:40:00 - [MESSAGE][WARNING] - Timeout '0' is invalid. Using default page load timeout: '30'

2019-07-29 14:40:03 - [MESSAGE][PASSED] - Text '081265699666' has been set to element 'Object Repository/LoginTrue/field_no_phone'

2019-07-29 14:40:03 - [TEST_STEP][PASSED] - tap: Tapped on element 'Object Repository/LoginTrue/button_masuk'

2019-07-29 14:40:03 - [MESSAGE][WARNING] - Timeout '0' is invalid. Using default page load timeout: '30'

2019-07-29 14:40:04 - [MESSAGE][PASSED] - Tapped on element 'Object Repository/LoginTrue/button_masuk'

2019-07-29 14:40:04 - [TEST_STEP][PASSED] - delay: Delayed 3 second(s)

2019-07-29 14:40:07 - [MESSAGE][PASSED] - Delayed 3 second(s)

2019-07-29 14:40:07 - [TEST_STEP][PASSED] - verifyElementText: Actual text and expected text of test object 'Object Repository/ObjectOTP/TextView - Verifikasi Nomor HP' are matched.

2019-07-29 14:40:08 - [MESSAGE][PASSED] - Actual text and expected text of test object 'Object Repository/ObjectOTP/TextView - Verifikasi Nomor HP' are matched.]]></system-out>
         <system-err><![CDATA[]]></system-err>
      </testcase>
      <testcase name="Test Cases/OTP/LoginOTP" classname="Test Cases/OTP/LoginOTP" status="PASSED">
         <system-out><![CDATA[2019-07-29 14:40:08 - [TEST_CASE][PASSED] - Test Cases/OTP/LoginOTP: Test Cases/OTP/LoginOTP

2019-07-29 14:40:08 - [TEST_STEP][PASSED] - delay: Delayed 3 second(s)

2019-07-29 14:40:11 - [MESSAGE][PASSED] - Delayed 3 second(s)

2019-07-29 14:40:11 - [TEST_STEP][PASSED] - tap: Tapped on element 'Object Repository/ObjectOTP/Field_OTP'

2019-07-29 14:40:11 - [MESSAGE][WARNING] - Timeout '0' is invalid. Using default page load timeout: '30'

2019-07-29 14:40:13 - [MESSAGE][PASSED] - Tapped on element 'Object Repository/ObjectOTP/Field_OTP'

2019-07-29 14:40:13 - [TEST_STEP][PASSED] - setText: Text '8888' has been set to element 'Object Repository/ObjectOTP/Field_OTP'

2019-07-29 14:40:13 - [MESSAGE][WARNING] - Timeout '0' is invalid. Using default page load timeout: '30'

2019-07-29 14:40:14 - [MESSAGE][PASSED] - Text '8888' has been set to element 'Object Repository/ObjectOTP/Field_OTP'

2019-07-29 14:40:14 - [TEST_STEP][PASSED] - tap: Tapped on element 'Object Repository/ObjectOTP/Button_Verifikasi_Sekarang'

2019-07-29 14:40:14 - [MESSAGE][WARNING] - Timeout '0' is invalid. Using default page load timeout: '30'

2019-07-29 14:40:16 - [MESSAGE][PASSED] - Tapped on element 'Object Repository/ObjectOTP/Button_Verifikasi_Sekarang']]></system-out>
         <system-err><![CDATA[]]></system-err>
      </testcase>
      <testcase name="Test Cases/Home/Reksadana/Subscribe/Subscribe" classname="Test Cases/Home/Reksadana/Subscribe/Subscribe" status="PASSED">
         <system-out><![CDATA[2019-07-29 14:40:16 - [TEST_CASE][PASSED] - Test Cases/Home/Reksadana/Subscribe/Subscribe: Test Cases/Home/Reksadana/Subscribe/Subscribe

2019-07-29 14:40:17 - [TEST_STEP][PASSED] - delay: Delayed 7 second(s)

2019-07-29 14:40:24 - [MESSAGE][PASSED] - Delayed 7 second(s)

2019-07-29 14:40:24 - [TEST_STEP][PASSED] - tap: Tapped on element 'Object Repository/Home/Reksadana/Subscribe/android.widget.ImageView5'

2019-07-29 14:40:24 - [MESSAGE][WARNING] - Timeout '0' is invalid. Using default page load timeout: '30'

2019-07-29 14:40:26 - [MESSAGE][PASSED] - Tapped on element 'Object Repository/Home/Reksadana/Subscribe/android.widget.ImageView5'

2019-07-29 14:40:26 - [TEST_STEP][PASSED] - delay: Delayed 5 second(s)

2019-07-29 14:40:31 - [MESSAGE][PASSED] - Delayed 5 second(s)

2019-07-29 14:40:31 - [TEST_STEP][PASSED] - tap: Tapped on element 'Object Repository/Home/Reksadana/Subscribe/android.widget.TextView4 - Update'

2019-07-29 14:40:31 - [MESSAGE][WARNING] - Timeout '0' is invalid. Using default page load timeout: '30'

2019-07-29 14:40:33 - [MESSAGE][PASSED] - Tapped on element 'Object Repository/Home/Reksadana/Subscribe/android.widget.TextView4 - Update'

2019-07-29 14:40:33 - [TEST_STEP][PASSED] - delay: Delayed 5 second(s)

2019-07-29 14:40:38 - [MESSAGE][PASSED] - Delayed 5 second(s)

2019-07-29 14:40:38 - [TEST_STEP][PASSED] - tap: Tapped on element 'Object Repository/Home/Reksadana/Subscribe/android.widget.RadioButton1 - Moderat'

2019-07-29 14:40:38 - [MESSAGE][WARNING] - Timeout '0' is invalid. Using default page load timeout: '30'

2019-07-29 14:40:39 - [MESSAGE][PASSED] - Tapped on element 'Object Repository/Home/Reksadana/Subscribe/android.widget.RadioButton1 - Moderat'

2019-07-29 14:40:39 - [TEST_STEP][PASSED] - delay: Delayed 5 second(s)

2019-07-29 14:40:44 - [MESSAGE][PASSED] - Delayed 5 second(s)

2019-07-29 14:40:44 - [TEST_STEP][PASSED] - tap: Tapped on element 'Object Repository/Home/Reksadana/Subscribe/android.widget.LinearLayout6'

2019-07-29 14:40:44 - [MESSAGE][WARNING] - Timeout '0' is invalid. Using default page load timeout: '30'

2019-07-29 14:40:47 - [MESSAGE][PASSED] - Tapped on element 'Object Repository/Home/Reksadana/Subscribe/android.widget.LinearLayout6'

2019-07-29 14:40:47 - [TEST_STEP][PASSED] - delay: Delayed 5 second(s)

2019-07-29 14:40:52 - [MESSAGE][PASSED] - Delayed 5 second(s)

2019-07-29 14:40:52 - [TEST_STEP][PASSED] - tap: Tapped on element 'Object Repository/Home/Reksadana/Subscribe/BELI'

2019-07-29 14:40:52 - [MESSAGE][WARNING] - Timeout '0' is invalid. Using default page load timeout: '30'

2019-07-29 14:40:54 - [MESSAGE][PASSED] - Tapped on element 'Object Repository/Home/Reksadana/Subscribe/BELI'

2019-07-29 14:40:54 - [TEST_STEP][PASSED] - delay: Delayed 5 second(s)

2019-07-29 14:40:59 - [MESSAGE][PASSED] - Delayed 5 second(s)

2019-07-29 14:40:59 - [TEST_STEP][PASSED] - tap: Tapped on element 'Object Repository/Home/Reksadana/Subscribe/android.widget.CheckBox0 - Saya telah memahami dan menyetujui isi dari Ketentuan Prospektus dan Fund Sheet produk ini'

2019-07-29 14:40:59 - [MESSAGE][WARNING] - Timeout '0' is invalid. Using default page load timeout: '30'

2019-07-29 14:41:00 - [MESSAGE][PASSED] - Tapped on element 'Object Repository/Home/Reksadana/Subscribe/android.widget.CheckBox0 - Saya telah memahami dan menyetujui isi dari Ketentuan Prospektus dan Fund Sheet produk ini'

2019-07-29 14:41:00 - [TEST_STEP][PASSED] - delay: Delayed 2 second(s)

2019-07-29 14:41:02 - [MESSAGE][PASSED] - Delayed 2 second(s)

2019-07-29 14:41:02 - [TEST_STEP][PASSED] - tap: Tapped on element 'Object Repository/Home/Reksadana/Subscribe/android.widget.LinearLayout3'

2019-07-29 14:41:02 - [MESSAGE][WARNING] - Timeout '0' is invalid. Using default page load timeout: '30'

2019-07-29 14:41:04 - [MESSAGE][PASSED] - Tapped on element 'Object Repository/Home/Reksadana/Subscribe/android.widget.LinearLayout3'

2019-07-29 14:41:04 - [TEST_STEP][PASSED] - delay: Delayed 2 second(s)

2019-07-29 14:41:06 - [MESSAGE][PASSED] - Delayed 2 second(s)

2019-07-29 14:41:06 - [TEST_STEP][PASSED] - tap: Tapped on element 'Object Repository/Home/Reksadana/Subscribe/com.google.android.material.chip.Chip0 - Rp 100.000'

2019-07-29 14:41:06 - [MESSAGE][WARNING] - Timeout '0' is invalid. Using default page load timeout: '30'

2019-07-29 14:41:07 - [MESSAGE][PASSED] - Tapped on element 'Object Repository/Home/Reksadana/Subscribe/com.google.android.material.chip.Chip0 - Rp 100.000'

2019-07-29 14:41:07 - [TEST_STEP][PASSED] - delay: Delayed 3 second(s)

2019-07-29 14:41:10 - [MESSAGE][PASSED] - Delayed 3 second(s)

2019-07-29 14:41:10 - [TEST_STEP][PASSED] - tap: Tapped on element 'Object Repository/Home/Reksadana/Subscribe/android.widget.LinearLayout3 (1)'

2019-07-29 14:41:10 - [MESSAGE][WARNING] - Timeout '0' is invalid. Using default page load timeout: '30'

2019-07-29 14:41:11 - [MESSAGE][PASSED] - Tapped on element 'Object Repository/Home/Reksadana/Subscribe/android.widget.LinearLayout3 (1)'

2019-07-29 14:41:11 - [TEST_STEP][PASSED] - delay: Delayed 5 second(s)

2019-07-29 14:41:16 - [MESSAGE][PASSED] - Delayed 5 second(s)

2019-07-29 14:41:16 - [TEST_STEP][PASSED] - tap: Tapped on element 'Object Repository/Home/Reksadana/Subscribe/android.widget.LinearLayout23'

2019-07-29 14:41:16 - [MESSAGE][WARNING] - Timeout '0' is invalid. Using default page load timeout: '30'

2019-07-29 14:41:17 - [MESSAGE][PASSED] - Tapped on element 'Object Repository/Home/Reksadana/Subscribe/android.widget.LinearLayout23'

2019-07-29 14:41:17 - [TEST_STEP][PASSED] - delay: Delayed 5 second(s)

2019-07-29 14:41:22 - [MESSAGE][PASSED] - Delayed 5 second(s)

2019-07-29 14:41:22 - [TEST_STEP][PASSED] - tap: Tapped on element 'Object Repository/Home/Reksadana/Subscribe/android.widget.ImageView1'

2019-07-29 14:41:22 - [MESSAGE][WARNING] - Timeout '0' is invalid. Using default page load timeout: '30'

2019-07-29 14:41:24 - [MESSAGE][PASSED] - Tapped on element 'Object Repository/Home/Reksadana/Subscribe/android.widget.ImageView1']]></system-out>
         <system-err><![CDATA[]]></system-err>
      </testcase>
      <system-out><![CDATA[2019-07-29 14:39:18 - [TEST_SUITE][PASSED] - 01_SubscribeTrue: Test Cases/Home/Reksadana/Subscribe/Subscribe]]></system-out>
      <system-err><![CDATA[]]></system-err>
   </testsuite>
</testsuites>
