<?xml version="1.0" encoding="UTF-8"?>
<testsuites name="3_EditTujuanFinansialKu" time="93" tests="3" failures="0" errors="0">
   <testsuite name="3_EditTujuanFinansialKu" tests="3" failures="0" errors="0" time="93" timestamp="2019-07-24 15:21:27" hostname="ustore - 192.168.0.120" id="Test Suites/result/3_EditTujuanFinansialKu">
      <properties>
         <property name="deviceName" value="emulator-5554 (Android SDK built for x86 - Android 8.1.0)"/>
         <property name="devicePlatform" value=""/>
         <property name="logFolder" value="/Users/ustore/Katalon Studio/Android v1.2/Reports/result/3_EditTujuanFinansialKu/20190724_152115"/>
         <property name="logFiles" value="/Users/ustore/Katalon Studio/Android v1.2/Reports/result/3_EditTujuanFinansialKu/20190724_152115/execution0.log, /Users/ustore/Katalon Studio/Android v1.2/Reports/result/3_EditTujuanFinansialKu/20190724_152115/appium.log"/>
         <property name="attachments" value=""/>
         <property name="hostName" value="ustore - 192.168.0.120"/>
         <property name="os" value="Mac OS X 64bit"/>
         <property name="katalonVersion" value="4.1.0.2"/>
         <property name="deviceOS" value="Android"/>
         <property name="appiumVersion" value="1.8.1"/>
         <property name="deviceModel" value="Android SDK built for x86"/>
         <property name="hostAddress" value="192.168.0.120"/>
         <property name="deviceManufacturer" value="Google"/>
         <property name="deviceId" value="emulator-5554"/>
         <property name="deviceName" value="emulator-5554 (Android SDK built for x86 - Android 8.1.0)"/>
         <property name="deviceOSVersion" value="8.1.0"/>
      </properties>
      <testcase name="Test Cases/Login/LoginTrue" classname="Test Cases/Login/LoginTrue" status="PASSED">
         <system-out><![CDATA[2019-07-24 15:21:28 - [TEST_CASE][PASSED] - Test Cases/Login/LoginTrue: Test Cases/Login/LoginTrue

2019-07-24 15:21:28 - [TEST_STEP][PASSED] - startApplication: Started app at: '/Users/ustore/Downloads/mobile-debug.apk'

2019-07-24 15:21:53 - [MESSAGE][PASSED] - Started app at: '/Users/ustore/Downloads/mobile-debug.apk'

2019-07-24 15:21:53 - [TEST_STEP][PASSED] - verifyElementText: Actual text and expected text of test object 'Object Repository/LoginTrue/Mulailah berinvestasi untuk meraih mimpimu' are matched.

2019-07-24 15:21:59 - [MESSAGE][PASSED] - Actual text and expected text of test object 'Object Repository/LoginTrue/Mulailah berinvestasi untuk meraih mimpimu' are matched.

2019-07-24 15:21:59 - [TEST_STEP][PASSED] - tap: Tapped on element 'Object Repository/LoginTrue/DP_Rumah'

2019-07-24 15:21:59 - [MESSAGE][WARNING] - Timeout '0' is invalid. Using default page load timeout: '30'

2019-07-24 15:22:02 - [MESSAGE][PASSED] - Tapped on element 'Object Repository/LoginTrue/DP_Rumah'

2019-07-24 15:22:02 - [TEST_STEP][PASSED] - Statement - For ([i = 0, i < 4, (i++)]): Swiped from 800,1,000 to 10,800

2019-07-24 15:22:02 - [TEST_STEP][PASSED] - tap: Tapped on element 'Object Repository/LoginTrue/screen_swipe'

2019-07-24 15:22:02 - [MESSAGE][WARNING] - Timeout '0' is invalid. Using default page load timeout: '30'

2019-07-24 15:22:03 - [MESSAGE][PASSED] - Tapped on element 'Object Repository/LoginTrue/screen_swipe'

2019-07-24 15:22:03 - [TEST_STEP][PASSED] - swipe: Swiped from 800,1,000 to 10,800

2019-07-24 15:22:05 - [MESSAGE][PASSED] - Swiped from 800,1,000 to 10,800

2019-07-24 15:22:05 - [TEST_STEP][PASSED] - tap: Tapped on element 'Object Repository/LoginTrue/screen_swipe'

2019-07-24 15:22:05 - [MESSAGE][WARNING] - Timeout '0' is invalid. Using default page load timeout: '30'

2019-07-24 15:22:06 - [MESSAGE][PASSED] - Tapped on element 'Object Repository/LoginTrue/screen_swipe'

2019-07-24 15:22:06 - [TEST_STEP][PASSED] - swipe: Swiped from 800,1,000 to 10,800

2019-07-24 15:22:08 - [MESSAGE][PASSED] - Swiped from 800,1,000 to 10,800

2019-07-24 15:22:09 - [TEST_STEP][PASSED] - tap: Tapped on element 'Object Repository/LoginTrue/screen_swipe'

2019-07-24 15:22:09 - [MESSAGE][WARNING] - Timeout '0' is invalid. Using default page load timeout: '30'

2019-07-24 15:22:10 - [MESSAGE][PASSED] - Tapped on element 'Object Repository/LoginTrue/screen_swipe'

2019-07-24 15:22:10 - [TEST_STEP][PASSED] - swipe: Swiped from 800,1,000 to 10,800

2019-07-24 15:22:12 - [MESSAGE][PASSED] - Swiped from 800,1,000 to 10,800

2019-07-24 15:22:12 - [TEST_STEP][PASSED] - tap: Tapped on element 'Object Repository/LoginTrue/screen_swipe'

2019-07-24 15:22:12 - [MESSAGE][WARNING] - Timeout '0' is invalid. Using default page load timeout: '30'

2019-07-24 15:22:14 - [MESSAGE][PASSED] - Tapped on element 'Object Repository/LoginTrue/screen_swipe'

2019-07-24 15:22:14 - [TEST_STEP][PASSED] - swipe: Swiped from 800,1,000 to 10,800

2019-07-24 15:22:17 - [MESSAGE][PASSED] - Swiped from 800,1,000 to 10,800

2019-07-24 15:22:17 - [TEST_STEP][PASSED] - setText: Text '081265699666' has been set to element 'Object Repository/LoginTrue/field_no_phone'

2019-07-24 15:22:17 - [MESSAGE][WARNING] - Timeout '0' is invalid. Using default page load timeout: '30'

2019-07-24 15:22:19 - [MESSAGE][PASSED] - Text '081265699666' has been set to element 'Object Repository/LoginTrue/field_no_phone'

2019-07-24 15:22:19 - [TEST_STEP][PASSED] - tap: Tapped on element 'Object Repository/LoginTrue/button_masuk'

2019-07-24 15:22:19 - [MESSAGE][WARNING] - Timeout '0' is invalid. Using default page load timeout: '30'

2019-07-24 15:22:20 - [MESSAGE][PASSED] - Tapped on element 'Object Repository/LoginTrue/button_masuk'

2019-07-24 15:22:21 - [TEST_STEP][PASSED] - delay: Delayed 3 second(s)

2019-07-24 15:22:24 - [MESSAGE][PASSED] - Delayed 3 second(s)

2019-07-24 15:22:24 - [TEST_STEP][PASSED] - verifyElementText: Actual text and expected text of test object 'Object Repository/ObjectOTP/TextView - Verifikasi Nomor HP' are matched.

2019-07-24 15:22:25 - [MESSAGE][PASSED] - Actual text and expected text of test object 'Object Repository/ObjectOTP/TextView - Verifikasi Nomor HP' are matched.]]></system-out>
         <system-err><![CDATA[]]></system-err>
      </testcase>
      <testcase name="Test Cases/OTP/LoginOTP" classname="Test Cases/OTP/LoginOTP" status="PASSED">
         <system-out><![CDATA[2019-07-24 15:22:25 - [TEST_CASE][PASSED] - Test Cases/OTP/LoginOTP: Test Cases/OTP/LoginOTP

2019-07-24 15:22:26 - [TEST_STEP][PASSED] - delay: Delayed 3 second(s)

2019-07-24 15:22:29 - [MESSAGE][PASSED] - Delayed 3 second(s)

2019-07-24 15:22:29 - [TEST_STEP][PASSED] - tap: Tapped on element 'Object Repository/ObjectOTP/Field_OTP'

2019-07-24 15:22:29 - [MESSAGE][WARNING] - Timeout '0' is invalid. Using default page load timeout: '30'

2019-07-24 15:22:30 - [MESSAGE][PASSED] - Tapped on element 'Object Repository/ObjectOTP/Field_OTP'

2019-07-24 15:22:30 - [TEST_STEP][PASSED] - setText: Text '8888' has been set to element 'Object Repository/ObjectOTP/Field_OTP'

2019-07-24 15:22:30 - [MESSAGE][WARNING] - Timeout '0' is invalid. Using default page load timeout: '30'

2019-07-24 15:22:31 - [MESSAGE][PASSED] - Text '8888' has been set to element 'Object Repository/ObjectOTP/Field_OTP'

2019-07-24 15:22:31 - [TEST_STEP][PASSED] - tap: Tapped on element 'Object Repository/ObjectOTP/Button_Verifikasi_Sekarang'

2019-07-24 15:22:31 - [MESSAGE][WARNING] - Timeout '0' is invalid. Using default page load timeout: '30'

2019-07-24 15:22:34 - [MESSAGE][PASSED] - Tapped on element 'Object Repository/ObjectOTP/Button_Verifikasi_Sekarang']]></system-out>
         <system-err><![CDATA[]]></system-err>
      </testcase>
      <testcase name="Test Cases/Home/TujuanFinansialUtamaKu/EditTujuanFinansial" classname="Test Cases/Home/TujuanFinansialUtamaKu/EditTujuanFinansial" status="PASSED">
         <system-out><![CDATA[2019-07-24 15:22:34 - [TEST_CASE][PASSED] - Test Cases/Home/TujuanFinansialUtamaKu/EditTujuanFinansial: Test Cases/Home/TujuanFinansialUtamaKu/EditTujuanFinansial

2019-07-24 15:22:34 - [TEST_STEP][PASSED] - delay: Delayed 5 second(s)

2019-07-24 15:22:39 - [MESSAGE][PASSED] - Delayed 5 second(s)

2019-07-24 15:22:39 - [TEST_STEP][PASSED] - tap: Tapped on element 'Object Repository/Home/Button_Edit'

2019-07-24 15:22:39 - [MESSAGE][WARNING] - Timeout '0' is invalid. Using default page load timeout: '30'

2019-07-24 15:22:41 - [MESSAGE][PASSED] - Tapped on element 'Object Repository/Home/Button_Edit'

2019-07-24 15:22:41 - [TEST_STEP][PASSED] - delay: Delayed 5 second(s)

2019-07-24 15:22:46 - [MESSAGE][PASSED] - Delayed 5 second(s)

2019-07-24 15:22:46 - [TEST_STEP][PASSED] - tap: Tapped on element 'Object Repository/Home/DapatkanRekomendasi/android.widget.FrameLayout4'

2019-07-24 15:22:46 - [MESSAGE][WARNING] - Timeout '0' is invalid. Using default page load timeout: '30'

2019-07-24 15:22:47 - [MESSAGE][PASSED] - Tapped on element 'Object Repository/Home/DapatkanRekomendasi/android.widget.FrameLayout4'

2019-07-24 15:22:47 - [TEST_STEP][PASSED] - swipe: Swiped from 800,1,000 to 10,800

2019-07-24 15:22:50 - [MESSAGE][PASSED] - Swiped from 800,1,000 to 10,800

2019-07-24 15:22:50 - [TEST_STEP][PASSED] - delay: Delayed 5 second(s)

2019-07-24 15:22:55 - [MESSAGE][PASSED] - Delayed 5 second(s)

2019-07-24 15:22:55 - [TEST_STEP][PASSED] - tap: Tapped on element 'Object Repository/Home/DapatkanRekomendasi/android.widget.LinearLayout8'

2019-07-24 15:22:55 - [MESSAGE][WARNING] - Timeout '0' is invalid. Using default page load timeout: '30'

2019-07-24 15:22:59 - [MESSAGE][PASSED] - Tapped on element 'Object Repository/Home/DapatkanRekomendasi/android.widget.LinearLayout8']]></system-out>
         <system-err><![CDATA[]]></system-err>
      </testcase>
      <system-out><![CDATA[2019-07-24 15:21:27 - [TEST_SUITE][PASSED] - 3_EditTujuanFinansialKu: Test Cases/Home/TujuanFinansialUtamaKu/EditTujuanFinansial]]></system-out>
      <system-err><![CDATA[]]></system-err>
   </testsuite>
</testsuites>
