<?xml version="1.0" encoding="UTF-8"?>
<testsuites name="Top_Up" time="75" tests="3" failures="0" errors="0">
   <testsuite name="Top_Up" tests="3" failures="0" errors="0" time="75" timestamp="2019-07-09 10:16:44" hostname="ustore - 192.168.0.120" id="Test Suites/result/Reksadana/Portolio/Top_Up">
      <properties>
         <property name="deviceName" value="emulator-5554 (Android SDK built for x86 - Android 9)"/>
         <property name="devicePlatform" value=""/>
         <property name="logFolder" value="/Users/ustore/Katalon Studio/Android v1.2/Reports/result/Reksadana/Portolio/Top_Up/20190709_101632"/>
         <property name="logFiles" value="/Users/ustore/Katalon Studio/Android v1.2/Reports/result/Reksadana/Portolio/Top_Up/20190709_101632/execution0.log, /Users/ustore/Katalon Studio/Android v1.2/Reports/result/Reksadana/Portolio/Top_Up/20190709_101632/appium.log"/>
         <property name="attachments" value=""/>
         <property name="hostName" value="ustore - 192.168.0.120"/>
         <property name="os" value="Mac OS X 64bit"/>
         <property name="katalonVersion" value="4.1.0.2"/>
         <property name="deviceOS" value="Android"/>
         <property name="appiumVersion" value="1.8.1"/>
         <property name="deviceModel" value="Android SDK built for x86"/>
         <property name="hostAddress" value="192.168.0.120"/>
         <property name="deviceManufacturer" value="Google"/>
         <property name="deviceId" value="emulator-5554"/>
         <property name="deviceName" value="emulator-5554 (Android SDK built for x86 - Android 9)"/>
         <property name="deviceOSVersion" value="9"/>
      </properties>
      <testcase name="Test Cases/Login/LoginTrue" classname="Test Cases/Login/LoginTrue" status="PASSED">
         <system-out><![CDATA[2019-07-09 10:16:45 - [TEST_CASE][PASSED] - Test Cases/Login/LoginTrue: Test Cases/Login/LoginTrue

2019-07-09 10:16:45 - [TEST_STEP][PASSED] - startApplication: Started app at: '/Users/ustore/Downloads/Development.apk'

2019-07-09 10:17:03 - [MESSAGE][PASSED] - Started app at: '/Users/ustore/Downloads/Development.apk'

2019-07-09 10:17:03 - [TEST_STEP][PASSED] - verifyElementText: Actual text and expected text of test object 'Object Repository/LoginTrue/Mulailah berinvestasi untuk meraih mimpimu' are matched.

2019-07-09 10:17:09 - [MESSAGE][PASSED] - Actual text and expected text of test object 'Object Repository/LoginTrue/Mulailah berinvestasi untuk meraih mimpimu' are matched.

2019-07-09 10:17:09 - [TEST_STEP][PASSED] - tap: Tapped on element 'Object Repository/LoginTrue/DP_Rumah'

2019-07-09 10:17:09 - [MESSAGE][WARNING] - Timeout '0' is invalid. Using default page load timeout: '30'

2019-07-09 10:17:11 - [MESSAGE][PASSED] - Tapped on element 'Object Repository/LoginTrue/DP_Rumah'

2019-07-09 10:17:11 - [TEST_STEP][PASSED] - Statement - For ([i = 0, i < 4, (i++)]): Swiped from 800,1,000 to 10,800

2019-07-09 10:17:11 - [TEST_STEP][PASSED] - tap: Tapped on element 'Object Repository/LoginTrue/screen_swipe'

2019-07-09 10:17:11 - [MESSAGE][WARNING] - Timeout '0' is invalid. Using default page load timeout: '30'

2019-07-09 10:17:14 - [MESSAGE][PASSED] - Tapped on element 'Object Repository/LoginTrue/screen_swipe'

2019-07-09 10:17:14 - [TEST_STEP][PASSED] - swipe: Swiped from 800,1,000 to 10,800

2019-07-09 10:17:16 - [MESSAGE][PASSED] - Swiped from 800,1,000 to 10,800

2019-07-09 10:17:16 - [TEST_STEP][PASSED] - tap: Tapped on element 'Object Repository/LoginTrue/screen_swipe'

2019-07-09 10:17:16 - [MESSAGE][WARNING] - Timeout '0' is invalid. Using default page load timeout: '30'

2019-07-09 10:17:17 - [MESSAGE][PASSED] - Tapped on element 'Object Repository/LoginTrue/screen_swipe'

2019-07-09 10:17:17 - [TEST_STEP][PASSED] - swipe: Swiped from 800,1,000 to 10,800

2019-07-09 10:17:19 - [MESSAGE][PASSED] - Swiped from 800,1,000 to 10,800

2019-07-09 10:17:20 - [TEST_STEP][PASSED] - tap: Tapped on element 'Object Repository/LoginTrue/screen_swipe'

2019-07-09 10:17:20 - [MESSAGE][WARNING] - Timeout '0' is invalid. Using default page load timeout: '30'

2019-07-09 10:17:21 - [MESSAGE][PASSED] - Tapped on element 'Object Repository/LoginTrue/screen_swipe'

2019-07-09 10:17:21 - [TEST_STEP][PASSED] - swipe: Swiped from 800,1,000 to 10,800

2019-07-09 10:17:23 - [MESSAGE][PASSED] - Swiped from 800,1,000 to 10,800

2019-07-09 10:17:23 - [TEST_STEP][PASSED] - tap: Tapped on element 'Object Repository/LoginTrue/screen_swipe'

2019-07-09 10:17:23 - [MESSAGE][WARNING] - Timeout '0' is invalid. Using default page load timeout: '30'

2019-07-09 10:17:27 - [MESSAGE][PASSED] - Tapped on element 'Object Repository/LoginTrue/screen_swipe'

2019-07-09 10:17:27 - [TEST_STEP][PASSED] - swipe: Swiped from 800,1,000 to 10,800

2019-07-09 10:17:30 - [MESSAGE][PASSED] - Swiped from 800,1,000 to 10,800

2019-07-09 10:17:30 - [TEST_STEP][PASSED] - setText: Text '081215161452' has been set to element 'Object Repository/LoginTrue/field_no_phone'

2019-07-09 10:17:30 - [MESSAGE][WARNING] - Timeout '0' is invalid. Using default page load timeout: '30'

2019-07-09 10:17:32 - [MESSAGE][PASSED] - Text '081215161452' has been set to element 'Object Repository/LoginTrue/field_no_phone'

2019-07-09 10:17:32 - [TEST_STEP][PASSED] - tap: Tapped on element 'Object Repository/LoginTrue/button_masuk'

2019-07-09 10:17:32 - [MESSAGE][WARNING] - Timeout '0' is invalid. Using default page load timeout: '30'

2019-07-09 10:17:33 - [MESSAGE][PASSED] - Tapped on element 'Object Repository/LoginTrue/button_masuk'

2019-07-09 10:17:33 - [TEST_STEP][PASSED] - delay: Delayed 3 second(s)

2019-07-09 10:17:36 - [MESSAGE][PASSED] - Delayed 3 second(s)

2019-07-09 10:17:36 - [TEST_STEP][PASSED] - verifyElementText: Actual text and expected text of test object 'Object Repository/ObjectOTP/TextView - Verifikasi Nomor HP' are matched.

2019-07-09 10:17:36 - [MESSAGE][PASSED] - Actual text and expected text of test object 'Object Repository/ObjectOTP/TextView - Verifikasi Nomor HP' are matched.]]></system-out>
         <system-err><![CDATA[]]></system-err>
      </testcase>
      <testcase name="Test Cases/OTP/LoginOTP" classname="Test Cases/OTP/LoginOTP" status="PASSED">
         <system-out><![CDATA[2019-07-09 10:17:36 - [TEST_CASE][PASSED] - Test Cases/OTP/LoginOTP: Test Cases/OTP/LoginOTP

2019-07-09 10:17:37 - [TEST_STEP][PASSED] - delay: Delayed 3 second(s)

2019-07-09 10:17:40 - [MESSAGE][PASSED] - Delayed 3 second(s)

2019-07-09 10:17:40 - [TEST_STEP][PASSED] - tap: Tapped on element 'Object Repository/ObjectOTP/Field_OTP'

2019-07-09 10:17:40 - [MESSAGE][WARNING] - Timeout '0' is invalid. Using default page load timeout: '30'

2019-07-09 10:17:41 - [MESSAGE][PASSED] - Tapped on element 'Object Repository/ObjectOTP/Field_OTP'

2019-07-09 10:17:41 - [TEST_STEP][PASSED] - setText: Text '8888' has been set to element 'Object Repository/ObjectOTP/Field_OTP'

2019-07-09 10:17:41 - [MESSAGE][WARNING] - Timeout '0' is invalid. Using default page load timeout: '30'

2019-07-09 10:17:42 - [MESSAGE][PASSED] - Text '8888' has been set to element 'Object Repository/ObjectOTP/Field_OTP'

2019-07-09 10:17:42 - [TEST_STEP][PASSED] - tap: Tapped on element 'Object Repository/ObjectOTP/Button_Verifikasi_Sekarang'

2019-07-09 10:17:42 - [MESSAGE][WARNING] - Timeout '0' is invalid. Using default page load timeout: '30'

2019-07-09 10:17:44 - [MESSAGE][PASSED] - Tapped on element 'Object Repository/ObjectOTP/Button_Verifikasi_Sekarang']]></system-out>
         <system-err><![CDATA[]]></system-err>
      </testcase>
      <testcase name="Test Cases/Home/Portfolio/TopUP" classname="Test Cases/Home/Portfolio/TopUP" status="PASSED">
         <system-out><![CDATA[2019-07-09 10:17:44 - [TEST_CASE][PASSED] - Test Cases/Home/Portfolio/TopUP: Test Cases/Home/Portfolio/TopUP

2019-07-09 10:17:45 - [TEST_STEP][PASSED] - delay: Delayed 5 second(s)

2019-07-09 10:17:50 - [MESSAGE][PASSED] - Delayed 5 second(s)

2019-07-09 10:17:50 - [TEST_STEP][PASSED] - tap: Tapped on element 'Object Repository/Home/Portfolio/TopUP/android.widget.FrameLayout11'

2019-07-09 10:17:50 - [MESSAGE][WARNING] - Timeout '0' is invalid. Using default page load timeout: '30'

2019-07-09 10:17:52 - [MESSAGE][PASSED] - Tapped on element 'Object Repository/Home/Portfolio/TopUP/android.widget.FrameLayout11'

2019-07-09 10:17:52 - [TEST_STEP][PASSED] - tap: Tapped on element 'Object Repository/Home/Portfolio/TopUP/android.widget.ImageView13'

2019-07-09 10:17:52 - [MESSAGE][WARNING] - Timeout '0' is invalid. Using default page load timeout: '30'

2019-07-09 10:17:55 - [MESSAGE][PASSED] - Tapped on element 'Object Repository/Home/Portfolio/TopUP/android.widget.ImageView13'

2019-07-09 10:17:55 - [TEST_STEP][PASSED] - tap: Tapped on element 'Object Repository/Home/Portfolio/TopUP/android.widget.TextView11 - Portofolio'

2019-07-09 10:17:55 - [MESSAGE][WARNING] - Timeout '0' is invalid. Using default page load timeout: '30'

2019-07-09 10:17:56 - [MESSAGE][PASSED] - Tapped on element 'Object Repository/Home/Portfolio/TopUP/android.widget.TextView11 - Portofolio'

2019-07-09 10:17:56 - [TEST_STEP][PASSED] - tap: Tapped on element 'Object Repository/Home/Portfolio/TopUP/android.view.ViewGroup7'

2019-07-09 10:17:56 - [MESSAGE][WARNING] - Timeout '0' is invalid. Using default page load timeout: '30'

2019-07-09 10:17:58 - [MESSAGE][PASSED] - Tapped on element 'Object Repository/Home/Portfolio/TopUP/android.view.ViewGroup7']]></system-out>
         <system-err><![CDATA[]]></system-err>
      </testcase>
      <system-out><![CDATA[2019-07-09 10:16:44 - [TEST_SUITE][PASSED] - Top_Up: Test Cases/Home/Portfolio/TopUP]]></system-out>
      <system-err><![CDATA[]]></system-err>
   </testsuite>
</testsuites>
