<?xml version="1.0" encoding="UTF-8"?>
<testsuites name="03_EditCart" time="144" tests="4" failures="0" errors="0">
   <testsuite name="03_EditCart" tests="4" failures="0" errors="0" time="144" timestamp="2019-07-08 13:17:54" hostname="ustore - 192.168.0.120" id="Test Suites/result/Reksadana/AddToCart/03_EditCart">
      <properties>
         <property name="deviceName" value="emulator-5554 (Android SDK built for x86 - Android 9)"/>
         <property name="devicePlatform" value=""/>
         <property name="logFolder" value="/Users/ustore/Katalon Studio/Android v1.2/Reports/result/Reksadana/AddToCart/03_EditCart/20190708_131741"/>
         <property name="logFiles" value="/Users/ustore/Katalon Studio/Android v1.2/Reports/result/Reksadana/AddToCart/03_EditCart/20190708_131741/execution0.log, /Users/ustore/Katalon Studio/Android v1.2/Reports/result/Reksadana/AddToCart/03_EditCart/20190708_131741/appium.log"/>
         <property name="attachments" value=""/>
         <property name="hostName" value="ustore - 192.168.0.120"/>
         <property name="os" value="Mac OS X 64bit"/>
         <property name="katalonVersion" value="4.1.0.2"/>
         <property name="deviceOS" value="Android"/>
         <property name="appiumVersion" value="1.8.1"/>
         <property name="deviceModel" value="Android SDK built for x86"/>
         <property name="hostAddress" value="192.168.0.120"/>
         <property name="deviceManufacturer" value="Google"/>
         <property name="deviceId" value="emulator-5554"/>
         <property name="deviceName" value="emulator-5554 (Android SDK built for x86 - Android 9)"/>
         <property name="deviceOSVersion" value="9"/>
      </properties>
      <testcase name="Test Cases/Login/LoginTrue" classname="Test Cases/Login/LoginTrue" status="PASSED">
         <system-out><![CDATA[2019-07-08 13:17:54 - [TEST_CASE][PASSED] - Test Cases/Login/LoginTrue: Test Cases/Login/LoginTrue

2019-07-08 13:17:55 - [TEST_STEP][PASSED] - startApplication: Started app at: '/Users/ustore/Downloads/Development.apk'

2019-07-08 13:18:18 - [MESSAGE][PASSED] - Started app at: '/Users/ustore/Downloads/Development.apk'

2019-07-08 13:18:18 - [TEST_STEP][PASSED] - verifyElementText: Actual text and expected text of test object 'Object Repository/LoginTrue/Mulailah berinvestasi untuk meraih mimpimu' are matched.

2019-07-08 13:18:25 - [MESSAGE][PASSED] - Actual text and expected text of test object 'Object Repository/LoginTrue/Mulailah berinvestasi untuk meraih mimpimu' are matched.

2019-07-08 13:18:25 - [TEST_STEP][PASSED] - tap: Tapped on element 'Object Repository/LoginTrue/DP_Rumah'

2019-07-08 13:18:25 - [MESSAGE][WARNING] - Timeout '0' is invalid. Using default page load timeout: '30'

2019-07-08 13:18:28 - [MESSAGE][PASSED] - Tapped on element 'Object Repository/LoginTrue/DP_Rumah'

2019-07-08 13:18:28 - [TEST_STEP][PASSED] - Statement - For ([i = 0, i < 4, (i++)]): Swiped from 800,1,000 to 10,800

2019-07-08 13:18:28 - [TEST_STEP][PASSED] - tap: Tapped on element 'Object Repository/LoginTrue/screen_swipe'

2019-07-08 13:18:28 - [MESSAGE][WARNING] - Timeout '0' is invalid. Using default page load timeout: '30'

2019-07-08 13:18:30 - [MESSAGE][PASSED] - Tapped on element 'Object Repository/LoginTrue/screen_swipe'

2019-07-08 13:18:30 - [TEST_STEP][PASSED] - swipe: Swiped from 800,1,000 to 10,800

2019-07-08 13:18:32 - [MESSAGE][PASSED] - Swiped from 800,1,000 to 10,800

2019-07-08 13:18:32 - [TEST_STEP][PASSED] - tap: Tapped on element 'Object Repository/LoginTrue/screen_swipe'

2019-07-08 13:18:32 - [MESSAGE][WARNING] - Timeout '0' is invalid. Using default page load timeout: '30'

2019-07-08 13:18:33 - [MESSAGE][PASSED] - Tapped on element 'Object Repository/LoginTrue/screen_swipe'

2019-07-08 13:18:33 - [TEST_STEP][PASSED] - swipe: Swiped from 800,1,000 to 10,800

2019-07-08 13:18:35 - [MESSAGE][PASSED] - Swiped from 800,1,000 to 10,800

2019-07-08 13:18:35 - [TEST_STEP][PASSED] - tap: Tapped on element 'Object Repository/LoginTrue/screen_swipe'

2019-07-08 13:18:35 - [MESSAGE][WARNING] - Timeout '0' is invalid. Using default page load timeout: '30'

2019-07-08 13:18:37 - [MESSAGE][PASSED] - Tapped on element 'Object Repository/LoginTrue/screen_swipe'

2019-07-08 13:18:37 - [TEST_STEP][PASSED] - swipe: Swiped from 800,1,000 to 10,800

2019-07-08 13:18:39 - [MESSAGE][PASSED] - Swiped from 800,1,000 to 10,800

2019-07-08 13:18:39 - [TEST_STEP][PASSED] - tap: Tapped on element 'Object Repository/LoginTrue/screen_swipe'

2019-07-08 13:18:39 - [MESSAGE][WARNING] - Timeout '0' is invalid. Using default page load timeout: '30'

2019-07-08 13:18:43 - [MESSAGE][PASSED] - Tapped on element 'Object Repository/LoginTrue/screen_swipe'

2019-07-08 13:18:43 - [TEST_STEP][PASSED] - swipe: Swiped from 800,1,000 to 10,800

2019-07-08 13:18:45 - [MESSAGE][PASSED] - Swiped from 800,1,000 to 10,800

2019-07-08 13:18:45 - [TEST_STEP][PASSED] - setText: Text '081215161452' has been set to element 'Object Repository/LoginTrue/field_no_phone'

2019-07-08 13:18:45 - [MESSAGE][WARNING] - Timeout '0' is invalid. Using default page load timeout: '30'

2019-07-08 13:18:47 - [MESSAGE][PASSED] - Text '081215161452' has been set to element 'Object Repository/LoginTrue/field_no_phone'

2019-07-08 13:18:47 - [TEST_STEP][PASSED] - tap: Tapped on element 'Object Repository/LoginTrue/button_masuk'

2019-07-08 13:18:47 - [MESSAGE][WARNING] - Timeout '0' is invalid. Using default page load timeout: '30'

2019-07-08 13:18:49 - [MESSAGE][PASSED] - Tapped on element 'Object Repository/LoginTrue/button_masuk'

2019-07-08 13:18:49 - [TEST_STEP][PASSED] - delay: Delayed 3 second(s)

2019-07-08 13:18:52 - [MESSAGE][PASSED] - Delayed 3 second(s)

2019-07-08 13:18:52 - [TEST_STEP][PASSED] - verifyElementText: Actual text and expected text of test object 'Object Repository/ObjectOTP/TextView - Verifikasi Nomor HP' are matched.

2019-07-08 13:18:52 - [MESSAGE][PASSED] - Actual text and expected text of test object 'Object Repository/ObjectOTP/TextView - Verifikasi Nomor HP' are matched.]]></system-out>
         <system-err><![CDATA[]]></system-err>
      </testcase>
      <testcase name="Test Cases/OTP/LoginOTP" classname="Test Cases/OTP/LoginOTP" status="PASSED">
         <system-out><![CDATA[2019-07-08 13:18:52 - [TEST_CASE][PASSED] - Test Cases/OTP/LoginOTP: Test Cases/OTP/LoginOTP

2019-07-08 13:18:52 - [TEST_STEP][PASSED] - delay: Delayed 3 second(s)

2019-07-08 13:18:55 - [MESSAGE][PASSED] - Delayed 3 second(s)

2019-07-08 13:18:55 - [TEST_STEP][PASSED] - tap: Tapped on element 'Object Repository/ObjectOTP/Field_OTP'

2019-07-08 13:18:55 - [MESSAGE][WARNING] - Timeout '0' is invalid. Using default page load timeout: '30'

2019-07-08 13:18:57 - [MESSAGE][PASSED] - Tapped on element 'Object Repository/ObjectOTP/Field_OTP'

2019-07-08 13:18:57 - [TEST_STEP][PASSED] - setText: Text '8888' has been set to element 'Object Repository/ObjectOTP/Field_OTP'

2019-07-08 13:18:57 - [MESSAGE][WARNING] - Timeout '0' is invalid. Using default page load timeout: '30'

2019-07-08 13:18:58 - [MESSAGE][PASSED] - Text '8888' has been set to element 'Object Repository/ObjectOTP/Field_OTP'

2019-07-08 13:18:58 - [TEST_STEP][PASSED] - tap: Tapped on element 'Object Repository/ObjectOTP/Button_Verifikasi_Sekarang'

2019-07-08 13:18:58 - [MESSAGE][WARNING] - Timeout '0' is invalid. Using default page load timeout: '30'

2019-07-08 13:19:00 - [MESSAGE][PASSED] - Tapped on element 'Object Repository/ObjectOTP/Button_Verifikasi_Sekarang']]></system-out>
         <system-err><![CDATA[]]></system-err>
      </testcase>
      <testcase name="Test Cases/Home/Reksadana/AddToCart/AddToCart" classname="Test Cases/Home/Reksadana/AddToCart/AddToCart" status="PASSED">
         <system-out><![CDATA[2019-07-08 13:19:00 - [TEST_CASE][PASSED] - Test Cases/Home/Reksadana/AddToCart/AddToCart: Test Cases/Home/Reksadana/AddToCart/AddToCart

2019-07-08 13:19:00 - [TEST_STEP][PASSED] - delay: Delayed 3 second(s)

2019-07-08 13:19:03 - [MESSAGE][PASSED] - Delayed 3 second(s)

2019-07-08 13:19:03 - [TEST_STEP][PASSED] - tap: Tapped on element 'Object Repository/Home/Reksadana/Subscribe/MenuReksadana'

2019-07-08 13:19:03 - [MESSAGE][WARNING] - Timeout '0' is invalid. Using default page load timeout: '30'

2019-07-08 13:19:09 - [MESSAGE][PASSED] - Tapped on element 'Object Repository/Home/Reksadana/Subscribe/MenuReksadana'

2019-07-08 13:19:09 - [TEST_STEP][PASSED] - delay: Delayed 3 second(s)

2019-07-08 13:19:12 - [MESSAGE][PASSED] - Delayed 3 second(s)

2019-07-08 13:19:12 - [TEST_STEP][PASSED] - tap: Tapped on element 'Object Repository/Home/Reksadana/Subscribe/CardReksadana'

2019-07-08 13:19:12 - [MESSAGE][WARNING] - Timeout '0' is invalid. Using default page load timeout: '30'

2019-07-08 13:19:14 - [MESSAGE][PASSED] - Tapped on element 'Object Repository/Home/Reksadana/Subscribe/CardReksadana'

2019-07-08 13:19:14 - [TEST_STEP][PASSED] - delay: Delayed 3 second(s)

2019-07-08 13:19:17 - [MESSAGE][PASSED] - Delayed 3 second(s)

2019-07-08 13:19:17 - [TEST_STEP][PASSED] - tap: Tapped on element 'Object Repository/Home/Reksadana/Button_Cart'

2019-07-08 13:19:17 - [MESSAGE][WARNING] - Timeout '0' is invalid. Using default page load timeout: '30'

2019-07-08 13:19:20 - [MESSAGE][PASSED] - Tapped on element 'Object Repository/Home/Reksadana/Button_Cart'

2019-07-08 13:19:20 - [TEST_STEP][PASSED] - tap: Tapped on element 'Object Repository/Home/Reksadana/Button_Lanjutkan'

2019-07-08 13:19:20 - [MESSAGE][WARNING] - Timeout '0' is invalid. Using default page load timeout: '30'

2019-07-08 13:19:24 - [MESSAGE][PASSED] - Tapped on element 'Object Repository/Home/Reksadana/Button_Lanjutkan'

2019-07-08 13:19:24 - [TEST_STEP][PASSED] - delay: Delayed 3 second(s)

2019-07-08 13:19:27 - [MESSAGE][PASSED] - Delayed 3 second(s)

2019-07-08 13:19:27 - [TEST_STEP][PASSED] - tap: Tapped on element 'Object Repository/Home/Reksadana/Checkbox_Cart'

2019-07-08 13:19:27 - [MESSAGE][WARNING] - Timeout '0' is invalid. Using default page load timeout: '30'

2019-07-08 13:19:27 - [MESSAGE][PASSED] - Tapped on element 'Object Repository/Home/Reksadana/Checkbox_Cart'

2019-07-08 13:19:27 - [TEST_STEP][PASSED] - tap: Tapped on element 'Object Repository/Home/Reksadana/Button_Lanjutkan'

2019-07-08 13:19:27 - [MESSAGE][WARNING] - Timeout '0' is invalid. Using default page load timeout: '30'

2019-07-08 13:19:31 - [MESSAGE][PASSED] - Tapped on element 'Object Repository/Home/Reksadana/Button_Lanjutkan'

2019-07-08 13:19:31 - [TEST_STEP][PASSED] - delay: Delayed 3 second(s)

2019-07-08 13:19:34 - [MESSAGE][PASSED] - Delayed 3 second(s)

2019-07-08 13:19:34 - [TEST_STEP][PASSED] - tap: Tapped on element 'Object Repository/Home/Reksadana/Rp100'

2019-07-08 13:19:34 - [MESSAGE][WARNING] - Timeout '0' is invalid. Using default page load timeout: '30'

2019-07-08 13:19:35 - [MESSAGE][PASSED] - Tapped on element 'Object Repository/Home/Reksadana/Rp100'

2019-07-08 13:19:35 - [TEST_STEP][PASSED] - delay: Delayed 3 second(s)

2019-07-08 13:19:38 - [MESSAGE][PASSED] - Delayed 3 second(s)

2019-07-08 13:19:38 - [TEST_STEP][PASSED] - tap: Tapped on element 'Object Repository/Home/Reksadana/Button_Tambah_Keranjang'

2019-07-08 13:19:38 - [MESSAGE][WARNING] - Timeout '0' is invalid. Using default page load timeout: '30'

2019-07-08 13:19:40 - [MESSAGE][PASSED] - Tapped on element 'Object Repository/Home/Reksadana/Button_Tambah_Keranjang'

2019-07-08 13:19:40 - [TEST_STEP][PASSED] - delay: Delayed 5 second(s)

2019-07-08 13:19:45 - [MESSAGE][PASSED] - Delayed 5 second(s)

2019-07-08 13:19:45 - [TEST_STEP][PASSED] - tap: Tapped on element 'Object Repository/Home/Reksadana/Cart/Button_Cart_Top'

2019-07-08 13:19:45 - [MESSAGE][WARNING] - Timeout '0' is invalid. Using default page load timeout: '30'

2019-07-08 13:19:48 - [MESSAGE][PASSED] - Tapped on element 'Object Repository/Home/Reksadana/Cart/Button_Cart_Top'

2019-07-08 13:19:48 - [TEST_STEP][PASSED] - delay: Delayed 2 second(s)

2019-07-08 13:19:50 - [MESSAGE][PASSED] - Delayed 2 second(s)

2019-07-08 13:19:50 - [TEST_STEP][PASSED] - verifyElementText: Actual text and expected text of test object 'Object Repository/Home/Reksadana/Cart/Text-Keranjang' are matched.

2019-07-08 13:19:51 - [MESSAGE][PASSED] - Actual text and expected text of test object 'Object Repository/Home/Reksadana/Cart/Text-Keranjang' are matched.

2019-07-08 13:19:51 - [TEST_STEP][PASSED] - delay: Delayed 5 second(s)

2019-07-08 13:19:56 - [MESSAGE][PASSED] - Delayed 5 second(s)]]></system-out>
         <system-err><![CDATA[]]></system-err>
      </testcase>
      <testcase name="Test Cases/Home/Reksadana/AddToCart/EditCart" classname="Test Cases/Home/Reksadana/AddToCart/EditCart" status="PASSED">
         <system-out><![CDATA[2019-07-08 13:19:56 - [TEST_CASE][PASSED] - Test Cases/Home/Reksadana/AddToCart/EditCart: Test Cases/Home/Reksadana/AddToCart/EditCart

2019-07-08 13:19:56 - [TEST_STEP][PASSED] - delay: Delayed 5 second(s)

2019-07-08 13:20:01 - [MESSAGE][PASSED] - Delayed 5 second(s)

2019-07-08 13:20:01 - [TEST_STEP][PASSED] - tap: Tapped on element 'Object Repository/Home/Reksadana/Cart/Button_Edit'

2019-07-08 13:20:01 - [MESSAGE][WARNING] - Timeout '0' is invalid. Using default page load timeout: '30'

2019-07-08 13:20:03 - [MESSAGE][PASSED] - Tapped on element 'Object Repository/Home/Reksadana/Cart/Button_Edit'

2019-07-08 13:20:03 - [TEST_STEP][PASSED] - delay: Delayed 3 second(s)

2019-07-08 13:20:06 - [MESSAGE][PASSED] - Delayed 3 second(s)

2019-07-08 13:20:06 - [TEST_STEP][PASSED] - verifyElementText: Actual text and expected text of test object 'Object Repository/Home/Reksadana/Cart/Text-BerapaYangMauKamuBeli' are matched.

2019-07-08 13:20:06 - [MESSAGE][PASSED] - Actual text and expected text of test object 'Object Repository/Home/Reksadana/Cart/Text-BerapaYangMauKamuBeli' are matched.

2019-07-08 13:20:06 - [TEST_STEP][PASSED] - delay: Delayed 2 second(s)

2019-07-08 13:20:08 - [MESSAGE][PASSED] - Delayed 2 second(s)

2019-07-08 13:20:08 - [TEST_STEP][PASSED] - tap: Tapped on element 'Object Repository/Home/Reksadana/Rp100'

2019-07-08 13:20:08 - [MESSAGE][WARNING] - Timeout '0' is invalid. Using default page load timeout: '30'

2019-07-08 13:20:09 - [MESSAGE][PASSED] - Tapped on element 'Object Repository/Home/Reksadana/Rp100'

2019-07-08 13:20:09 - [TEST_STEP][PASSED] - tap: Tapped on element 'Object Repository/Home/Reksadana/Cart/Button_Simpan'

2019-07-08 13:20:09 - [MESSAGE][WARNING] - Timeout '0' is invalid. Using default page load timeout: '30'

2019-07-08 13:20:11 - [MESSAGE][PASSED] - Tapped on element 'Object Repository/Home/Reksadana/Cart/Button_Simpan'

2019-07-08 13:20:11 - [TEST_STEP][PASSED] - delay: Delayed 5 second(s)

2019-07-08 13:20:16 - [MESSAGE][PASSED] - Delayed 5 second(s)]]></system-out>
         <system-err><![CDATA[]]></system-err>
      </testcase>
      <system-out><![CDATA[2019-07-08 13:17:54 - [TEST_SUITE][PASSED] - 03_EditCart: Test Cases/Home/Reksadana/AddToCart/EditCart]]></system-out>
      <system-err><![CDATA[]]></system-err>
   </testsuite>
</testsuites>
