<?xml version="1.0" encoding="UTF-8"?>
<testsuites name="01_SubscribeTrue" time="119" tests="3" failures="0" errors="0">
   <testsuite name="01_SubscribeTrue" tests="3" failures="0" errors="0" time="119" timestamp="2019-07-03 16:09:14" hostname="ustore - 192.168.0.120" id="Test Suites/result/Subscribe/01_SubscribeTrue">
      <properties>
         <property name="deviceName" value="emulator-5554 (Android SDK built for x86 - Android 9)"/>
         <property name="devicePlatform" value=""/>
         <property name="logFolder" value="/Users/ustore/Katalon Studio/Android v1.2/Reports/result/Subscribe/01_SubscribeTrue/20190703_160900"/>
         <property name="logFiles" value="/Users/ustore/Katalon Studio/Android v1.2/Reports/result/Subscribe/01_SubscribeTrue/20190703_160900/execution0.log, /Users/ustore/Katalon Studio/Android v1.2/Reports/result/Subscribe/01_SubscribeTrue/20190703_160900/appium.log"/>
         <property name="attachments" value=""/>
         <property name="hostName" value="ustore - 192.168.0.120"/>
         <property name="os" value="Mac OS X 64bit"/>
         <property name="katalonVersion" value="4.1.0.2"/>
         <property name="deviceOS" value="Android"/>
         <property name="appiumVersion" value="1.8.1"/>
         <property name="deviceModel" value="Android SDK built for x86"/>
         <property name="hostAddress" value="192.168.0.120"/>
         <property name="deviceManufacturer" value="Google"/>
         <property name="deviceId" value="emulator-5554"/>
         <property name="deviceName" value="emulator-5554 (Android SDK built for x86 - Android 9)"/>
         <property name="deviceOSVersion" value="9"/>
      </properties>
      <testcase name="Test Cases/Login/LoginTrue" classname="Test Cases/Login/LoginTrue" status="PASSED">
         <system-out><![CDATA[2019-07-03 16:09:14 - [TEST_CASE][PASSED] - Test Cases/Login/LoginTrue: Test Cases/Login/LoginTrue

2019-07-03 16:09:15 - [TEST_STEP][PASSED] - startApplication: Started app at: '/Users/ustore/Downloads/Development.apk'

2019-07-03 16:09:43 - [MESSAGE][PASSED] - Started app at: '/Users/ustore/Downloads/Development.apk'

2019-07-03 16:09:43 - [TEST_STEP][PASSED] - verifyElementText: Actual text and expected text of test object 'Object Repository/LoginTrue/Mulailah berinvestasi untuk meraih mimpimu' are matched.

2019-07-03 16:09:48 - [MESSAGE][PASSED] - Actual text and expected text of test object 'Object Repository/LoginTrue/Mulailah berinvestasi untuk meraih mimpimu' are matched.

2019-07-03 16:09:48 - [TEST_STEP][PASSED] - tap: Tapped on element 'Object Repository/LoginTrue/DP_Rumah'

2019-07-03 16:09:49 - [MESSAGE][WARNING] - Timeout '0' is invalid. Using default page load timeout: '30'

2019-07-03 16:09:50 - [MESSAGE][PASSED] - Tapped on element 'Object Repository/LoginTrue/DP_Rumah'

2019-07-03 16:09:50 - [TEST_STEP][PASSED] - Statement - For ([i = 0, i < 4, (i++)]): Swiped from 800,1,000 to 10,800

2019-07-03 16:09:50 - [TEST_STEP][PASSED] - tap: Tapped on element 'Object Repository/LoginTrue/screen_swipe'

2019-07-03 16:09:50 - [MESSAGE][WARNING] - Timeout '0' is invalid. Using default page load timeout: '30'

2019-07-03 16:09:52 - [MESSAGE][PASSED] - Tapped on element 'Object Repository/LoginTrue/screen_swipe'

2019-07-03 16:09:52 - [TEST_STEP][PASSED] - swipe: Swiped from 800,1,000 to 10,800

2019-07-03 16:09:54 - [MESSAGE][PASSED] - Swiped from 800,1,000 to 10,800

2019-07-03 16:09:55 - [TEST_STEP][PASSED] - tap: Tapped on element 'Object Repository/LoginTrue/screen_swipe'

2019-07-03 16:09:55 - [MESSAGE][WARNING] - Timeout '0' is invalid. Using default page load timeout: '30'

2019-07-03 16:09:57 - [MESSAGE][PASSED] - Tapped on element 'Object Repository/LoginTrue/screen_swipe'

2019-07-03 16:09:57 - [TEST_STEP][PASSED] - swipe: Swiped from 800,1,000 to 10,800

2019-07-03 16:09:59 - [MESSAGE][PASSED] - Swiped from 800,1,000 to 10,800

2019-07-03 16:09:59 - [TEST_STEP][PASSED] - tap: Tapped on element 'Object Repository/LoginTrue/screen_swipe'

2019-07-03 16:09:59 - [MESSAGE][WARNING] - Timeout '0' is invalid. Using default page load timeout: '30'

2019-07-03 16:10:01 - [MESSAGE][PASSED] - Tapped on element 'Object Repository/LoginTrue/screen_swipe'

2019-07-03 16:10:01 - [TEST_STEP][PASSED] - swipe: Swiped from 800,1,000 to 10,800

2019-07-03 16:10:03 - [MESSAGE][PASSED] - Swiped from 800,1,000 to 10,800

2019-07-03 16:10:03 - [TEST_STEP][PASSED] - tap: Tapped on element 'Object Repository/LoginTrue/screen_swipe'

2019-07-03 16:10:03 - [MESSAGE][WARNING] - Timeout '0' is invalid. Using default page load timeout: '30'

2019-07-03 16:10:07 - [MESSAGE][PASSED] - Tapped on element 'Object Repository/LoginTrue/screen_swipe'

2019-07-03 16:10:07 - [TEST_STEP][PASSED] - swipe: Swiped from 800,1,000 to 10,800

2019-07-03 16:10:09 - [MESSAGE][PASSED] - Swiped from 800,1,000 to 10,800

2019-07-03 16:10:09 - [TEST_STEP][PASSED] - setText: Text '081215161452' has been set to element 'Object Repository/LoginTrue/field_no_phone'

2019-07-03 16:10:09 - [MESSAGE][WARNING] - Timeout '0' is invalid. Using default page load timeout: '30'

2019-07-03 16:10:11 - [MESSAGE][PASSED] - Text '081215161452' has been set to element 'Object Repository/LoginTrue/field_no_phone'

2019-07-03 16:10:11 - [TEST_STEP][PASSED] - tap: Tapped on element 'Object Repository/LoginTrue/button_masuk'

2019-07-03 16:10:11 - [MESSAGE][WARNING] - Timeout '0' is invalid. Using default page load timeout: '30'

2019-07-03 16:10:13 - [MESSAGE][PASSED] - Tapped on element 'Object Repository/LoginTrue/button_masuk'

2019-07-03 16:10:13 - [TEST_STEP][PASSED] - delay: Delayed 3 second(s)

2019-07-03 16:10:16 - [MESSAGE][PASSED] - Delayed 3 second(s)

2019-07-03 16:10:16 - [TEST_STEP][PASSED] - verifyElementText: Actual text and expected text of test object 'Object Repository/ObjectOTP/TextView - Verifikasi Nomor HP' are matched.

2019-07-03 16:10:16 - [MESSAGE][PASSED] - Actual text and expected text of test object 'Object Repository/ObjectOTP/TextView - Verifikasi Nomor HP' are matched.]]></system-out>
         <system-err><![CDATA[]]></system-err>
      </testcase>
      <testcase name="Test Cases/OTP/LoginOTP" classname="Test Cases/OTP/LoginOTP" status="PASSED">
         <system-out><![CDATA[2019-07-03 16:10:16 - [TEST_CASE][PASSED] - Test Cases/OTP/LoginOTP: Test Cases/OTP/LoginOTP

2019-07-03 16:10:16 - [TEST_STEP][PASSED] - delay: Delayed 3 second(s)

2019-07-03 16:10:19 - [MESSAGE][PASSED] - Delayed 3 second(s)

2019-07-03 16:10:19 - [TEST_STEP][PASSED] - tap: Tapped on element 'Object Repository/ObjectOTP/Field_OTP'

2019-07-03 16:10:19 - [MESSAGE][WARNING] - Timeout '0' is invalid. Using default page load timeout: '30'

2019-07-03 16:10:21 - [MESSAGE][PASSED] - Tapped on element 'Object Repository/ObjectOTP/Field_OTP'

2019-07-03 16:10:21 - [TEST_STEP][PASSED] - setText: Text '8888' has been set to element 'Object Repository/ObjectOTP/Field_OTP'

2019-07-03 16:10:21 - [MESSAGE][WARNING] - Timeout '0' is invalid. Using default page load timeout: '30'

2019-07-03 16:10:22 - [MESSAGE][PASSED] - Text '8888' has been set to element 'Object Repository/ObjectOTP/Field_OTP'

2019-07-03 16:10:22 - [TEST_STEP][PASSED] - tap: Tapped on element 'Object Repository/ObjectOTP/Button_Verifikasi_Sekarang'

2019-07-03 16:10:22 - [MESSAGE][WARNING] - Timeout '0' is invalid. Using default page load timeout: '30'

2019-07-03 16:10:24 - [MESSAGE][PASSED] - Tapped on element 'Object Repository/ObjectOTP/Button_Verifikasi_Sekarang']]></system-out>
         <system-err><![CDATA[]]></system-err>
      </testcase>
      <testcase name="Test Cases/Home/Reksadana/Subscribe/Subscribe" classname="Test Cases/Home/Reksadana/Subscribe/Subscribe" status="PASSED">
         <system-out><![CDATA[2019-07-03 16:10:24 - [TEST_CASE][PASSED] - Test Cases/Home/Reksadana/Subscribe/Subscribe: Test Cases/Home/Reksadana/Subscribe/Subscribe

2019-07-03 16:10:24 - [TEST_STEP][PASSED] - delay: Delayed 3 second(s)

2019-07-03 16:10:27 - [MESSAGE][PASSED] - Delayed 3 second(s)

2019-07-03 16:10:27 - [TEST_STEP][PASSED] - tap: Tapped on element 'Object Repository/Home/Reksadana/Subscribe/MenuReksadana'

2019-07-03 16:10:27 - [MESSAGE][WARNING] - Timeout '0' is invalid. Using default page load timeout: '30'

2019-07-03 16:10:29 - [MESSAGE][PASSED] - Tapped on element 'Object Repository/Home/Reksadana/Subscribe/MenuReksadana'

2019-07-03 16:10:29 - [TEST_STEP][PASSED] - delay: Delayed 3 second(s)

2019-07-03 16:10:32 - [MESSAGE][PASSED] - Delayed 3 second(s)

2019-07-03 16:10:32 - [TEST_STEP][PASSED] - tap: Tapped on element 'Object Repository/Home/Reksadana/Subscribe/CardReksadana'

2019-07-03 16:10:32 - [MESSAGE][WARNING] - Timeout '0' is invalid. Using default page load timeout: '30'

2019-07-03 16:10:34 - [MESSAGE][PASSED] - Tapped on element 'Object Repository/Home/Reksadana/Subscribe/CardReksadana'

2019-07-03 16:10:34 - [TEST_STEP][PASSED] - tap: Tapped on element 'Object Repository/Home/Reksadana/Subscribe/Button_Beli'

2019-07-03 16:10:34 - [MESSAGE][WARNING] - Timeout '0' is invalid. Using default page load timeout: '30'

2019-07-03 16:10:40 - [MESSAGE][PASSED] - Tapped on element 'Object Repository/Home/Reksadana/Subscribe/Button_Beli'

2019-07-03 16:10:40 - [TEST_STEP][PASSED] - tap: Tapped on element 'Object Repository/Home/Reksadana/Subscribe/CheckboxSetuju'

2019-07-03 16:10:40 - [MESSAGE][WARNING] - Timeout '0' is invalid. Using default page load timeout: '30'

2019-07-03 16:10:41 - [MESSAGE][PASSED] - Tapped on element 'Object Repository/Home/Reksadana/Subscribe/CheckboxSetuju'

2019-07-03 16:10:41 - [TEST_STEP][PASSED] - delay: Delayed 3 second(s)

2019-07-03 16:10:44 - [MESSAGE][PASSED] - Delayed 3 second(s)

2019-07-03 16:10:44 - [TEST_STEP][PASSED] - tap: Tapped on element 'Object Repository/Home/Reksadana/Subscribe/Button_Lanjutkan'

2019-07-03 16:10:44 - [MESSAGE][WARNING] - Timeout '0' is invalid. Using default page load timeout: '30'

2019-07-03 16:10:48 - [MESSAGE][PASSED] - Tapped on element 'Object Repository/Home/Reksadana/Subscribe/Button_Lanjutkan'

2019-07-03 16:10:48 - [TEST_STEP][PASSED] - delay: Delayed 3 second(s)

2019-07-03 16:10:51 - [MESSAGE][PASSED] - Delayed 3 second(s)

2019-07-03 16:10:51 - [TEST_STEP][PASSED] - tap: Tapped on element 'Object Repository/Home/Reksadana/Subscribe/300.000'

2019-07-03 16:10:51 - [MESSAGE][WARNING] - Timeout '0' is invalid. Using default page load timeout: '30'

2019-07-03 16:10:52 - [MESSAGE][PASSED] - Tapped on element 'Object Repository/Home/Reksadana/Subscribe/300.000'

2019-07-03 16:10:52 - [TEST_STEP][PASSED] - tap: Tapped on element 'Object Repository/Home/Reksadana/Subscribe/Button_Beli_Sekarang'

2019-07-03 16:10:52 - [MESSAGE][WARNING] - Timeout '0' is invalid. Using default page load timeout: '30'

2019-07-03 16:10:55 - [MESSAGE][PASSED] - Tapped on element 'Object Repository/Home/Reksadana/Subscribe/Button_Beli_Sekarang'

2019-07-03 16:10:55 - [TEST_STEP][PASSED] - tap: Tapped on element 'Object Repository/Home/Reksadana/Subscribe/Button_Detail'

2019-07-03 16:10:55 - [MESSAGE][WARNING] - Timeout '0' is invalid. Using default page load timeout: '30'

2019-07-03 16:10:57 - [MESSAGE][PASSED] - Tapped on element 'Object Repository/Home/Reksadana/Subscribe/Button_Detail'

2019-07-03 16:10:57 - [TEST_STEP][PASSED] - tap: Tapped on element 'Object Repository/Home/Reksadana/Subscribe/Button_VA'

2019-07-03 16:10:57 - [MESSAGE][WARNING] - Timeout '0' is invalid. Using default page load timeout: '30'

2019-07-03 16:10:58 - [MESSAGE][PASSED] - Tapped on element 'Object Repository/Home/Reksadana/Subscribe/Button_VA'

2019-07-03 16:10:58 - [TEST_STEP][PASSED] - delay: Delayed 3 second(s)

2019-07-03 16:11:01 - [MESSAGE][PASSED] - Delayed 3 second(s)

2019-07-03 16:11:01 - [TEST_STEP][PASSED] - verifyElementText: Actual text and expected text of test object 'Object Repository/Home/Reksadana/Subscribe/Text-LakukanPembayaranSebelum' are matched.

2019-07-03 16:11:02 - [MESSAGE][PASSED] - Actual text and expected text of test object 'Object Repository/Home/Reksadana/Subscribe/Text-LakukanPembayaranSebelum' are matched.

2019-07-03 16:11:02 - [TEST_STEP][PASSED] - delay: Delayed 3 second(s)

2019-07-03 16:11:05 - [MESSAGE][PASSED] - Delayed 3 second(s)

2019-07-03 16:11:05 - [TEST_STEP][PASSED] - tap: Tapped on element 'Object Repository/Home/Reksadana/Subscribe/Detail_VA'

2019-07-03 16:11:05 - [MESSAGE][WARNING] - Timeout '0' is invalid. Using default page load timeout: '30'

2019-07-03 16:11:06 - [MESSAGE][PASSED] - Tapped on element 'Object Repository/Home/Reksadana/Subscribe/Detail_VA'

2019-07-03 16:11:06 - [TEST_STEP][PASSED] - Statement - device_Height = com.kms.katalon.core.mobile.keyword.MobileBuiltInKeywords.getDeviceHeight(): Current device physical height is 1794

2019-07-03 16:11:06 - [MESSAGE][PASSED] - Current device physical height is 1794

2019-07-03 16:11:06 - [TEST_STEP][PASSED] - Statement - device_Width = com.kms.katalon.core.mobile.keyword.MobileBuiltInKeywords.getDeviceWidth(): Current device physical width is 1080

2019-07-03 16:11:06 - [MESSAGE][PASSED] - Current device physical width is 1080

2019-07-03 16:11:06 - [TEST_STEP][PASSED] - Statement - startX = device_Width / 2: null

2019-07-03 16:11:06 - [TEST_STEP][PASSED] - Statement - endX = startX: null

2019-07-03 16:11:06 - [TEST_STEP][PASSED] - Statement - startY = device_Height * 0.50: null

2019-07-03 16:11:06 - [TEST_STEP][PASSED] - Statement - endY = device_Height * 0.90: null

2019-07-03 16:11:06 - [TEST_STEP][PASSED] - swipe: Swiped from 540,1,614 to 540,897

2019-07-03 16:11:09 - [MESSAGE][PASSED] - Swiped from 540,1,614 to 540,897

2019-07-03 16:11:09 - [TEST_STEP][PASSED] - delay: Delayed 3 second(s)

2019-07-03 16:11:12 - [MESSAGE][PASSED] - Delayed 3 second(s)]]></system-out>
         <system-err><![CDATA[]]></system-err>
      </testcase>
      <system-out><![CDATA[2019-07-03 16:09:14 - [TEST_SUITE][PASSED] - 01_SubscribeTrue: Test Cases/Home/Reksadana/Subscribe/Subscribe]]></system-out>
      <system-err><![CDATA[]]></system-err>
   </testsuite>
</testsuites>
