<?xml version="1.0" encoding="UTF-8"?>
<testsuites name="03_EditCart" time="95" tests="3" failures="0" errors="0">
   <testsuite name="03_EditCart" tests="3" failures="0" errors="0" time="95" timestamp="2019-07-24 15:52:32" hostname="ustore - 192.168.0.120" id="Test Suites/result/Reksadana/AddToCart/03_EditCart">
      <properties>
         <property name="deviceName" value="emulator-5554 (Android SDK built for x86 - Android 8.1.0)"/>
         <property name="devicePlatform" value=""/>
         <property name="logFolder" value="/Users/ustore/Katalon Studio/Android v1.2/Reports/result/Reksadana/AddToCart/03_EditCart/20190724_155220"/>
         <property name="logFiles" value="/Users/ustore/Katalon Studio/Android v1.2/Reports/result/Reksadana/AddToCart/03_EditCart/20190724_155220/execution0.log, /Users/ustore/Katalon Studio/Android v1.2/Reports/result/Reksadana/AddToCart/03_EditCart/20190724_155220/appium.log"/>
         <property name="attachments" value=""/>
         <property name="hostName" value="ustore - 192.168.0.120"/>
         <property name="os" value="Mac OS X 64bit"/>
         <property name="katalonVersion" value="4.1.0.2"/>
         <property name="deviceOS" value="Android"/>
         <property name="appiumVersion" value="1.8.1"/>
         <property name="deviceModel" value="Android SDK built for x86"/>
         <property name="hostAddress" value="192.168.0.120"/>
         <property name="deviceManufacturer" value="Google"/>
         <property name="deviceId" value="emulator-5554"/>
         <property name="deviceName" value="emulator-5554 (Android SDK built for x86 - Android 8.1.0)"/>
         <property name="deviceOSVersion" value="8.1.0"/>
      </properties>
      <testcase name="Test Cases/Login/LoginTrue" classname="Test Cases/Login/LoginTrue" status="PASSED">
         <system-out><![CDATA[2019-07-24 15:52:33 - [TEST_CASE][PASSED] - Test Cases/Login/LoginTrue: Test Cases/Login/LoginTrue

2019-07-24 15:52:34 - [TEST_STEP][PASSED] - startApplication: Started app at: '/Users/ustore/Downloads/mobile-debug.apk'

2019-07-24 15:52:56 - [MESSAGE][PASSED] - Started app at: '/Users/ustore/Downloads/mobile-debug.apk'

2019-07-24 15:52:56 - [TEST_STEP][PASSED] - verifyElementText: Actual text and expected text of test object 'Object Repository/LoginTrue/Mulailah berinvestasi untuk meraih mimpimu' are matched.

2019-07-24 15:53:01 - [MESSAGE][PASSED] - Actual text and expected text of test object 'Object Repository/LoginTrue/Mulailah berinvestasi untuk meraih mimpimu' are matched.

2019-07-24 15:53:01 - [TEST_STEP][PASSED] - tap: Tapped on element 'Object Repository/LoginTrue/DP_Rumah'

2019-07-24 15:53:01 - [MESSAGE][WARNING] - Timeout '0' is invalid. Using default page load timeout: '30'

2019-07-24 15:53:02 - [MESSAGE][PASSED] - Tapped on element 'Object Repository/LoginTrue/DP_Rumah'

2019-07-24 15:53:02 - [TEST_STEP][PASSED] - Statement - For ([i = 0, i < 4, (i++)]): Swiped from 800,1,000 to 10,800

2019-07-24 15:53:02 - [TEST_STEP][PASSED] - tap: Tapped on element 'Object Repository/LoginTrue/screen_swipe'

2019-07-24 15:53:03 - [MESSAGE][WARNING] - Timeout '0' is invalid. Using default page load timeout: '30'

2019-07-24 15:53:05 - [MESSAGE][PASSED] - Tapped on element 'Object Repository/LoginTrue/screen_swipe'

2019-07-24 15:53:05 - [TEST_STEP][PASSED] - swipe: Swiped from 800,1,000 to 10,800

2019-07-24 15:53:07 - [MESSAGE][PASSED] - Swiped from 800,1,000 to 10,800

2019-07-24 15:53:07 - [TEST_STEP][PASSED] - tap: Tapped on element 'Object Repository/LoginTrue/screen_swipe'

2019-07-24 15:53:07 - [MESSAGE][WARNING] - Timeout '0' is invalid. Using default page load timeout: '30'

2019-07-24 15:53:08 - [MESSAGE][PASSED] - Tapped on element 'Object Repository/LoginTrue/screen_swipe'

2019-07-24 15:53:08 - [TEST_STEP][PASSED] - swipe: Swiped from 800,1,000 to 10,800

2019-07-24 15:53:10 - [MESSAGE][PASSED] - Swiped from 800,1,000 to 10,800

2019-07-24 15:53:10 - [TEST_STEP][PASSED] - tap: Tapped on element 'Object Repository/LoginTrue/screen_swipe'

2019-07-24 15:53:10 - [MESSAGE][WARNING] - Timeout '0' is invalid. Using default page load timeout: '30'

2019-07-24 15:53:12 - [MESSAGE][PASSED] - Tapped on element 'Object Repository/LoginTrue/screen_swipe'

2019-07-24 15:53:12 - [TEST_STEP][PASSED] - swipe: Swiped from 800,1,000 to 10,800

2019-07-24 15:53:14 - [MESSAGE][PASSED] - Swiped from 800,1,000 to 10,800

2019-07-24 15:53:14 - [TEST_STEP][PASSED] - tap: Tapped on element 'Object Repository/LoginTrue/screen_swipe'

2019-07-24 15:53:14 - [MESSAGE][WARNING] - Timeout '0' is invalid. Using default page load timeout: '30'

2019-07-24 15:53:16 - [MESSAGE][PASSED] - Tapped on element 'Object Repository/LoginTrue/screen_swipe'

2019-07-24 15:53:16 - [TEST_STEP][PASSED] - swipe: Swiped from 800,1,000 to 10,800

2019-07-24 15:53:18 - [MESSAGE][PASSED] - Swiped from 800,1,000 to 10,800

2019-07-24 15:53:18 - [TEST_STEP][PASSED] - setText: Text '081265699666' has been set to element 'Object Repository/LoginTrue/field_no_phone'

2019-07-24 15:53:18 - [MESSAGE][WARNING] - Timeout '0' is invalid. Using default page load timeout: '30'

2019-07-24 15:53:20 - [MESSAGE][PASSED] - Text '081265699666' has been set to element 'Object Repository/LoginTrue/field_no_phone'

2019-07-24 15:53:20 - [TEST_STEP][PASSED] - tap: Tapped on element 'Object Repository/LoginTrue/button_masuk'

2019-07-24 15:53:20 - [MESSAGE][WARNING] - Timeout '0' is invalid. Using default page load timeout: '30'

2019-07-24 15:53:22 - [MESSAGE][PASSED] - Tapped on element 'Object Repository/LoginTrue/button_masuk'

2019-07-24 15:53:22 - [TEST_STEP][PASSED] - delay: Delayed 3 second(s)

2019-07-24 15:53:25 - [MESSAGE][PASSED] - Delayed 3 second(s)

2019-07-24 15:53:25 - [TEST_STEP][PASSED] - verifyElementText: Actual text and expected text of test object 'Object Repository/ObjectOTP/TextView - Verifikasi Nomor HP' are matched.

2019-07-24 15:53:26 - [MESSAGE][PASSED] - Actual text and expected text of test object 'Object Repository/ObjectOTP/TextView - Verifikasi Nomor HP' are matched.]]></system-out>
         <system-err><![CDATA[]]></system-err>
      </testcase>
      <testcase name="Test Cases/OTP/LoginOTP" classname="Test Cases/OTP/LoginOTP" status="PASSED">
         <system-out><![CDATA[2019-07-24 15:53:26 - [TEST_CASE][PASSED] - Test Cases/OTP/LoginOTP: Test Cases/OTP/LoginOTP

2019-07-24 15:53:27 - [TEST_STEP][PASSED] - delay: Delayed 3 second(s)

2019-07-24 15:53:30 - [MESSAGE][PASSED] - Delayed 3 second(s)

2019-07-24 15:53:30 - [TEST_STEP][PASSED] - tap: Tapped on element 'Object Repository/ObjectOTP/Field_OTP'

2019-07-24 15:53:30 - [MESSAGE][WARNING] - Timeout '0' is invalid. Using default page load timeout: '30'

2019-07-24 15:53:31 - [MESSAGE][PASSED] - Tapped on element 'Object Repository/ObjectOTP/Field_OTP'

2019-07-24 15:53:31 - [TEST_STEP][PASSED] - setText: Text '8888' has been set to element 'Object Repository/ObjectOTP/Field_OTP'

2019-07-24 15:53:31 - [MESSAGE][WARNING] - Timeout '0' is invalid. Using default page load timeout: '30'

2019-07-24 15:53:32 - [MESSAGE][PASSED] - Text '8888' has been set to element 'Object Repository/ObjectOTP/Field_OTP'

2019-07-24 15:53:32 - [TEST_STEP][PASSED] - tap: Tapped on element 'Object Repository/ObjectOTP/Button_Verifikasi_Sekarang'

2019-07-24 15:53:32 - [MESSAGE][WARNING] - Timeout '0' is invalid. Using default page load timeout: '30'

2019-07-24 15:53:34 - [MESSAGE][PASSED] - Tapped on element 'Object Repository/ObjectOTP/Button_Verifikasi_Sekarang']]></system-out>
         <system-err><![CDATA[]]></system-err>
      </testcase>
      <testcase name="Test Cases/Home/Reksadana/AddToCart/EditCart" classname="Test Cases/Home/Reksadana/AddToCart/EditCart" status="PASSED">
         <system-out><![CDATA[2019-07-24 15:53:34 - [TEST_CASE][PASSED] - Test Cases/Home/Reksadana/AddToCart/EditCart: Test Cases/Home/Reksadana/AddToCart/EditCart

2019-07-24 15:53:35 - [TEST_STEP][PASSED] - delay: Delayed 5 second(s)

2019-07-24 15:53:40 - [MESSAGE][PASSED] - Delayed 5 second(s)

2019-07-24 15:53:40 - [TEST_STEP][PASSED] - tap: Tapped on element 'Object Repository/Home/Reksadana/Cart/android.widget.FrameLayout13'

2019-07-24 15:53:40 - [MESSAGE][WARNING] - Timeout '0' is invalid. Using default page load timeout: '30'

2019-07-24 15:53:41 - [MESSAGE][PASSED] - Tapped on element 'Object Repository/Home/Reksadana/Cart/android.widget.FrameLayout13'

2019-07-24 15:53:41 - [TEST_STEP][PASSED] - delay: Delayed 7 second(s)

2019-07-24 15:53:48 - [MESSAGE][PASSED] - Delayed 7 second(s)

2019-07-24 15:53:48 - [TEST_STEP][PASSED] - tap: Tapped on element 'Object Repository/Home/Reksadana/Cart/android.widget.LinearLayout16'

2019-07-24 15:53:48 - [MESSAGE][WARNING] - Timeout '0' is invalid. Using default page load timeout: '30'

2019-07-24 15:53:50 - [MESSAGE][PASSED] - Tapped on element 'Object Repository/Home/Reksadana/Cart/android.widget.LinearLayout16'

2019-07-24 15:53:50 - [TEST_STEP][PASSED] - delay: Delayed 3 second(s)

2019-07-24 15:53:53 - [MESSAGE][PASSED] - Delayed 3 second(s)

2019-07-24 15:53:53 - [TEST_STEP][PASSED] - tap: Tapped on element 'Object Repository/Home/Reksadana/Cart/com.google.android.material.chip.Chip3 - Rp 500.000'

2019-07-24 15:53:53 - [MESSAGE][WARNING] - Timeout '0' is invalid. Using default page load timeout: '30'

2019-07-24 15:53:55 - [MESSAGE][PASSED] - Tapped on element 'Object Repository/Home/Reksadana/Cart/com.google.android.material.chip.Chip3 - Rp 500.000'

2019-07-24 15:53:55 - [TEST_STEP][PASSED] - delay: Delayed 3 second(s)

2019-07-24 15:53:58 - [MESSAGE][PASSED] - Delayed 3 second(s)

2019-07-24 15:53:58 - [TEST_STEP][PASSED] - tap: Tapped on element 'Object Repository/Home/Reksadana/Cart/android.widget.LinearLayout3 (2)'

2019-07-24 15:53:58 - [MESSAGE][WARNING] - Timeout '0' is invalid. Using default page load timeout: '30'

2019-07-24 15:54:01 - [MESSAGE][PASSED] - Tapped on element 'Object Repository/Home/Reksadana/Cart/android.widget.LinearLayout3 (2)'

2019-07-24 15:54:01 - [TEST_STEP][PASSED] - delay: Delayed 5 second(s)

2019-07-24 15:54:06 - [MESSAGE][PASSED] - Delayed 5 second(s)]]></system-out>
         <system-err><![CDATA[]]></system-err>
      </testcase>
      <system-out><![CDATA[2019-07-24 15:52:32 - [TEST_SUITE][PASSED] - 03_EditCart: Test Cases/Home/Reksadana/AddToCart/EditCart]]></system-out>
      <system-err><![CDATA[]]></system-err>
   </testsuite>
</testsuites>
