<?xml version="1.0" encoding="UTF-8"?>
<testsuites name="ListUpdateTerbaru" time="90" tests="3" failures="0" errors="0">
   <testsuite name="ListUpdateTerbaru" tests="3" failures="0" errors="0" time="90" timestamp="2019-07-11 13:52:50" hostname="ustore - 192.168.0.120" id="Test Suites/result/Home/ListUpdateTerbaru">
      <properties>
         <property name="deviceName" value="emulator-5554 (Android SDK built for x86 - Android 9)"/>
         <property name="devicePlatform" value=""/>
         <property name="logFolder" value="/Users/ustore/Katalon Studio/Android v1.2/Reports/result/Home/ListUpdateTerbaru/20190711_135237"/>
         <property name="logFiles" value="/Users/ustore/Katalon Studio/Android v1.2/Reports/result/Home/ListUpdateTerbaru/20190711_135237/execution0.log, /Users/ustore/Katalon Studio/Android v1.2/Reports/result/Home/ListUpdateTerbaru/20190711_135237/appium.log"/>
         <property name="attachments" value=""/>
         <property name="hostName" value="ustore - 192.168.0.120"/>
         <property name="os" value="Mac OS X 64bit"/>
         <property name="katalonVersion" value="4.1.0.2"/>
         <property name="deviceOS" value="Android"/>
         <property name="appiumVersion" value="1.8.1"/>
         <property name="deviceModel" value="Android SDK built for x86"/>
         <property name="hostAddress" value="192.168.0.120"/>
         <property name="deviceManufacturer" value="Google"/>
         <property name="deviceId" value="emulator-5554"/>
         <property name="deviceName" value="emulator-5554 (Android SDK built for x86 - Android 9)"/>
         <property name="deviceOSVersion" value="9"/>
      </properties>
      <testcase name="Test Cases/Login/LoginTrue" classname="Test Cases/Login/LoginTrue" status="PASSED">
         <system-out><![CDATA[2019-07-11 13:52:51 - [TEST_CASE][PASSED] - Test Cases/Login/LoginTrue: Test Cases/Login/LoginTrue

2019-07-11 13:52:52 - [TEST_STEP][PASSED] - startApplication: Started app at: '/Users/ustore/Downloads/Development.apk'

2019-07-11 13:53:14 - [MESSAGE][PASSED] - Started app at: '/Users/ustore/Downloads/Development.apk'

2019-07-11 13:53:14 - [TEST_STEP][PASSED] - verifyElementText: Actual text and expected text of test object 'Object Repository/LoginTrue/Mulailah berinvestasi untuk meraih mimpimu' are matched.

2019-07-11 13:53:21 - [MESSAGE][PASSED] - Actual text and expected text of test object 'Object Repository/LoginTrue/Mulailah berinvestasi untuk meraih mimpimu' are matched.

2019-07-11 13:53:21 - [TEST_STEP][PASSED] - tap: Tapped on element 'Object Repository/LoginTrue/DP_Rumah'

2019-07-11 13:53:21 - [MESSAGE][WARNING] - Timeout '0' is invalid. Using default page load timeout: '30'

2019-07-11 13:53:22 - [MESSAGE][PASSED] - Tapped on element 'Object Repository/LoginTrue/DP_Rumah'

2019-07-11 13:53:22 - [TEST_STEP][PASSED] - Statement - For ([i = 0, i < 4, (i++)]): Swiped from 800,1,000 to 10,800

2019-07-11 13:53:22 - [TEST_STEP][PASSED] - tap: Tapped on element 'Object Repository/LoginTrue/screen_swipe'

2019-07-11 13:53:22 - [MESSAGE][WARNING] - Timeout '0' is invalid. Using default page load timeout: '30'

2019-07-11 13:53:23 - [MESSAGE][PASSED] - Tapped on element 'Object Repository/LoginTrue/screen_swipe'

2019-07-11 13:53:23 - [TEST_STEP][PASSED] - swipe: Swiped from 800,1,000 to 10,800

2019-07-11 13:53:25 - [MESSAGE][PASSED] - Swiped from 800,1,000 to 10,800

2019-07-11 13:53:25 - [TEST_STEP][PASSED] - tap: Tapped on element 'Object Repository/LoginTrue/screen_swipe'

2019-07-11 13:53:25 - [MESSAGE][WARNING] - Timeout '0' is invalid. Using default page load timeout: '30'

2019-07-11 13:53:27 - [MESSAGE][PASSED] - Tapped on element 'Object Repository/LoginTrue/screen_swipe'

2019-07-11 13:53:27 - [TEST_STEP][PASSED] - swipe: Swiped from 800,1,000 to 10,800

2019-07-11 13:53:29 - [MESSAGE][PASSED] - Swiped from 800,1,000 to 10,800

2019-07-11 13:53:29 - [TEST_STEP][PASSED] - tap: Tapped on element 'Object Repository/LoginTrue/screen_swipe'

2019-07-11 13:53:29 - [MESSAGE][WARNING] - Timeout '0' is invalid. Using default page load timeout: '30'

2019-07-11 13:53:30 - [MESSAGE][PASSED] - Tapped on element 'Object Repository/LoginTrue/screen_swipe'

2019-07-11 13:53:30 - [TEST_STEP][PASSED] - swipe: Swiped from 800,1,000 to 10,800

2019-07-11 13:53:32 - [MESSAGE][PASSED] - Swiped from 800,1,000 to 10,800

2019-07-11 13:53:32 - [TEST_STEP][PASSED] - tap: Tapped on element 'Object Repository/LoginTrue/screen_swipe'

2019-07-11 13:53:33 - [MESSAGE][WARNING] - Timeout '0' is invalid. Using default page load timeout: '30'

2019-07-11 13:53:37 - [MESSAGE][PASSED] - Tapped on element 'Object Repository/LoginTrue/screen_swipe'

2019-07-11 13:53:37 - [TEST_STEP][PASSED] - swipe: Swiped from 800,1,000 to 10,800

2019-07-11 13:53:39 - [MESSAGE][PASSED] - Swiped from 800,1,000 to 10,800

2019-07-11 13:53:39 - [TEST_STEP][PASSED] - setText: Text '081215161452' has been set to element 'Object Repository/LoginTrue/field_no_phone'

2019-07-11 13:53:39 - [MESSAGE][WARNING] - Timeout '0' is invalid. Using default page load timeout: '30'

2019-07-11 13:53:41 - [MESSAGE][PASSED] - Text '081215161452' has been set to element 'Object Repository/LoginTrue/field_no_phone'

2019-07-11 13:53:41 - [TEST_STEP][PASSED] - tap: Tapped on element 'Object Repository/LoginTrue/button_masuk'

2019-07-11 13:53:41 - [MESSAGE][WARNING] - Timeout '0' is invalid. Using default page load timeout: '30'

2019-07-11 13:53:42 - [MESSAGE][PASSED] - Tapped on element 'Object Repository/LoginTrue/button_masuk'

2019-07-11 13:53:42 - [TEST_STEP][PASSED] - delay: Delayed 3 second(s)

2019-07-11 13:53:45 - [MESSAGE][PASSED] - Delayed 3 second(s)

2019-07-11 13:53:45 - [TEST_STEP][PASSED] - verifyElementText: Actual text and expected text of test object 'Object Repository/ObjectOTP/TextView - Verifikasi Nomor HP' are matched.

2019-07-11 13:53:46 - [MESSAGE][PASSED] - Actual text and expected text of test object 'Object Repository/ObjectOTP/TextView - Verifikasi Nomor HP' are matched.]]></system-out>
         <system-err><![CDATA[]]></system-err>
      </testcase>
      <testcase name="Test Cases/OTP/LoginOTP" classname="Test Cases/OTP/LoginOTP" status="PASSED">
         <system-out><![CDATA[2019-07-11 13:53:46 - [TEST_CASE][PASSED] - Test Cases/OTP/LoginOTP: Test Cases/OTP/LoginOTP

2019-07-11 13:53:46 - [TEST_STEP][PASSED] - delay: Delayed 3 second(s)

2019-07-11 13:53:49 - [MESSAGE][PASSED] - Delayed 3 second(s)

2019-07-11 13:53:49 - [TEST_STEP][PASSED] - tap: Tapped on element 'Object Repository/ObjectOTP/Field_OTP'

2019-07-11 13:53:49 - [MESSAGE][WARNING] - Timeout '0' is invalid. Using default page load timeout: '30'

2019-07-11 13:53:50 - [MESSAGE][PASSED] - Tapped on element 'Object Repository/ObjectOTP/Field_OTP'

2019-07-11 13:53:50 - [TEST_STEP][PASSED] - setText: Text '8888' has been set to element 'Object Repository/ObjectOTP/Field_OTP'

2019-07-11 13:53:50 - [MESSAGE][WARNING] - Timeout '0' is invalid. Using default page load timeout: '30'

2019-07-11 13:53:52 - [MESSAGE][PASSED] - Text '8888' has been set to element 'Object Repository/ObjectOTP/Field_OTP'

2019-07-11 13:53:52 - [TEST_STEP][PASSED] - tap: Tapped on element 'Object Repository/ObjectOTP/Button_Verifikasi_Sekarang'

2019-07-11 13:53:52 - [MESSAGE][WARNING] - Timeout '0' is invalid. Using default page load timeout: '30'

2019-07-11 13:53:54 - [MESSAGE][PASSED] - Tapped on element 'Object Repository/ObjectOTP/Button_Verifikasi_Sekarang']]></system-out>
         <system-err><![CDATA[]]></system-err>
      </testcase>
      <testcase name="Test Cases/Home/UpdateTerbaru" classname="Test Cases/Home/UpdateTerbaru" status="PASSED">
         <system-out><![CDATA[2019-07-11 13:53:54 - [TEST_CASE][PASSED] - Test Cases/Home/UpdateTerbaru: Test Cases/Home/UpdateTerbaru

2019-07-11 13:53:54 - [TEST_STEP][PASSED] - delay: Delayed 5 second(s)

2019-07-11 13:53:59 - [MESSAGE][PASSED] - Delayed 5 second(s)

2019-07-11 13:53:59 - [TEST_STEP][PASSED] - tap: Tapped on element 'Object Repository/Home/SwipeTop'

2019-07-11 13:53:59 - [MESSAGE][WARNING] - Timeout '0' is invalid. Using default page load timeout: '30'

2019-07-11 13:54:01 - [MESSAGE][PASSED] - Tapped on element 'Object Repository/Home/SwipeTop'

2019-07-11 13:54:01 - [TEST_STEP][PASSED] - swipe: Swiped from 600,400 to 300,200

2019-07-11 13:54:03 - [MESSAGE][PASSED] - Swiped from 600,400 to 300,200

2019-07-11 13:54:03 - [TEST_STEP][PASSED] - tap: Tapped on element 'Object Repository/Home/SwipeTop'

2019-07-11 13:54:03 - [MESSAGE][WARNING] - Timeout '0' is invalid. Using default page load timeout: '30'

2019-07-11 13:54:06 - [MESSAGE][PASSED] - Tapped on element 'Object Repository/Home/SwipeTop'

2019-07-11 13:54:06 - [TEST_STEP][PASSED] - swipe: Swiped from 600,400 to 300,200

2019-07-11 13:54:09 - [MESSAGE][PASSED] - Swiped from 600,400 to 300,200

2019-07-11 13:54:09 - [TEST_STEP][PASSED] - tap: Tapped on element 'Object Repository/Home/SwipeTop'

2019-07-11 13:54:09 - [MESSAGE][WARNING] - Timeout '0' is invalid. Using default page load timeout: '30'

2019-07-11 13:54:12 - [MESSAGE][PASSED] - Tapped on element 'Object Repository/Home/SwipeTop'

2019-07-11 13:54:12 - [TEST_STEP][PASSED] - swipe: Swiped from 600,400 to 300,200

2019-07-11 13:54:14 - [MESSAGE][PASSED] - Swiped from 600,400 to 300,200

2019-07-11 13:54:14 - [TEST_STEP][PASSED] - delay: Delayed 5 second(s)

2019-07-11 13:54:19 - [MESSAGE][PASSED] - Delayed 5 second(s)]]></system-out>
         <system-err><![CDATA[]]></system-err>
      </testcase>
      <system-out><![CDATA[2019-07-11 13:52:50 - [TEST_SUITE][PASSED] - ListUpdateTerbaru: Test Cases/Home/UpdateTerbaru]]></system-out>
      <system-err><![CDATA[]]></system-err>
   </testsuite>
</testsuites>
