<?xml version="1.0" encoding="UTF-8"?>
<testsuites name="addToCart(TopUp)" time="128" tests="4" failures="0" errors="0">
   <testsuite name="addToCart(TopUp)" tests="4" failures="0" errors="0" time="128" timestamp="2019-08-23 11:16:09" hostname="fundtastic - 192.168.0.110" id="Test Suites/result/Gold/addToCart(TopUp)">
      <properties>
         <property name="deviceName" value="asus ASUS_X00TD (Android 9)"/>
         <property name="devicePlatform" value=""/>
         <property name="logFolder" value="/Users/fundtastic/Documents/QA/QAKatalon/Reports/result/Gold/addToCart(TopUp)/20190823_111557"/>
         <property name="logFiles" value="/Users/fundtastic/Documents/QA/QAKatalon/Reports/result/Gold/addToCart(TopUp)/20190823_111557/execution0.log, /Users/fundtastic/Documents/QA/QAKatalon/Reports/result/Gold/addToCart(TopUp)/20190823_111557/appium.log"/>
         <property name="attachments" value=""/>
         <property name="hostName" value="fundtastic - 192.168.0.110"/>
         <property name="os" value="Mac OS X 64bit"/>
         <property name="katalonVersion" value="5.10.1.1"/>
         <property name="deviceOS" value="Android"/>
         <property name="appiumVersion" value="1.8.1"/>
         <property name="deviceModel" value="ASUS_X00TD"/>
         <property name="hostAddress" value="192.168.0.110"/>
         <property name="deviceManufacturer" value="asus"/>
         <property name="deviceId" value="J8AXGF000108Y87"/>
         <property name="deviceName" value="asus ASUS_X00TD (Android 9)"/>
         <property name="deviceOSVersion" value="9"/>
      </properties>
      <testcase name="Test Cases/Login/LoginTrue" classname="Test Cases/Login/LoginTrue" status="PASSED">
         <system-out><![CDATA[2019-08-23 11:16:09 - [TEST_CASE][PASSED] - Test Cases/Login/LoginTrue: Test Cases/Login/LoginTrue

2019-08-23 11:16:09 - [TEST_STEP][PASSED] - startApplication("/Users/fundtastic/Downloads/mobile-debug (dev).apk", true): Started app at: '/Users/fundtastic/Downloads/mobile-debug (dev).apk'

2019-08-23 11:16:11 - [MESSAGE][INFO] - Appium server started on port 50,669

2019-08-23 11:16:27 - [MESSAGE][PASSED] - Started app at: '/Users/fundtastic/Downloads/mobile-debug (dev).apk'

2019-08-23 11:16:27 - [TEST_STEP][PASSED] - verifyElementText(findTestObject("LoginTrue/Mulailah berinvestasi untuk meraih mimpimu"), "Mulailah berinvestasi untuk meraih mimpimu"): Actual text and expected text of test object 'Object Repository/LoginTrue/Mulailah berinvestasi untuk meraih mimpimu' are matched.

2019-08-23 11:16:32 - [MESSAGE][PASSED] - Actual text and expected text of test object 'Object Repository/LoginTrue/Mulailah berinvestasi untuk meraih mimpimu' are matched.

2019-08-23 11:16:32 - [TEST_STEP][PASSED] - for ([i = 0, i < 4, (i++)]): Swiped from 800,1,000 to 10,800

2019-08-23 11:16:32 - [TEST_STEP][PASSED] - tap(findTestObject("LoginTrue/screen_swipe"), 0): Tapped on element 'Object Repository/LoginTrue/screen_swipe'

2019-08-23 11:16:32 - [MESSAGE][WARNING] - Timeout '0' is invalid. Using default page load timeout: '30'

2019-08-23 11:16:34 - [MESSAGE][PASSED] - Tapped on element 'Object Repository/LoginTrue/screen_swipe'

2019-08-23 11:16:34 - [TEST_STEP][PASSED] - swipe(800, 1000, 10, 800): Swiped from 800,1,000 to 10,800

2019-08-23 11:16:36 - [MESSAGE][PASSED] - Swiped from 800,1,000 to 10,800

2019-08-23 11:16:36 - [TEST_STEP][PASSED] - tap(findTestObject("LoginTrue/screen_swipe"), 0): Tapped on element 'Object Repository/LoginTrue/screen_swipe'

2019-08-23 11:16:36 - [MESSAGE][WARNING] - Timeout '0' is invalid. Using default page load timeout: '30'

2019-08-23 11:16:38 - [MESSAGE][PASSED] - Tapped on element 'Object Repository/LoginTrue/screen_swipe'

2019-08-23 11:16:38 - [TEST_STEP][PASSED] - swipe(800, 1000, 10, 800): Swiped from 800,1,000 to 10,800

2019-08-23 11:16:40 - [MESSAGE][PASSED] - Swiped from 800,1,000 to 10,800

2019-08-23 11:16:40 - [TEST_STEP][PASSED] - tap(findTestObject("LoginTrue/screen_swipe"), 0): Tapped on element 'Object Repository/LoginTrue/screen_swipe'

2019-08-23 11:16:40 - [MESSAGE][WARNING] - Timeout '0' is invalid. Using default page load timeout: '30'

2019-08-23 11:16:42 - [MESSAGE][PASSED] - Tapped on element 'Object Repository/LoginTrue/screen_swipe'

2019-08-23 11:16:42 - [TEST_STEP][PASSED] - swipe(800, 1000, 10, 800): Swiped from 800,1,000 to 10,800

2019-08-23 11:16:44 - [MESSAGE][PASSED] - Swiped from 800,1,000 to 10,800

2019-08-23 11:16:44 - [TEST_STEP][PASSED] - tap(findTestObject("LoginTrue/screen_swipe"), 0): Tapped on element 'Object Repository/LoginTrue/screen_swipe'

2019-08-23 11:16:44 - [MESSAGE][WARNING] - Timeout '0' is invalid. Using default page load timeout: '30'

2019-08-23 11:16:46 - [MESSAGE][PASSED] - Tapped on element 'Object Repository/LoginTrue/screen_swipe'

2019-08-23 11:16:46 - [TEST_STEP][PASSED] - swipe(800, 1000, 10, 800): Swiped from 800,1,000 to 10,800

2019-08-23 11:16:49 - [MESSAGE][PASSED] - Swiped from 800,1,000 to 10,800

2019-08-23 11:16:49 - [TEST_STEP][PASSED] - setText(findTestObject("LoginTrue/field_no_phone"), "08777111777", 0): Text '08777111777' has been set to element 'Object Repository/LoginTrue/field_no_phone'

2019-08-23 11:16:49 - [MESSAGE][WARNING] - Timeout '0' is invalid. Using default page load timeout: '30'

2019-08-23 11:16:51 - [MESSAGE][PASSED] - Text '08777111777' has been set to element 'Object Repository/LoginTrue/field_no_phone'

2019-08-23 11:16:51 - [TEST_STEP][PASSED] - tap(findTestObject("LoginTrue/button_masuk"), 0): Tapped on element 'Object Repository/LoginTrue/button_masuk'

2019-08-23 11:16:51 - [MESSAGE][WARNING] - Timeout '0' is invalid. Using default page load timeout: '30'

2019-08-23 11:16:53 - [MESSAGE][PASSED] - Tapped on element 'Object Repository/LoginTrue/button_masuk'

2019-08-23 11:16:53 - [TEST_STEP][PASSED] - delay(3, STOP_ON_FAILURE): Delayed 3 second(s)

2019-08-23 11:16:56 - [MESSAGE][PASSED] - Delayed 3 second(s)

2019-08-23 11:16:56 - [TEST_STEP][PASSED] - verifyElementText(findTestObject("ObjectOTP/TextView - Verifikasi Nomor HP"), "Verifikasi Nomor HP"): Actual text and expected text of test object 'Object Repository/ObjectOTP/TextView - Verifikasi Nomor HP' are matched.

2019-08-23 11:16:57 - [MESSAGE][PASSED] - Actual text and expected text of test object 'Object Repository/ObjectOTP/TextView - Verifikasi Nomor HP' are matched.

2019-08-23 11:16:57 - [TEST_STEP][PASSED] - delay(1, STOP_ON_FAILURE): Delayed 1 second(s)

2019-08-23 11:16:58 - [MESSAGE][PASSED] - Delayed 1 second(s)]]></system-out>
         <system-err><![CDATA[]]></system-err>
      </testcase>
      <testcase name="Test Cases/OTP/LoginOTP" classname="Test Cases/OTP/LoginOTP" status="PASSED">
         <system-out><![CDATA[2019-08-23 11:16:58 - [TEST_CASE][PASSED] - Test Cases/OTP/LoginOTP: Test Cases/OTP/LoginOTP

2019-08-23 11:16:58 - [TEST_STEP][PASSED] - delay(3, STOP_ON_FAILURE): Delayed 3 second(s)

2019-08-23 11:17:01 - [MESSAGE][PASSED] - Delayed 3 second(s)

2019-08-23 11:17:01 - [TEST_STEP][PASSED] - tap(findTestObject("ObjectOTP/Field_OTP"), 0): Tapped on element 'Object Repository/ObjectOTP/Field_OTP'

2019-08-23 11:17:01 - [MESSAGE][WARNING] - Timeout '0' is invalid. Using default page load timeout: '30'

2019-08-23 11:17:04 - [MESSAGE][PASSED] - Tapped on element 'Object Repository/ObjectOTP/Field_OTP'

2019-08-23 11:17:04 - [TEST_STEP][PASSED] - setText(findTestObject("ObjectOTP/Field_OTP"), "8888", 0): Text '8888' has been set to element 'Object Repository/ObjectOTP/Field_OTP'

2019-08-23 11:17:04 - [MESSAGE][WARNING] - Timeout '0' is invalid. Using default page load timeout: '30'

2019-08-23 11:17:05 - [MESSAGE][PASSED] - Text '8888' has been set to element 'Object Repository/ObjectOTP/Field_OTP'

2019-08-23 11:17:05 - [TEST_STEP][PASSED] - delay(2, STOP_ON_FAILURE): Delayed 2 second(s)

2019-08-23 11:17:07 - [MESSAGE][PASSED] - Delayed 2 second(s)

2019-08-23 11:17:07 - [TEST_STEP][PASSED] - tap(findTestObject("ObjectOTP/Btn_Verifikasi1"), 0): Tapped on element 'Object Repository/ObjectOTP/Btn_Verifikasi1'

2019-08-23 11:17:07 - [MESSAGE][WARNING] - Timeout '0' is invalid. Using default page load timeout: '30'

2019-08-23 11:17:10 - [MESSAGE][PASSED] - Tapped on element 'Object Repository/ObjectOTP/Btn_Verifikasi1']]></system-out>
         <system-err><![CDATA[]]></system-err>
      </testcase>
      <testcase name="Test Cases/Home/Home" classname="Test Cases/Home/Home" status="PASSED">
         <system-out><![CDATA[2019-08-23 11:17:10 - [TEST_CASE][PASSED] - Test Cases/Home/Home: Test Cases/Home/Home

2019-08-23 11:17:10 - [TEST_STEP][PASSED] - delay(7, STOP_ON_FAILURE): Delayed 7 second(s)

2019-08-23 11:17:17 - [MESSAGE][PASSED] - Delayed 7 second(s)]]></system-out>
         <system-err><![CDATA[]]></system-err>
      </testcase>
      <testcase name="Test Cases/Home/Gold/addToCart(TopUp)" classname="Test Cases/Home/Gold/addToCart(TopUp)" status="PASSED">
         <system-out><![CDATA[2019-08-23 11:17:17 - [TEST_CASE][PASSED] - Test Cases/Home/Gold/addToCart(TopUp): Test Cases/Home/Gold/addToCart(TopUp)

2019-08-23 11:17:17 - [TEST_STEP][PASSED] - tap(findTestObject("Home/Gold/AddToCart/TopUp/android.widget.FrameLayout10"), 0): Tapped on element 'Object Repository/Home/Gold/AddToCart/TopUp/android.widget.FrameLayout10'

2019-08-23 11:17:17 - [MESSAGE][WARNING] - Timeout '0' is invalid. Using default page load timeout: '30'

2019-08-23 11:17:19 - [MESSAGE][PASSED] - Tapped on element 'Object Repository/Home/Gold/AddToCart/TopUp/android.widget.FrameLayout10'

2019-08-23 11:17:19 - [TEST_STEP][PASSED] - delay(3, STOP_ON_FAILURE): Delayed 3 second(s)

2019-08-23 11:17:22 - [MESSAGE][PASSED] - Delayed 3 second(s)

2019-08-23 11:17:22 - [TEST_STEP][PASSED] - tap(findTestObject("Home/Gold/AddToCart/TopUp/android.widget.LinearLayout13"), 0): Tapped on element 'Object Repository/Home/Gold/AddToCart/TopUp/android.widget.LinearLayout13'

2019-08-23 11:17:22 - [MESSAGE][WARNING] - Timeout '0' is invalid. Using default page load timeout: '30'

2019-08-23 11:17:23 - [MESSAGE][PASSED] - Tapped on element 'Object Repository/Home/Gold/AddToCart/TopUp/android.widget.LinearLayout13'

2019-08-23 11:17:23 - [TEST_STEP][PASSED] - delay(3, STOP_ON_FAILURE): Delayed 3 second(s)

2019-08-23 11:17:26 - [MESSAGE][PASSED] - Delayed 3 second(s)

2019-08-23 11:17:26 - [TEST_STEP][PASSED] - tap(findTestObject("Home/Gold/AddToCart/TopUp/android.widget.LinearLayout25"), 0): Tapped on element 'Object Repository/Home/Gold/AddToCart/TopUp/android.widget.LinearLayout25'

2019-08-23 11:17:26 - [MESSAGE][WARNING] - Timeout '0' is invalid. Using default page load timeout: '30'

2019-08-23 11:17:29 - [MESSAGE][PASSED] - Tapped on element 'Object Repository/Home/Gold/AddToCart/TopUp/android.widget.LinearLayout25'

2019-08-23 11:17:29 - [TEST_STEP][PASSED] - delay(2, STOP_ON_FAILURE): Delayed 2 second(s)

2019-08-23 11:17:31 - [MESSAGE][PASSED] - Delayed 2 second(s)

2019-08-23 11:17:31 - [TEST_STEP][PASSED] - tap(findTestObject("Home/Gold/AddToCart/TopUp/android.widget.CheckBox0"), 0): Tapped on element 'Object Repository/Home/Gold/AddToCart/TopUp/android.widget.CheckBox0'

2019-08-23 11:17:31 - [MESSAGE][WARNING] - Timeout '0' is invalid. Using default page load timeout: '30'

2019-08-23 11:17:32 - [MESSAGE][PASSED] - Tapped on element 'Object Repository/Home/Gold/AddToCart/TopUp/android.widget.CheckBox0'

2019-08-23 11:17:32 - [TEST_STEP][PASSED] - delay(2, STOP_ON_FAILURE): Delayed 2 second(s)

2019-08-23 11:17:34 - [MESSAGE][PASSED] - Delayed 2 second(s)

2019-08-23 11:17:34 - [TEST_STEP][PASSED] - tap(findTestObject("Home/Gold/AddToCart/TopUp/android.widget.LinearLayout6"), 0): Tapped on element 'Object Repository/Home/Gold/AddToCart/TopUp/android.widget.LinearLayout6'

2019-08-23 11:17:34 - [MESSAGE][WARNING] - Timeout '0' is invalid. Using default page load timeout: '30'

2019-08-23 11:17:36 - [MESSAGE][PASSED] - Tapped on element 'Object Repository/Home/Gold/AddToCart/TopUp/android.widget.LinearLayout6'

2019-08-23 11:17:36 - [TEST_STEP][PASSED] - delay(2, STOP_ON_FAILURE): Delayed 2 second(s)

2019-08-23 11:17:38 - [MESSAGE][PASSED] - Delayed 2 second(s)

2019-08-23 11:17:38 - [TEST_STEP][PASSED] - tap(findTestObject("Home/Gold/AddToCart/TopUp/com.google.android.material.chip.Chip2 - Rp 300.000"), 0): Tapped on element 'Object Repository/Home/Gold/AddToCart/TopUp/com.google.android.material.chip.Chip2 - Rp 300.000'

2019-08-23 11:17:38 - [MESSAGE][WARNING] - Timeout '0' is invalid. Using default page load timeout: '30'

2019-08-23 11:17:39 - [MESSAGE][PASSED] - Tapped on element 'Object Repository/Home/Gold/AddToCart/TopUp/com.google.android.material.chip.Chip2 - Rp 300.000'

2019-08-23 11:17:39 - [TEST_STEP][PASSED] - delay(2, STOP_ON_FAILURE): Delayed 2 second(s)

2019-08-23 11:17:41 - [MESSAGE][PASSED] - Delayed 2 second(s)

2019-08-23 11:17:41 - [TEST_STEP][PASSED] - tap(findTestObject("Home/Gold/AddToCart/TopUp/android.widget.LinearLayout3"), 0): Tapped on element 'Object Repository/Home/Gold/AddToCart/TopUp/android.widget.LinearLayout3'

2019-08-23 11:17:41 - [MESSAGE][WARNING] - Timeout '0' is invalid. Using default page load timeout: '30'

2019-08-23 11:17:43 - [MESSAGE][PASSED] - Tapped on element 'Object Repository/Home/Gold/AddToCart/TopUp/android.widget.LinearLayout3'

2019-08-23 11:17:43 - [TEST_STEP][PASSED] - delay(2, STOP_ON_FAILURE): Delayed 2 second(s)

2019-08-23 11:17:45 - [MESSAGE][PASSED] - Delayed 2 second(s)

2019-08-23 11:17:45 - [TEST_STEP][PASSED] - tap(findTestObject("Home/Gold/AddToCart/TopUp/android.widget.LinearLayout25"), 0): Tapped on element 'Object Repository/Home/Gold/AddToCart/TopUp/android.widget.LinearLayout25'

2019-08-23 11:17:45 - [MESSAGE][WARNING] - Timeout '0' is invalid. Using default page load timeout: '30'

2019-08-23 11:17:48 - [MESSAGE][PASSED] - Tapped on element 'Object Repository/Home/Gold/AddToCart/TopUp/android.widget.LinearLayout25'

2019-08-23 11:17:48 - [TEST_STEP][PASSED] - delay(2, STOP_ON_FAILURE): Delayed 2 second(s)

2019-08-23 11:17:50 - [MESSAGE][PASSED] - Delayed 2 second(s)

2019-08-23 11:17:50 - [TEST_STEP][PASSED] - tap(findTestObject("Home/Gold/AddToCart/TopUp/android.widget.CheckBox0"), 0): Tapped on element 'Object Repository/Home/Gold/AddToCart/TopUp/android.widget.CheckBox0'

2019-08-23 11:17:50 - [MESSAGE][WARNING] - Timeout '0' is invalid. Using default page load timeout: '30'

2019-08-23 11:17:51 - [MESSAGE][PASSED] - Tapped on element 'Object Repository/Home/Gold/AddToCart/TopUp/android.widget.CheckBox0'

2019-08-23 11:17:51 - [TEST_STEP][PASSED] - delay(2, STOP_ON_FAILURE): Delayed 2 second(s)

2019-08-23 11:17:53 - [MESSAGE][PASSED] - Delayed 2 second(s)

2019-08-23 11:17:53 - [TEST_STEP][PASSED] - tap(findTestObject("Home/Gold/AddToCart/TopUp/android.widget.LinearLayout6"), 0): Tapped on element 'Object Repository/Home/Gold/AddToCart/TopUp/android.widget.LinearLayout6'

2019-08-23 11:17:53 - [MESSAGE][WARNING] - Timeout '0' is invalid. Using default page load timeout: '30'

2019-08-23 11:17:55 - [MESSAGE][PASSED] - Tapped on element 'Object Repository/Home/Gold/AddToCart/TopUp/android.widget.LinearLayout6'

2019-08-23 11:17:55 - [TEST_STEP][PASSED] - tap(findTestObject("Home/Gold/AddToCart/TopUp/android.widget.LinearLayout4"), 0): Tapped on element 'Object Repository/Home/Gold/AddToCart/TopUp/android.widget.LinearLayout4'

2019-08-23 11:17:55 - [MESSAGE][WARNING] - Timeout '0' is invalid. Using default page load timeout: '30'

2019-08-23 11:17:59 - [MESSAGE][PASSED] - Tapped on element 'Object Repository/Home/Gold/AddToCart/TopUp/android.widget.LinearLayout4'

2019-08-23 11:17:59 - [TEST_STEP][PASSED] - delay(2, STOP_ON_FAILURE): Delayed 2 second(s)

2019-08-23 11:18:01 - [MESSAGE][PASSED] - Delayed 2 second(s)

2019-08-23 11:18:01 - [TEST_STEP][PASSED] - tap(findTestObject("Home/Gold/AddToCart/TopUp/android.widget.RadioButton0 - 0.1 Gram"), 0): Tapped on element 'Object Repository/Home/Gold/AddToCart/TopUp/android.widget.RadioButton0 - 0.1 Gram'

2019-08-23 11:18:01 - [MESSAGE][WARNING] - Timeout '0' is invalid. Using default page load timeout: '30'

2019-08-23 11:18:02 - [MESSAGE][PASSED] - Tapped on element 'Object Repository/Home/Gold/AddToCart/TopUp/android.widget.RadioButton0 - 0.1 Gram'

2019-08-23 11:18:02 - [TEST_STEP][PASSED] - delay(2, STOP_ON_FAILURE): Delayed 2 second(s)

2019-08-23 11:18:04 - [MESSAGE][PASSED] - Delayed 2 second(s)

2019-08-23 11:18:04 - [TEST_STEP][PASSED] - tap(findTestObject("Home/Gold/AddToCart/TopUp/android.widget.LinearLayout3"), 0): Tapped on element 'Object Repository/Home/Gold/AddToCart/TopUp/android.widget.LinearLayout3'

2019-08-23 11:18:04 - [MESSAGE][WARNING] - Timeout '0' is invalid. Using default page load timeout: '30'

2019-08-23 11:18:06 - [MESSAGE][PASSED] - Tapped on element 'Object Repository/Home/Gold/AddToCart/TopUp/android.widget.LinearLayout3'

2019-08-23 11:18:06 - [TEST_STEP][PASSED] - delay(3, STOP_ON_FAILURE): Delayed 3 second(s)

2019-08-23 11:18:09 - [MESSAGE][PASSED] - Delayed 3 second(s)

2019-08-23 11:18:09 - [TEST_STEP][PASSED] - tap(findTestObject("Home/Gold/AddToCart/TopUp/android.widget.RelativeLayout0"), 0): Tapped on element 'Object Repository/Home/Gold/AddToCart/TopUp/android.widget.RelativeLayout0'

2019-08-23 11:18:09 - [MESSAGE][WARNING] - Timeout '0' is invalid. Using default page load timeout: '30'

2019-08-23 11:18:12 - [MESSAGE][PASSED] - Tapped on element 'Object Repository/Home/Gold/AddToCart/TopUp/android.widget.RelativeLayout0'

2019-08-23 11:18:12 - [TEST_STEP][PASSED] - delay(5, STOP_ON_FAILURE): Delayed 5 second(s)

2019-08-23 11:18:17 - [MESSAGE][PASSED] - Delayed 5 second(s)]]></system-out>
         <system-err><![CDATA[]]></system-err>
      </testcase>
      <system-out><![CDATA[2019-08-23 11:16:09 - [TEST_SUITE][PASSED] - addToCart(TopUp): Test Cases/Home/Gold/addToCart(TopUp)]]></system-out>
      <system-err><![CDATA[]]></system-err>
   </testsuite>
</testsuites>
