<?xml version="1.0" encoding="UTF-8"?>
<testsuites name="01_SubscribeTrue" time="124" tests="3" failures="0" errors="0">
   <testsuite name="01_SubscribeTrue" tests="3" failures="0" errors="0" time="124" timestamp="2019-07-22 14:05:18" hostname="ustore - 192.168.0.120" id="Test Suites/result/Reksadana/Subscribe/01_SubscribeTrue">
      <properties>
         <property name="deviceName" value="emulator-5554 (Android SDK built for x86 - Android 9)"/>
         <property name="devicePlatform" value=""/>
         <property name="logFolder" value="/Users/ustore/Katalon Studio/Android v1.2/Reports/result/Reksadana/Subscribe/01_SubscribeTrue/20190722_140504"/>
         <property name="logFiles" value="/Users/ustore/Katalon Studio/Android v1.2/Reports/result/Reksadana/Subscribe/01_SubscribeTrue/20190722_140504/execution0.log, /Users/ustore/Katalon Studio/Android v1.2/Reports/result/Reksadana/Subscribe/01_SubscribeTrue/20190722_140504/appium.log"/>
         <property name="attachments" value=""/>
         <property name="hostName" value="ustore - 192.168.0.120"/>
         <property name="os" value="Mac OS X 64bit"/>
         <property name="katalonVersion" value="4.1.0.2"/>
         <property name="deviceOS" value="Android"/>
         <property name="appiumVersion" value="1.8.1"/>
         <property name="deviceModel" value="Android SDK built for x86"/>
         <property name="hostAddress" value="192.168.0.120"/>
         <property name="deviceManufacturer" value="Google"/>
         <property name="deviceId" value="emulator-5554"/>
         <property name="deviceName" value="emulator-5554 (Android SDK built for x86 - Android 9)"/>
         <property name="deviceOSVersion" value="9"/>
      </properties>
      <testcase name="Test Cases/Login/LoginTrue" classname="Test Cases/Login/LoginTrue" status="PASSED">
         <system-out><![CDATA[2019-07-22 14:05:19 - [TEST_CASE][PASSED] - Test Cases/Login/LoginTrue: Test Cases/Login/LoginTrue

2019-07-22 14:05:20 - [TEST_STEP][PASSED] - startApplication: Started app at: '/Users/ustore/Downloads/Development.apk'

2019-07-22 14:05:40 - [MESSAGE][PASSED] - Started app at: '/Users/ustore/Downloads/Development.apk'

2019-07-22 14:05:40 - [TEST_STEP][PASSED] - verifyElementText: Actual text and expected text of test object 'Object Repository/LoginTrue/Mulailah berinvestasi untuk meraih mimpimu' are matched.

2019-07-22 14:05:46 - [MESSAGE][PASSED] - Actual text and expected text of test object 'Object Repository/LoginTrue/Mulailah berinvestasi untuk meraih mimpimu' are matched.

2019-07-22 14:05:46 - [TEST_STEP][PASSED] - tap: Tapped on element 'Object Repository/LoginTrue/DP_Rumah'

2019-07-22 14:05:46 - [MESSAGE][WARNING] - Timeout '0' is invalid. Using default page load timeout: '30'

2019-07-22 14:05:48 - [MESSAGE][PASSED] - Tapped on element 'Object Repository/LoginTrue/DP_Rumah'

2019-07-22 14:05:48 - [TEST_STEP][PASSED] - Statement - For ([i = 0, i < 4, (i++)]): Swiped from 800,1,000 to 10,800

2019-07-22 14:05:48 - [TEST_STEP][PASSED] - tap: Tapped on element 'Object Repository/LoginTrue/screen_swipe'

2019-07-22 14:05:48 - [MESSAGE][WARNING] - Timeout '0' is invalid. Using default page load timeout: '30'

2019-07-22 14:05:50 - [MESSAGE][PASSED] - Tapped on element 'Object Repository/LoginTrue/screen_swipe'

2019-07-22 14:05:50 - [TEST_STEP][PASSED] - swipe: Swiped from 800,1,000 to 10,800

2019-07-22 14:05:52 - [MESSAGE][PASSED] - Swiped from 800,1,000 to 10,800

2019-07-22 14:05:52 - [TEST_STEP][PASSED] - tap: Tapped on element 'Object Repository/LoginTrue/screen_swipe'

2019-07-22 14:05:52 - [MESSAGE][WARNING] - Timeout '0' is invalid. Using default page load timeout: '30'

2019-07-22 14:05:54 - [MESSAGE][PASSED] - Tapped on element 'Object Repository/LoginTrue/screen_swipe'

2019-07-22 14:05:54 - [TEST_STEP][PASSED] - swipe: Swiped from 800,1,000 to 10,800

2019-07-22 14:05:56 - [MESSAGE][PASSED] - Swiped from 800,1,000 to 10,800

2019-07-22 14:05:56 - [TEST_STEP][PASSED] - tap: Tapped on element 'Object Repository/LoginTrue/screen_swipe'

2019-07-22 14:05:56 - [MESSAGE][WARNING] - Timeout '0' is invalid. Using default page load timeout: '30'

2019-07-22 14:05:57 - [MESSAGE][PASSED] - Tapped on element 'Object Repository/LoginTrue/screen_swipe'

2019-07-22 14:05:57 - [TEST_STEP][PASSED] - swipe: Swiped from 800,1,000 to 10,800

2019-07-22 14:06:00 - [MESSAGE][PASSED] - Swiped from 800,1,000 to 10,800

2019-07-22 14:06:00 - [TEST_STEP][PASSED] - tap: Tapped on element 'Object Repository/LoginTrue/screen_swipe'

2019-07-22 14:06:00 - [MESSAGE][WARNING] - Timeout '0' is invalid. Using default page load timeout: '30'

2019-07-22 14:06:04 - [MESSAGE][PASSED] - Tapped on element 'Object Repository/LoginTrue/screen_swipe'

2019-07-22 14:06:04 - [TEST_STEP][PASSED] - swipe: Swiped from 800,1,000 to 10,800

2019-07-22 14:06:06 - [MESSAGE][PASSED] - Swiped from 800,1,000 to 10,800

2019-07-22 14:06:07 - [TEST_STEP][PASSED] - setText: Text '081215161452' has been set to element 'Object Repository/LoginTrue/field_no_phone'

2019-07-22 14:06:07 - [MESSAGE][WARNING] - Timeout '0' is invalid. Using default page load timeout: '30'

2019-07-22 14:06:09 - [MESSAGE][PASSED] - Text '081215161452' has been set to element 'Object Repository/LoginTrue/field_no_phone'

2019-07-22 14:06:09 - [TEST_STEP][PASSED] - tap: Tapped on element 'Object Repository/LoginTrue/button_masuk'

2019-07-22 14:06:09 - [MESSAGE][WARNING] - Timeout '0' is invalid. Using default page load timeout: '30'

2019-07-22 14:06:10 - [MESSAGE][PASSED] - Tapped on element 'Object Repository/LoginTrue/button_masuk'

2019-07-22 14:06:10 - [TEST_STEP][PASSED] - delay: Delayed 3 second(s)

2019-07-22 14:06:13 - [MESSAGE][PASSED] - Delayed 3 second(s)

2019-07-22 14:06:13 - [TEST_STEP][PASSED] - verifyElementText: Actual text and expected text of test object 'Object Repository/ObjectOTP/TextView - Verifikasi Nomor HP' are matched.

2019-07-22 14:06:14 - [MESSAGE][PASSED] - Actual text and expected text of test object 'Object Repository/ObjectOTP/TextView - Verifikasi Nomor HP' are matched.]]></system-out>
         <system-err><![CDATA[]]></system-err>
      </testcase>
      <testcase name="Test Cases/OTP/LoginOTP" classname="Test Cases/OTP/LoginOTP" status="PASSED">
         <system-out><![CDATA[2019-07-22 14:06:14 - [TEST_CASE][PASSED] - Test Cases/OTP/LoginOTP: Test Cases/OTP/LoginOTP

2019-07-22 14:06:14 - [TEST_STEP][PASSED] - delay: Delayed 3 second(s)

2019-07-22 14:06:17 - [MESSAGE][PASSED] - Delayed 3 second(s)

2019-07-22 14:06:17 - [TEST_STEP][PASSED] - tap: Tapped on element 'Object Repository/ObjectOTP/Field_OTP'

2019-07-22 14:06:17 - [MESSAGE][WARNING] - Timeout '0' is invalid. Using default page load timeout: '30'

2019-07-22 14:06:19 - [MESSAGE][PASSED] - Tapped on element 'Object Repository/ObjectOTP/Field_OTP'

2019-07-22 14:06:19 - [TEST_STEP][PASSED] - setText: Text '8888' has been set to element 'Object Repository/ObjectOTP/Field_OTP'

2019-07-22 14:06:19 - [MESSAGE][WARNING] - Timeout '0' is invalid. Using default page load timeout: '30'

2019-07-22 14:06:20 - [MESSAGE][PASSED] - Text '8888' has been set to element 'Object Repository/ObjectOTP/Field_OTP'

2019-07-22 14:06:20 - [TEST_STEP][PASSED] - tap: Tapped on element 'Object Repository/ObjectOTP/Button_Verifikasi_Sekarang'

2019-07-22 14:06:20 - [MESSAGE][WARNING] - Timeout '0' is invalid. Using default page load timeout: '30'

2019-07-22 14:06:22 - [MESSAGE][PASSED] - Tapped on element 'Object Repository/ObjectOTP/Button_Verifikasi_Sekarang']]></system-out>
         <system-err><![CDATA[]]></system-err>
      </testcase>
      <testcase name="Test Cases/Home/Reksadana/Subscribe/Subscribe" classname="Test Cases/Home/Reksadana/Subscribe/Subscribe" status="PASSED">
         <system-out><![CDATA[2019-07-22 14:06:22 - [TEST_CASE][PASSED] - Test Cases/Home/Reksadana/Subscribe/Subscribe: Test Cases/Home/Reksadana/Subscribe/Subscribe

2019-07-22 14:06:22 - [TEST_STEP][PASSED] - delay: Delayed 3 second(s)

2019-07-22 14:06:25 - [MESSAGE][PASSED] - Delayed 3 second(s)

2019-07-22 14:06:25 - [TEST_STEP][PASSED] - tap: Tapped on element 'Object Repository/Home/Reksadana/Subscribe/MenuReksadana'

2019-07-22 14:06:25 - [MESSAGE][WARNING] - Timeout '0' is invalid. Using default page load timeout: '30'

2019-07-22 14:06:31 - [MESSAGE][PASSED] - Tapped on element 'Object Repository/Home/Reksadana/Subscribe/MenuReksadana'

2019-07-22 14:06:31 - [TEST_STEP][PASSED] - delay: Delayed 3 second(s)

2019-07-22 14:06:34 - [MESSAGE][PASSED] - Delayed 3 second(s)

2019-07-22 14:06:34 - [TEST_STEP][PASSED] - tap: Tapped on element 'Object Repository/Home/Reksadana/Subscribe/CardReksadana'

2019-07-22 14:06:34 - [MESSAGE][WARNING] - Timeout '0' is invalid. Using default page load timeout: '30'

2019-07-22 14:06:41 - [MESSAGE][PASSED] - Tapped on element 'Object Repository/Home/Reksadana/Subscribe/CardReksadana'

2019-07-22 14:06:41 - [TEST_STEP][PASSED] - tap: Tapped on element 'Object Repository/Home/Reksadana/Subscribe/Button_Beli'

2019-07-22 14:06:41 - [MESSAGE][WARNING] - Timeout '0' is invalid. Using default page load timeout: '30'

2019-07-22 14:06:44 - [MESSAGE][PASSED] - Tapped on element 'Object Repository/Home/Reksadana/Subscribe/Button_Beli'

2019-07-22 14:06:44 - [TEST_STEP][PASSED] - tap: Tapped on element 'Object Repository/Home/Reksadana/Subscribe/CheckboxSetuju'

2019-07-22 14:06:44 - [MESSAGE][WARNING] - Timeout '0' is invalid. Using default page load timeout: '30'

2019-07-22 14:06:45 - [MESSAGE][PASSED] - Tapped on element 'Object Repository/Home/Reksadana/Subscribe/CheckboxSetuju'

2019-07-22 14:06:45 - [TEST_STEP][PASSED] - delay: Delayed 3 second(s)

2019-07-22 14:06:48 - [MESSAGE][PASSED] - Delayed 3 second(s)

2019-07-22 14:06:48 - [TEST_STEP][PASSED] - tap: Tapped on element 'Object Repository/Home/Reksadana/Subscribe/Button_Lanjutkan'

2019-07-22 14:06:48 - [MESSAGE][WARNING] - Timeout '0' is invalid. Using default page load timeout: '30'

2019-07-22 14:06:52 - [MESSAGE][PASSED] - Tapped on element 'Object Repository/Home/Reksadana/Subscribe/Button_Lanjutkan'

2019-07-22 14:06:52 - [TEST_STEP][PASSED] - delay: Delayed 3 second(s)

2019-07-22 14:06:55 - [MESSAGE][PASSED] - Delayed 3 second(s)

2019-07-22 14:06:55 - [TEST_STEP][PASSED] - tap: Tapped on element 'Object Repository/Home/Reksadana/Subscribe/300.000'

2019-07-22 14:06:55 - [MESSAGE][WARNING] - Timeout '0' is invalid. Using default page load timeout: '30'

2019-07-22 14:06:56 - [MESSAGE][PASSED] - Tapped on element 'Object Repository/Home/Reksadana/Subscribe/300.000'

2019-07-22 14:06:56 - [TEST_STEP][PASSED] - tap: Tapped on element 'Object Repository/Home/Reksadana/Subscribe/Button_Beli_Sekarang'

2019-07-22 14:06:56 - [MESSAGE][WARNING] - Timeout '0' is invalid. Using default page load timeout: '30'

2019-07-22 14:06:59 - [MESSAGE][PASSED] - Tapped on element 'Object Repository/Home/Reksadana/Subscribe/Button_Beli_Sekarang'

2019-07-22 14:06:59 - [TEST_STEP][PASSED] - tap: Tapped on element 'Object Repository/Home/Reksadana/Subscribe/Button_Detail'

2019-07-22 14:06:59 - [MESSAGE][WARNING] - Timeout '0' is invalid. Using default page load timeout: '30'

2019-07-22 14:07:00 - [MESSAGE][PASSED] - Tapped on element 'Object Repository/Home/Reksadana/Subscribe/Button_Detail'

2019-07-22 14:07:00 - [TEST_STEP][PASSED] - tap: Tapped on element 'Object Repository/Home/Reksadana/Subscribe/Button_VA'

2019-07-22 14:07:00 - [MESSAGE][WARNING] - Timeout '0' is invalid. Using default page load timeout: '30'

2019-07-22 14:07:01 - [MESSAGE][PASSED] - Tapped on element 'Object Repository/Home/Reksadana/Subscribe/Button_VA'

2019-07-22 14:07:02 - [TEST_STEP][PASSED] - delay: Delayed 3 second(s)

2019-07-22 14:07:05 - [MESSAGE][PASSED] - Delayed 3 second(s)

2019-07-22 14:07:05 - [TEST_STEP][PASSED] - verifyElementText: Actual text and expected text of test object 'Object Repository/Home/Reksadana/Subscribe/Text-LakukanPembayaranSebelum' are matched.

2019-07-22 14:07:05 - [MESSAGE][PASSED] - Actual text and expected text of test object 'Object Repository/Home/Reksadana/Subscribe/Text-LakukanPembayaranSebelum' are matched.

2019-07-22 14:07:05 - [TEST_STEP][PASSED] - delay: Delayed 3 second(s)

2019-07-22 14:07:08 - [MESSAGE][PASSED] - Delayed 3 second(s)

2019-07-22 14:07:08 - [TEST_STEP][PASSED] - tap: Tapped on element 'Object Repository/Home/Reksadana/Subscribe/Detail_VA'

2019-07-22 14:07:08 - [MESSAGE][WARNING] - Timeout '0' is invalid. Using default page load timeout: '30'

2019-07-22 14:07:09 - [MESSAGE][PASSED] - Tapped on element 'Object Repository/Home/Reksadana/Subscribe/Detail_VA'

2019-07-22 14:07:09 - [TEST_STEP][PASSED] - Statement - device_Height = com.kms.katalon.core.mobile.keyword.MobileBuiltInKeywords.getDeviceHeight(): Current device physical height is 1794

2019-07-22 14:07:09 - [MESSAGE][PASSED] - Current device physical height is 1794

2019-07-22 14:07:09 - [TEST_STEP][PASSED] - Statement - device_Width = com.kms.katalon.core.mobile.keyword.MobileBuiltInKeywords.getDeviceWidth(): Current device physical width is 1080

2019-07-22 14:07:09 - [MESSAGE][PASSED] - Current device physical width is 1080

2019-07-22 14:07:09 - [TEST_STEP][PASSED] - Statement - startX = device_Width / 2: null

2019-07-22 14:07:10 - [TEST_STEP][PASSED] - Statement - endX = startX: null

2019-07-22 14:07:10 - [TEST_STEP][PASSED] - Statement - startY = device_Height * 0.50: null

2019-07-22 14:07:10 - [TEST_STEP][PASSED] - Statement - endY = device_Height * 0.90: null

2019-07-22 14:07:10 - [TEST_STEP][PASSED] - swipe: Swiped from 540,1,614 to 540,897

2019-07-22 14:07:12 - [MESSAGE][PASSED] - Swiped from 540,1,614 to 540,897

2019-07-22 14:07:12 - [TEST_STEP][PASSED] - delay: Delayed 3 second(s)

2019-07-22 14:07:15 - [MESSAGE][PASSED] - Delayed 3 second(s)

2019-07-22 14:07:15 - [TEST_STEP][PASSED] - swipe: Swiped from 540,1,614 to 540,897

2019-07-22 14:07:17 - [MESSAGE][PASSED] - Swiped from 540,1,614 to 540,897

2019-07-22 14:07:17 - [TEST_STEP][PASSED] - delay: Delayed 3 second(s)

2019-07-22 14:07:20 - [MESSAGE][PASSED] - Delayed 3 second(s)]]></system-out>
         <system-err><![CDATA[]]></system-err>
      </testcase>
      <system-out><![CDATA[2019-07-22 14:05:18 - [TEST_SUITE][PASSED] - 01_SubscribeTrue: Test Cases/Home/Reksadana/Subscribe/Subscribe]]></system-out>
      <system-err><![CDATA[]]></system-err>
   </testsuite>
</testsuites>
