<?xml version="1.0" encoding="UTF-8"?>
<testsuites name="NilaiKamiDiPlaystore" time="90" tests="3" failures="0" errors="0">
   <testsuite name="NilaiKamiDiPlaystore" tests="3" failures="0" errors="0" time="90" timestamp="2019-08-20 14:00:29" hostname="ustore - 192.168.0.120" id="Test Suites/result/Profile/NilaiKamiDiPlaystore">
      <properties>
         <property name="deviceName" value="emulator-5554 (Android SDK built for x86 - Android 8.1.0)"/>
         <property name="devicePlatform" value=""/>
         <property name="logFolder" value="/Users/ustore/Documents/katalon/QAKatalon/Reports/result/Profile/NilaiKamiDiPlaystore/20190820_140015"/>
         <property name="logFiles" value="/Users/ustore/Documents/katalon/QAKatalon/Reports/result/Profile/NilaiKamiDiPlaystore/20190820_140015/execution0.log, /Users/ustore/Documents/katalon/QAKatalon/Reports/result/Profile/NilaiKamiDiPlaystore/20190820_140015/appium.log"/>
         <property name="attachments" value=""/>
         <property name="hostName" value="ustore - 192.168.0.120"/>
         <property name="os" value="Mac OS X 64bit"/>
         <property name="katalonVersion" value="4.1.0.2"/>
         <property name="deviceOS" value="Android"/>
         <property name="appiumVersion" value="1.8.1"/>
         <property name="deviceModel" value="Android SDK built for x86"/>
         <property name="hostAddress" value="192.168.0.120"/>
         <property name="deviceManufacturer" value="Google"/>
         <property name="deviceId" value="emulator-5554"/>
         <property name="deviceName" value="emulator-5554 (Android SDK built for x86 - Android 8.1.0)"/>
         <property name="deviceOSVersion" value="8.1.0"/>
      </properties>
      <testcase name="Test Cases/Login/LoginTrue" classname="Test Cases/Login/LoginTrue" status="PASSED">
         <system-out><![CDATA[2019-08-20 14:00:29 - [TEST_CASE][PASSED] - Test Cases/Login/LoginTrue: Test Cases/Login/LoginTrue

2019-08-20 14:00:30 - [TEST_STEP][PASSED] - startApplication: Started app at: '/Users/ustore/Downloads/mobile-debug (2).apk'

2019-08-20 14:01:02 - [MESSAGE][PASSED] - Started app at: '/Users/ustore/Downloads/mobile-debug (2).apk'

2019-08-20 14:01:02 - [TEST_STEP][PASSED] - verifyElementText: Actual text and expected text of test object 'Object Repository/LoginTrue/Mulailah berinvestasi untuk meraih mimpimu' are matched.

2019-08-20 14:01:09 - [MESSAGE][PASSED] - Actual text and expected text of test object 'Object Repository/LoginTrue/Mulailah berinvestasi untuk meraih mimpimu' are matched.

2019-08-20 14:01:09 - [TEST_STEP][PASSED] - Statement - For ([i = 0, i < 4, (i++)]): Swiped from 800,1,000 to 10,800

2019-08-20 14:01:09 - [TEST_STEP][PASSED] - tap: Tapped on element 'Object Repository/LoginTrue/screen_swipe'

2019-08-20 14:01:09 - [MESSAGE][WARNING] - Timeout '0' is invalid. Using default page load timeout: '30'

2019-08-20 14:01:12 - [MESSAGE][PASSED] - Tapped on element 'Object Repository/LoginTrue/screen_swipe'

2019-08-20 14:01:12 - [TEST_STEP][PASSED] - swipe: Swiped from 800,1,000 to 10,800

2019-08-20 14:01:15 - [MESSAGE][PASSED] - Swiped from 800,1,000 to 10,800

2019-08-20 14:01:15 - [TEST_STEP][PASSED] - tap: Tapped on element 'Object Repository/LoginTrue/screen_swipe'

2019-08-20 14:01:15 - [MESSAGE][WARNING] - Timeout '0' is invalid. Using default page load timeout: '30'

2019-08-20 14:01:16 - [MESSAGE][PASSED] - Tapped on element 'Object Repository/LoginTrue/screen_swipe'

2019-08-20 14:01:16 - [TEST_STEP][PASSED] - swipe: Swiped from 800,1,000 to 10,800

2019-08-20 14:01:18 - [MESSAGE][PASSED] - Swiped from 800,1,000 to 10,800

2019-08-20 14:01:18 - [TEST_STEP][PASSED] - tap: Tapped on element 'Object Repository/LoginTrue/screen_swipe'

2019-08-20 14:01:18 - [MESSAGE][WARNING] - Timeout '0' is invalid. Using default page load timeout: '30'

2019-08-20 14:01:20 - [MESSAGE][PASSED] - Tapped on element 'Object Repository/LoginTrue/screen_swipe'

2019-08-20 14:01:20 - [TEST_STEP][PASSED] - swipe: Swiped from 800,1,000 to 10,800

2019-08-20 14:01:22 - [MESSAGE][PASSED] - Swiped from 800,1,000 to 10,800

2019-08-20 14:01:22 - [TEST_STEP][PASSED] - tap: Tapped on element 'Object Repository/LoginTrue/screen_swipe'

2019-08-20 14:01:22 - [MESSAGE][WARNING] - Timeout '0' is invalid. Using default page load timeout: '30'

2019-08-20 14:01:24 - [MESSAGE][PASSED] - Tapped on element 'Object Repository/LoginTrue/screen_swipe'

2019-08-20 14:01:24 - [TEST_STEP][PASSED] - swipe: Swiped from 800,1,000 to 10,800

2019-08-20 14:01:26 - [MESSAGE][PASSED] - Swiped from 800,1,000 to 10,800

2019-08-20 14:01:26 - [TEST_STEP][PASSED] - setText: Text '08777111777' has been set to element 'Object Repository/LoginTrue/field_no_phone'

2019-08-20 14:01:26 - [MESSAGE][WARNING] - Timeout '0' is invalid. Using default page load timeout: '30'

2019-08-20 14:01:28 - [MESSAGE][PASSED] - Text '08777111777' has been set to element 'Object Repository/LoginTrue/field_no_phone'

2019-08-20 14:01:28 - [TEST_STEP][PASSED] - tap: Tapped on element 'Object Repository/LoginTrue/button_masuk'

2019-08-20 14:01:28 - [MESSAGE][WARNING] - Timeout '0' is invalid. Using default page load timeout: '30'

2019-08-20 14:01:30 - [MESSAGE][PASSED] - Tapped on element 'Object Repository/LoginTrue/button_masuk'

2019-08-20 14:01:30 - [TEST_STEP][PASSED] - delay: Delayed 3 second(s)

2019-08-20 14:01:33 - [MESSAGE][PASSED] - Delayed 3 second(s)

2019-08-20 14:01:33 - [TEST_STEP][PASSED] - verifyElementText: Actual text and expected text of test object 'Object Repository/ObjectOTP/TextView - Verifikasi Nomor HP' are matched.

2019-08-20 14:01:33 - [MESSAGE][PASSED] - Actual text and expected text of test object 'Object Repository/ObjectOTP/TextView - Verifikasi Nomor HP' are matched.

2019-08-20 14:01:33 - [TEST_STEP][PASSED] - delay: Delayed 1 second(s)

2019-08-20 14:01:34 - [MESSAGE][PASSED] - Delayed 1 second(s)]]></system-out>
         <system-err><![CDATA[]]></system-err>
      </testcase>
      <testcase name="Test Cases/OTP/LoginOTP" classname="Test Cases/OTP/LoginOTP" status="PASSED">
         <system-out><![CDATA[2019-08-20 14:01:34 - [TEST_CASE][PASSED] - Test Cases/OTP/LoginOTP: Test Cases/OTP/LoginOTP

2019-08-20 14:01:34 - [TEST_STEP][PASSED] - delay: Delayed 3 second(s)

2019-08-20 14:01:37 - [MESSAGE][PASSED] - Delayed 3 second(s)

2019-08-20 14:01:37 - [TEST_STEP][PASSED] - tap: Tapped on element 'Object Repository/ObjectOTP/Field_OTP'

2019-08-20 14:01:37 - [MESSAGE][WARNING] - Timeout '0' is invalid. Using default page load timeout: '30'

2019-08-20 14:01:39 - [MESSAGE][PASSED] - Tapped on element 'Object Repository/ObjectOTP/Field_OTP'

2019-08-20 14:01:39 - [TEST_STEP][PASSED] - setText: Text '8888' has been set to element 'Object Repository/ObjectOTP/Field_OTP'

2019-08-20 14:01:39 - [MESSAGE][WARNING] - Timeout '0' is invalid. Using default page load timeout: '30'

2019-08-20 14:01:40 - [MESSAGE][PASSED] - Text '8888' has been set to element 'Object Repository/ObjectOTP/Field_OTP'

2019-08-20 14:01:40 - [TEST_STEP][PASSED] - delay: Delayed 2 second(s)

2019-08-20 14:01:42 - [MESSAGE][PASSED] - Delayed 2 second(s)

2019-08-20 14:01:42 - [TEST_STEP][PASSED] - tap: Tapped on element 'Object Repository/ObjectOTP/Btn_Verifikasi1'

2019-08-20 14:01:42 - [MESSAGE][WARNING] - Timeout '0' is invalid. Using default page load timeout: '30'

2019-08-20 14:01:44 - [MESSAGE][PASSED] - Tapped on element 'Object Repository/ObjectOTP/Btn_Verifikasi1']]></system-out>
         <system-err><![CDATA[]]></system-err>
      </testcase>
      <testcase name="Test Cases/Profile/NilaiKamiDiPlaystore" classname="Test Cases/Profile/NilaiKamiDiPlaystore" status="PASSED">
         <system-out><![CDATA[2019-08-20 14:01:44 - [TEST_CASE][PASSED] - Test Cases/Profile/NilaiKamiDiPlaystore: Test Cases/Profile/NilaiKamiDiPlaystore

2019-08-20 14:01:44 - [TEST_STEP][PASSED] - delay: Delayed 3 second(s)

2019-08-20 14:01:47 - [MESSAGE][PASSED] - Delayed 3 second(s)

2019-08-20 14:01:47 - [TEST_STEP][PASSED] - tap: Tapped on element 'Object Repository/Profile/android.widget.FrameLayout14'

2019-08-20 14:01:47 - [MESSAGE][WARNING] - Timeout '0' is invalid. Using default page load timeout: '30'

2019-08-20 14:01:49 - [MESSAGE][PASSED] - Tapped on element 'Object Repository/Profile/android.widget.FrameLayout14'

2019-08-20 14:01:49 - [TEST_STEP][PASSED] - delay: Delayed 3 second(s)

2019-08-20 14:01:52 - [MESSAGE][PASSED] - Delayed 3 second(s)

2019-08-20 14:01:52 - [TEST_STEP][PASSED] - tap: Tapped on element 'Object Repository/Profile/android.widget.LinearLayout6'

2019-08-20 14:01:52 - [MESSAGE][WARNING] - Timeout '0' is invalid. Using default page load timeout: '30'

2019-08-20 14:01:54 - [MESSAGE][PASSED] - Tapped on element 'Object Repository/Profile/android.widget.LinearLayout6'

2019-08-20 14:01:54 - [TEST_STEP][PASSED] - delay: Delayed 3 second(s)

2019-08-20 14:01:57 - [MESSAGE][PASSED] - Delayed 3 second(s)

2019-08-20 14:01:57 - [TEST_STEP][PASSED] - closeApplication: Close app successfully

2019-08-20 14:01:59 - [MESSAGE][PASSED] - Close app successfully]]></system-out>
         <system-err><![CDATA[]]></system-err>
      </testcase>
      <system-out><![CDATA[2019-08-20 14:00:29 - [TEST_SUITE][PASSED] - NilaiKamiDiPlaystore: Test Cases/Profile/NilaiKamiDiPlaystore]]></system-out>
      <system-err><![CDATA[]]></system-err>
   </testsuite>
</testsuites>
