<?xml version="1.0" encoding="UTF-8"?>
<testsuites name="01_Filter" time="82" tests="3" failures="0" errors="0">
   <testsuite name="01_Filter" tests="3" failures="0" errors="0" time="82" timestamp="2019-07-04 16:14:27" hostname="ustore - 192.168.0.120" id="Test Suites/result/Filter/01_Filter">
      <properties>
         <property name="deviceName" value="emulator-5554 (Android SDK built for x86 - Android 9)"/>
         <property name="devicePlatform" value=""/>
         <property name="logFolder" value="/Users/ustore/Katalon Studio/Android v1.2/Reports/result/Filter/01_Filter/20190704_161414"/>
         <property name="logFiles" value="/Users/ustore/Katalon Studio/Android v1.2/Reports/result/Filter/01_Filter/20190704_161414/execution0.log, /Users/ustore/Katalon Studio/Android v1.2/Reports/result/Filter/01_Filter/20190704_161414/appium.log"/>
         <property name="attachments" value=""/>
         <property name="hostName" value="ustore - 192.168.0.120"/>
         <property name="os" value="Mac OS X 64bit"/>
         <property name="katalonVersion" value="4.1.0.2"/>
         <property name="deviceOS" value="Android"/>
         <property name="appiumVersion" value="1.8.1"/>
         <property name="deviceModel" value="Android SDK built for x86"/>
         <property name="hostAddress" value="192.168.0.120"/>
         <property name="deviceManufacturer" value="Google"/>
         <property name="deviceId" value="emulator-5554"/>
         <property name="deviceName" value="emulator-5554 (Android SDK built for x86 - Android 9)"/>
         <property name="deviceOSVersion" value="9"/>
      </properties>
      <testcase name="Test Cases/Login/LoginTrue" classname="Test Cases/Login/LoginTrue" status="PASSED">
         <system-out><![CDATA[2019-07-04 16:14:28 - [TEST_CASE][PASSED] - Test Cases/Login/LoginTrue: Test Cases/Login/LoginTrue

2019-07-04 16:14:28 - [TEST_STEP][PASSED] - startApplication: Started app at: '/Users/ustore/Downloads/Development.apk'

2019-07-04 16:14:48 - [MESSAGE][PASSED] - Started app at: '/Users/ustore/Downloads/Development.apk'

2019-07-04 16:14:48 - [TEST_STEP][PASSED] - verifyElementText: Actual text and expected text of test object 'Object Repository/LoginTrue/Mulailah berinvestasi untuk meraih mimpimu' are matched.

2019-07-04 16:14:52 - [MESSAGE][PASSED] - Actual text and expected text of test object 'Object Repository/LoginTrue/Mulailah berinvestasi untuk meraih mimpimu' are matched.

2019-07-04 16:14:52 - [TEST_STEP][PASSED] - tap: Tapped on element 'Object Repository/LoginTrue/DP_Rumah'

2019-07-04 16:14:52 - [MESSAGE][WARNING] - Timeout '0' is invalid. Using default page load timeout: '30'

2019-07-04 16:14:55 - [MESSAGE][PASSED] - Tapped on element 'Object Repository/LoginTrue/DP_Rumah'

2019-07-04 16:14:55 - [TEST_STEP][PASSED] - Statement - For ([i = 0, i < 4, (i++)]): Swiped from 800,1,000 to 10,800

2019-07-04 16:14:55 - [TEST_STEP][PASSED] - tap: Tapped on element 'Object Repository/LoginTrue/screen_swipe'

2019-07-04 16:14:55 - [MESSAGE][WARNING] - Timeout '0' is invalid. Using default page load timeout: '30'

2019-07-04 16:14:56 - [MESSAGE][PASSED] - Tapped on element 'Object Repository/LoginTrue/screen_swipe'

2019-07-04 16:14:56 - [TEST_STEP][PASSED] - swipe: Swiped from 800,1,000 to 10,800

2019-07-04 16:14:58 - [MESSAGE][PASSED] - Swiped from 800,1,000 to 10,800

2019-07-04 16:14:58 - [TEST_STEP][PASSED] - tap: Tapped on element 'Object Repository/LoginTrue/screen_swipe'

2019-07-04 16:14:58 - [MESSAGE][WARNING] - Timeout '0' is invalid. Using default page load timeout: '30'

2019-07-04 16:15:00 - [MESSAGE][PASSED] - Tapped on element 'Object Repository/LoginTrue/screen_swipe'

2019-07-04 16:15:00 - [TEST_STEP][PASSED] - swipe: Swiped from 800,1,000 to 10,800

2019-07-04 16:15:03 - [MESSAGE][PASSED] - Swiped from 800,1,000 to 10,800

2019-07-04 16:15:03 - [TEST_STEP][PASSED] - tap: Tapped on element 'Object Repository/LoginTrue/screen_swipe'

2019-07-04 16:15:03 - [MESSAGE][WARNING] - Timeout '0' is invalid. Using default page load timeout: '30'

2019-07-04 16:15:04 - [MESSAGE][PASSED] - Tapped on element 'Object Repository/LoginTrue/screen_swipe'

2019-07-04 16:15:04 - [TEST_STEP][PASSED] - swipe: Swiped from 800,1,000 to 10,800

2019-07-04 16:15:06 - [MESSAGE][PASSED] - Swiped from 800,1,000 to 10,800

2019-07-04 16:15:06 - [TEST_STEP][PASSED] - tap: Tapped on element 'Object Repository/LoginTrue/screen_swipe'

2019-07-04 16:15:06 - [MESSAGE][WARNING] - Timeout '0' is invalid. Using default page load timeout: '30'

2019-07-04 16:15:10 - [MESSAGE][PASSED] - Tapped on element 'Object Repository/LoginTrue/screen_swipe'

2019-07-04 16:15:10 - [TEST_STEP][PASSED] - swipe: Swiped from 800,1,000 to 10,800

2019-07-04 16:15:12 - [MESSAGE][PASSED] - Swiped from 800,1,000 to 10,800

2019-07-04 16:15:13 - [TEST_STEP][PASSED] - setText: Text '081215161452' has been set to element 'Object Repository/LoginTrue/field_no_phone'

2019-07-04 16:15:13 - [MESSAGE][WARNING] - Timeout '0' is invalid. Using default page load timeout: '30'

2019-07-04 16:15:15 - [MESSAGE][PASSED] - Text '081215161452' has been set to element 'Object Repository/LoginTrue/field_no_phone'

2019-07-04 16:15:15 - [TEST_STEP][PASSED] - tap: Tapped on element 'Object Repository/LoginTrue/button_masuk'

2019-07-04 16:15:15 - [MESSAGE][WARNING] - Timeout '0' is invalid. Using default page load timeout: '30'

2019-07-04 16:15:16 - [MESSAGE][PASSED] - Tapped on element 'Object Repository/LoginTrue/button_masuk'

2019-07-04 16:15:16 - [TEST_STEP][PASSED] - delay: Delayed 3 second(s)

2019-07-04 16:15:19 - [MESSAGE][PASSED] - Delayed 3 second(s)

2019-07-04 16:15:19 - [TEST_STEP][PASSED] - verifyElementText: Actual text and expected text of test object 'Object Repository/ObjectOTP/TextView - Verifikasi Nomor HP' are matched.

2019-07-04 16:15:20 - [MESSAGE][PASSED] - Actual text and expected text of test object 'Object Repository/ObjectOTP/TextView - Verifikasi Nomor HP' are matched.]]></system-out>
         <system-err><![CDATA[]]></system-err>
      </testcase>
      <testcase name="Test Cases/OTP/LoginOTP" classname="Test Cases/OTP/LoginOTP" status="PASSED">
         <system-out><![CDATA[2019-07-04 16:15:20 - [TEST_CASE][PASSED] - Test Cases/OTP/LoginOTP: Test Cases/OTP/LoginOTP

2019-07-04 16:15:20 - [TEST_STEP][PASSED] - delay: Delayed 3 second(s)

2019-07-04 16:15:23 - [MESSAGE][PASSED] - Delayed 3 second(s)

2019-07-04 16:15:23 - [TEST_STEP][PASSED] - tap: Tapped on element 'Object Repository/ObjectOTP/Field_OTP'

2019-07-04 16:15:23 - [MESSAGE][WARNING] - Timeout '0' is invalid. Using default page load timeout: '30'

2019-07-04 16:15:25 - [MESSAGE][PASSED] - Tapped on element 'Object Repository/ObjectOTP/Field_OTP'

2019-07-04 16:15:25 - [TEST_STEP][PASSED] - setText: Text '8888' has been set to element 'Object Repository/ObjectOTP/Field_OTP'

2019-07-04 16:15:25 - [MESSAGE][WARNING] - Timeout '0' is invalid. Using default page load timeout: '30'

2019-07-04 16:15:26 - [MESSAGE][PASSED] - Text '8888' has been set to element 'Object Repository/ObjectOTP/Field_OTP'

2019-07-04 16:15:26 - [TEST_STEP][PASSED] - tap: Tapped on element 'Object Repository/ObjectOTP/Button_Verifikasi_Sekarang'

2019-07-04 16:15:26 - [MESSAGE][WARNING] - Timeout '0' is invalid. Using default page load timeout: '30'

2019-07-04 16:15:28 - [MESSAGE][PASSED] - Tapped on element 'Object Repository/ObjectOTP/Button_Verifikasi_Sekarang']]></system-out>
         <system-err><![CDATA[]]></system-err>
      </testcase>
      <testcase name="Test Cases/Home/Reksadana/Filter/Filter" classname="Test Cases/Home/Reksadana/Filter/Filter" status="PASSED">
         <system-out><![CDATA[2019-07-04 16:15:28 - [TEST_CASE][PASSED] - Test Cases/Home/Reksadana/Filter/Filter: Test Cases/Home/Reksadana/Filter/Filter

2019-07-04 16:15:28 - [TEST_STEP][PASSED] - tap: Tapped on element 'Object Repository/Home/Reksadana/Subscribe/MenuReksadana'

2019-07-04 16:15:29 - [MESSAGE][WARNING] - Timeout '0' is invalid. Using default page load timeout: '30'

2019-07-04 16:15:33 - [MESSAGE][PASSED] - Tapped on element 'Object Repository/Home/Reksadana/Subscribe/MenuReksadana'

2019-07-04 16:15:33 - [TEST_STEP][PASSED] - delay: Delayed 3 second(s)

2019-07-04 16:15:36 - [MESSAGE][PASSED] - Delayed 3 second(s)

2019-07-04 16:15:36 - [TEST_STEP][PASSED] - tap: Tapped on element 'Object Repository/Home/Reksadana/Filter/Button_Filter'

2019-07-04 16:15:36 - [MESSAGE][WARNING] - Timeout '0' is invalid. Using default page load timeout: '30'

2019-07-04 16:15:39 - [MESSAGE][PASSED] - Tapped on element 'Object Repository/Home/Reksadana/Filter/Button_Filter'

2019-07-04 16:15:39 - [TEST_STEP][PASSED] - delay: Delayed 3 second(s)

2019-07-04 16:15:42 - [MESSAGE][PASSED] - Delayed 3 second(s)

2019-07-04 16:15:42 - [TEST_STEP][PASSED] - Statement - device_Height = com.kms.katalon.core.mobile.keyword.MobileBuiltInKeywords.getDeviceHeight(): Current device physical height is 1794

2019-07-04 16:15:42 - [MESSAGE][PASSED] - Current device physical height is 1794

2019-07-04 16:15:42 - [TEST_STEP][PASSED] - Statement - device_Width = com.kms.katalon.core.mobile.keyword.MobileBuiltInKeywords.getDeviceWidth(): Current device physical width is 1080

2019-07-04 16:15:42 - [MESSAGE][PASSED] - Current device physical width is 1080

2019-07-04 16:15:42 - [TEST_STEP][PASSED] - Statement - startX = device_Width / 2: null

2019-07-04 16:15:42 - [TEST_STEP][PASSED] - Statement - endX = startX: null

2019-07-04 16:15:42 - [TEST_STEP][PASSED] - Statement - startY = device_Height * 0.50: null

2019-07-04 16:15:42 - [TEST_STEP][PASSED] - Statement - endY = device_Height * 0.90: null

2019-07-04 16:15:42 - [TEST_STEP][PASSED] - swipe: Swiped from 540,1,614 to 540,897

2019-07-04 16:15:44 - [MESSAGE][PASSED] - Swiped from 540,1,614 to 540,897

2019-07-04 16:15:44 - [TEST_STEP][PASSED] - delay: Delayed 3 second(s)

2019-07-04 16:15:47 - [MESSAGE][PASSED] - Delayed 3 second(s)]]></system-out>
         <system-err><![CDATA[]]></system-err>
      </testcase>
      <system-out><![CDATA[2019-07-04 16:14:27 - [TEST_SUITE][PASSED] - 01_Filter: Test Cases/Home/Reksadana/Filter/Filter]]></system-out>
      <system-err><![CDATA[]]></system-err>
   </testsuite>
</testsuites>
