<?xml version="1.0" encoding="UTF-8"?>
<testsuites name="TopUp" time="122" tests="4" failures="0" errors="0">
   <testsuite name="TopUp" tests="4" failures="0" errors="0" time="122" timestamp="2019-08-21 11:53:52" hostname="fundtastic - 192.168.0.110" id="Test Suites/result/Gold/TopUp">
      <properties>
         <property name="deviceName" value="emulator-5554 (Android SDK built for x86 - Android 9)"/>
         <property name="devicePlatform" value=""/>
         <property name="logFolder" value="/Users/fundtastic/Documents/QA/QAKatalon/Reports/result/Gold/TopUp/20190821_115340"/>
         <property name="logFiles" value="/Users/fundtastic/Documents/QA/QAKatalon/Reports/result/Gold/TopUp/20190821_115340/execution0.log, /Users/fundtastic/Documents/QA/QAKatalon/Reports/result/Gold/TopUp/20190821_115340/appium.log"/>
         <property name="attachments" value=""/>
         <property name="hostName" value="fundtastic - 192.168.0.110"/>
         <property name="os" value="Mac OS X 64bit"/>
         <property name="katalonVersion" value="5.10.1.1"/>
         <property name="deviceOS" value="Android"/>
         <property name="appiumVersion" value="1.8.1"/>
         <property name="deviceModel" value="Android SDK built for x86"/>
         <property name="hostAddress" value="192.168.0.110"/>
         <property name="deviceManufacturer" value="Google"/>
         <property name="deviceId" value="emulator-5554"/>
         <property name="deviceName" value="emulator-5554 (Android SDK built for x86 - Android 9)"/>
         <property name="deviceOSVersion" value="9"/>
      </properties>
      <testcase name="Test Cases/Login/LoginTrue" classname="Test Cases/Login/LoginTrue" status="PASSED">
         <system-out><![CDATA[2019-08-21 11:53:52 - [TEST_CASE][PASSED] - Test Cases/Login/LoginTrue: Test Cases/Login/LoginTrue

2019-08-21 11:53:52 - [TEST_STEP][PASSED] - startApplication("/Users/fundtastic/Downloads/mobile-debug (dev).apk", true): Started app at: '/Users/fundtastic/Downloads/mobile-debug (dev).apk'

2019-08-21 11:53:55 - [MESSAGE][INFO] - Appium server started on port 56,987

2019-08-21 11:54:09 - [MESSAGE][PASSED] - Started app at: '/Users/fundtastic/Downloads/mobile-debug (dev).apk'

2019-08-21 11:54:09 - [TEST_STEP][PASSED] - verifyElementText(findTestObject("LoginTrue/Mulailah berinvestasi untuk meraih mimpimu"), "Mulailah berinvestasi untuk meraih mimpimu"): Actual text and expected text of test object 'Object Repository/LoginTrue/Mulailah berinvestasi untuk meraih mimpimu' are matched.

2019-08-21 11:54:14 - [MESSAGE][PASSED] - Actual text and expected text of test object 'Object Repository/LoginTrue/Mulailah berinvestasi untuk meraih mimpimu' are matched.

2019-08-21 11:54:14 - [TEST_STEP][PASSED] - for ([i = 0, i < 4, (i++)]): Swiped from 800,1,000 to 10,800

2019-08-21 11:54:14 - [TEST_STEP][PASSED] - tap(findTestObject("LoginTrue/screen_swipe"), 0): Tapped on element 'Object Repository/LoginTrue/screen_swipe'

2019-08-21 11:54:14 - [MESSAGE][WARNING] - Timeout '0' is invalid. Using default page load timeout: '30'

2019-08-21 11:54:16 - [MESSAGE][PASSED] - Tapped on element 'Object Repository/LoginTrue/screen_swipe'

2019-08-21 11:54:16 - [TEST_STEP][PASSED] - swipe(800, 1000, 10, 800): Swiped from 800,1,000 to 10,800

2019-08-21 11:54:19 - [MESSAGE][PASSED] - Swiped from 800,1,000 to 10,800

2019-08-21 11:54:19 - [TEST_STEP][PASSED] - tap(findTestObject("LoginTrue/screen_swipe"), 0): Tapped on element 'Object Repository/LoginTrue/screen_swipe'

2019-08-21 11:54:19 - [MESSAGE][WARNING] - Timeout '0' is invalid. Using default page load timeout: '30'

2019-08-21 11:54:20 - [MESSAGE][PASSED] - Tapped on element 'Object Repository/LoginTrue/screen_swipe'

2019-08-21 11:54:20 - [TEST_STEP][PASSED] - swipe(800, 1000, 10, 800): Swiped from 800,1,000 to 10,800

2019-08-21 11:54:22 - [MESSAGE][PASSED] - Swiped from 800,1,000 to 10,800

2019-08-21 11:54:22 - [TEST_STEP][PASSED] - tap(findTestObject("LoginTrue/screen_swipe"), 0): Tapped on element 'Object Repository/LoginTrue/screen_swipe'

2019-08-21 11:54:22 - [MESSAGE][WARNING] - Timeout '0' is invalid. Using default page load timeout: '30'

2019-08-21 11:54:24 - [MESSAGE][PASSED] - Tapped on element 'Object Repository/LoginTrue/screen_swipe'

2019-08-21 11:54:24 - [TEST_STEP][PASSED] - swipe(800, 1000, 10, 800): Swiped from 800,1,000 to 10,800

2019-08-21 11:54:26 - [MESSAGE][PASSED] - Swiped from 800,1,000 to 10,800

2019-08-21 11:54:26 - [TEST_STEP][PASSED] - tap(findTestObject("LoginTrue/screen_swipe"), 0): Tapped on element 'Object Repository/LoginTrue/screen_swipe'

2019-08-21 11:54:26 - [MESSAGE][WARNING] - Timeout '0' is invalid. Using default page load timeout: '30'

2019-08-21 11:54:27 - [MESSAGE][PASSED] - Tapped on element 'Object Repository/LoginTrue/screen_swipe'

2019-08-21 11:54:27 - [TEST_STEP][PASSED] - swipe(800, 1000, 10, 800): Swiped from 800,1,000 to 10,800

2019-08-21 11:54:30 - [MESSAGE][PASSED] - Swiped from 800,1,000 to 10,800

2019-08-21 11:54:30 - [TEST_STEP][PASSED] - setText(findTestObject("LoginTrue/field_no_phone"), "08777111777", 0): Text '08777111777' has been set to element 'Object Repository/LoginTrue/field_no_phone'

2019-08-21 11:54:30 - [MESSAGE][WARNING] - Timeout '0' is invalid. Using default page load timeout: '30'

2019-08-21 11:54:32 - [MESSAGE][PASSED] - Text '08777111777' has been set to element 'Object Repository/LoginTrue/field_no_phone'

2019-08-21 11:54:32 - [TEST_STEP][PASSED] - tap(findTestObject("LoginTrue/button_masuk"), 0): Tapped on element 'Object Repository/LoginTrue/button_masuk'

2019-08-21 11:54:32 - [MESSAGE][WARNING] - Timeout '0' is invalid. Using default page load timeout: '30'

2019-08-21 11:54:33 - [MESSAGE][PASSED] - Tapped on element 'Object Repository/LoginTrue/button_masuk'

2019-08-21 11:54:33 - [TEST_STEP][PASSED] - delay(3, STOP_ON_FAILURE): Delayed 3 second(s)

2019-08-21 11:54:36 - [MESSAGE][PASSED] - Delayed 3 second(s)

2019-08-21 11:54:36 - [TEST_STEP][PASSED] - verifyElementText(findTestObject("ObjectOTP/TextView - Verifikasi Nomor HP"), "Verifikasi Nomor HP"): Actual text and expected text of test object 'Object Repository/ObjectOTP/TextView - Verifikasi Nomor HP' are matched.

2019-08-21 11:54:37 - [MESSAGE][PASSED] - Actual text and expected text of test object 'Object Repository/ObjectOTP/TextView - Verifikasi Nomor HP' are matched.

2019-08-21 11:54:37 - [TEST_STEP][PASSED] - delay(1, STOP_ON_FAILURE): Delayed 1 second(s)

2019-08-21 11:54:38 - [MESSAGE][PASSED] - Delayed 1 second(s)]]></system-out>
         <system-err><![CDATA[]]></system-err>
      </testcase>
      <testcase name="Test Cases/OTP/LoginOTP" classname="Test Cases/OTP/LoginOTP" status="PASSED">
         <system-out><![CDATA[2019-08-21 11:54:38 - [TEST_CASE][PASSED] - Test Cases/OTP/LoginOTP: Test Cases/OTP/LoginOTP

2019-08-21 11:54:38 - [TEST_STEP][PASSED] - delay(3, STOP_ON_FAILURE): Delayed 3 second(s)

2019-08-21 11:54:41 - [MESSAGE][PASSED] - Delayed 3 second(s)

2019-08-21 11:54:41 - [TEST_STEP][PASSED] - tap(findTestObject("ObjectOTP/Field_OTP"), 0): Tapped on element 'Object Repository/ObjectOTP/Field_OTP'

2019-08-21 11:54:41 - [MESSAGE][WARNING] - Timeout '0' is invalid. Using default page load timeout: '30'

2019-08-21 11:54:42 - [MESSAGE][PASSED] - Tapped on element 'Object Repository/ObjectOTP/Field_OTP'

2019-08-21 11:54:42 - [TEST_STEP][PASSED] - setText(findTestObject("ObjectOTP/Field_OTP"), "8888", 0): Text '8888' has been set to element 'Object Repository/ObjectOTP/Field_OTP'

2019-08-21 11:54:42 - [MESSAGE][WARNING] - Timeout '0' is invalid. Using default page load timeout: '30'

2019-08-21 11:54:43 - [MESSAGE][PASSED] - Text '8888' has been set to element 'Object Repository/ObjectOTP/Field_OTP'

2019-08-21 11:54:43 - [TEST_STEP][PASSED] - delay(2, STOP_ON_FAILURE): Delayed 2 second(s)

2019-08-21 11:54:45 - [MESSAGE][PASSED] - Delayed 2 second(s)

2019-08-21 11:54:45 - [TEST_STEP][PASSED] - tap(findTestObject("ObjectOTP/Btn_Verifikasi1"), 0): Tapped on element 'Object Repository/ObjectOTP/Btn_Verifikasi1'

2019-08-21 11:54:45 - [MESSAGE][WARNING] - Timeout '0' is invalid. Using default page load timeout: '30'

2019-08-21 11:54:47 - [MESSAGE][PASSED] - Tapped on element 'Object Repository/ObjectOTP/Btn_Verifikasi1']]></system-out>
         <system-err><![CDATA[]]></system-err>
      </testcase>
      <testcase name="Test Cases/Home/Home" classname="Test Cases/Home/Home" status="PASSED">
         <system-out><![CDATA[2019-08-21 11:54:47 - [TEST_CASE][PASSED] - Test Cases/Home/Home: Test Cases/Home/Home

2019-08-21 11:54:47 - [TEST_STEP][PASSED] - delay(7, STOP_ON_FAILURE): Delayed 7 second(s)

2019-08-21 11:54:54 - [MESSAGE][PASSED] - Delayed 7 second(s)]]></system-out>
         <system-err><![CDATA[]]></system-err>
      </testcase>
      <testcase name="Test Cases/Home/Gold/TopUp" classname="Test Cases/Home/Gold/TopUp" status="PASSED">
         <system-out><![CDATA[2019-08-21 11:54:54 - [TEST_CASE][PASSED] - Test Cases/Home/Gold/TopUp: Test Cases/Home/Gold/TopUp

2019-08-21 11:54:54 - [TEST_STEP][PASSED] - delay(3, STOP_ON_FAILURE): Delayed 3 second(s)

2019-08-21 11:54:57 - [MESSAGE][PASSED] - Delayed 3 second(s)

2019-08-21 11:54:57 - [TEST_STEP][PASSED] - tap(findTestObject("Home/Gold/TopUp/android.widget.FrameLayout10"), 0): Tapped on element 'Object Repository/Home/Gold/TopUp/android.widget.FrameLayout10'

2019-08-21 11:54:57 - [MESSAGE][WARNING] - Timeout '0' is invalid. Using default page load timeout: '30'

2019-08-21 11:54:59 - [MESSAGE][PASSED] - Tapped on element 'Object Repository/Home/Gold/TopUp/android.widget.FrameLayout10'

2019-08-21 11:54:59 - [TEST_STEP][PASSED] - delay(7, STOP_ON_FAILURE): Delayed 7 second(s)

2019-08-21 11:55:06 - [MESSAGE][PASSED] - Delayed 7 second(s)

2019-08-21 11:55:06 - [TEST_STEP][PASSED] - tap(findTestObject("Home/Gold/TopUp/CardEmas2"), 0): Tapped on element 'Object Repository/Home/Gold/TopUp/CardEmas2'

2019-08-21 11:55:06 - [MESSAGE][WARNING] - Timeout '0' is invalid. Using default page load timeout: '30'

2019-08-21 11:55:09 - [MESSAGE][PASSED] - Tapped on element 'Object Repository/Home/Gold/TopUp/CardEmas2'

2019-08-21 11:55:09 - [TEST_STEP][PASSED] - delay(3, STOP_ON_FAILURE): Delayed 3 second(s)

2019-08-21 11:55:12 - [MESSAGE][PASSED] - Delayed 3 second(s)

2019-08-21 11:55:12 - [TEST_STEP][PASSED] - tap(findTestObject("Home/Gold/TopUp/android.widget.LinearLayout25"), 0): Tapped on element 'Object Repository/Home/Gold/TopUp/android.widget.LinearLayout25'

2019-08-21 11:55:12 - [MESSAGE][WARNING] - Timeout '0' is invalid. Using default page load timeout: '30'

2019-08-21 11:55:15 - [MESSAGE][PASSED] - Tapped on element 'Object Repository/Home/Gold/TopUp/android.widget.LinearLayout25'

2019-08-21 11:55:15 - [TEST_STEP][PASSED] - delay(3, STOP_ON_FAILURE): Delayed 3 second(s)

2019-08-21 11:55:18 - [MESSAGE][PASSED] - Delayed 3 second(s)

2019-08-21 11:55:18 - [TEST_STEP][PASSED] - tap(findTestObject("Home/Gold/TopUp/android.widget.CheckBox0"), 0): Tapped on element 'Object Repository/Home/Gold/TopUp/android.widget.CheckBox0'

2019-08-21 11:55:18 - [MESSAGE][WARNING] - Timeout '0' is invalid. Using default page load timeout: '30'

2019-08-21 11:55:19 - [MESSAGE][PASSED] - Tapped on element 'Object Repository/Home/Gold/TopUp/android.widget.CheckBox0'

2019-08-21 11:55:19 - [TEST_STEP][PASSED] - delay(3, STOP_ON_FAILURE): Delayed 3 second(s)

2019-08-21 11:55:22 - [MESSAGE][PASSED] - Delayed 3 second(s)

2019-08-21 11:55:22 - [TEST_STEP][PASSED] - tap(findTestObject("Home/Gold/TopUp/android.widget.LinearLayout6"), 0): Tapped on element 'Object Repository/Home/Gold/TopUp/android.widget.LinearLayout6'

2019-08-21 11:55:22 - [MESSAGE][WARNING] - Timeout '0' is invalid. Using default page load timeout: '30'

2019-08-21 11:55:23 - [MESSAGE][PASSED] - Tapped on element 'Object Repository/Home/Gold/TopUp/android.widget.LinearLayout6'

2019-08-21 11:55:23 - [TEST_STEP][PASSED] - delay(3, STOP_ON_FAILURE): Delayed 3 second(s)

2019-08-21 11:55:26 - [MESSAGE][PASSED] - Delayed 3 second(s)

2019-08-21 11:55:26 - [TEST_STEP][PASSED] - tap(findTestObject("Home/Gold/TopUp/android.widget.RadioButton1 - 0.25 Gram"), 0): Tapped on element 'Object Repository/Home/Gold/TopUp/android.widget.RadioButton1 - 0.25 Gram'

2019-08-21 11:55:26 - [MESSAGE][WARNING] - Timeout '0' is invalid. Using default page load timeout: '30'

2019-08-21 11:55:27 - [MESSAGE][PASSED] - Tapped on element 'Object Repository/Home/Gold/TopUp/android.widget.RadioButton1 - 0.25 Gram'

2019-08-21 11:55:27 - [TEST_STEP][PASSED] - delay(3, STOP_ON_FAILURE): Delayed 3 second(s)

2019-08-21 11:55:30 - [MESSAGE][PASSED] - Delayed 3 second(s)

2019-08-21 11:55:30 - [TEST_STEP][PASSED] - tap(findTestObject("Home/Gold/TopUp/android.widget.TextView0 - BELI SEKARANG"), 0): Tapped on element 'Object Repository/Home/Gold/TopUp/android.widget.TextView0 - BELI SEKARANG'

2019-08-21 11:55:30 - [MESSAGE][WARNING] - Timeout '0' is invalid. Using default page load timeout: '30'

2019-08-21 11:55:31 - [MESSAGE][PASSED] - Tapped on element 'Object Repository/Home/Gold/TopUp/android.widget.TextView0 - BELI SEKARANG'

2019-08-21 11:55:31 - [TEST_STEP][PASSED] - delay(3, STOP_ON_FAILURE): Delayed 3 second(s)

2019-08-21 11:55:34 - [MESSAGE][PASSED] - Delayed 3 second(s)

2019-08-21 11:55:34 - [TEST_STEP][PASSED] - tap(findTestObject("Home/Gold/TopUp/android.widget.ImageView1"), 0): Tapped on element 'Object Repository/Home/Gold/TopUp/android.widget.ImageView1'

2019-08-21 11:55:34 - [MESSAGE][WARNING] - Timeout '0' is invalid. Using default page load timeout: '30'

2019-08-21 11:55:35 - [MESSAGE][PASSED] - Tapped on element 'Object Repository/Home/Gold/TopUp/android.widget.ImageView1'

2019-08-21 11:55:35 - [TEST_STEP][PASSED] - delay(3, STOP_ON_FAILURE): Delayed 3 second(s)

2019-08-21 11:55:38 - [MESSAGE][PASSED] - Delayed 3 second(s)

2019-08-21 11:55:38 - [TEST_STEP][PASSED] - tap(findTestObject("Home/Gold/TopUp/android.widget.LinearLayout22"), 0): Tapped on element 'Object Repository/Home/Gold/TopUp/android.widget.LinearLayout22'

2019-08-21 11:55:38 - [MESSAGE][WARNING] - Timeout '0' is invalid. Using default page load timeout: '30'

2019-08-21 11:55:42 - [MESSAGE][PASSED] - Tapped on element 'Object Repository/Home/Gold/TopUp/android.widget.LinearLayout22'

2019-08-21 11:55:42 - [TEST_STEP][PASSED] - delay(3, STOP_ON_FAILURE): Delayed 3 second(s)

2019-08-21 11:55:45 - [MESSAGE][PASSED] - Delayed 3 second(s)

2019-08-21 11:55:45 - [TEST_STEP][PASSED] - tap(findTestObject("Home/Gold/TopUp/android.widget.ImageButton1"), 0): Tapped on element 'Object Repository/Home/Gold/TopUp/android.widget.ImageButton1'

2019-08-21 11:55:45 - [MESSAGE][WARNING] - Timeout '0' is invalid. Using default page load timeout: '30'

2019-08-21 11:55:48 - [MESSAGE][PASSED] - Tapped on element 'Object Repository/Home/Gold/TopUp/android.widget.ImageButton1'

2019-08-21 11:55:48 - [TEST_STEP][PASSED] - delay(5, STOP_ON_FAILURE): Delayed 5 second(s)

2019-08-21 11:55:53 - [MESSAGE][PASSED] - Delayed 5 second(s)]]></system-out>
         <system-err><![CDATA[]]></system-err>
      </testcase>
      <system-out><![CDATA[2019-08-21 11:53:52 - [TEST_SUITE][PASSED] - TopUp: Test Cases/Home/Gold/TopUp]]></system-out>
      <system-err><![CDATA[]]></system-err>
   </testsuite>
</testsuites>
