<?xml version="1.0" encoding="UTF-8"?>
<testsuites name="01_SubscribeTrue" time="137" tests="3" failures="0" errors="0">
   <testsuite name="01_SubscribeTrue" tests="3" failures="0" errors="0" time="137" timestamp="2019-07-23 17:18:57" hostname="ustore - 192.168.0.120" id="Test Suites/result/Reksadana/Subscribe/01_SubscribeTrue">
      <properties>
         <property name="deviceName" value="emulator-5554 (Android SDK built for x86 - Android 9)"/>
         <property name="devicePlatform" value=""/>
         <property name="logFolder" value="/Users/ustore/Katalon Studio/Android v1.2/Reports/result/Reksadana/Subscribe/01_SubscribeTrue/20190723_171844"/>
         <property name="logFiles" value="/Users/ustore/Katalon Studio/Android v1.2/Reports/result/Reksadana/Subscribe/01_SubscribeTrue/20190723_171844/execution0.log, /Users/ustore/Katalon Studio/Android v1.2/Reports/result/Reksadana/Subscribe/01_SubscribeTrue/20190723_171844/appium.log"/>
         <property name="attachments" value=""/>
         <property name="hostName" value="ustore - 192.168.0.120"/>
         <property name="os" value="Mac OS X 64bit"/>
         <property name="katalonVersion" value="4.1.0.2"/>
         <property name="deviceOS" value="Android"/>
         <property name="appiumVersion" value="1.8.1"/>
         <property name="deviceModel" value="Android SDK built for x86"/>
         <property name="hostAddress" value="192.168.0.120"/>
         <property name="deviceManufacturer" value="Google"/>
         <property name="deviceId" value="emulator-5554"/>
         <property name="deviceName" value="emulator-5554 (Android SDK built for x86 - Android 9)"/>
         <property name="deviceOSVersion" value="9"/>
      </properties>
      <testcase name="Test Cases/Login/LoginTrue" classname="Test Cases/Login/LoginTrue" status="PASSED">
         <system-out><![CDATA[2019-07-23 17:18:57 - [TEST_CASE][PASSED] - Test Cases/Login/LoginTrue: Test Cases/Login/LoginTrue

2019-07-23 17:18:58 - [TEST_STEP][PASSED] - startApplication: Started app at: '/Users/ustore/Downloads/mobile-debug.apk'

2019-07-23 17:19:17 - [MESSAGE][PASSED] - Started app at: '/Users/ustore/Downloads/mobile-debug.apk'

2019-07-23 17:19:17 - [TEST_STEP][PASSED] - verifyElementText: Actual text and expected text of test object 'Object Repository/LoginTrue/Mulailah berinvestasi untuk meraih mimpimu' are matched.

2019-07-23 17:19:23 - [MESSAGE][PASSED] - Actual text and expected text of test object 'Object Repository/LoginTrue/Mulailah berinvestasi untuk meraih mimpimu' are matched.

2019-07-23 17:19:23 - [TEST_STEP][PASSED] - tap: Tapped on element 'Object Repository/LoginTrue/DP_Rumah'

2019-07-23 17:19:23 - [MESSAGE][WARNING] - Timeout '0' is invalid. Using default page load timeout: '30'

2019-07-23 17:19:24 - [MESSAGE][PASSED] - Tapped on element 'Object Repository/LoginTrue/DP_Rumah'

2019-07-23 17:19:24 - [TEST_STEP][PASSED] - Statement - For ([i = 0, i < 4, (i++)]): Swiped from 800,1,000 to 10,800

2019-07-23 17:19:24 - [TEST_STEP][PASSED] - tap: Tapped on element 'Object Repository/LoginTrue/screen_swipe'

2019-07-23 17:19:24 - [MESSAGE][WARNING] - Timeout '0' is invalid. Using default page load timeout: '30'

2019-07-23 17:19:26 - [MESSAGE][PASSED] - Tapped on element 'Object Repository/LoginTrue/screen_swipe'

2019-07-23 17:19:26 - [TEST_STEP][PASSED] - swipe: Swiped from 800,1,000 to 10,800

2019-07-23 17:19:28 - [MESSAGE][PASSED] - Swiped from 800,1,000 to 10,800

2019-07-23 17:19:28 - [TEST_STEP][PASSED] - tap: Tapped on element 'Object Repository/LoginTrue/screen_swipe'

2019-07-23 17:19:28 - [MESSAGE][WARNING] - Timeout '0' is invalid. Using default page load timeout: '30'

2019-07-23 17:19:29 - [MESSAGE][PASSED] - Tapped on element 'Object Repository/LoginTrue/screen_swipe'

2019-07-23 17:19:29 - [TEST_STEP][PASSED] - swipe: Swiped from 800,1,000 to 10,800

2019-07-23 17:19:32 - [MESSAGE][PASSED] - Swiped from 800,1,000 to 10,800

2019-07-23 17:19:32 - [TEST_STEP][PASSED] - tap: Tapped on element 'Object Repository/LoginTrue/screen_swipe'

2019-07-23 17:19:32 - [MESSAGE][WARNING] - Timeout '0' is invalid. Using default page load timeout: '30'

2019-07-23 17:19:33 - [MESSAGE][PASSED] - Tapped on element 'Object Repository/LoginTrue/screen_swipe'

2019-07-23 17:19:33 - [TEST_STEP][PASSED] - swipe: Swiped from 800,1,000 to 10,800

2019-07-23 17:19:35 - [MESSAGE][PASSED] - Swiped from 800,1,000 to 10,800

2019-07-23 17:19:35 - [TEST_STEP][PASSED] - tap: Tapped on element 'Object Repository/LoginTrue/screen_swipe'

2019-07-23 17:19:35 - [MESSAGE][WARNING] - Timeout '0' is invalid. Using default page load timeout: '30'

2019-07-23 17:19:37 - [MESSAGE][PASSED] - Tapped on element 'Object Repository/LoginTrue/screen_swipe'

2019-07-23 17:19:37 - [TEST_STEP][PASSED] - swipe: Swiped from 800,1,000 to 10,800

2019-07-23 17:19:39 - [MESSAGE][PASSED] - Swiped from 800,1,000 to 10,800

2019-07-23 17:19:40 - [TEST_STEP][PASSED] - setText: Text '081265699666' has been set to element 'Object Repository/LoginTrue/field_no_phone'

2019-07-23 17:19:40 - [MESSAGE][WARNING] - Timeout '0' is invalid. Using default page load timeout: '30'

2019-07-23 17:19:42 - [MESSAGE][PASSED] - Text '081265699666' has been set to element 'Object Repository/LoginTrue/field_no_phone'

2019-07-23 17:19:42 - [TEST_STEP][PASSED] - tap: Tapped on element 'Object Repository/LoginTrue/button_masuk'

2019-07-23 17:19:42 - [MESSAGE][WARNING] - Timeout '0' is invalid. Using default page load timeout: '30'

2019-07-23 17:19:43 - [MESSAGE][PASSED] - Tapped on element 'Object Repository/LoginTrue/button_masuk'

2019-07-23 17:19:43 - [TEST_STEP][PASSED] - delay: Delayed 3 second(s)

2019-07-23 17:19:46 - [MESSAGE][PASSED] - Delayed 3 second(s)

2019-07-23 17:19:46 - [TEST_STEP][PASSED] - verifyElementText: Actual text and expected text of test object 'Object Repository/ObjectOTP/TextView - Verifikasi Nomor HP' are matched.

2019-07-23 17:19:47 - [MESSAGE][PASSED] - Actual text and expected text of test object 'Object Repository/ObjectOTP/TextView - Verifikasi Nomor HP' are matched.]]></system-out>
         <system-err><![CDATA[]]></system-err>
      </testcase>
      <testcase name="Test Cases/OTP/LoginOTP" classname="Test Cases/OTP/LoginOTP" status="PASSED">
         <system-out><![CDATA[2019-07-23 17:19:47 - [TEST_CASE][PASSED] - Test Cases/OTP/LoginOTP: Test Cases/OTP/LoginOTP

2019-07-23 17:19:47 - [TEST_STEP][PASSED] - delay: Delayed 3 second(s)

2019-07-23 17:19:50 - [MESSAGE][PASSED] - Delayed 3 second(s)

2019-07-23 17:19:50 - [TEST_STEP][PASSED] - tap: Tapped on element 'Object Repository/ObjectOTP/Field_OTP'

2019-07-23 17:19:50 - [MESSAGE][WARNING] - Timeout '0' is invalid. Using default page load timeout: '30'

2019-07-23 17:19:52 - [MESSAGE][PASSED] - Tapped on element 'Object Repository/ObjectOTP/Field_OTP'

2019-07-23 17:19:52 - [TEST_STEP][PASSED] - setText: Text '8888' has been set to element 'Object Repository/ObjectOTP/Field_OTP'

2019-07-23 17:19:52 - [MESSAGE][WARNING] - Timeout '0' is invalid. Using default page load timeout: '30'

2019-07-23 17:19:53 - [MESSAGE][PASSED] - Text '8888' has been set to element 'Object Repository/ObjectOTP/Field_OTP'

2019-07-23 17:19:53 - [TEST_STEP][PASSED] - tap: Tapped on element 'Object Repository/ObjectOTP/Button_Verifikasi_Sekarang'

2019-07-23 17:19:53 - [MESSAGE][WARNING] - Timeout '0' is invalid. Using default page load timeout: '30'

2019-07-23 17:19:55 - [MESSAGE][PASSED] - Tapped on element 'Object Repository/ObjectOTP/Button_Verifikasi_Sekarang']]></system-out>
         <system-err><![CDATA[]]></system-err>
      </testcase>
      <testcase name="Test Cases/Home/Reksadana/Subscribe/Subscribe" classname="Test Cases/Home/Reksadana/Subscribe/Subscribe" status="PASSED">
         <system-out><![CDATA[2019-07-23 17:19:55 - [TEST_CASE][PASSED] - Test Cases/Home/Reksadana/Subscribe/Subscribe: Test Cases/Home/Reksadana/Subscribe/Subscribe

2019-07-23 17:19:56 - [TEST_STEP][PASSED] - delay: Delayed 7 second(s)

2019-07-23 17:20:03 - [MESSAGE][PASSED] - Delayed 7 second(s)

2019-07-23 17:20:03 - [TEST_STEP][PASSED] - tap: Tapped on element 'Object Repository/Home/Reksadana/Subscribe/android.widget.ImageView5'

2019-07-23 17:20:03 - [MESSAGE][WARNING] - Timeout '0' is invalid. Using default page load timeout: '30'

2019-07-23 17:20:05 - [MESSAGE][PASSED] - Tapped on element 'Object Repository/Home/Reksadana/Subscribe/android.widget.ImageView5'

2019-07-23 17:20:05 - [TEST_STEP][PASSED] - delay: Delayed 5 second(s)

2019-07-23 17:20:10 - [MESSAGE][PASSED] - Delayed 5 second(s)

2019-07-23 17:20:10 - [TEST_STEP][PASSED] - tap: Tapped on element 'Object Repository/Home/Reksadana/Subscribe/android.widget.TextView4 - Update'

2019-07-23 17:20:10 - [MESSAGE][WARNING] - Timeout '0' is invalid. Using default page load timeout: '30'

2019-07-23 17:20:19 - [MESSAGE][PASSED] - Tapped on element 'Object Repository/Home/Reksadana/Subscribe/android.widget.TextView4 - Update'

2019-07-23 17:20:19 - [TEST_STEP][PASSED] - delay: Delayed 5 second(s)

2019-07-23 17:20:24 - [MESSAGE][PASSED] - Delayed 5 second(s)

2019-07-23 17:20:24 - [TEST_STEP][PASSED] - tap: Tapped on element 'Object Repository/Home/Reksadana/Subscribe/android.widget.RadioButton1 - Moderat'

2019-07-23 17:20:24 - [MESSAGE][WARNING] - Timeout '0' is invalid. Using default page load timeout: '30'

2019-07-23 17:20:25 - [MESSAGE][PASSED] - Tapped on element 'Object Repository/Home/Reksadana/Subscribe/android.widget.RadioButton1 - Moderat'

2019-07-23 17:20:25 - [TEST_STEP][PASSED] - delay: Delayed 5 second(s)

2019-07-23 17:20:30 - [MESSAGE][PASSED] - Delayed 5 second(s)

2019-07-23 17:20:30 - [TEST_STEP][PASSED] - tap: Tapped on element 'Object Repository/Home/Reksadana/Subscribe/android.widget.LinearLayout6'

2019-07-23 17:20:30 - [MESSAGE][WARNING] - Timeout '0' is invalid. Using default page load timeout: '30'

2019-07-23 17:20:33 - [MESSAGE][PASSED] - Tapped on element 'Object Repository/Home/Reksadana/Subscribe/android.widget.LinearLayout6'

2019-07-23 17:20:33 - [TEST_STEP][PASSED] - delay: Delayed 5 second(s)

2019-07-23 17:20:38 - [MESSAGE][PASSED] - Delayed 5 second(s)

2019-07-23 17:20:38 - [TEST_STEP][PASSED] - tap: Tapped on element 'Object Repository/Home/Reksadana/Subscribe/Button_Beli1'

2019-07-23 17:20:38 - [MESSAGE][WARNING] - Timeout '0' is invalid. Using default page load timeout: '30'

2019-07-23 17:20:41 - [MESSAGE][PASSED] - Tapped on element 'Object Repository/Home/Reksadana/Subscribe/Button_Beli1'

2019-07-23 17:20:41 - [TEST_STEP][PASSED] - delay: Delayed 5 second(s)

2019-07-23 17:20:46 - [MESSAGE][PASSED] - Delayed 5 second(s)

2019-07-23 17:20:46 - [TEST_STEP][PASSED] - tap: Tapped on element 'Object Repository/Home/Reksadana/Subscribe/android.widget.CheckBox0 - Saya telah memahami dan menyetujui isi dari Ketentuan Prospektus dan Fund Sheet produk ini'

2019-07-23 17:20:46 - [MESSAGE][WARNING] - Timeout '0' is invalid. Using default page load timeout: '30'

2019-07-23 17:20:47 - [MESSAGE][PASSED] - Tapped on element 'Object Repository/Home/Reksadana/Subscribe/android.widget.CheckBox0 - Saya telah memahami dan menyetujui isi dari Ketentuan Prospektus dan Fund Sheet produk ini'

2019-07-23 17:20:47 - [TEST_STEP][PASSED] - delay: Delayed 2 second(s)

2019-07-23 17:20:49 - [MESSAGE][PASSED] - Delayed 2 second(s)

2019-07-23 17:20:49 - [TEST_STEP][PASSED] - tap: Tapped on element 'Object Repository/Home/Reksadana/Subscribe/android.widget.LinearLayout3'

2019-07-23 17:20:49 - [MESSAGE][WARNING] - Timeout '0' is invalid. Using default page load timeout: '30'

2019-07-23 17:20:53 - [MESSAGE][PASSED] - Tapped on element 'Object Repository/Home/Reksadana/Subscribe/android.widget.LinearLayout3'

2019-07-23 17:20:53 - [TEST_STEP][PASSED] - delay: Delayed 2 second(s)

2019-07-23 17:20:55 - [MESSAGE][PASSED] - Delayed 2 second(s)

2019-07-23 17:20:55 - [TEST_STEP][PASSED] - tap: Tapped on element 'Object Repository/Home/Reksadana/Subscribe/com.google.android.material.chip.Chip0 - Rp 100.000'

2019-07-23 17:20:55 - [MESSAGE][WARNING] - Timeout '0' is invalid. Using default page load timeout: '30'

2019-07-23 17:20:56 - [MESSAGE][PASSED] - Tapped on element 'Object Repository/Home/Reksadana/Subscribe/com.google.android.material.chip.Chip0 - Rp 100.000'

2019-07-23 17:20:56 - [TEST_STEP][PASSED] - delay: Delayed 3 second(s)

2019-07-23 17:20:59 - [MESSAGE][PASSED] - Delayed 3 second(s)

2019-07-23 17:20:59 - [TEST_STEP][PASSED] - tap: Tapped on element 'Object Repository/Home/Reksadana/Subscribe/android.widget.LinearLayout3 (1)'

2019-07-23 17:20:59 - [MESSAGE][WARNING] - Timeout '0' is invalid. Using default page load timeout: '30'

2019-07-23 17:21:01 - [MESSAGE][PASSED] - Tapped on element 'Object Repository/Home/Reksadana/Subscribe/android.widget.LinearLayout3 (1)'

2019-07-23 17:21:01 - [TEST_STEP][PASSED] - delay: Delayed 5 second(s)

2019-07-23 17:21:06 - [MESSAGE][PASSED] - Delayed 5 second(s)

2019-07-23 17:21:06 - [TEST_STEP][PASSED] - tap: Tapped on element 'Object Repository/Home/Reksadana/Subscribe/android.widget.LinearLayout23'

2019-07-23 17:21:07 - [MESSAGE][WARNING] - Timeout '0' is invalid. Using default page load timeout: '30'

2019-07-23 17:21:08 - [MESSAGE][PASSED] - Tapped on element 'Object Repository/Home/Reksadana/Subscribe/android.widget.LinearLayout23'

2019-07-23 17:21:08 - [TEST_STEP][PASSED] - delay: Delayed 5 second(s)

2019-07-23 17:21:13 - [MESSAGE][PASSED] - Delayed 5 second(s)

2019-07-23 17:21:13 - [TEST_STEP][PASSED] - tap: Tapped on element 'Object Repository/Home/Reksadana/Subscribe/android.widget.ImageView1'

2019-07-23 17:21:13 - [MESSAGE][WARNING] - Timeout '0' is invalid. Using default page load timeout: '30'

2019-07-23 17:21:14 - [MESSAGE][PASSED] - Tapped on element 'Object Repository/Home/Reksadana/Subscribe/android.widget.ImageView1']]></system-out>
         <system-err><![CDATA[]]></system-err>
      </testcase>
      <system-out><![CDATA[2019-07-23 17:18:57 - [TEST_SUITE][PASSED] - 01_SubscribeTrue: Test Cases/Home/Reksadana/Subscribe/Subscribe]]></system-out>
      <system-err><![CDATA[]]></system-err>
   </testsuite>
</testsuites>
